{"/mnt/c/Users/m_oli/Projets/SYMBIONT/src/behavioral/ActionPredictor.ts": {"path":"/mnt/c/Users/m_oli/Projets/SYMBIONT/src/behavioral/ActionPredictor.ts","statementMap":{"0":{"start":{"line":2,"column":22},"end":{"line":2,"column":62}},"1":{"start":{"line":1,"column":0},"end":{"line":1,"column":13}}},"fnMap":{"0":{"name":"(anonymous_0)","decl":{"start":{"line":2,"column":2},"end":{"line":2,"column":9}},"loc":{"start":{"line":2,"column":18},"end":{"line":2,"column":64}}}},"branchMap":{},"s":{"0":0,"1":0},"f":{"0":0},"b":{}}
,"/mnt/c/Users/m_oli/Projets/SYMBIONT/src/behavioral/core/BehaviorPredictor.ts": {"path":"/mnt/c/Users/m_oli/Projets/SYMBIONT/src/behavioral/core/BehaviorPredictor.ts","statementMap":{"0":{"start":{"line":7,"column":4},"end":{"line":10,"column":6}},"1":{"start":{"line":15,"column":4},"end":{"line":18,"column":6}},"2":{"start":{"line":28,"column":26},"end":{"line":28,"column":34}},"3":{"start":{"line":29,"column":21},"end":{"line":29,"column":24}},"4":{"start":{"line":32,"column":4},"end":{"line":41,"column":5}},"5":{"start":{"line":33,"column":6},"end":{"line":33,"column":34}},"6":{"start":{"line":34,"column":6},"end":{"line":34,"column":24}},"7":{"start":{"line":35,"column":11},"end":{"line":41,"column":5}},"8":{"start":{"line":36,"column":6},"end":{"line":36,"column":32}},"9":{"start":{"line":37,"column":6},"end":{"line":37,"column":25}},"10":{"start":{"line":38,"column":11},"end":{"line":41,"column":5}},"11":{"start":{"line":39,"column":6},"end":{"line":39,"column":33}},"12":{"start":{"line":40,"column":6},"end":{"line":40,"column":24}},"13":{"start":{"line":44,"column":4},"end":{"line":47,"column":5}},"14":{"start":{"line":45,"column":6},"end":{"line":45,"column":33}},"15":{"start":{"line":46,"column":6},"end":{"line":46,"column":24}},"16":{"start":{"line":49,"column":4},"end":{"line":54,"column":6}},"17":{"start":{"line":4,"column":0},"end":{"line":4,"column":13}}},"fnMap":{"0":{"name":"(anonymous_0)","decl":{"start":{"line":5,"column":2},"end":{"line":5,"column":9}},"loc":{"start":{"line":5,"column":21},"end":{"line":11,"column":3}}},"1":{"name":"(anonymous_1)","decl":{"start":{"line":13,"column":2},"end":{"line":13,"column":17}},"loc":{"start":{"line":13,"column":33},"end":{"line":19,"column":3}}},"2":{"name":"(anonymous_2)","decl":{"start":{"line":21,"column":2},"end":{"line":21,"column":13}},"loc":{"start":{"line":21,"column":13},"end":{"line":23,"column":3}}},"3":{"name":"(anonymous_3)","decl":{"start":{"line":26,"column":2},"end":{"line":26,"column":19}},"loc":{"start":{"line":26,"column":65},"end":{"line":55,"column":3}}}},"branchMap":{"0":{"loc":{"start":{"line":32,"column":4},"end":{"line":41,"column":5}},"type":"if","locations":[{"start":{"line":32,"column":4},"end":{"line":41,"column":5}},{"start":{"line":35,"column":11},"end":{"line":41,"column":5}}]},"1":{"loc":{"start":{"line":35,"column":11},"end":{"line":41,"column":5}},"type":"if","locations":[{"start":{"line":35,"column":11},"end":{"line":41,"column":5}},{"start":{"line":38,"column":11},"end":{"line":41,"column":5}}]},"2":{"loc":{"start":{"line":38,"column":11},"end":{"line":41,"column":5}},"type":"if","locations":[{"start":{"line":38,"column":11},"end":{"line":41,"column":5}}]},"3":{"loc":{"start":{"line":44,"column":4},"end":{"line":47,"column":5}},"type":"if","locations":[{"start":{"line":44,"column":4},"end":{"line":47,"column":5}}]}},"s":{"0":0,"1":0,"2":0,"3":0,"4":0,"5":0,"6":0,"7":0,"8":0,"9":0,"10":0,"11":0,"12":0,"13":0,"14":0,"15":0,"16":0,"17":0},"f":{"0":0,"1":0,"2":0,"3":0},"b":{"0":[0,0],"1":[0,0],"2":[0],"3":[0]}}
,"/mnt/c/Users/m_oli/Projets/SYMBIONT/src/behavioral/core/BehavioralEngine.ts": {"path":"/mnt/c/Users/m_oli/Projets/SYMBIONT/src/behavioral/core/BehavioralEngine.ts","statementMap":{"0":{"start":{"line":2,"column":0},"end":{"line":2,"column":52}},"1":{"start":{"line":3,"column":0},"end":{"line":3,"column":56}},"2":{"start":{"line":21,"column":4},"end":{"line":21,"column":42}},"3":{"start":{"line":22,"column":4},"end":{"line":22,"column":42}},"4":{"start":{"line":23,"column":4},"end":{"line":23,"column":45}},"5":{"start":{"line":24,"column":4},"end":{"line":24,"column":47}},"6":{"start":{"line":25,"column":4},"end":{"line":25,"column":29}},"7":{"start":{"line":31,"column":4},"end":{"line":33,"column":5}},"8":{"start":{"line":32,"column":6},"end":{"line":32,"column":57}},"9":{"start":{"line":34,"column":4},"end":{"line":34,"column":37}},"10":{"start":{"line":39,"column":4},"end":{"line":43,"column":6}},"11":{"start":{"line":48,"column":4},"end":{"line":52,"column":6}},"12":{"start":{"line":57,"column":20},"end":{"line":57,"column":57}},"13":{"start":{"line":58,"column":23},"end":{"line":58,"column":53}},"14":{"start":{"line":60,"column":4},"end":{"line":64,"column":6}},"15":{"start":{"line":12,"column":0},"end":{"line":12,"column":13}}},"fnMap":{"0":{"name":"(anonymous_0)","decl":{"start":{"line":7,"column":2},"end":{"line":7,"column":7}},"loc":{"start":{"line":7,"column":17},"end":{"line":9,"column":3}}},"1":{"name":"(anonymous_1)","decl":{"start":{"line":20,"column":2},"end":{"line":20,"column":null}},"loc":{"start":{"line":20,"column":2},"end":{"line":28,"column":3}}},"2":{"name":"(anonymous_2)","decl":{"start":{"line":30,"column":9},"end":{"line":30,"column":15}},"loc":{"start":{"line":30,"column":27},"end":{"line":35,"column":3}}},"3":{"name":"(anonymous_3)","decl":{"start":{"line":37,"column":9},"end":{"line":37,"column":14}},"loc":{"start":{"line":37,"column":53},"end":{"line":44,"column":3}}},"4":{"name":"(anonymous_4)","decl":{"start":{"line":46,"column":9},"end":{"line":46,"column":26}},"loc":{"start":{"line":46,"column":49},"end":{"line":53,"column":3}}},"5":{"name":"(anonymous_5)","decl":{"start":{"line":55,"column":2},"end":{"line":55,"column":17}},"loc":{"start":{"line":55,"column":27},"end":{"line":65,"column":3}}}},"branchMap":{"0":{"loc":{"start":{"line":31,"column":4},"end":{"line":33,"column":5}},"type":"if","locations":[{"start":{"line":31,"column":4},"end":{"line":33,"column":5}}]}},"s":{"0":0,"1":0,"2":0,"3":0,"4":0,"5":0,"6":0,"7":0,"8":0,"9":0,"10":0,"11":0,"12":0,"13":0,"14":0,"15":0},"f":{"0":0,"1":0,"2":0,"3":0,"4":0,"5":0},"b":{"0":[0]}}
,"/mnt/c/Users/m_oli/Projets/SYMBIONT/src/behavioral/core/PatternAnalyzer.ts": {"path":"/mnt/c/Users/m_oli/Projets/SYMBIONT/src/behavioral/core/PatternAnalyzer.ts","statementMap":{"0":{"start":{"line":6,"column":4},"end":{"line":9,"column":6}},"1":{"start":{"line":14,"column":4},"end":{"line":18,"column":6}},"2":{"start":{"line":23,"column":4},"end":{"line":26,"column":8}},"3":{"start":{"line":23,"column":32},"end":{"line":26,"column":6}},"4":{"start":{"line":3,"column":0},"end":{"line":3,"column":13}}},"fnMap":{"0":{"name":"(anonymous_0)","decl":{"start":{"line":4,"column":2},"end":{"line":4,"column":17}},"loc":{"start":{"line":4,"column":29},"end":{"line":10,"column":3}}},"1":{"name":"(anonymous_1)","decl":{"start":{"line":12,"column":2},"end":{"line":12,"column":17}},"loc":{"start":{"line":12,"column":33},"end":{"line":19,"column":3}}},"2":{"name":"(anonymous_2)","decl":{"start":{"line":21,"column":2},"end":{"line":21,"column":16}},"loc":{"start":{"line":21,"column":30},"end":{"line":27,"column":3}}},"3":{"name":"(anonymous_3)","decl":{"start":{"line":23,"column":22},"end":{"line":23,"column":27}},"loc":{"start":{"line":23,"column":32},"end":{"line":26,"column":6}}}},"branchMap":{},"s":{"0":0,"1":0,"2":0,"3":0,"4":0},"f":{"0":0,"1":0,"2":0,"3":0},"b":{}}
,"/mnt/c/Users/m_oli/Projets/SYMBIONT/src/communication/resilient-message-bus.ts": {"path":"/mnt/c/Users/m_oli/Projets/SYMBIONT/src/communication/resilient-message-bus.ts","statementMap":{"0":{"start":{"line":4,"column":0},"end":{"line":4,"column":69}},"1":{"start":{"line":17,"column":10},"end":{"line":17,"column":null}},"2":{"start":{"line":18,"column":10},"end":{"line":18,"column":null}},"3":{"start":{"line":19,"column":10},"end":{"line":19,"column":null}},"4":{"start":{"line":20,"column":19},"end":{"line":20,"column":null}},"5":{"start":{"line":21,"column":19},"end":{"line":21,"column":null}},"6":{"start":{"line":24,"column":4},"end":{"line":27,"column":5}},"7":{"start":{"line":25,"column":6},"end":{"line":25,"column":null}},"8":{"start":{"line":26,"column":6},"end":{"line":26,"column":null}},"9":{"start":{"line":28,"column":4},"end":{"line":28,"column":null}},"10":{"start":{"line":32,"column":4},"end":{"line":32,"column":null}},"11":{"start":{"line":33,"column":4},"end":{"line":33,"column":null}},"12":{"start":{"line":37,"column":4},"end":{"line":37,"column":null}},"13":{"start":{"line":38,"column":4},"end":{"line":38,"column":null}},"14":{"start":{"line":39,"column":4},"end":{"line":41,"column":5}},"15":{"start":{"line":40,"column":6},"end":{"line":40,"column":null}},"16":{"start":{"line":46,"column":10},"end":{"line":46,"column":null}},"17":{"start":{"line":49,"column":4},"end":{"line":49,"column":null}},"18":{"start":{"line":50,"column":16},"end":{"line":50,"column":74}},"19":{"start":{"line":51,"column":4},"end":{"line":51,"column":null}},"20":{"start":{"line":52,"column":4},"end":{"line":52,"column":null}},"21":{"start":{"line":53,"column":4},"end":{"line":53,"column":null}},"22":{"start":{"line":56,"column":16},"end":{"line":56,"column":74}},"23":{"start":{"line":57,"column":16},"end":{"line":57,"column":27}},"24":{"start":{"line":58,"column":4},"end":{"line":58,"column":null}},"25":{"start":{"line":59,"column":4},"end":{"line":59,"column":null}},"26":{"start":{"line":60,"column":4},"end":{"line":60,"column":null}},"27":{"start":{"line":63,"column":16},"end":{"line":63,"column":74}},"28":{"start":{"line":64,"column":4},"end":{"line":64,"column":null}},"29":{"start":{"line":65,"column":4},"end":{"line":65,"column":null}},"30":{"start":{"line":71,"column":10},"end":{"line":71,"column":null}},"31":{"start":{"line":72,"column":10},"end":{"line":72,"column":null}},"32":{"start":{"line":73,"column":10},"end":{"line":73,"column":null}},"33":{"start":{"line":74,"column":10},"end":{"line":74,"column":null}},"34":{"start":{"line":75,"column":10},"end":{"line":75,"column":39}},"35":{"start":{"line":76,"column":10},"end":{"line":76,"column":41}},"36":{"start":{"line":79,"column":4},"end":{"line":79,"column":null}},"37":{"start":{"line":83,"column":4},"end":{"line":88,"column":null}},"38":{"start":{"line":89,"column":4},"end":{"line":94,"column":null}},"39":{"start":{"line":95,"column":4},"end":{"line":100,"column":null}},"40":{"start":{"line":104,"column":4},"end":{"line":107,"column":5}},"41":{"start":{"line":105,"column":6},"end":{"line":105,"column":null}},"42":{"start":{"line":106,"column":6},"end":{"line":106,"column":null}},"43":{"start":{"line":108,"column":18},"end":{"line":108,"column":19}},"44":{"start":{"line":109,"column":21},"end":{"line":109,"column":61}},"45":{"start":{"line":110,"column":23},"end":{"line":110,"column":48}},"46":{"start":{"line":111,"column":4},"end":{"line":127,"column":5}},"47":{"start":{"line":112,"column":6},"end":{"line":126,"column":7}},"48":{"start":{"line":114,"column":8},"end":{"line":114,"column":null}},"49":{"start":{"line":115,"column":8},"end":{"line":115,"column":null}},"50":{"start":{"line":116,"column":8},"end":{"line":116,"column":null}},"51":{"start":{"line":118,"column":8},"end":{"line":118,"column":null}},"52":{"start":{"line":119,"column":8},"end":{"line":119,"column":null}},"53":{"start":{"line":120,"column":8},"end":{"line":124,"column":9}},"54":{"start":{"line":121,"column":10},"end":{"line":121,"column":null}},"55":{"start":{"line":121,"column":24},"end":{"line":121,"column":null}},"56":{"start":{"line":122,"column":10},"end":{"line":122,"column":null}},"57":{"start":{"line":123,"column":10},"end":{"line":123,"column":null}},"58":{"start":{"line":125,"column":8},"end":{"line":125,"column":null}},"59":{"start":{"line":128,"column":4},"end":{"line":128,"column":null}},"60":{"start":{"line":133,"column":4},"end":{"line":133,"column":null}},"61":{"start":{"line":133,"column":29},"end":{"line":133,"column":null}},"62":{"start":{"line":135,"column":4},"end":{"line":135,"column":10}},"63":{"start":{"line":139,"column":4},"end":{"line":139,"column":null}},"64":{"start":{"line":139,"column":32},"end":{"line":139,"column":null}},"65":{"start":{"line":140,"column":4},"end":{"line":140,"column":null}},"66":{"start":{"line":140,"column":27},"end":{"line":140,"column":null}},"67":{"start":{"line":141,"column":4},"end":{"line":141,"column":null}},"68":{"start":{"line":143,"column":29},"end":{"line":143,"column":76}},"69":{"start":{"line":143,"column":55},"end":{"line":143,"column":74}},"70":{"start":{"line":147,"column":4},"end":{"line":147,"column":null}},"71":{"start":{"line":148,"column":4},"end":{"line":148,"column":null}},"72":{"start":{"line":151,"column":4},"end":{"line":151,"column":null}},"73":{"start":{"line":152,"column":4},"end":{"line":152,"column":null}},"74":{"start":{"line":155,"column":4},"end":{"line":155,"column":null}},"75":{"start":{"line":156,"column":4},"end":{"line":156,"column":null}},"76":{"start":{"line":161,"column":4},"end":{"line":175,"column":7}},"77":{"start":{"line":163,"column":6},"end":{"line":174,"column":15}},"78":{"start":{"line":164,"column":24},"end":{"line":164,"column":43}},"79":{"start":{"line":166,"column":8},"end":{"line":171,"column":9}},"80":{"start":{"line":167,"column":10},"end":{"line":167,"column":34}},"81":{"start":{"line":168,"column":10},"end":{"line":168,"column":38}},"82":{"start":{"line":170,"column":10},"end":{"line":170,"column":36}},"83":{"start":{"line":173,"column":8},"end":{"line":173,"column":25}},"84":{"start":{"line":181,"column":4},"end":{"line":181,"column":38}},"85":{"start":{"line":69,"column":0},"end":{"line":69,"column":13}}},"fnMap":{"0":{"name":"(anonymous_0)","decl":{"start":{"line":16,"column":0},"end":{"line":16,"column":6}},"loc":{"start":{"line":16,"column":0},"end":{"line":43,"column":1}}},"1":{"name":"(anonymous_1)","decl":{"start":{"line":23,"column":2},"end":{"line":23,"column":8}},"loc":{"start":{"line":23,"column":8},"end":{"line":29,"column":3}}},"2":{"name":"(anonymous_2)","decl":{"start":{"line":31,"column":2},"end":{"line":31,"column":15}},"loc":{"start":{"line":31,"column":15},"end":{"line":34,"column":3}}},"3":{"name":"(anonymous_3)","decl":{"start":{"line":36,"column":2},"end":{"line":36,"column":15}},"loc":{"start":{"line":36,"column":15},"end":{"line":42,"column":3}}},"4":{"name":"(anonymous_4)","decl":{"start":{"line":47,"column":2},"end":{"line":47,"column":17}},"loc":{"start":{"line":47,"column":2},"end":{"line":47,"column":18}}},"5":{"name":"(anonymous_5)","decl":{"start":{"line":48,"column":2},"end":{"line":48,"column":7}},"loc":{"start":{"line":48,"column":28},"end":{"line":54,"column":3}}},"6":{"name":"(anonymous_6)","decl":{"start":{"line":55,"column":2},"end":{"line":55,"column":7}},"loc":{"start":{"line":55,"column":15},"end":{"line":61,"column":3}}},"7":{"name":"(anonymous_7)","decl":{"start":{"line":62,"column":2},"end":{"line":62,"column":7}},"loc":{"start":{"line":62,"column":14},"end":{"line":66,"column":3}}},"8":{"name":"(anonymous_8)","decl":{"start":{"line":78,"column":2},"end":{"line":78,"column":null}},"loc":{"start":{"line":78,"column":2},"end":{"line":80,"column":3}}},"9":{"name":"(anonymous_9)","decl":{"start":{"line":82,"column":10},"end":{"line":82,"column":32}},"loc":{"start":{"line":82,"column":32},"end":{"line":101,"column":3}}},"10":{"name":"(anonymous_10)","decl":{"start":{"line":103,"column":2},"end":{"line":103,"column":7}},"loc":{"start":{"line":103,"column":29},"end":{"line":129,"column":3}}},"11":{"name":"(anonymous_11)","decl":{"start":{"line":131,"column":10},"end":{"line":131,"column":15}},"loc":{"start":{"line":131,"column":45},"end":{"line":136,"column":3}}},"12":{"name":"(anonymous_12)","decl":{"start":{"line":138,"column":10},"end":{"line":138,"column":20}},"loc":{"start":{"line":138,"column":64},"end":{"line":142,"column":3}}},"13":{"name":"(anonymous_13)","decl":{"start":{"line":143,"column":10},"end":{"line":143,"column":14}},"loc":{"start":{"line":143,"column":25},"end":{"line":143,"column":77}}},"14":{"name":"(anonymous_14)","decl":{"start":{"line":143,"column":48},"end":{"line":143,"column":51}},"loc":{"start":{"line":143,"column":55},"end":{"line":143,"column":74}}},"15":{"name":"(anonymous_15)","decl":{"start":{"line":146,"column":10},"end":{"line":146,"column":15}},"loc":{"start":{"line":146,"column":47},"end":{"line":149,"column":3}}},"16":{"name":"(anonymous_16)","decl":{"start":{"line":150,"column":10},"end":{"line":150,"column":15}},"loc":{"start":{"line":150,"column":46},"end":{"line":153,"column":3}}},"17":{"name":"(anonymous_17)","decl":{"start":{"line":154,"column":10},"end":{"line":154,"column":15}},"loc":{"start":{"line":154,"column":43},"end":{"line":157,"column":3}}},"18":{"name":"(anonymous_18)","decl":{"start":{"line":160,"column":10},"end":{"line":160,"column":28}},"loc":{"start":{"line":160,"column":28},"end":{"line":176,"column":3}}},"19":{"name":"(anonymous_19)","decl":{"start":{"line":161,"column":23},"end":{"line":161,"column":24}},"loc":{"start":{"line":161,"column":35},"end":{"line":175,"column":5}}},"20":{"name":"(anonymous_20)","decl":{"start":{"line":163,"column":17},"end":{"line":163,"column":20}},"loc":{"start":{"line":163,"column":22},"end":{"line":174,"column":7}}},"21":{"name":"(anonymous_21)","decl":{"start":{"line":179,"column":10},"end":{"line":179,"column":25}},"loc":{"start":{"line":179,"column":43},"end":{"line":182,"column":3}}}},"branchMap":{"0":{"loc":{"start":{"line":24,"column":4},"end":{"line":27,"column":5}},"type":"if","locations":[{"start":{"line":24,"column":4},"end":{"line":27,"column":5}}]},"1":{"loc":{"start":{"line":24,"column":8},"end":{"line":24,"column":73}},"type":"binary-expr","locations":[{"start":{"line":24,"column":8},"end":{"line":24,"column":17}},{"start":{"line":24,"column":21},"end":{"line":24,"column":73}}]},"2":{"loc":{"start":{"line":39,"column":4},"end":{"line":41,"column":5}},"type":"if","locations":[{"start":{"line":39,"column":4},"end":{"line":41,"column":5}}]},"3":{"loc":{"start":{"line":50,"column":27},"end":{"line":50,"column":73}},"type":"binary-expr","locations":[{"start":{"line":50,"column":27},"end":{"line":50,"column":65}},{"start":{"line":50,"column":69},"end":{"line":50,"column":73}}]},"4":{"loc":{"start":{"line":56,"column":27},"end":{"line":56,"column":73}},"type":"binary-expr","locations":[{"start":{"line":56,"column":27},"end":{"line":56,"column":65}},{"start":{"line":56,"column":69},"end":{"line":56,"column":73}}]},"5":{"loc":{"start":{"line":63,"column":27},"end":{"line":63,"column":73}},"type":"binary-expr","locations":[{"start":{"line":63,"column":27},"end":{"line":63,"column":65}},{"start":{"line":63,"column":69},"end":{"line":63,"column":73}}]},"6":{"loc":{"start":{"line":104,"column":4},"end":{"line":107,"column":5}},"type":"if","locations":[{"start":{"line":104,"column":4},"end":{"line":107,"column":5}}]},"7":{"loc":{"start":{"line":110,"column":23},"end":{"line":110,"column":48}},"type":"binary-expr","locations":[{"start":{"line":110,"column":23},"end":{"line":110,"column":43}},{"start":{"line":110,"column":47},"end":{"line":110,"column":48}}]},"8":{"loc":{"start":{"line":120,"column":8},"end":{"line":124,"column":9}},"type":"if","locations":[{"start":{"line":120,"column":8},"end":{"line":124,"column":9}}]},"9":{"loc":{"start":{"line":121,"column":10},"end":{"line":121,"column":null}},"type":"if","locations":[{"start":{"line":121,"column":10},"end":{"line":121,"column":null}}]},"10":{"loc":{"start":{"line":133,"column":4},"end":{"line":133,"column":null}},"type":"if","locations":[{"start":{"line":133,"column":4},"end":{"line":133,"column":null}}]},"11":{"loc":{"start":{"line":138,"column":21},"end":{"line":138,"column":47}},"type":"default-arg","locations":[{"start":{"line":138,"column":36},"end":{"line":138,"column":47}}]},"12":{"loc":{"start":{"line":139,"column":4},"end":{"line":139,"column":null}},"type":"if","locations":[{"start":{"line":139,"column":4},"end":{"line":139,"column":null}}]},"13":{"loc":{"start":{"line":140,"column":4},"end":{"line":140,"column":null}},"type":"if","locations":[{"start":{"line":140,"column":4},"end":{"line":140,"column":null}}]},"14":{"loc":{"start":{"line":166,"column":8},"end":{"line":171,"column":9}},"type":"if","locations":[{"start":{"line":166,"column":8},"end":{"line":171,"column":9}},{"start":{"line":169,"column":15},"end":{"line":171,"column":9}}]}},"s":{"0":1,"1":0,"2":0,"3":0,"4":0,"5":0,"6":0,"7":0,"8":0,"9":0,"10":0,"11":0,"12":0,"13":0,"14":0,"15":0,"16":0,"17":0,"18":0,"19":0,"20":0,"21":0,"22":0,"23":0,"24":0,"25":0,"26":0,"27":0,"28":0,"29":0,"30":0,"31":0,"32":0,"33":0,"34":0,"35":0,"36":0,"37":0,"38":0,"39":0,"40":0,"41":0,"42":0,"43":0,"44":0,"45":0,"46":0,"47":0,"48":0,"49":0,"50":0,"51":0,"52":0,"53":0,"54":0,"55":0,"56":0,"57":0,"58":0,"59":0,"60":0,"61":0,"62":0,"63":0,"64":0,"65":0,"66":0,"67":0,"68":0,"69":0,"70":0,"71":0,"72":0,"73":0,"74":0,"75":0,"76":0,"77":0,"78":0,"79":0,"80":0,"81":0,"82":0,"83":0,"84":0,"85":1},"f":{"0":0,"1":0,"2":0,"3":0,"4":0,"5":0,"6":0,"7":0,"8":0,"9":0,"10":0,"11":0,"12":0,"13":0,"14":0,"15":0,"16":0,"17":0,"18":0,"19":0,"20":0,"21":0},"b":{"0":[0],"1":[0,0],"2":[0],"3":[0,0],"4":[0,0],"5":[0,0],"6":[0],"7":[0,0],"8":[0],"9":[0],"10":[0],"11":[0],"12":[0],"13":[0],"14":[0,0]}}
,"/mnt/c/Users/m_oli/Projets/SYMBIONT/src/core/NavigationCortex.ts": {"path":"/mnt/c/Users/m_oli/Projets/SYMBIONT/src/core/NavigationCortex.ts","statementMap":{"0":{"start":{"line":23,"column":10},"end":{"line":23,"column":41}},"1":{"start":{"line":24,"column":10},"end":{"line":24,"column":44}},"2":{"start":{"line":25,"column":10},"end":{"line":25,"column":39}},"3":{"start":{"line":31,"column":4},"end":{"line":31,"column":28}},"4":{"start":{"line":38,"column":4},"end":{"line":38,"column":34}},"5":{"start":{"line":45,"column":30},"end":{"line":45,"column":32}},"6":{"start":{"line":46,"column":4},"end":{"line":48,"column":5}},"7":{"start":{"line":47,"column":6},"end":{"line":47,"column":56}},"8":{"start":{"line":49,"column":4},"end":{"line":49,"column":33}},"9":{"start":{"line":50,"column":4},"end":{"line":50,"column":20}},"10":{"start":{"line":57,"column":4},"end":{"line":57,"column":21}},"11":{"start":{"line":58,"column":4},"end":{"line":58,"column":27}},"12":{"start":{"line":65,"column":4},"end":{"line":69,"column":6}},"13":{"start":{"line":22,"column":0},"end":{"line":22,"column":13}}},"fnMap":{"0":{"name":"(anonymous_0)","decl":{"start":{"line":22,"column":0},"end":{"line":22,"column":13}},"loc":{"start":{"line":22,"column":0},"end":{"line":71,"column":1}}},"1":{"name":"(anonymous_1)","decl":{"start":{"line":30,"column":9},"end":{"line":30,"column":20}},"loc":{"start":{"line":30,"column":43},"end":{"line":32,"column":3}}},"2":{"name":"(anonymous_2)","decl":{"start":{"line":37,"column":9},"end":{"line":37,"column":20}},"loc":{"start":{"line":37,"column":46},"end":{"line":39,"column":3}}},"3":{"name":"(anonymous_3)","decl":{"start":{"line":44,"column":9},"end":{"line":44,"column":20}},"loc":{"start":{"line":44,"column":20},"end":{"line":51,"column":3}}},"4":{"name":"(anonymous_4)","decl":{"start":{"line":56,"column":9},"end":{"line":56,"column":14}},"loc":{"start":{"line":56,"column":14},"end":{"line":59,"column":3}}},"5":{"name":"(anonymous_5)","decl":{"start":{"line":64,"column":9},"end":{"line":64,"column":15}},"loc":{"start":{"line":64,"column":15},"end":{"line":70,"column":3}}}},"branchMap":{},"s":{"0":0,"1":0,"2":0,"3":0,"4":0,"5":0,"6":0,"7":0,"8":0,"9":0,"10":0,"11":0,"12":0,"13":0},"f":{"0":0,"1":0,"2":0,"3":0,"4":0,"5":0},"b":{}}
,"/mnt/c/Users/m_oli/Projets/SYMBIONT/src/core/NeuralMesh.ts": {"path":"/mnt/c/Users/m_oli/Projets/SYMBIONT/src/core/NeuralMesh.ts","statementMap":{"0":{"start":{"line":4,"column":10},"end":{"line":4,"column":93}},"1":{"start":{"line":5,"column":10},"end":{"line":5,"column":68}},"2":{"start":{"line":6,"column":10},"end":{"line":6,"column":55}},"3":{"start":{"line":7,"column":10},"end":{"line":7,"column":38}},"4":{"start":{"line":17,"column":69},"end":{"line":21,"column":6}},"5":{"start":{"line":23,"column":4},"end":{"line":23,"column":29}},"6":{"start":{"line":24,"column":4},"end":{"line":24,"column":32}},"7":{"start":{"line":31,"column":4},"end":{"line":33,"column":5}},"8":{"start":{"line":32,"column":6},"end":{"line":32,"column":81}},"9":{"start":{"line":35,"column":4},"end":{"line":37,"column":5}},"10":{"start":{"line":36,"column":6},"end":{"line":36,"column":46}},"11":{"start":{"line":38,"column":4},"end":{"line":38,"column":52}},"12":{"start":{"line":45,"column":17},"end":{"line":45,"column":39}},"13":{"start":{"line":46,"column":4},"end":{"line":49,"column":5}},"14":{"start":{"line":47,"column":6},"end":{"line":47,"column":65}},"15":{"start":{"line":48,"column":6},"end":{"line":48,"column":13}},"16":{"start":{"line":50,"column":4},"end":{"line":50,"column":40}},"17":{"start":{"line":58,"column":4},"end":{"line":62,"column":5}},"18":{"start":{"line":59,"column":6},"end":{"line":61,"column":7}},"19":{"start":{"line":60,"column":8},"end":{"line":60,"column":48}},"20":{"start":{"line":65,"column":4},"end":{"line":73,"column":5}},"21":{"start":{"line":66,"column":29},"end":{"line":66,"column":62}},"22":{"start":{"line":68,"column":6},"end":{"line":72,"column":7}},"23":{"start":{"line":69,"column":34},"end":{"line":69,"column":65}},"24":{"start":{"line":70,"column":30},"end":{"line":70,"column":75}},"25":{"start":{"line":71,"column":8},"end":{"line":71,"column":64}},"26":{"start":{"line":80,"column":4},"end":{"line":80,"column":34}},"27":{"start":{"line":87,"column":4},"end":{"line":87,"column":45}},"28":{"start":{"line":95,"column":4},"end":{"line":102,"column":5}},"29":{"start":{"line":96,"column":6},"end":{"line":101,"column":7}},"30":{"start":{"line":97,"column":8},"end":{"line":100,"column":9}},"31":{"start":{"line":98,"column":10},"end":{"line":98,"column":70}},"32":{"start":{"line":99,"column":10},"end":{"line":99,"column":87}},"33":{"start":{"line":105,"column":4},"end":{"line":110,"column":5}},"34":{"start":{"line":106,"column":6},"end":{"line":109,"column":7}},"35":{"start":{"line":107,"column":8},"end":{"line":107,"column":49}},"36":{"start":{"line":108,"column":8},"end":{"line":108,"column":57}},"37":{"start":{"line":117,"column":24},"end":{"line":117,"column":25}},"38":{"start":{"line":118,"column":20},"end":{"line":118,"column":21}},"39":{"start":{"line":120,"column":4},"end":{"line":123,"column":5}},"40":{"start":{"line":121,"column":6},"end":{"line":121,"column":44}},"41":{"start":{"line":122,"column":6},"end":{"line":122,"column":18}},"42":{"start":{"line":125,"column":4},"end":{"line":125,"column":57}},"43":{"start":{"line":132,"column":22},"end":{"line":132,"column":23}},"44":{"start":{"line":133,"column":26},"end":{"line":133,"column":27}},"45":{"start":{"line":135,"column":4},"end":{"line":140,"column":5}},"46":{"start":{"line":136,"column":6},"end":{"line":139,"column":7}},"47":{"start":{"line":137,"column":8},"end":{"line":137,"column":40}},"48":{"start":{"line":138,"column":8},"end":{"line":138,"column":26}},"49":{"start":{"line":142,"column":4},"end":{"line":142,"column":67}},"50":{"start":{"line":149,"column":4},"end":{"line":153,"column":6}},"51":{"start":{"line":151,"column":76},"end":{"line":151,"column":109}},"52":{"start":{"line":161,"column":4},"end":{"line":163,"column":5}},"53":{"start":{"line":162,"column":6},"end":{"line":162,"column":33}},"54":{"start":{"line":166,"column":4},"end":{"line":166,"column":21}},"55":{"start":{"line":174,"column":4},"end":{"line":174,"column":43}},"56":{"start":{"line":175,"column":4},"end":{"line":175,"column":42}},"57":{"start":{"line":178,"column":4},"end":{"line":178,"column":48}},"58":{"start":{"line":179,"column":4},"end":{"line":179,"column":49}},"59":{"start":{"line":182,"column":4},"end":{"line":182,"column":43}},"60":{"start":{"line":183,"column":4},"end":{"line":183,"column":45}},"61":{"start":{"line":186,"column":4},"end":{"line":186,"column":61}},"62":{"start":{"line":187,"column":4},"end":{"line":187,"column":60}},"63":{"start":{"line":188,"column":4},"end":{"line":188,"column":60}},"64":{"start":{"line":189,"column":4},"end":{"line":189,"column":62}},"65":{"start":{"line":190,"column":4},"end":{"line":190,"column":60}},"66":{"start":{"line":198,"column":4},"end":{"line":198,"column":29}},"67":{"start":{"line":199,"column":4},"end":{"line":199,"column":41}},"68":{"start":{"line":207,"column":23},"end":{"line":207,"column":62}},"69":{"start":{"line":208,"column":4},"end":{"line":208,"column":42}},"70":{"start":{"line":216,"column":23},"end":{"line":216,"column":69}},"71":{"start":{"line":217,"column":4},"end":{"line":217,"column":51}},"72":{"start":{"line":3,"column":0},"end":{"line":3,"column":13}}},"fnMap":{"0":{"name":"(anonymous_0)","decl":{"start":{"line":9,"column":2},"end":{"line":9,"column":null}},"loc":{"start":{"line":9,"column":2},"end":{"line":11,"column":3}}},"1":{"name":"(anonymous_1)","decl":{"start":{"line":16,"column":2},"end":{"line":16,"column":9}},"loc":{"start":{"line":16,"column":75},"end":{"line":25,"column":3}}},"2":{"name":"(anonymous_2)","decl":{"start":{"line":30,"column":2},"end":{"line":30,"column":15}},"loc":{"start":{"line":30,"column":60},"end":{"line":39,"column":3}}},"3":{"name":"(anonymous_3)","decl":{"start":{"line":44,"column":2},"end":{"line":44,"column":11}},"loc":{"start":{"line":44,"column":41},"end":{"line":51,"column":3}}},"4":{"name":"(anonymous_4)","decl":{"start":{"line":56,"column":2},"end":{"line":56,"column":11}},"loc":{"start":{"line":56,"column":11},"end":{"line":74,"column":3}}},"5":{"name":"(anonymous_5)","decl":{"start":{"line":79,"column":10},"end":{"line":79,"column":17}},"loc":{"start":{"line":79,"column":27},"end":{"line":81,"column":3}}},"6":{"name":"(anonymous_6)","decl":{"start":{"line":86,"column":2},"end":{"line":86,"column":15}},"loc":{"start":{"line":86,"column":30},"end":{"line":88,"column":3}}},"7":{"name":"(anonymous_7)","decl":{"start":{"line":93,"column":2},"end":{"line":93,"column":8}},"loc":{"start":{"line":93,"column":28},"end":{"line":111,"column":3}}},"8":{"name":"(anonymous_8)","decl":{"start":{"line":116,"column":2},"end":{"line":116,"column":19}},"loc":{"start":{"line":116,"column":19},"end":{"line":126,"column":3}}},"9":{"name":"(anonymous_9)","decl":{"start":{"line":131,"column":2},"end":{"line":131,"column":23}},"loc":{"start":{"line":131,"column":23},"end":{"line":143,"column":3}}},"10":{"name":"(anonymous_10)","decl":{"start":{"line":148,"column":2},"end":{"line":148,"column":8}},"loc":{"start":{"line":148,"column":8},"end":{"line":154,"column":3}}},"11":{"name":"(anonymous_11)","decl":{"start":{"line":151,"column":61},"end":{"line":151,"column":72}},"loc":{"start":{"line":151,"column":76},"end":{"line":151,"column":109}}},"12":{"name":"(anonymous_12)","decl":{"start":{"line":159,"column":2},"end":{"line":159,"column":7}},"loc":{"start":{"line":159,"column":18},"end":{"line":167,"column":3}}},"13":{"name":"(anonymous_13)","decl":{"start":{"line":172,"column":10},"end":{"line":172,"column":29}},"loc":{"start":{"line":172,"column":29},"end":{"line":191,"column":3}}},"14":{"name":"(anonymous_14)","decl":{"start":{"line":196,"column":2},"end":{"line":196,"column":7}},"loc":{"start":{"line":196,"column":15},"end":{"line":200,"column":3}}},"15":{"name":"(anonymous_15)","decl":{"start":{"line":205,"column":2},"end":{"line":205,"column":7}},"loc":{"start":{"line":205,"column":19},"end":{"line":209,"column":3}}},"16":{"name":"(anonymous_16)","decl":{"start":{"line":214,"column":2},"end":{"line":214,"column":7}},"loc":{"start":{"line":214,"column":22},"end":{"line":218,"column":3}}}},"branchMap":{"0":{"loc":{"start":{"line":16,"column":59},"end":{"line":16,"column":75}},"type":"default-arg","locations":[{"start":{"line":16,"column":74},"end":{"line":16,"column":75}}]},"1":{"loc":{"start":{"line":31,"column":4},"end":{"line":33,"column":5}},"type":"if","locations":[{"start":{"line":31,"column":4},"end":{"line":33,"column":5}}]},"2":{"loc":{"start":{"line":31,"column":8},"end":{"line":31,"column":56}},"type":"binary-expr","locations":[{"start":{"line":31,"column":8},"end":{"line":31,"column":31}},{"start":{"line":31,"column":35},"end":{"line":31,"column":56}}]},"3":{"loc":{"start":{"line":35,"column":4},"end":{"line":37,"column":5}},"type":"if","locations":[{"start":{"line":35,"column":4},"end":{"line":37,"column":5}}]},"4":{"loc":{"start":{"line":46,"column":4},"end":{"line":49,"column":5}},"type":"if","locations":[{"start":{"line":46,"column":4},"end":{"line":49,"column":5}}]},"5":{"loc":{"start":{"line":46,"column":8},"end":{"line":46,"column":38}},"type":"binary-expr","locations":[{"start":{"line":46,"column":8},"end":{"line":46,"column":13}},{"start":{"line":46,"column":17},"end":{"line":46,"column":38}}]},"6":{"loc":{"start":{"line":59,"column":6},"end":{"line":61,"column":7}},"type":"if","locations":[{"start":{"line":59,"column":6},"end":{"line":61,"column":7}}]},"7":{"loc":{"start":{"line":66,"column":29},"end":{"line":66,"column":62}},"type":"binary-expr","locations":[{"start":{"line":66,"column":29},"end":{"line":66,"column":57}},{"start":{"line":66,"column":61},"end":{"line":66,"column":62}}]},"8":{"loc":{"start":{"line":69,"column":34},"end":{"line":69,"column":65}},"type":"binary-expr","locations":[{"start":{"line":69,"column":34},"end":{"line":69,"column":60}},{"start":{"line":69,"column":64},"end":{"line":69,"column":65}}]},"9":{"loc":{"start":{"line":87,"column":11},"end":{"line":87,"column":44}},"type":"binary-expr","locations":[{"start":{"line":87,"column":11},"end":{"line":87,"column":39}},{"start":{"line":87,"column":43},"end":{"line":87,"column":44}}]},"10":{"loc":{"start":{"line":93,"column":9},"end":{"line":93,"column":28}},"type":"default-arg","locations":[{"start":{"line":93,"column":24},"end":{"line":93,"column":28}}]},"11":{"loc":{"start":{"line":97,"column":8},"end":{"line":100,"column":9}},"type":"if","locations":[{"start":{"line":97,"column":8},"end":{"line":100,"column":9}}]},"12":{"loc":{"start":{"line":99,"column":57},"end":{"line":99,"column":83}},"type":"binary-expr","locations":[{"start":{"line":99,"column":57},"end":{"line":99,"column":78}},{"start":{"line":99,"column":82},"end":{"line":99,"column":83}}]},"13":{"loc":{"start":{"line":106,"column":6},"end":{"line":109,"column":7}},"type":"if","locations":[{"start":{"line":106,"column":6},"end":{"line":109,"column":7}}]},"14":{"loc":{"start":{"line":125,"column":11},"end":{"line":125,"column":56}},"type":"cond-expr","locations":[{"start":{"line":125,"column":27},"end":{"line":125,"column":52}},{"start":{"line":125,"column":55},"end":{"line":125,"column":56}}]},"15":{"loc":{"start":{"line":142,"column":11},"end":{"line":142,"column":66}},"type":"cond-expr","locations":[{"start":{"line":142,"column":33},"end":{"line":142,"column":62}},{"start":{"line":142,"column":65},"end":{"line":142,"column":66}}]},"16":{"loc":{"start":{"line":161,"column":4},"end":{"line":163,"column":5}},"type":"if","locations":[{"start":{"line":161,"column":4},"end":{"line":163,"column":5}}]}},"s":{"0":0,"1":0,"2":0,"3":0,"4":0,"5":0,"6":0,"7":0,"8":0,"9":0,"10":0,"11":0,"12":0,"13":0,"14":0,"15":0,"16":0,"17":0,"18":0,"19":0,"20":0,"21":0,"22":0,"23":0,"24":0,"25":0,"26":0,"27":0,"28":0,"29":0,"30":0,"31":0,"32":0,"33":0,"34":0,"35":0,"36":0,"37":0,"38":0,"39":0,"40":0,"41":0,"42":0,"43":0,"44":0,"45":0,"46":0,"47":0,"48":0,"49":0,"50":0,"51":0,"52":0,"53":0,"54":0,"55":0,"56":0,"57":0,"58":0,"59":0,"60":0,"61":0,"62":0,"63":0,"64":0,"65":0,"66":0,"67":0,"68":0,"69":0,"70":0,"71":0,"72":7},"f":{"0":0,"1":0,"2":0,"3":0,"4":0,"5":0,"6":0,"7":0,"8":0,"9":0,"10":0,"11":0,"12":0,"13":0,"14":0,"15":0,"16":0},"b":{"0":[0],"1":[0],"2":[0,0],"3":[0],"4":[0],"5":[0,0],"6":[0],"7":[0,0],"8":[0,0],"9":[0,0],"10":[0],"11":[0],"12":[0,0],"13":[0],"14":[0,0],"15":[0,0],"16":[0]}}
,"/mnt/c/Users/m_oli/Projets/SYMBIONT/src/core/NeuralMeshAsync.ts": {"path":"/mnt/c/Users/m_oli/Projets/SYMBIONT/src/core/NeuralMeshAsync.ts","statementMap":{"0":{"start":{"line":6,"column":0},"end":{"line":6,"column":52}},"1":{"start":{"line":30,"column":10},"end":{"line":30,"column":53}},"2":{"start":{"line":31,"column":10},"end":{"line":31,"column":67}},"3":{"start":{"line":32,"column":10},"end":{"line":32,"column":55}},"4":{"start":{"line":33,"column":10},"end":{"line":33,"column":38}},"5":{"start":{"line":36,"column":10},"end":{"line":36,"column":39}},"6":{"start":{"line":38,"column":10},"end":{"line":38,"column":30}},"7":{"start":{"line":39,"column":10},"end":{"line":43,"column":7}},"8":{"start":{"line":46,"column":10},"end":{"line":46,"column":34}},"9":{"start":{"line":47,"column":10},"end":{"line":47,"column":36}},"10":{"start":{"line":48,"column":10},"end":{"line":48,"column":29}},"11":{"start":{"line":53,"column":4},"end":{"line":59,"column":6}},"12":{"start":{"line":60,"column":4},"end":{"line":60,"column":88}},"13":{"start":{"line":61,"column":4},"end":{"line":61,"column":28}},"14":{"start":{"line":68,"column":4},"end":{"line":86,"column":5}},"15":{"start":{"line":70,"column":25},"end":{"line":76,"column":44}},"16":{"start":{"line":78,"column":6},"end":{"line":78,"column":64}},"17":{"start":{"line":79,"column":6},"end":{"line":79,"column":66}},"18":{"start":{"line":80,"column":6},"end":{"line":80,"column":62}},"19":{"start":{"line":83,"column":6},"end":{"line":83,"column":91}},"20":{"start":{"line":85,"column":6},"end":{"line":85,"column":25}},"21":{"start":{"line":93,"column":50},"end":{"line":93,"column":60}},"22":{"start":{"line":95,"column":22},"end":{"line":95,"column":52}},"23":{"start":{"line":96,"column":4},"end":{"line":100,"column":5}},"24":{"start":{"line":97,"column":6},"end":{"line":98,"column":50}},"25":{"start":{"line":99,"column":6},"end":{"line":99,"column":13}},"26":{"start":{"line":103,"column":4},"end":{"line":103,"column":36}},"27":{"start":{"line":104,"column":4},"end":{"line":104,"column":38}},"28":{"start":{"line":107,"column":4},"end":{"line":107,"column":50}},"29":{"start":{"line":109,"column":4},"end":{"line":113,"column":5}},"30":{"start":{"line":110,"column":6},"end":{"line":110,"column":33}},"31":{"start":{"line":111,"column":11},"end":{"line":113,"column":5}},"32":{"start":{"line":112,"column":6},"end":{"line":112,"column":51}},"33":{"start":{"line":120,"column":4},"end":{"line":121,"column":49}},"34":{"start":{"line":124,"column":4},"end":{"line":127,"column":7}},"35":{"start":{"line":125,"column":6},"end":{"line":125,"column":28}},"36":{"start":{"line":126,"column":6},"end":{"line":126,"column":49}},"37":{"start":{"line":128,"column":4},"end":{"line":128,"column":35}},"38":{"start":{"line":139,"column":4},"end":{"line":156,"column":7}},"39":{"start":{"line":140,"column":6},"end":{"line":143,"column":7}},"40":{"start":{"line":141,"column":8},"end":{"line":141,"column":66}},"41":{"start":{"line":142,"column":8},"end":{"line":142,"column":15}},"42":{"start":{"line":145,"column":17},"end":{"line":145,"column":83}},"43":{"start":{"line":147,"column":22},"end":{"line":150,"column":19}},"44":{"start":{"line":148,"column":8},"end":{"line":148,"column":42}},"45":{"start":{"line":149,"column":8},"end":{"line":149,"column":63}},"46":{"start":{"line":152,"column":6},"end":{"line":152,"column":67}},"47":{"start":{"line":154,"column":37},"end":{"line":154,"column":58}},"48":{"start":{"line":155,"column":6},"end":{"line":155,"column":39}},"49":{"start":{"line":163,"column":4},"end":{"line":163,"column":26}},"50":{"start":{"line":164,"column":4},"end":{"line":164,"column":46}},"51":{"start":{"line":167,"column":19},"end":{"line":167,"column":22}},"52":{"start":{"line":168,"column":4},"end":{"line":168,"column":101}},"53":{"start":{"line":175,"column":29},"end":{"line":175,"column":62}},"54":{"start":{"line":176,"column":4},"end":{"line":176,"column":29}},"55":{"start":{"line":177,"column":4},"end":{"line":177,"column":32}},"56":{"start":{"line":184,"column":4},"end":{"line":186,"column":5}},"57":{"start":{"line":185,"column":6},"end":{"line":185,"column":81}},"58":{"start":{"line":188,"column":41},"end":{"line":188,"column":89}},"59":{"start":{"line":190,"column":4},"end":{"line":192,"column":5}},"60":{"start":{"line":191,"column":6},"end":{"line":191,"column":39}},"61":{"start":{"line":193,"column":4},"end":{"line":193,"column":51}},"62":{"start":{"line":200,"column":17},"end":{"line":200,"column":39}},"63":{"start":{"line":201,"column":4},"end":{"line":205,"column":5}},"64":{"start":{"line":202,"column":6},"end":{"line":203,"column":65}},"65":{"start":{"line":204,"column":6},"end":{"line":204,"column":13}},"66":{"start":{"line":206,"column":4},"end":{"line":206,"column":40}},"67":{"start":{"line":213,"column":22},"end":{"line":213,"column":39}},"68":{"start":{"line":215,"column":4},"end":{"line":241,"column":6}},"69":{"start":{"line":218,"column":8},"end":{"line":218,"column":30}},"70":{"start":{"line":221,"column":8},"end":{"line":233,"column":9}},"71":{"start":{"line":222,"column":10},"end":{"line":229,"column":13}},"72":{"start":{"line":226,"column":12},"end":{"line":226,"column":90}},"73":{"start":{"line":228,"column":12},"end":{"line":228,"column":33}},"74":{"start":{"line":232,"column":10},"end":{"line":232,"column":31}},"75":{"start":{"line":236,"column":31},"end":{"line":236,"column":60}},"76":{"start":{"line":237,"column":8},"end":{"line":237,"column":54}},"77":{"start":{"line":249,"column":4},"end":{"line":253,"column":5}},"78":{"start":{"line":250,"column":6},"end":{"line":252,"column":7}},"79":{"start":{"line":251,"column":8},"end":{"line":251,"column":48}},"80":{"start":{"line":256,"column":4},"end":{"line":266,"column":5}},"81":{"start":{"line":257,"column":29},"end":{"line":257,"column":62}},"82":{"start":{"line":259,"column":6},"end":{"line":265,"column":7}},"83":{"start":{"line":260,"column":8},"end":{"line":260,"column":41}},"84":{"start":{"line":260,"column":32},"end":{"line":260,"column":41}},"85":{"start":{"line":262,"column":34},"end":{"line":262,"column":74}},"86":{"start":{"line":263,"column":30},"end":{"line":263,"column":86}},"87":{"start":{"line":264,"column":8},"end":{"line":264,"column":73}},"88":{"start":{"line":273,"column":4},"end":{"line":273,"column":34}},"89":{"start":{"line":280,"column":4},"end":{"line":280,"column":45}},"90":{"start":{"line":287,"column":4},"end":{"line":302,"column":5}},"91":{"start":{"line":288,"column":6},"end":{"line":298,"column":7}},"92":{"start":{"line":289,"column":8},"end":{"line":292,"column":11}},"93":{"start":{"line":295,"column":8},"end":{"line":295,"column":43}},"94":{"start":{"line":297,"column":8},"end":{"line":297,"column":30}},"95":{"start":{"line":300,"column":6},"end":{"line":300,"column":81}},"96":{"start":{"line":301,"column":6},"end":{"line":301,"column":28}},"97":{"start":{"line":310,"column":4},"end":{"line":317,"column":5}},"98":{"start":{"line":311,"column":6},"end":{"line":316,"column":7}},"99":{"start":{"line":312,"column":8},"end":{"line":315,"column":9}},"100":{"start":{"line":313,"column":10},"end":{"line":313,"column":59}},"101":{"start":{"line":314,"column":10},"end":{"line":314,"column":75}},"102":{"start":{"line":320,"column":4},"end":{"line":325,"column":5}},"103":{"start":{"line":321,"column":6},"end":{"line":324,"column":7}},"104":{"start":{"line":322,"column":8},"end":{"line":322,"column":49}},"105":{"start":{"line":323,"column":8},"end":{"line":323,"column":57}},"106":{"start":{"line":341,"column":24},"end":{"line":341,"column":25}},"107":{"start":{"line":342,"column":20},"end":{"line":342,"column":21}},"108":{"start":{"line":344,"column":4},"end":{"line":347,"column":5}},"109":{"start":{"line":345,"column":6},"end":{"line":345,"column":44}},"110":{"start":{"line":346,"column":6},"end":{"line":346,"column":18}},"111":{"start":{"line":349,"column":4},"end":{"line":349,"column":57}},"112":{"start":{"line":356,"column":4},"end":{"line":369,"column":5}},"113":{"start":{"line":357,"column":6},"end":{"line":366,"column":7}},"114":{"start":{"line":358,"column":23},"end":{"line":363,"column":60}},"115":{"start":{"line":365,"column":8},"end":{"line":365,"column":31}},"116":{"start":{"line":368,"column":6},"end":{"line":368,"column":97}},"117":{"start":{"line":372,"column":4},"end":{"line":372,"column":36}},"118":{"start":{"line":379,"column":22},"end":{"line":379,"column":23}},"119":{"start":{"line":380,"column":26},"end":{"line":380,"column":27}},"120":{"start":{"line":382,"column":4},"end":{"line":389,"column":5}},"121":{"start":{"line":383,"column":6},"end":{"line":388,"column":7}},"122":{"start":{"line":384,"column":8},"end":{"line":387,"column":9}},"123":{"start":{"line":385,"column":10},"end":{"line":385,"column":53}},"124":{"start":{"line":386,"column":10},"end":{"line":386,"column":28}},"125":{"start":{"line":391,"column":4},"end":{"line":391,"column":67}},"126":{"start":{"line":398,"column":4},"end":{"line":408,"column":6}},"127":{"start":{"line":416,"column":4},"end":{"line":418,"column":5}},"128":{"start":{"line":417,"column":6},"end":{"line":417,"column":33}},"129":{"start":{"line":421,"column":4},"end":{"line":433,"column":5}},"130":{"start":{"line":422,"column":6},"end":{"line":432,"column":7}},"131":{"start":{"line":423,"column":8},"end":{"line":427,"column":11}},"132":{"start":{"line":428,"column":8},"end":{"line":428,"column":32}},"133":{"start":{"line":430,"column":8},"end":{"line":430,"column":87}},"134":{"start":{"line":431,"column":8},"end":{"line":431,"column":33}},"135":{"start":{"line":436,"column":4},"end":{"line":436,"column":27}},"136":{"start":{"line":444,"column":4},"end":{"line":444,"column":43}},"137":{"start":{"line":445,"column":4},"end":{"line":445,"column":42}},"138":{"start":{"line":448,"column":4},"end":{"line":448,"column":48}},"139":{"start":{"line":449,"column":4},"end":{"line":449,"column":49}},"140":{"start":{"line":452,"column":4},"end":{"line":452,"column":43}},"141":{"start":{"line":453,"column":4},"end":{"line":453,"column":45}},"142":{"start":{"line":456,"column":4},"end":{"line":456,"column":61}},"143":{"start":{"line":457,"column":4},"end":{"line":457,"column":60}},"144":{"start":{"line":458,"column":4},"end":{"line":458,"column":60}},"145":{"start":{"line":459,"column":4},"end":{"line":459,"column":62}},"146":{"start":{"line":460,"column":4},"end":{"line":460,"column":60}},"147":{"start":{"line":468,"column":4},"end":{"line":468,"column":29}},"148":{"start":{"line":471,"column":4},"end":{"line":475,"column":5}},"149":{"start":{"line":472,"column":6},"end":{"line":472,"column":30}},"150":{"start":{"line":473,"column":6},"end":{"line":473,"column":25}},"151":{"start":{"line":474,"column":6},"end":{"line":474,"column":31}},"152":{"start":{"line":477,"column":4},"end":{"line":477,"column":41}},"153":{"start":{"line":485,"column":21},"end":{"line":485,"column":55}},"154":{"start":{"line":486,"column":4},"end":{"line":486,"column":33}},"155":{"start":{"line":493,"column":24},"end":{"line":493,"column":93}},"156":{"start":{"line":496,"column":23},"end":{"line":496,"column":24}},"157":{"start":{"line":497,"column":4},"end":{"line":504,"column":5}},"158":{"start":{"line":498,"column":6},"end":{"line":503,"column":7}},"159":{"start":{"line":500,"column":8},"end":{"line":500,"column":35}},"160":{"start":{"line":506,"column":24},"end":{"line":506,"column":50}},"161":{"start":{"line":507,"column":4},"end":{"line":507,"column":52}},"162":{"start":{"line":519,"column":4},"end":{"line":524,"column":6}},"163":{"start":{"line":29,"column":0},"end":{"line":29,"column":13}}},"fnMap":{"0":{"name":"(anonymous_0)","decl":{"start":{"line":52,"column":2},"end":{"line":52,"column":14}},"loc":{"start":{"line":52,"column":48},"end":{"line":62,"column":3}}},"1":{"name":"(anonymous_1)","decl":{"start":{"line":67,"column":10},"end":{"line":67,"column":26}},"loc":{"start":{"line":67,"column":26},"end":{"line":87,"column":3}}},"2":{"name":"(anonymous_2)","decl":{"start":{"line":92,"column":10},"end":{"line":92,"column":29}},"loc":{"start":{"line":92,"column":65},"end":{"line":114,"column":3}}},"3":{"name":"(anonymous_3)","decl":{"start":{"line":119,"column":10},"end":{"line":119,"column":27}},"loc":{"start":{"line":119,"column":45},"end":{"line":129,"column":3}}},"4":{"name":"(anonymous_4)","decl":{"start":{"line":124,"column":35},"end":{"line":124,"column":36}},"loc":{"start":{"line":124,"column":59},"end":{"line":127,"column":5}}},"5":{"name":"(anonymous_5)","decl":{"start":{"line":134,"column":10},"end":{"line":134,"column":27}},"loc":{"start":{"line":137,"column":28},"end":{"line":157,"column":3}}},"6":{"name":"(anonymous_6)","decl":{"start":{"line":139,"column":23},"end":{"line":139,"column":24}},"loc":{"start":{"line":139,"column":43},"end":{"line":156,"column":5}}},"7":{"name":"(anonymous_7)","decl":{"start":{"line":147,"column":33},"end":{"line":147,"column":36}},"loc":{"start":{"line":147,"column":38},"end":{"line":150,"column":7}}},"8":{"name":"(anonymous_8)","decl":{"start":{"line":162,"column":10},"end":{"line":162,"column":34}},"loc":{"start":{"line":162,"column":57},"end":{"line":169,"column":3}}},"9":{"name":"(anonymous_9)","decl":{"start":{"line":174,"column":2},"end":{"line":174,"column":9}},"loc":{"start":{"line":174,"column":75},"end":{"line":178,"column":3}}},"10":{"name":"(anonymous_10)","decl":{"start":{"line":183,"column":2},"end":{"line":183,"column":15}},"loc":{"start":{"line":183,"column":60},"end":{"line":194,"column":3}}},"11":{"name":"(anonymous_11)","decl":{"start":{"line":199,"column":2},"end":{"line":199,"column":11}},"loc":{"start":{"line":199,"column":41},"end":{"line":207,"column":3}}},"12":{"name":"(anonymous_12)","decl":{"start":{"line":212,"column":2},"end":{"line":212,"column":7}},"loc":{"start":{"line":212,"column":17},"end":{"line":242,"column":3}}},"13":{"name":"(anonymous_13)","decl":{"start":{"line":216,"column":6},"end":{"line":216,"column":9}},"loc":{"start":{"line":216,"column":11},"end":{"line":238,"column":7}}},"14":{"name":"(anonymous_14)","decl":{"start":{"line":225,"column":19},"end":{"line":225,"column":24}},"loc":{"start":{"line":225,"column":27},"end":{"line":229,"column":11}}},"15":{"name":"(anonymous_15)","decl":{"start":{"line":247,"column":10},"end":{"line":247,"column":23}},"loc":{"start":{"line":247,"column":23},"end":{"line":267,"column":3}}},"16":{"name":"(anonymous_16)","decl":{"start":{"line":272,"column":10},"end":{"line":272,"column":17}},"loc":{"start":{"line":272,"column":27},"end":{"line":274,"column":3}}},"17":{"name":"(anonymous_17)","decl":{"start":{"line":279,"column":2},"end":{"line":279,"column":15}},"loc":{"start":{"line":279,"column":30},"end":{"line":281,"column":3}}},"18":{"name":"(anonymous_18)","decl":{"start":{"line":286,"column":2},"end":{"line":286,"column":7}},"loc":{"start":{"line":286,"column":34},"end":{"line":303,"column":3}}},"19":{"name":"(anonymous_19)","decl":{"start":{"line":308,"column":10},"end":{"line":308,"column":20}},"loc":{"start":{"line":308,"column":33},"end":{"line":326,"column":3}}},"20":{"name":"(anonymous_20)","decl":{"start":{"line":331,"column":10},"end":{"line":331,"column":15}},"loc":{"start":{"line":331,"column":37},"end":{"line":334,"column":3}}},"21":{"name":"(anonymous_21)","decl":{"start":{"line":339,"column":2},"end":{"line":339,"column":19}},"loc":{"start":{"line":339,"column":19},"end":{"line":350,"column":3}}},"22":{"name":"(anonymous_22)","decl":{"start":{"line":355,"column":2},"end":{"line":355,"column":7}},"loc":{"start":{"line":355,"column":30},"end":{"line":373,"column":3}}},"23":{"name":"(anonymous_23)","decl":{"start":{"line":378,"column":2},"end":{"line":378,"column":23}},"loc":{"start":{"line":378,"column":23},"end":{"line":392,"column":3}}},"24":{"name":"(anonymous_24)","decl":{"start":{"line":397,"column":2},"end":{"line":397,"column":8}},"loc":{"start":{"line":397,"column":8},"end":{"line":409,"column":3}}},"25":{"name":"(anonymous_25)","decl":{"start":{"line":414,"column":2},"end":{"line":414,"column":7}},"loc":{"start":{"line":414,"column":18},"end":{"line":437,"column":3}}},"26":{"name":"(anonymous_26)","decl":{"start":{"line":442,"column":10},"end":{"line":442,"column":29}},"loc":{"start":{"line":442,"column":29},"end":{"line":461,"column":3}}},"27":{"name":"(anonymous_27)","decl":{"start":{"line":466,"column":2},"end":{"line":466,"column":7}},"loc":{"start":{"line":466,"column":15},"end":{"line":478,"column":3}}},"28":{"name":"(anonymous_28)","decl":{"start":{"line":483,"column":2},"end":{"line":483,"column":7}},"loc":{"start":{"line":483,"column":19},"end":{"line":487,"column":3}}},"29":{"name":"(anonymous_29)","decl":{"start":{"line":492,"column":2},"end":{"line":492,"column":7}},"loc":{"start":{"line":492,"column":22},"end":{"line":508,"column":3}}},"30":{"name":"(anonymous_30)","decl":{"start":{"line":513,"column":2},"end":{"line":513,"column":23}},"loc":{"start":{"line":513,"column":23},"end":{"line":525,"column":3}}}},"branchMap":{"0":{"loc":{"start":{"line":52,"column":14},"end":{"line":52,"column":48}},"type":"default-arg","locations":[{"start":{"line":52,"column":46},"end":{"line":52,"column":48}}]},"1":{"loc":{"start":{"line":96,"column":4},"end":{"line":100,"column":5}},"type":"if","locations":[{"start":{"line":96,"column":4},"end":{"line":100,"column":5}}]},"2":{"loc":{"start":{"line":109,"column":4},"end":{"line":113,"column":5}},"type":"if","locations":[{"start":{"line":109,"column":4},"end":{"line":113,"column":5}},{"start":{"line":111,"column":11},"end":{"line":113,"column":5}}]},"3":{"loc":{"start":{"line":111,"column":11},"end":{"line":113,"column":5}},"type":"if","locations":[{"start":{"line":111,"column":11},"end":{"line":113,"column":5}}]},"4":{"loc":{"start":{"line":137,"column":4},"end":{"line":137,"column":28}},"type":"default-arg","locations":[{"start":{"line":137,"column":24},"end":{"line":137,"column":28}}]},"5":{"loc":{"start":{"line":140,"column":6},"end":{"line":143,"column":7}},"type":"if","locations":[{"start":{"line":140,"column":6},"end":{"line":143,"column":7}}]},"6":{"loc":{"start":{"line":174,"column":59},"end":{"line":174,"column":75}},"type":"default-arg","locations":[{"start":{"line":174,"column":74},"end":{"line":174,"column":75}}]},"7":{"loc":{"start":{"line":184,"column":4},"end":{"line":186,"column":5}},"type":"if","locations":[{"start":{"line":184,"column":4},"end":{"line":186,"column":5}}]},"8":{"loc":{"start":{"line":184,"column":8},"end":{"line":184,"column":56}},"type":"binary-expr","locations":[{"start":{"line":184,"column":8},"end":{"line":184,"column":31}},{"start":{"line":184,"column":35},"end":{"line":184,"column":56}}]},"9":{"loc":{"start":{"line":190,"column":4},"end":{"line":192,"column":5}},"type":"if","locations":[{"start":{"line":190,"column":4},"end":{"line":192,"column":5}}]},"10":{"loc":{"start":{"line":201,"column":4},"end":{"line":205,"column":5}},"type":"if","locations":[{"start":{"line":201,"column":4},"end":{"line":205,"column":5}}]},"11":{"loc":{"start":{"line":201,"column":8},"end":{"line":201,"column":38}},"type":"binary-expr","locations":[{"start":{"line":201,"column":8},"end":{"line":201,"column":13}},{"start":{"line":201,"column":17},"end":{"line":201,"column":38}}]},"12":{"loc":{"start":{"line":221,"column":8},"end":{"line":233,"column":9}},"type":"if","locations":[{"start":{"line":221,"column":8},"end":{"line":233,"column":9}},{"start":{"line":230,"column":15},"end":{"line":233,"column":9}}]},"13":{"loc":{"start":{"line":221,"column":12},"end":{"line":221,"column":43}},"type":"binary-expr","locations":[{"start":{"line":221,"column":12},"end":{"line":221,"column":23}},{"start":{"line":221,"column":27},"end":{"line":221,"column":43}}]},"14":{"loc":{"start":{"line":250,"column":6},"end":{"line":252,"column":7}},"type":"if","locations":[{"start":{"line":250,"column":6},"end":{"line":252,"column":7}}]},"15":{"loc":{"start":{"line":257,"column":29},"end":{"line":257,"column":62}},"type":"binary-expr","locations":[{"start":{"line":257,"column":29},"end":{"line":257,"column":57}},{"start":{"line":257,"column":61},"end":{"line":257,"column":62}}]},"16":{"loc":{"start":{"line":260,"column":8},"end":{"line":260,"column":41}},"type":"if","locations":[{"start":{"line":260,"column":8},"end":{"line":260,"column":41}}]},"17":{"loc":{"start":{"line":262,"column":34},"end":{"line":262,"column":74}},"type":"binary-expr","locations":[{"start":{"line":262,"column":34},"end":{"line":262,"column":69}},{"start":{"line":262,"column":73},"end":{"line":262,"column":74}}]},"18":{"loc":{"start":{"line":280,"column":11},"end":{"line":280,"column":44}},"type":"binary-expr","locations":[{"start":{"line":280,"column":11},"end":{"line":280,"column":39}},{"start":{"line":280,"column":43},"end":{"line":280,"column":44}}]},"19":{"loc":{"start":{"line":286,"column":15},"end":{"line":286,"column":34}},"type":"default-arg","locations":[{"start":{"line":286,"column":30},"end":{"line":286,"column":34}}]},"20":{"loc":{"start":{"line":288,"column":6},"end":{"line":298,"column":7}},"type":"if","locations":[{"start":{"line":288,"column":6},"end":{"line":298,"column":7}},{"start":{"line":296,"column":13},"end":{"line":298,"column":7}}]},"21":{"loc":{"start":{"line":288,"column":10},"end":{"line":288,"column":41}},"type":"binary-expr","locations":[{"start":{"line":288,"column":10},"end":{"line":288,"column":21}},{"start":{"line":288,"column":25},"end":{"line":288,"column":41}}]},"22":{"loc":{"start":{"line":312,"column":8},"end":{"line":315,"column":9}},"type":"if","locations":[{"start":{"line":312,"column":8},"end":{"line":315,"column":9}}]},"23":{"loc":{"start":{"line":321,"column":6},"end":{"line":324,"column":7}},"type":"if","locations":[{"start":{"line":321,"column":6},"end":{"line":324,"column":7}}]},"24":{"loc":{"start":{"line":349,"column":11},"end":{"line":349,"column":56}},"type":"cond-expr","locations":[{"start":{"line":349,"column":27},"end":{"line":349,"column":52}},{"start":{"line":349,"column":55},"end":{"line":349,"column":56}}]},"25":{"loc":{"start":{"line":357,"column":6},"end":{"line":366,"column":7}},"type":"if","locations":[{"start":{"line":357,"column":6},"end":{"line":366,"column":7}}]},"26":{"loc":{"start":{"line":357,"column":10},"end":{"line":357,"column":41}},"type":"binary-expr","locations":[{"start":{"line":357,"column":10},"end":{"line":357,"column":21}},{"start":{"line":357,"column":25},"end":{"line":357,"column":41}}]},"27":{"loc":{"start":{"line":384,"column":8},"end":{"line":387,"column":9}},"type":"if","locations":[{"start":{"line":384,"column":8},"end":{"line":387,"column":9}}]},"28":{"loc":{"start":{"line":391,"column":11},"end":{"line":391,"column":66}},"type":"cond-expr","locations":[{"start":{"line":391,"column":33},"end":{"line":391,"column":62}},{"start":{"line":391,"column":65},"end":{"line":391,"column":66}}]},"29":{"loc":{"start":{"line":416,"column":4},"end":{"line":418,"column":5}},"type":"if","locations":[{"start":{"line":416,"column":4},"end":{"line":418,"column":5}}]},"30":{"loc":{"start":{"line":421,"column":4},"end":{"line":433,"column":5}},"type":"if","locations":[{"start":{"line":421,"column":4},"end":{"line":433,"column":5}}]},"31":{"loc":{"start":{"line":471,"column":4},"end":{"line":475,"column":5}},"type":"if","locations":[{"start":{"line":471,"column":4},"end":{"line":475,"column":5}}]},"32":{"loc":{"start":{"line":497,"column":4},"end":{"line":504,"column":5}},"type":"if","locations":[{"start":{"line":497,"column":4},"end":{"line":504,"column":5}}]},"33":{"loc":{"start":{"line":497,"column":8},"end":{"line":497,"column":39}},"type":"binary-expr","locations":[{"start":{"line":497,"column":8},"end":{"line":497,"column":19}},{"start":{"line":497,"column":23},"end":{"line":497,"column":39}}]}},"s":{"0":2,"1":0,"2":0,"3":0,"4":0,"5":0,"6":0,"7":0,"8":0,"9":0,"10":0,"11":0,"12":0,"13":0,"14":0,"15":0,"16":0,"17":0,"18":0,"19":0,"20":0,"21":0,"22":0,"23":0,"24":0,"25":0,"26":0,"27":0,"28":0,"29":0,"30":0,"31":0,"32":0,"33":0,"34":0,"35":0,"36":0,"37":0,"38":0,"39":0,"40":0,"41":0,"42":0,"43":0,"44":0,"45":0,"46":0,"47":0,"48":0,"49":0,"50":0,"51":0,"52":0,"53":0,"54":0,"55":0,"56":0,"57":0,"58":0,"59":0,"60":0,"61":0,"62":0,"63":0,"64":0,"65":0,"66":0,"67":0,"68":0,"69":0,"70":0,"71":0,"72":0,"73":0,"74":0,"75":0,"76":0,"77":0,"78":0,"79":0,"80":0,"81":0,"82":0,"83":0,"84":0,"85":0,"86":0,"87":0,"88":0,"89":0,"90":0,"91":0,"92":0,"93":0,"94":0,"95":0,"96":0,"97":0,"98":0,"99":0,"100":0,"101":0,"102":0,"103":0,"104":0,"105":0,"106":0,"107":0,"108":0,"109":0,"110":0,"111":0,"112":0,"113":0,"114":0,"115":0,"116":0,"117":0,"118":0,"119":0,"120":0,"121":0,"122":0,"123":0,"124":0,"125":0,"126":0,"127":0,"128":0,"129":0,"130":0,"131":0,"132":0,"133":0,"134":0,"135":0,"136":0,"137":0,"138":0,"139":0,"140":0,"141":0,"142":0,"143":0,"144":0,"145":0,"146":0,"147":0,"148":0,"149":0,"150":0,"151":0,"152":0,"153":0,"154":0,"155":0,"156":0,"157":0,"158":0,"159":0,"160":0,"161":0,"162":0,"163":2},"f":{"0":0,"1":0,"2":0,"3":0,"4":0,"5":0,"6":0,"7":0,"8":0,"9":0,"10":0,"11":0,"12":0,"13":0,"14":0,"15":0,"16":0,"17":0,"18":0,"19":0,"20":0,"21":0,"22":0,"23":0,"24":0,"25":0,"26":0,"27":0,"28":0,"29":0,"30":0},"b":{"0":[0],"1":[0],"2":[0,0],"3":[0],"4":[0],"5":[0],"6":[0],"7":[0],"8":[0,0],"9":[0],"10":[0],"11":[0,0],"12":[0,0],"13":[0,0],"14":[0],"15":[0,0],"16":[0],"17":[0,0],"18":[0,0],"19":[0],"20":[0,0],"21":[0,0],"22":[0],"23":[0],"24":[0,0],"25":[0],"26":[0,0],"27":[0],"28":[0,0],"29":[0],"30":[0],"31":[0],"32":[0],"33":[0,0]}}
,"/mnt/c/Users/m_oli/Projets/SYMBIONT/src/core/OrganismCore.ts": {"path":"/mnt/c/Users/m_oli/Projets/SYMBIONT/src/core/OrganismCore.ts","statementMap":{"0":{"start":{"line":5,"column":0},"end":{"line":5,"column":52}},"1":{"start":{"line":6,"column":0},"end":{"line":6,"column":75}},"2":{"start":{"line":12,"column":10},"end":{"line":12,"column":52}},"3":{"start":{"line":20,"column":10},"end":{"line":20,"column":63}},"4":{"start":{"line":23,"column":10},"end":{"line":23,"column":36}},"5":{"start":{"line":27,"column":23},"end":{"line":27,"column":54}},"6":{"start":{"line":28,"column":4},"end":{"line":30,"column":5}},"7":{"start":{"line":29,"column":6},"end":{"line":29,"column":87}},"8":{"start":{"line":32,"column":4},"end":{"line":32,"column":19}},"9":{"start":{"line":35,"column":4},"end":{"line":43,"column":5}},"10":{"start":{"line":36,"column":6},"end":{"line":36,"column":31}},"11":{"start":{"line":37,"column":6},"end":{"line":37,"column":34}},"12":{"start":{"line":40,"column":29},"end":{"line":40,"column":52}},"13":{"start":{"line":41,"column":6},"end":{"line":41,"column":35}},"14":{"start":{"line":42,"column":6},"end":{"line":42,"column":34}},"15":{"start":{"line":45,"column":4},"end":{"line":55,"column":6}},"16":{"start":{"line":56,"column":4},"end":{"line":56,"column":22}},"17":{"start":{"line":57,"column":4},"end":{"line":57,"column":22}},"18":{"start":{"line":58,"column":4},"end":{"line":58,"column":35}},"19":{"start":{"line":59,"column":4},"end":{"line":59,"column":31}},"20":{"start":{"line":62,"column":4},"end":{"line":70,"column":6}},"21":{"start":{"line":72,"column":4},"end":{"line":74,"column":7}},"22":{"start":{"line":73,"column":6},"end":{"line":73,"column":81}},"23":{"start":{"line":82,"column":26},"end":{"line":84,"column":null}},"24":{"start":{"line":87,"column":4},"end":{"line":89,"column":5}},"25":{"start":{"line":88,"column":6},"end":{"line":88,"column":27}},"26":{"start":{"line":92,"column":4},"end":{"line":105,"column":5}},"27":{"start":{"line":93,"column":6},"end":{"line":104,"column":8}},"28":{"start":{"line":108,"column":4},"end":{"line":119,"column":5}},"29":{"start":{"line":109,"column":6},"end":{"line":118,"column":7}},"30":{"start":{"line":110,"column":32},"end":{"line":112,"column":null}},"31":{"start":{"line":115,"column":8},"end":{"line":117,"column":9}},"32":{"start":{"line":116,"column":10},"end":{"line":116,"column":33}},"33":{"start":{"line":121,"column":4},"end":{"line":121,"column":55}},"34":{"start":{"line":128,"column":4},"end":{"line":142,"column":6}},"35":{"start":{"line":130,"column":8},"end":{"line":130,"column":37}},"36":{"start":{"line":133,"column":8},"end":{"line":133,"column":68}},"37":{"start":{"line":134,"column":8},"end":{"line":134,"column":63}},"38":{"start":{"line":139,"column":41},"end":{"line":139,"column":52}},"39":{"start":{"line":149,"column":4},"end":{"line":175,"column":6}},"40":{"start":{"line":152,"column":27},"end":{"line":154,"column":null}},"41":{"start":{"line":157,"column":8},"end":{"line":159,"column":9}},"42":{"start":{"line":158,"column":10},"end":{"line":158,"column":80}},"43":{"start":{"line":162,"column":8},"end":{"line":162,"column":30}},"44":{"start":{"line":165,"column":8},"end":{"line":165,"column":37}},"45":{"start":{"line":168,"column":8},"end":{"line":168,"column":28}},"46":{"start":{"line":171,"column":8},"end":{"line":171,"column":28}},"47":{"start":{"line":182,"column":4},"end":{"line":196,"column":6}},"48":{"start":{"line":184,"column":31},"end":{"line":184,"column":60}},"49":{"start":{"line":185,"column":27},"end":{"line":185,"column":75}},"50":{"start":{"line":187,"column":8},"end":{"line":187,"column":73}},"51":{"start":{"line":190,"column":8},"end":{"line":192,"column":9}},"52":{"start":{"line":191,"column":10},"end":{"line":191,"column":31}},"53":{"start":{"line":203,"column":4},"end":{"line":215,"column":6}},"54":{"start":{"line":206,"column":8},"end":{"line":208,"column":9}},"55":{"start":{"line":207,"column":10},"end":{"line":207,"column":57}},"56":{"start":{"line":211,"column":8},"end":{"line":211,"column":47}},"57":{"start":{"line":222,"column":4},"end":{"line":241,"column":6}},"58":{"start":{"line":224,"column":25},"end":{"line":224,"column":54}},"59":{"start":{"line":225,"column":35},"end":{"line":225,"column":68}},"60":{"start":{"line":228,"column":30},"end":{"line":228,"column":35}},"61":{"start":{"line":230,"column":8},"end":{"line":230,"column":62}},"62":{"start":{"line":231,"column":8},"end":{"line":231,"column":77}},"63":{"start":{"line":234,"column":8},"end":{"line":237,"column":11}},"64":{"start":{"line":235,"column":27},"end":{"line":235,"column":54}},"65":{"start":{"line":236,"column":10},"end":{"line":236,"column":82}},"66":{"start":{"line":248,"column":4},"end":{"line":269,"column":6}},"67":{"start":{"line":251,"column":32},"end":{"line":253,"column":null}},"68":{"start":{"line":256,"column":32},"end":{"line":258,"column":null}},"69":{"start":{"line":261,"column":8},"end":{"line":263,"column":9}},"70":{"start":{"line":262,"column":10},"end":{"line":262,"column":58}},"71":{"start":{"line":265,"column":8},"end":{"line":265,"column":44}},"72":{"start":{"line":276,"column":4},"end":{"line":300,"column":6}},"73":{"start":{"line":279,"column":8},"end":{"line":279,"column":51}},"74":{"start":{"line":282,"column":34},"end":{"line":282,"column":58}},"75":{"start":{"line":284,"column":8},"end":{"line":291,"column":11}},"76":{"start":{"line":285,"column":10},"end":{"line":290,"column":11}},"77":{"start":{"line":286,"column":29},"end":{"line":286,"column":77}},"78":{"start":{"line":287,"column":29},"end":{"line":287,"column":56}},"79":{"start":{"line":288,"column":12},"end":{"line":289,"column":49}},"80":{"start":{"line":293,"column":8},"end":{"line":293,"column":39}},"81":{"start":{"line":295,"column":8},"end":{"line":296,"column":119}},"82":{"start":{"line":307,"column":4},"end":{"line":332,"column":6}},"83":{"start":{"line":310,"column":27},"end":{"line":312,"column":null}},"84":{"start":{"line":315,"column":8},"end":{"line":317,"column":9}},"85":{"start":{"line":316,"column":10},"end":{"line":316,"column":84}},"86":{"start":{"line":320,"column":50},"end":{"line":320,"column":58}},"87":{"start":{"line":321,"column":8},"end":{"line":322,"column":47}},"88":{"start":{"line":321,"column":24},"end":{"line":321,"column":42}},"89":{"start":{"line":322,"column":13},"end":{"line":322,"column":47}},"90":{"start":{"line":322,"column":30},"end":{"line":322,"column":47}},"91":{"start":{"line":325,"column":27},"end":{"line":325,"column":75}},"92":{"start":{"line":327,"column":8},"end":{"line":328,"column":92}},"93":{"start":{"line":339,"column":4},"end":{"line":345,"column":6}},"94":{"start":{"line":341,"column":8},"end":{"line":341,"column":48}},"95":{"start":{"line":352,"column":4},"end":{"line":367,"column":6}},"96":{"start":{"line":354,"column":27},"end":{"line":356,"column":null}},"97":{"start":{"line":359,"column":8},"end":{"line":361,"column":9}},"98":{"start":{"line":360,"column":10},"end":{"line":360,"column":82}},"99":{"start":{"line":363,"column":8},"end":{"line":363,"column":56}},"100":{"start":{"line":374,"column":4},"end":{"line":374,"column":30}},"101":{"start":{"line":381,"column":4},"end":{"line":398,"column":6}},"102":{"start":{"line":383,"column":27},"end":{"line":383,"column":63}},"103":{"start":{"line":384,"column":8},"end":{"line":386,"column":9}},"104":{"start":{"line":385,"column":10},"end":{"line":385,"column":77}},"105":{"start":{"line":389,"column":8},"end":{"line":394,"column":11}},"106":{"start":{"line":390,"column":24},"end":{"line":390,"column":59}},"107":{"start":{"line":391,"column":10},"end":{"line":393,"column":11}},"108":{"start":{"line":392,"column":12},"end":{"line":392,"column":61}},"109":{"start":{"line":405,"column":4},"end":{"line":419,"column":6}},"110":{"start":{"line":430,"column":4},"end":{"line":449,"column":5}},"111":{"start":{"line":431,"column":26},"end":{"line":431,"column":57}},"112":{"start":{"line":433,"column":6},"end":{"line":438,"column":8}},"113":{"start":{"line":440,"column":6},"end":{"line":440,"column":92}},"114":{"start":{"line":442,"column":6},"end":{"line":448,"column":8}},"115":{"start":{"line":456,"column":4},"end":{"line":463,"column":6}},"116":{"start":{"line":471,"column":4},"end":{"line":478,"column":6}},"117":{"start":{"line":485,"column":4},"end":{"line":509,"column":5}},"118":{"start":{"line":486,"column":6},"end":{"line":486,"column":69}},"119":{"start":{"line":489,"column":6},"end":{"line":491,"column":7}},"120":{"start":{"line":490,"column":8},"end":{"line":490,"column":52}},"121":{"start":{"line":494,"column":6},"end":{"line":494,"column":56}},"122":{"start":{"line":495,"column":6},"end":{"line":495,"column":55}},"123":{"start":{"line":496,"column":6},"end":{"line":496,"column":59}},"124":{"start":{"line":497,"column":6},"end":{"line":497,"column":58}},"125":{"start":{"line":500,"column":6},"end":{"line":500,"column":77}},"126":{"start":{"line":501,"column":6},"end":{"line":501,"column":75}},"127":{"start":{"line":503,"column":6},"end":{"line":503,"column":27}},"128":{"start":{"line":504,"column":6},"end":{"line":504,"column":73}},"129":{"start":{"line":506,"column":6},"end":{"line":506,"column":82}},"130":{"start":{"line":507,"column":6},"end":{"line":507,"column":119}},"131":{"start":{"line":508,"column":6},"end":{"line":508,"column":16}},"132":{"start":{"line":516,"column":4},"end":{"line":530,"column":6}},"133":{"start":{"line":519,"column":8},"end":{"line":519,"column":48}},"134":{"start":{"line":522,"column":8},"end":{"line":522,"column":39}},"135":{"start":{"line":524,"column":8},"end":{"line":524,"column":34}},"136":{"start":{"line":526,"column":8},"end":{"line":526,"column":52}},"137":{"start":{"line":537,"column":4},"end":{"line":554,"column":5}},"138":{"start":{"line":538,"column":23},"end":{"line":538,"column":52}},"139":{"start":{"line":539,"column":26},"end":{"line":539,"column":58}},"140":{"start":{"line":541,"column":6},"end":{"line":546,"column":8}},"141":{"start":{"line":548,"column":6},"end":{"line":553,"column":8}},"142":{"start":{"line":561,"column":4},"end":{"line":565,"column":5}},"143":{"start":{"line":562,"column":6},"end":{"line":562,"column":43}},"144":{"start":{"line":564,"column":6},"end":{"line":564,"column":15}},"145":{"start":{"line":572,"column":4},"end":{"line":576,"column":5}},"146":{"start":{"line":573,"column":6},"end":{"line":573,"column":47}},"147":{"start":{"line":575,"column":6},"end":{"line":575,"column":15}},"148":{"start":{"line":8,"column":0},"end":{"line":8,"column":13}}},"fnMap":{"0":{"name":"(anonymous_0)","decl":{"start":{"line":25,"column":2},"end":{"line":25,"column":14}},"loc":{"start":{"line":25,"column":91},"end":{"line":75,"column":3}}},"1":{"name":"(anonymous_1)","decl":{"start":{"line":72,"column":41},"end":{"line":72,"column":46}},"loc":{"start":{"line":72,"column":49},"end":{"line":74,"column":5}}},"2":{"name":"(anonymous_2)","decl":{"start":{"line":80,"column":10},"end":{"line":80,"column":23}},"loc":{"start":{"line":80,"column":69},"end":{"line":122,"column":3}}},"3":{"name":"(anonymous_3)","decl":{"start":{"line":127,"column":10},"end":{"line":127,"column":15}},"loc":{"start":{"line":127,"column":39},"end":{"line":143,"column":3}}},"4":{"name":"(anonymous_4)","decl":{"start":{"line":129,"column":6},"end":{"line":129,"column":11}},"loc":{"start":{"line":129,"column":17},"end":{"line":135,"column":7}}},"5":{"name":"(anonymous_5)","decl":{"start":{"line":139,"column":21},"end":{"line":139,"column":22}},"loc":{"start":{"line":139,"column":41},"end":{"line":139,"column":52}}},"6":{"name":"(anonymous_6)","decl":{"start":{"line":148,"column":9},"end":{"line":148,"column":15}},"loc":{"start":{"line":148,"column":37},"end":{"line":176,"column":3}}},"7":{"name":"(anonymous_7)","decl":{"start":{"line":150,"column":6},"end":{"line":150,"column":9}},"loc":{"start":{"line":150,"column":11},"end":{"line":172,"column":7}}},"8":{"name":"(anonymous_8)","decl":{"start":{"line":181,"column":10},"end":{"line":181,"column":22}},"loc":{"start":{"line":181,"column":40},"end":{"line":197,"column":3}}},"9":{"name":"(anonymous_9)","decl":{"start":{"line":183,"column":6},"end":{"line":183,"column":9}},"loc":{"start":{"line":183,"column":11},"end":{"line":193,"column":7}}},"10":{"name":"(anonymous_10)","decl":{"start":{"line":202,"column":10},"end":{"line":202,"column":22}},"loc":{"start":{"line":202,"column":22},"end":{"line":216,"column":3}}},"11":{"name":"(anonymous_11)","decl":{"start":{"line":204,"column":6},"end":{"line":204,"column":9}},"loc":{"start":{"line":204,"column":11},"end":{"line":212,"column":7}}},"12":{"name":"(anonymous_12)","decl":{"start":{"line":221,"column":10},"end":{"line":221,"column":22}},"loc":{"start":{"line":221,"column":22},"end":{"line":242,"column":3}}},"13":{"name":"(anonymous_13)","decl":{"start":{"line":223,"column":6},"end":{"line":223,"column":9}},"loc":{"start":{"line":223,"column":11},"end":{"line":238,"column":7}}},"14":{"name":"(anonymous_14)","decl":{"start":{"line":234,"column":41},"end":{"line":234,"column":44}},"loc":{"start":{"line":234,"column":47},"end":{"line":237,"column":9}}},"15":{"name":"(anonymous_15)","decl":{"start":{"line":247,"column":9},"end":{"line":247,"column":18}},"loc":{"start":{"line":247,"column":49},"end":{"line":270,"column":3}}},"16":{"name":"(anonymous_16)","decl":{"start":{"line":249,"column":6},"end":{"line":249,"column":9}},"loc":{"start":{"line":249,"column":11},"end":{"line":266,"column":7}}},"17":{"name":"(anonymous_17)","decl":{"start":{"line":275,"column":10},"end":{"line":275,"column":15}},"loc":{"start":{"line":275,"column":61},"end":{"line":301,"column":3}}},"18":{"name":"(anonymous_18)","decl":{"start":{"line":277,"column":6},"end":{"line":277,"column":11}},"loc":{"start":{"line":277,"column":17},"end":{"line":297,"column":7}}},"19":{"name":"(anonymous_19)","decl":{"start":{"line":284,"column":41},"end":{"line":284,"column":44}},"loc":{"start":{"line":284,"column":47},"end":{"line":291,"column":9}}},"20":{"name":"(anonymous_20)","decl":{"start":{"line":306,"column":9},"end":{"line":306,"column":15}},"loc":{"start":{"line":306,"column":35},"end":{"line":333,"column":3}}},"21":{"name":"(anonymous_21)","decl":{"start":{"line":308,"column":6},"end":{"line":308,"column":9}},"loc":{"start":{"line":308,"column":11},"end":{"line":329,"column":7}}},"22":{"name":"(anonymous_22)","decl":{"start":{"line":338,"column":9},"end":{"line":338,"column":14}},"loc":{"start":{"line":338,"column":29},"end":{"line":346,"column":3}}},"23":{"name":"(anonymous_23)","decl":{"start":{"line":340,"column":6},"end":{"line":340,"column":11}},"loc":{"start":{"line":340,"column":17},"end":{"line":342,"column":7}}},"24":{"name":"(anonymous_24)","decl":{"start":{"line":351,"column":9},"end":{"line":351,"column":13}},"loc":{"start":{"line":351,"column":34},"end":{"line":368,"column":3}}},"25":{"name":"(anonymous_25)","decl":{"start":{"line":353,"column":6},"end":{"line":353,"column":9}},"loc":{"start":{"line":353,"column":11},"end":{"line":364,"column":7}}},"26":{"name":"(anonymous_26)","decl":{"start":{"line":373,"column":9},"end":{"line":373,"column":18}},"loc":{"start":{"line":373,"column":18},"end":{"line":375,"column":3}}},"27":{"name":"(anonymous_27)","decl":{"start":{"line":380,"column":9},"end":{"line":380,"column":18}},"loc":{"start":{"line":380,"column":50},"end":{"line":399,"column":3}}},"28":{"name":"(anonymous_28)","decl":{"start":{"line":382,"column":6},"end":{"line":382,"column":9}},"loc":{"start":{"line":382,"column":11},"end":{"line":395,"column":7}}},"29":{"name":"(anonymous_29)","decl":{"start":{"line":389,"column":36},"end":{"line":389,"column":39}},"loc":{"start":{"line":389,"column":42},"end":{"line":394,"column":9}}},"30":{"name":"(anonymous_30)","decl":{"start":{"line":404,"column":9},"end":{"line":404,"column":17}},"loc":{"start":{"line":404,"column":17},"end":{"line":420,"column":3}}},"31":{"name":"(anonymous_31)","decl":{"start":{"line":425,"column":9},"end":{"line":425,"column":14}},"loc":{"start":{"line":425,"column":36},"end":{"line":450,"column":3}}},"32":{"name":"(anonymous_32)","decl":{"start":{"line":455,"column":9},"end":{"line":455,"column":15}},"loc":{"start":{"line":455,"column":15},"end":{"line":464,"column":3}}},"33":{"name":"(anonymous_33)","decl":{"start":{"line":469,"column":9},"end":{"line":469,"column":28}},"loc":{"start":{"line":469,"column":28},"end":{"line":479,"column":3}}},"34":{"name":"(anonymous_34)","decl":{"start":{"line":484,"column":9},"end":{"line":484,"column":14}},"loc":{"start":{"line":484,"column":19},"end":{"line":510,"column":3}}},"35":{"name":"(anonymous_35)","decl":{"start":{"line":515,"column":9},"end":{"line":515,"column":14}},"loc":{"start":{"line":515,"column":24},"end":{"line":531,"column":3}}},"36":{"name":"(anonymous_36)","decl":{"start":{"line":517,"column":6},"end":{"line":517,"column":11}},"loc":{"start":{"line":517,"column":17},"end":{"line":527,"column":7}}},"37":{"name":"(anonymous_37)","decl":{"start":{"line":536,"column":10},"end":{"line":536,"column":15}},"loc":{"start":{"line":536,"column":34},"end":{"line":555,"column":3}}},"38":{"name":"(anonymous_38)","decl":{"start":{"line":560,"column":10},"end":{"line":560,"column":33}},"loc":{"start":{"line":560,"column":33},"end":{"line":566,"column":3}}},"39":{"name":"(anonymous_39)","decl":{"start":{"line":571,"column":10},"end":{"line":571,"column":37}},"loc":{"start":{"line":571,"column":37},"end":{"line":577,"column":3}}}},"branchMap":{"0":{"loc":{"start":{"line":28,"column":4},"end":{"line":30,"column":5}},"type":"if","locations":[{"start":{"line":28,"column":4},"end":{"line":30,"column":5}}]},"1":{"loc":{"start":{"line":35,"column":4},"end":{"line":43,"column":5}},"type":"if","locations":[{"start":{"line":35,"column":4},"end":{"line":43,"column":5}},{"start":{"line":38,"column":11},"end":{"line":43,"column":5}}]},"2":{"loc":{"start":{"line":87,"column":4},"end":{"line":89,"column":5}},"type":"if","locations":[{"start":{"line":87,"column":4},"end":{"line":89,"column":5}}]},"3":{"loc":{"start":{"line":92,"column":4},"end":{"line":105,"column":5}},"type":"if","locations":[{"start":{"line":92,"column":4},"end":{"line":105,"column":5}}]},"4":{"loc":{"start":{"line":108,"column":4},"end":{"line":119,"column":5}},"type":"if","locations":[{"start":{"line":108,"column":4},"end":{"line":119,"column":5}}]},"5":{"loc":{"start":{"line":115,"column":8},"end":{"line":1
[...]
,"end":{"line":241,"column":71}},"loc":{"start":{"line":241,"column":75},"end":{"line":241,"column":90}}},"37":{"name":"(anonymous_37)","decl":{"start":{"line":242,"column":40},"end":{"line":242,"column":41}},"loc":{"start":{"line":242,"column":45},"end":{"line":242,"column":92}}},"38":{"name":"(anonymous_38)","decl":{"start":{"line":251,"column":66},"end":{"line":251,"column":67}},"loc":{"start":{"line":251,"column":76},"end":{"line":251,"column":87}}}},"branchMap":{"0":{"loc":{"start":{"line":29,"column":38},"end":{"line":29,"column":56}},"type":"default-arg","locations":[{"start":{"line":29,"column":54},"end":{"line":29,"column":56}}]},"1":{"loc":{"start":{"line":35,"column":10},"end":{"line":36,"column":null}},"type":"if","locations":[{"start":{"line":35,"column":10},"end":{"line":36,"column":null}},{"start":{"line":36,"column":15},"end":{"line":36,"column":null}}]},"2":{"loc":{"start":{"line":45,"column":6},"end":{"line":56,"column":7}},"type":"if","locations":[{"start":{"line":45,"column":6},"end":{"line":56,"column":7}},{"start":{"line":54,"column":13},"end":{"line":56,"column":7}}]},"3":{"loc":{"start":{"line":65,"column":4},"end":{"line":68,"column":5}},"type":"if","locations":[{"start":{"line":65,"column":4},"end":{"line":68,"column":5}}]},"4":{"loc":{"start":{"line":72,"column":10},"end":{"line":73,"column":null}},"type":"if","locations":[{"start":{"line":72,"column":10},"end":{"line":73,"column":null}},{"start":{"line":73,"column":15},"end":{"line":73,"column":null}}]},"5":{"loc":{"start":{"line":76,"column":6},"end":{"line":80,"column":7}},"type":"if","locations":[{"start":{"line":76,"column":6},"end":{"line":80,"column":7}}]},"6":{"loc":{"start":{"line":86,"column":6},"end":{"line":99,"column":7}},"type":"if","locations":[{"start":{"line":86,"column":6},"end":{"line":99,"column":7}}]},"7":{"loc":{"start":{"line":94,"column":8},"end":{"line":98,"column":9}},"type":"if","locations":[{"start":{"line":94,"column":8},"end":{"line":98,"column":9}}]},"8":{"loc":{"start":{"line":105,"column":6},"end":{"line":108,"column":7}},"type":"if","locations":[{"start":{"line":105,"column":6},"end":{"line":108,"column":7}}]},"9":{"loc":{"start":{"line":119,"column":8},"end":{"line":124,"column":9}},"type":"if","locations":[{"start":{"line":119,"column":8},"end":{"line":124,"column":9}}]},"10":{"loc":{"start":{"line":130,"column":10},"end":{"line":132,"column":11}},"type":"if","locations":[{"start":{"line":130,"column":10},"end":{"line":132,"column":11}}]},"11":{"loc":{"start":{"line":136,"column":10},"end":{"line":141,"column":11}},"type":"if","locations":[{"start":{"line":136,"column":10},"end":{"line":141,"column":11}}]},"12":{"loc":{"start":{"line":145,"column":10},"end":{"line":150,"column":11}},"type":"if","locations":[{"start":{"line":145,"column":10},"end":{"line":150,"column":11}}]},"13":{"loc":{"start":{"line":154,"column":8},"end":{"line":159,"column":9}},"type":"if","locations":[{"start":{"line":154,"column":8},"end":{"line":159,"column":9}}]},"14":{"loc":{"start":{"line":181,"column":10},"end":{"line":182,"column":null}},"type":"if","locations":[{"start":{"line":181,"column":10},"end":{"line":182,"column":null}},{"start":{"line":182,"column":15},"end":{"line":182,"column":null}}]},"15":{"loc":{"start":{"line":188,"column":6},"end":{"line":196,"column":7}},"type":"if","locations":[{"start":{"line":188,"column":6},"end":{"line":196,"column":7}}]},"16":{"loc":{"start":{"line":205,"column":4},"end":{"line":215,"column":5}},"type":"if","locations":[{"start":{"line":205,"column":4},"end":{"line":215,"column":5}}]},"17":{"loc":{"start":{"line":205,"column":8},"end":{"line":205,"column":50}},"type":"binary-expr","locations":[{"start":{"line":205,"column":8},"end":{"line":205,"column":22}},{"start":{"line":205,"column":26},"end":{"line":205,"column":50}}]},"18":{"loc":{"start":{"line":207,"column":8},"end":{"line":213,"column":9}},"type":"if","locations":[{"start":{"line":207,"column":8},"end":{"line":213,"column":9}}]},"19":{"loc":{"start":{"line":229,"column":10},"end":{"line":237,"column":11}},"type":"if","locations":[{"start":{"line":229,"column":10},"end":{"line":237,"column":11}}]},"20":{"loc":{"start":{"line":239,"column":27},"end":{"line":239,"column":76}},"type":"cond-expr","locations":[{"start":{"line":239,"column":41},"end":{"line":239,"column":64}},{"start":{"line":239,"column":67},"end":{"line":239,"column":76}}]},"21":{"loc":{"start":{"line":243,"column":10},"end":{"line":263,"column":11}},"type":"if","locations":[{"start":{"line":243,"column":10},"end":{"line":263,"column":11}}]},"22":{"loc":{"start":{"line":249,"column":32},"end":{"line":249,"column":51}},"type":"binary-expr","locations":[{"start":{"line":249,"column":32},"end":{"line":249,"column":46}},{"start":{"line":249,"column":50},"end":{"line":249,"column":51}}]},"23":{"loc":{"start":{"line":256,"column":12},"end":{"line":260,"column":13}},"type":"if","locations":[{"start":{"line":256,"column":12},"end":{"line":260,"column":13}}]}},"s":{"0":1,"1":0,"2":0,"3":0,"4":0,"5":0,"6":0,"7":0,"8":0,"9":0,"10":0,"11":0,"12":0,"13":0,"14":0,"15":0,"16":0,"17":0,"18":0,"19":0,"20":0,"21":0,"22":0,"23":0,"24":0,"25":0,"26":0,"27":0,"28":0,"29":0,"30":0,"31":0,"32":0,"33":0,"34":0,"35":0,"36":0,"37":0,"38":0,"39":0,"40":0,"41":0,"42":0,"43":0,"44":0,"45":0,"46":0,"47":0,"48":0,"49":0,"50":0,"51":0,"52":0,"53":0,"54":0,"55":0,"56":0,"57":0,"58":0,"59":0,"60":0,"61":0,"62":0,"63":0,"64":0,"65":0,"66":0,"67":0,"68":0,"69":0,"70":0,"71":0,"72":0,"73":0,"74":0,"75":0,"76":0,"77":0,"78":0,"79":0,"80":0,"81":0,"82":0,"83":0,"84":0,"85":0,"86":0,"87":0,"88":0,"89":0,"90":0,"91":0,"92":0,"93":0,"94":0,"95":0,"96":0,"97":0,"98":0,"99":0,"100":0,"101":0,"102":0,"103":0,"104":0,"105":0,"106":0,"107":0,"108":0,"109":0,"110":0,"111":0,"112":0,"113":0,"114":0,"115":0,"116":0,"117":0,"118":0,"119":0,"120":0,"121":0,"122":0,"123":0,"124":0,"125":0,"126":0,"127":0,"128":0,"129":0,"130":0,"131":0,"132":0,"133":0,"134":0,"135":0,"136":0,"137":0,"138":0,"139":0,"140":0,"141":0,"142":0,"143":0,"144":0,"145":0,"146":0,"147":0,"148":0,"149":0,"150":0,"151":0,"152":0,"153":0,"154":0,"155":0,"156":0,"157":0,"158":0,"159":0,"160":0,"161":0,"162":0,"163":0,"164":0,"165":0,"166":0,"167":0,"168":0,"169":0,"170":0,"171":0,"172":0,"173":0,"174":0,"175":1},"f":{"0":0,"1":0,"2":0,"3":0,"4":0,"5":0,"6":0,"7":0,"8":0,"9":0,"10":0,"11":0,"12":0,"13":0,"14":0,"15":0,"16":0,"17":0,"18":0,"19":0,"20":0,"21":0,"22":0,"23":0,"24":0,"25":0,"26":0,"27":0,"28":0,"29":0,"30":0,"31":0,"32":0,"33":0,"34":0,"35":0,"36":0,"37":0,"38":0},"b":{"0":[0],"1":[0,0],"2":[0,0],"3":[0],"4":[0,0],"5":[0],"6":[0],"7":[0],"8":[0],"9":[0],"10":[0],"11":[0],"12":[0],"13":[0],"14":[0,0],"15":[0],"16":[0],"17":[0,0],"18":[0],"19":[0],"20":[0,0],"21":[0],"22":[0,0],"23":[0]}}
,"/mnt/c/Users/m_oli/Projets/SYMBIONT/src/types/messages.ts": {"path":"/mnt/c/Users/m_oli/Projets/SYMBIONT/src/types/messages.ts","statementMap":{"0":{"start":{"line":2,"column":0},"end":{"line":2,"column":47}}},"fnMap":{},"branchMap":{},"s":{"0":0},"f":{},"b":{}}
,"/mnt/c/Users/m_oli/Projets/SYMBIONT/src/types/organism.ts": {"path":"/mnt/c/Users/m_oli/Projets/SYMBIONT/src/types/organism.ts","statementMap":{"0":{"start":{"line":2,"column":0},"end":{"line":2,"column":41}}},"fnMap":{},"branchMap":{},"s":{"0":0},"f":{},"b":{}}
,"/mnt/c/Users/m_oli/Projets/SYMBIONT/src/ui/ConsciousnessGauge.tsx": {"path":"/mnt/c/Users/m_oli/Projets/SYMBIONT/src/ui/ConsciousnessGauge.tsx","statementMap":{"0":{"start":{"line":1,"column":0},"end":{"line":1,"column":26}},"1":{"start":{"line":18,"column":69},"end":{"line":67,"column":1}},"2":{"start":{"line":24,"column":17},"end":{"line":24,"column":29}},"3":{"start":{"line":25,"column":24},"end":{"line":25,"column":44}},"4":{"start":{"line":26,"column":19},"end":{"line":26,"column":50}},"5":{"start":{"line":27,"column":17},"end":{"line":27,"column":47}},"6":{"start":{"line":29,"column":2},"end":{"line":66,"column":4}},"7":{"start":{"line":18,"column":13},"end":{"line":18,"column":69}}},"fnMap":{"0":{"name":"(anonymous_1)","decl":{"start":{"line":18,"column":69},"end":{"line":18,"column":70}},"loc":{"start":{"line":23,"column":5},"end":{"line":67,"column":1}}}},"branchMap":{"0":{"loc":{"start":{"line":20,"column":2},"end":{"line":20,"column":22}},"type":"default-arg","locations":[{"start":{"line":20,"column":10},"end":{"line":20,"column":22}}]},"1":{"loc":{"start":{"line":21,"column":2},"end":{"line":21,"column":11}},"type":"default-arg","locations":[{"start":{"line":21,"column":9},"end":{"line":21,"column":11}}]},"2":{"loc":{"start":{"line":22,"column":2},"end":{"line":22,"column":19}},"type":"default-arg","locations":[{"start":{"line":22,"column":10},"end":{"line":22,"column":19}}]}},"s":{"0":0,"1":0,"2":0,"3":0,"4":0,"5":0,"6":0,"7":0},"f":{"0":0},"b":{"0":[0],"1":[0],"2":[0]}}
,"/mnt/c/Users/m_oli/Projets/SYMBIONT/src/ui/OrganismDashboard.tsx": {"path":"/mnt/c/Users/m_oli/Projets/SYMBIONT/src/ui/OrganismDashboard.tsx","statementMap":{"0":{"start":{"line":3,"column":0},"end":{"line":3,"column":40}},"1":{"start":{"line":4,"column":0},"end":{"line":4,"column":50}},"2":{"start":{"line":5,"column":0},"end":{"line":5,"column":58}},"3":{"start":{"line":6,"column":0},"end":{"line":6,"column":54}},"4":{"start":{"line":14,"column":39},"end":{"line":23,"column":2}},"5":{"start":{"line":26,"column":16},"end":{"line":26,"column":54}},"6":{"start":{"line":27,"column":2},"end":{"line":27,"column":96}},"7":{"start":{"line":27,"column":38},"end":{"line":27,"column":85}},"8":{"start":{"line":31,"column":2},"end":{"line":40,"column":4}},"9":{"start":{"line":43,"column":43},"end":{"line":88,"column":1}},"10":{"start":{"line":44,"column":24},"end":{"line":44,"column":45}},"11":{"start":{"line":45,"column":30},"end":{"line":45,"column":70}},"12":{"start":{"line":46,"column":44},"end":{"line":46,"column":57}},"13":{"start":{"line":49,"column":24},"end":{"line":52,"column":3}},"14":{"start":{"line":51,"column":4},"end":{"line":51,"column":65}},"15":{"start":{"line":54,"column":2},"end":{"line":87,"column":4}},"16":{"start":{"line":74,"column":25},"end":{"line":74,"column":44}},"17":{"start":{"line":80,"column":25},"end":{"line":80,"column":50}},"18":{"start":{"line":43,"column":13},"end":{"line":43,"column":43}}},"fnMap":{"0":{"name":"randomDNA","decl":{"start":{"line":25,"column":9},"end":{"line":25,"column":18}},"loc":{"start":{"line":25,"column":30},"end":{"line":28,"column":1}}},"1":{"name":"(anonymous_10)","decl":{"start":{"line":27,"column":32},"end":{"line":27,"column":35}},"loc":{"start":{"line":27,"column":38},"end":{"line":27,"column":85}}},"2":{"name":"randomTraits","decl":{"start":{"line":30,"column":9},"end":{"line":30,"column":21}},"loc":{"start":{"line":30,"column":21},"end":{"line":41,"column":1}}},"3":{"name":"(anonymous_12)","decl":{"start":{"line":43,"column":43},"end":{"line":43,"column":46}},"loc":{"start":{"line":43,"column":48},"end":{"line":88,"column":1}}},"4":{"name":"(anonymous_13)","decl":{"start":{"line":49,"column":24},"end":{"line":49,"column":25}},"loc":{"start":{"line":49,"column":41},"end":{"line":52,"column":3}}},"5":{"name":"(anonymous_14)","decl":{"start":{"line":74,"column":19},"end":{"line":74,"column":22}},"loc":{"start":{"line":74,"column":25},"end":{"line":74,"column":44}}},"6":{"name":"(anonymous_15)","decl":{"start":{"line":80,"column":19},"end":{"line":80,"column":22}},"loc":{"start":{"line":80,"column":25},"end":{"line":80,"column":50}}}},"branchMap":{"0":{"loc":{"start":{"line":25,"column":19},"end":{"line":25,"column":30}},"type":"default-arg","locations":[{"start":{"line":25,"column":28},"end":{"line":25,"column":30}}]}},"s":{"0":0,"1":0,"2":0,"3":0,"4":0,"5":0,"6":0,"7":0,"8":0,"9":0,"10":0,"11":0,"12":0,"13":0,"14":0,"15":0,"16":0,"17":0,"18":0},"f":{"0":0,"1":0,"2":0,"3":0,"4":0,"5":0,"6":0},"b":{"0":[0]}}
,"/mnt/c/Users/m_oli/Projets/SYMBIONT/src/ui/OrganismViewer.tsx": {"path":"/mnt/c/Users/m_oli/Projets/SYMBIONT/src/ui/OrganismViewer.tsx","statementMap":{"0":{"start":{"line":1,"column":0},"end":{"line":1,"column":59}},"1":{"start":{"line":2,"column":0},"end":{"line":2,"column":62}},"2":{"start":{"line":21,"column":61},"end":{"line":89,"column":1}},"3":{"start":{"line":28,"column":20},"end":{"line":28,"column":51}},"4":{"start":{"line":29,"column":20},"end":{"line":29,"column":55}},"5":{"start":{"line":30,"column":32},"end":{"line":30,"column":73}},"6":{"start":{"line":33,"column":2},"end":{"line":54,"column":12}},"7":{"start":{"line":34,"column":4},"end":{"line":34,"column":35}},"8":{"start":{"line":34,"column":28},"end":{"line":34,"column":35}},"9":{"start":{"line":35,"column":4},"end":{"line":35,"column":67}},"10":{"start":{"line":36,"column":18},"end":{"line":36,"column":22}},"11":{"start":{"line":39,"column":23},"end":{"line":46,"column":5}},"12":{"start":{"line":40,"column":6},"end":{"line":40,"column":49}},"13":{"start":{"line":40,"column":42},"end":{"line":40,"column":49}},"14":{"start":{"line":41,"column":6},"end":{"line":41,"column":33}},"15":{"start":{"line":42,"column":16},"end":{"line":42,"column":57}},"16":{"start":{"line":43,"column":6},"end":{"line":43,"column":20}},"17":{"start":{"line":44,"column":6},"end":{"line":44,"column":34}},"18":{"start":{"line":44,"column":21},"end":{"line":44,"column":34}},"19":{"start":{"line":45,"column":6},"end":{"line":45,"column":40}},"20":{"start":{"line":47,"column":4},"end":{"line":47,"column":17}},"21":{"start":{"line":49,"column":4},"end":{"line":52,"column":6}},"22":{"start":{"line":50,"column":6},"end":{"line":50,"column":22}},"23":{"start":{"line":51,"column":6},"end":{"line":51,"column":35}},"24":{"start":{"line":57,"column":2},"end":{"line":61,"column":15}},"25":{"start":{"line":58,"column":4},"end":{"line":60,"column":5}},"26":{"start":{"line":63,"column":2},"end":{"line":88,"column":4}},"27":{"start":{"line":21,"column":13},"end":{"line":21,"column":61}}},"fnMap":{"0":{"name":"(anonymous_9)","decl":{"start":{"line":21,"column":61},"end":{"line":21,"column":62}},"loc":{"start":{"line":27,"column":5},"end":{"line":89,"column":1}}},"1":{"name":"(anonymous_10)","decl":{"start":{"line":33,"column":12},"end":{"line":33,"column":15}},"loc":{"start":{"line":33,"column":17},"end":{"line":54,"column":3}}},"2":{"name":"(anonymous_11)","decl":{"start":{"line":39,"column":23},"end":{"line":39,"column":26}},"loc":{"start":{"line":39,"column":28},"end":{"line":46,"column":5}}},"3":{"name":"(anonymous_12)","decl":{"start":{"line":49,"column":11},"end":{"line":49,"column":14}},"loc":{"start":{"line":49,"column":16},"end":{"line":52,"column":5}}},"4":{"name":"(anonymous_13)","decl":{"start":{"line":57,"column":12},"end":{"line":57,"column":15}},"loc":{"start":{"line":57,"column":17},"end":{"line":61,"column":3}}}},"branchMap":{"0":{"loc":{"start":{"line":24,"column":2},"end":{"line":24,"column":13}},"type":"default-arg","locations":[{"start":{"line":24,"column":10},"end":{"line":24,"column":13}}]},"1":{"loc":{"start":{"line":25,"column":2},"end":{"line":25,"column":14}},"type":"default-arg","locations":[{"start":{"line":25,"column":11},"end":{"line":25,"column":14}}]},"2":{"loc":{"start":{"line":34,"column":4},"end":{"line":34,"column":35}},"type":"if","locations":[{"start":{"line":34,"column":4},"end":{"line":34,"column":35}}]},"3":{"loc":{"start":{"line":40,"column":6},"end":{"line":40,"column":49}},"type":"if","locations":[{"start":{"line":40,"column":6},"end":{"line":40,"column":49}}]},"4":{"loc":{"start":{"line":40,"column":10},"end":{"line":40,"column":40}},"type":"binary-expr","locations":[{"start":{"line":40,"column":10},"end":{"line":40,"column":18}},{"start":{"line":40,"column":22},"end":{"line":40,"column":40}}]},"5":{"loc":{"start":{"line":44,"column":6},"end":{"line":44,"column":34}},"type":"if","locations":[{"start":{"line":44,"column":6},"end":{"line":44,"column":34}}]},"6":{"loc":{"start":{"line":58,"column":4},"end":{"line":60,"column":5}},"type":"if","locations":[{"start":{"line":58,"column":4},"end":{"line":60,"column":5}}]},"7":{"loc":{"start":{"line":58,"column":8},"end":{"line":58,"column":35}},"type":"binary-expr","locations":[{"start":{"line":58,"column":8},"end":{"line":58,"column":25}},{"start":{"line":58,"column":29},"end":{"line":58,"column":35}}]},"8":{"loc":{"start":{"line":71,"column":7},"end":{"line":85,"column":null}},"type":"binary-expr","locations":[{"start":{"line":71,"column":7},"end":{"line":71,"column":14}},{"start":{"line":72,"column":8},"end":{"line":84,"column":null}}]}},"s":{"0":0,"1":0,"2":0,"3":0,"4":0,"5":0,"6":0,"7":0,"8":0,"9":0,"10":0,"11":0,"12":0,"13":0,"14":0,"15":0,"16":0,"17":0,"18":0,"19":0,"20":0,"21":0,"22":0,"23":0,"24":0,"25":0,"26":0,"27":0},"f":{"0":0,"1":0,"2":0,"3":0,"4":0},"b":{"0":[0],"1":[0],"2":[0],"3":[0],"4":[0,0],"5":[0],"6":[0],"7":[0,0],"8":[0,0]}}
,"/mnt/c/Users/m_oli/Projets/SYMBIONT/src/ui/TraitsRadarChart.tsx": {"path":"/mnt/c/Users/m_oli/Projets/SYMBIONT/src/ui/TraitsRadarChart.tsx","statementMap":{"0":{"start":{"line":1,"column":0},"end":{"line":1,"column":26}},"1":{"start":{"line":19,"column":23},"end":{"line":22,"column":2}},"2":{"start":{"line":24,"column":65},"end":{"line":101,"column":1}},"3":{"start":{"line":30,"column":17},"end":{"line":39,"column":4}},"4":{"start":{"line":40,"column":12},"end":{"line":40,"column":25}},"5":{"start":{"line":41,"column":17},"end":{"line":41,"column":25}},"6":{"start":{"line":42,"column":17},"end":{"line":42,"column":30}},"7":{"start":{"line":44,"column":17},"end":{"line":48,"column":4}},"8":{"start":{"line":45,"column":18},"end":{"line":45,"column":53}},"9":{"start":{"line":46,"column":14},"end":{"line":46,"column":24}},"10":{"start":{"line":47,"column":4},"end":{"line":47,"column":72}},"11":{"start":{"line":49,"column":18},"end":{"line":49,"column":56}},"12":{"start":{"line":49,"column":34},"end":{"line":49,"column":45}},"13":{"start":{"line":51,"column":2},"end":{"line":100,"column":4}},"14":{"start":{"line":56,"column":24},"end":{"line":56,"column":59}},"15":{"start":{"line":57,"column":10},"end":{"line":67,"column":12}},"16":{"start":{"line":80,"column":24},"end":{"line":80,"column":59}},"17":{"start":{"line":81,"column":20},"end":{"line":81,"column":60}},"18":{"start":{"line":82,"column":20},"end":{"line":82,"column":60}},"19":{"start":{"line":83,"column":10},"end":{"line":96,"column":12}},"20":{"start":{"line":24,"column":13},"end":{"line":24,"column":65}}},"fnMap":{"0":{"name":"(anonymous_1)","decl":{"start":{"line":24,"column":65},"end":{"line":24,"column":66}},"loc":{"start":{"line":29,"column":5},"end":{"line":101,"column":1}}},"1":{"name":"(anonymous_2)","decl":{"start":{"line":44,"column":28},"end":{"line":44,"column":29}},"loc":{"start":{"line":44,"column":37},"end":{"line":48,"column":3}}},"2":{"name":"(anonymous_3)","decl":{"start":{"line":49,"column":29},"end":{"line":49,"column":30}},"loc":{"start":{"line":49,"column":34},"end":{"line":49,"column":45}}},"3":{"name":"(anonymous_4)","decl":{"start":{"line":55,"column":20},"end":{"line":55,"column":21}},"loc":{"start":{"line":55,"column":29},"end":{"line":68,"column":9}}},"4":{"name":"(anonymous_5)","decl":{"start":{"line":79,"column":20},"end":{"line":79,"column":21}},"loc":{"start":{"line":79,"column":33},"end":{"line":97,"column":9}}}},"branchMap":{"0":{"loc":{"start":{"line":26,"column":2},"end":{"line":26,"column":25}},"type":"default-arg","locations":[{"start":{"line":26,"column":11},"end":{"line":26,"column":25}}]},"1":{"loc":{"start":{"line":27,"column":2},"end":{"line":27,"column":12}},"type":"default-arg","locations":[{"start":{"line":27,"column":9},"end":{"line":27,"column":12}}]},"2":{"loc":{"start":{"line":28,"column":2},"end":{"line":28,"column":19}},"type":"default-arg","locations":[{"start":{"line":28,"column":10},"end":{"line":28,"column":19}}]}},"s":{"0":0,"1":0,"2":0,"3":0,"4":0,"5":0,"6":0,"7":0,"8":0,"9":0,"10":0,"11":0,"12":0,"13":0,"14":0,"15":0,"16":0,"17":0,"18":0,"19":0,"20":0},"f":{"0":0,"1":0,"2":0,"3":0,"4":0},"b":{"0":[0],"1":[0],"2":[0]}}
}
