{"/mnt/c/Users/m_oli/Projets/SYMBIONT/src/behavioral/ActionPredictor.ts": {"path":"/mnt/c/Users/m_oli/Projets/SYMBIONT/src/behavioral/ActionPredictor.ts","statementMap":{"0":{"start":{"line":2,"column":22},"end":{"line":2,"column":62}},"1":{"start":{"line":1,"column":0},"end":{"line":1,"column":13}}},"fnMap":{"0":{"name":"(anonymous_0)","decl":{"start":{"line":2,"column":2},"end":{"line":2,"column":9}},"loc":{"start":{"line":2,"column":18},"end":{"line":2,"column":64}}}},"branchMap":{},"s":{"0":0,"1":0},"f":{"0":0},"b":{}}
,"/mnt/c/Users/m_oli/Projets/SYMBIONT/src/behavioral/core/BehaviorPredictor.ts": {"path":"/mnt/c/Users/m_oli/Projets/SYMBIONT/src/behavioral/core/BehaviorPredictor.ts","statementMap":{"0":{"start":{"line":8,"column":4},"end":{"line":8,"column":54}},"1":{"start":{"line":14,"column":4},"end":{"line":14,"column":41}},"2":{"start":{"line":24,"column":26},"end":{"line":24,"column":34}},"3":{"start":{"line":25,"column":21},"end":{"line":25,"column":24}},"4":{"start":{"line":28,"column":4},"end":{"line":37,"column":5}},"5":{"start":{"line":29,"column":6},"end":{"line":29,"column":34}},"6":{"start":{"line":30,"column":6},"end":{"line":30,"column":24}},"7":{"start":{"line":31,"column":11},"end":{"line":37,"column":5}},"8":{"start":{"line":32,"column":6},"end":{"line":32,"column":32}},"9":{"start":{"line":33,"column":6},"end":{"line":33,"column":25}},"10":{"start":{"line":34,"column":11},"end":{"line":37,"column":5}},"11":{"start":{"line":35,"column":6},"end":{"line":35,"column":33}},"12":{"start":{"line":36,"column":6},"end":{"line":36,"column":24}},"13":{"start":{"line":40,"column":4},"end":{"line":43,"column":5}},"14":{"start":{"line":41,"column":6},"end":{"line":41,"column":33}},"15":{"start":{"line":42,"column":6},"end":{"line":42,"column":24}},"16":{"start":{"line":45,"column":4},"end":{"line":50,"column":6}},"17":{"start":{"line":4,"column":0},"end":{"line":4,"column":13}}},"fnMap":{"0":{"name":"(anonymous_0)","decl":{"start":{"line":6,"column":2},"end":{"line":6,"column":9}},"loc":{"start":{"line":6,"column":21},"end":{"line":9,"column":3}}},"1":{"name":"(anonymous_1)","decl":{"start":{"line":12,"column":2},"end":{"line":12,"column":17}},"loc":{"start":{"line":12,"column":33},"end":{"line":15,"column":3}}},"2":{"name":"(anonymous_2)","decl":{"start":{"line":17,"column":2},"end":{"line":17,"column":13}},"loc":{"start":{"line":17,"column":13},"end":{"line":19,"column":3}}},"3":{"name":"(anonymous_3)","decl":{"start":{"line":22,"column":2},"end":{"line":22,"column":19}},"loc":{"start":{"line":22,"column":65},"end":{"line":51,"column":3}}}},"branchMap":{"0":{"loc":{"start":{"line":28,"column":4},"end":{"line":37,"column":5}},"type":"if","locations":[{"start":{"line":28,"column":4},"end":{"line":37,"column":5}},{"start":{"line":31,"column":11},"end":{"line":37,"column":5}}]},"1":{"loc":{"start":{"line":31,"column":11},"end":{"line":37,"column":5}},"type":"if","locations":[{"start":{"line":31,"column":11},"end":{"line":37,"column":5}},{"start":{"line":34,"column":11},"end":{"line":37,"column":5}}]},"2":{"loc":{"start":{"line":34,"column":11},"end":{"line":37,"column":5}},"type":"if","locations":[{"start":{"line":34,"column":11},"end":{"line":37,"column":5}}]},"3":{"loc":{"start":{"line":40,"column":4},"end":{"line":43,"column":5}},"type":"if","locations":[{"start":{"line":40,"column":4},"end":{"line":43,"column":5}}]}},"s":{"0":0,"1":0,"2":0,"3":0,"4":0,"5":0,"6":0,"7":0,"8":0,"9":0,"10":0,"11":0,"12":0,"13":0,"14":0,"15":0,"16":0,"17":0},"f":{"0":0,"1":0,"2":0,"3":0},"b":{"0":[0,0],"1":[0,0],"2":[0],"3":[0]}}
,"/mnt/c/Users/m_oli/Projets/SYMBIONT/src/behavioral/core/BehavioralEngine.ts": {"path":"/mnt/c/Users/m_oli/Projets/SYMBIONT/src/behavioral/core/BehavioralEngine.ts","statementMap":{"0":{"start":{"line":2,"column":0},"end":{"line":2,"column":52}},"1":{"start":{"line":3,"column":0},"end":{"line":3,"column":56}},"2":{"start":{"line":5,"column":0},"end":{"line":5,"column":52}},"3":{"start":{"line":11,"column":4},"end":{"line":11,"column":37}},"4":{"start":{"line":27,"column":4},"end":{"line":27,"column":42}},"5":{"start":{"line":28,"column":4},"end":{"line":28,"column":42}},"6":{"start":{"line":29,"column":4},"end":{"line":29,"column":45}},"7":{"start":{"line":30,"column":4},"end":{"line":30,"column":47}},"8":{"start":{"line":31,"column":4},"end":{"line":31,"column":29}},"9":{"start":{"line":37,"column":4},"end":{"line":39,"column":5}},"10":{"start":{"line":38,"column":6},"end":{"line":38,"column":57}},"11":{"start":{"line":40,"column":4},"end":{"line":40,"column":37}},"12":{"start":{"line":45,"column":4},"end":{"line":49,"column":6}},"13":{"start":{"line":54,"column":4},"end":{"line":58,"column":6}},"14":{"start":{"line":63,"column":20},"end":{"line":63,"column":57}},"15":{"start":{"line":64,"column":23},"end":{"line":64,"column":53}},"16":{"start":{"line":66,"column":4},"end":{"line":70,"column":6}},"17":{"start":{"line":75,"column":4},"end":{"line":79,"column":6}},"18":{"start":{"line":15,"column":0},"end":{"line":15,"column":13}}},"fnMap":{"0":{"name":"(anonymous_0)","decl":{"start":{"line":9,"column":2},"end":{"line":9,"column":7}},"loc":{"start":{"line":9,"column":17},"end":{"line":12,"column":3}}},"1":{"name":"(anonymous_1)","decl":{"start":{"line":26,"column":2},"end":{"line":26,"column":null}},"loc":{"start":{"line":26,"column":2},"end":{"line":34,"column":3}}},"2":{"name":"(anonymous_2)","decl":{"start":{"line":36,"column":9},"end":{"line":36,"column":15}},"loc":{"start":{"line":36,"column":27},"end":{"line":41,"column":3}}},"3":{"name":"(anonymous_3)","decl":{"start":{"line":43,"column":9},"end":{"line":43,"column":14}},"loc":{"start":{"line":43,"column":53},"end":{"line":50,"column":3}}},"4":{"name":"(anonymous_4)","decl":{"start":{"line":52,"column":9},"end":{"line":52,"column":26}},"loc":{"start":{"line":52,"column":49},"end":{"line":59,"column":3}}},"5":{"name":"(anonymous_5)","decl":{"start":{"line":61,"column":2},"end":{"line":61,"column":17}},"loc":{"start":{"line":61,"column":27},"end":{"line":71,"column":3}}},"6":{"name":"(anonymous_6)","decl":{"start":{"line":73,"column":2},"end":{"line":73,"column":9}},"loc":{"start":{"line":73,"column":9},"end":{"line":80,"column":3}}}},"branchMap":{"0":{"loc":{"start":{"line":37,"column":4},"end":{"line":39,"column":5}},"type":"if","locations":[{"start":{"line":37,"column":4},"end":{"line":39,"column":5}}]}},"s":{"0":0,"1":0,"2":0,"3":0,"4":0,"5":0,"6":0,"7":0,"8":0,"9":0,"10":0,"11":0,"12":0,"13":0,"14":0,"15":0,"16":0,"17":0,"18":0},"f":{"0":0,"1":0,"2":0,"3":0,"4":0,"5":0,"6":0},"b":{"0":[0]}}
,"/mnt/c/Users/m_oli/Projets/SYMBIONT/src/behavioral/core/PatternAnalyzer.ts": {"path":"/mnt/c/Users/m_oli/Projets/SYMBIONT/src/behavioral/core/PatternAnalyzer.ts","statementMap":{"0":{"start":{"line":7,"column":4},"end":{"line":7,"column":51}},"1":{"start":{"line":12,"column":4},"end":{"line":16,"column":6}},"2":{"start":{"line":21,"column":4},"end":{"line":24,"column":8}},"3":{"start":{"line":21,"column":32},"end":{"line":24,"column":6}},"4":{"start":{"line":3,"column":0},"end":{"line":3,"column":13}}},"fnMap":{"0":{"name":"(anonymous_0)","decl":{"start":{"line":5,"column":2},"end":{"line":5,"column":17}},"loc":{"start":{"line":5,"column":29},"end":{"line":8,"column":3}}},"1":{"name":"(anonymous_1)","decl":{"start":{"line":10,"column":2},"end":{"line":10,"column":17}},"loc":{"start":{"line":10,"column":33},"end":{"line":17,"column":3}}},"2":{"name":"(anonymous_2)","decl":{"start":{"line":19,"column":2},"end":{"line":19,"column":16}},"loc":{"start":{"line":19,"column":30},"end":{"line":25,"column":3}}},"3":{"name":"(anonymous_3)","decl":{"start":{"line":21,"column":22},"end":{"line":21,"column":27}},"loc":{"start":{"line":21,"column":32},"end":{"line":24,"column":6}}}},"branchMap":{},"s":{"0":0,"1":0,"2":0,"3":0,"4":0},"f":{"0":0,"1":0,"2":0,"3":0},"b":{}}
,"/mnt/c/Users/m_oli/Projets/SYMBIONT/src/communication/resilient-message-bus.ts": {"path":"/mnt/c/Users/m_oli/Projets/SYMBIONT/src/communication/resilient-message-bus.ts","statementMap":{"0":{"start":{"line":4,"column":0},"end":{"line":4,"column":69}},"1":{"start":{"line":5,"column":0},"end":{"line":5,"column":52}},"2":{"start":{"line":18,"column":10},"end":{"line":18,"column":null}},"3":{"start":{"line":19,"column":10},"end":{"line":19,"column":null}},"4":{"start":{"line":20,"column":10},"end":{"line":20,"column":null}},"5":{"start":{"line":21,"column":19},"end":{"line":21,"column":null}},"6":{"start":{"line":22,"column":19},"end":{"line":22,"column":null}},"7":{"start":{"line":25,"column":4},"end":{"line":28,"column":5}},"8":{"start":{"line":26,"column":6},"end":{"line":26,"column":null}},"9":{"start":{"line":27,"column":6},"end":{"line":27,"column":null}},"10":{"start":{"line":29,"column":4},"end":{"line":29,"column":null}},"11":{"start":{"line":33,"column":4},"end":{"line":33,"column":null}},"12":{"start":{"line":34,"column":4},"end":{"line":34,"column":null}},"13":{"start":{"line":38,"column":4},"end":{"line":38,"column":null}},"14":{"start":{"line":39,"column":4},"end":{"line":39,"column":null}},"15":{"start":{"line":40,"column":4},"end":{"line":42,"column":5}},"16":{"start":{"line":41,"column":6},"end":{"line":41,"column":null}},"17":{"start":{"line":47,"column":10},"end":{"line":47,"column":null}},"18":{"start":{"line":50,"column":4},"end":{"line":50,"column":null}},"19":{"start":{"line":51,"column":16},"end":{"line":51,"column":74}},"20":{"start":{"line":52,"column":4},"end":{"line":52,"column":null}},"21":{"start":{"line":53,"column":4},"end":{"line":53,"column":null}},"22":{"start":{"line":54,"column":4},"end":{"line":54,"column":null}},"23":{"start":{"line":57,"column":16},"end":{"line":57,"column":74}},"24":{"start":{"line":58,"column":16},"end":{"line":58,"column":27}},"25":{"start":{"line":59,"column":4},"end":{"line":59,"column":null}},"26":{"start":{"line":60,"column":4},"end":{"line":60,"column":null}},"27":{"start":{"line":61,"column":4},"end":{"line":61,"column":null}},"28":{"start":{"line":64,"column":16},"end":{"line":64,"column":74}},"29":{"start":{"line":65,"column":4},"end":{"line":65,"column":null}},"30":{"start":{"line":66,"column":4},"end":{"line":66,"column":null}},"31":{"start":{"line":72,"column":10},"end":{"line":72,"column":null}},"32":{"start":{"line":73,"column":10},"end":{"line":73,"column":null}},"33":{"start":{"line":74,"column":10},"end":{"line":74,"column":null}},"34":{"start":{"line":75,"column":10},"end":{"line":75,"column":null}},"35":{"start":{"line":77,"column":10},"end":{"line":77,"column":null}},"36":{"start":{"line":79,"column":10},"end":{"line":79,"column":39}},"37":{"start":{"line":81,"column":10},"end":{"line":81,"column":41}},"38":{"start":{"line":84,"column":4},"end":{"line":84,"column":null}},"39":{"start":{"line":88,"column":4},"end":{"line":93,"column":null}},"40":{"start":{"line":94,"column":4},"end":{"line":99,"column":null}},"41":{"start":{"line":100,"column":4},"end":{"line":105,"column":null}},"42":{"start":{"line":109,"column":4},"end":{"line":112,"column":5}},"43":{"start":{"line":110,"column":6},"end":{"line":110,"column":null}},"44":{"start":{"line":111,"column":6},"end":{"line":111,"column":null}},"45":{"start":{"line":113,"column":18},"end":{"line":113,"column":19}},"46":{"start":{"line":114,"column":21},"end":{"line":114,"column":61}},"47":{"start":{"line":115,"column":23},"end":{"line":115,"column":48}},"48":{"start":{"line":116,"column":4},"end":{"line":132,"column":5}},"49":{"start":{"line":117,"column":6},"end":{"line":131,"column":7}},"50":{"start":{"line":119,"column":8},"end":{"line":119,"column":null}},"51":{"start":{"line":120,"column":8},"end":{"line":120,"column":null}},"52":{"start":{"line":121,"column":8},"end":{"line":121,"column":null}},"53":{"start":{"line":123,"column":8},"end":{"line":123,"column":null}},"54":{"start":{"line":124,"column":8},"end":{"line":124,"column":null}},"55":{"start":{"line":125,"column":8},"end":{"line":129,"column":9}},"56":{"start":{"line":126,"column":10},"end":{"line":126,"column":null}},"57":{"start":{"line":126,"column":24},"end":{"line":126,"column":null}},"58":{"start":{"line":127,"column":10},"end":{"line":127,"column":null}},"59":{"start":{"line":128,"column":10},"end":{"line":128,"column":null}},"60":{"start":{"line":130,"column":8},"end":{"line":130,"column":null}},"61":{"start":{"line":133,"column":4},"end":{"line":133,"column":null}},"62":{"start":{"line":138,"column":4},"end":{"line":138,"column":null}},"63":{"start":{"line":142,"column":4},"end":{"line":142,"column":null}},"64":{"start":{"line":142,"column":32},"end":{"line":142,"column":null}},"65":{"start":{"line":143,"column":4},"end":{"line":143,"column":null}},"66":{"start":{"line":143,"column":27},"end":{"line":143,"column":null}},"67":{"start":{"line":144,"column":4},"end":{"line":144,"column":null}},"68":{"start":{"line":146,"column":29},"end":{"line":146,"column":76}},"69":{"start":{"line":146,"column":55},"end":{"line":146,"column":74}},"70":{"start":{"line":150,"column":4},"end":{"line":150,"column":null}},"71":{"start":{"line":151,"column":4},"end":{"line":151,"column":null}},"72":{"start":{"line":154,"column":4},"end":{"line":154,"column":null}},"73":{"start":{"line":155,"column":4},"end":{"line":155,"column":null}},"74":{"start":{"line":158,"column":4},"end":{"line":158,"column":null}},"75":{"start":{"line":159,"column":4},"end":{"line":159,"column":null}},"76":{"start":{"line":164,"column":4},"end":{"line":164,"column":null}},"77":{"start":{"line":70,"column":0},"end":{"line":70,"column":13}}},"fnMap":{"0":{"name":"(anonymous_0)","decl":{"start":{"line":17,"column":0},"end":{"line":17,"column":6}},"loc":{"start":{"line":17,"column":0},"end":{"line":44,"column":1}}},"1":{"name":"(anonymous_1)","decl":{"start":{"line":24,"column":2},"end":{"line":24,"column":8}},"loc":{"start":{"line":24,"column":8},"end":{"line":30,"column":3}}},"2":{"name":"(anonymous_2)","decl":{"start":{"line":32,"column":2},"end":{"line":32,"column":15}},"loc":{"start":{"line":32,"column":15},"end":{"line":35,"column":3}}},"3":{"name":"(anonymous_3)","decl":{"start":{"line":37,"column":2},"end":{"line":37,"column":15}},"loc":{"start":{"line":37,"column":15},"end":{"line":43,"column":3}}},"4":{"name":"(anonymous_4)","decl":{"start":{"line":48,"column":2},"end":{"line":48,"column":17}},"loc":{"start":{"line":48,"column":2},"end":{"line":48,"column":18}}},"5":{"name":"(anonymous_5)","decl":{"start":{"line":49,"column":2},"end":{"line":49,"column":7}},"loc":{"start":{"line":49,"column":28},"end":{"line":55,"column":3}}},"6":{"name":"(anonymous_6)","decl":{"start":{"line":56,"column":2},"end":{"line":56,"column":7}},"loc":{"start":{"line":56,"column":15},"end":{"line":62,"column":3}}},"7":{"name":"(anonymous_7)","decl":{"start":{"line":63,"column":2},"end":{"line":63,"column":7}},"loc":{"start":{"line":63,"column":14},"end":{"line":67,"column":3}}},"8":{"name":"(anonymous_8)","decl":{"start":{"line":83,"column":2},"end":{"line":83,"column":null}},"loc":{"start":{"line":83,"column":2},"end":{"line":85,"column":3}}},"9":{"name":"(anonymous_9)","decl":{"start":{"line":87,"column":10},"end":{"line":87,"column":32}},"loc":{"start":{"line":87,"column":32},"end":{"line":106,"column":3}}},"10":{"name":"(anonymous_10)","decl":{"start":{"line":108,"column":2},"end":{"line":108,"column":7}},"loc":{"start":{"line":108,"column":29},"end":{"line":134,"column":3}}},"11":{"name":"(anonymous_11)","decl":{"start":{"line":137,"column":10},"end":{"line":137,"column":15}},"loc":{"start":{"line":137,"column":45},"end":{"line":139,"column":3}}},"12":{"name":"(anonymous_12)","decl":{"start":{"line":141,"column":10},"end":{"line":141,"column":20}},"loc":{"start":{"line":141,"column":64},"end":{"line":145,"column":3}}},"13":{"name":"(anonymous_13)","decl":{"start":{"line":146,"column":10},"end":{"line":146,"column":14}},"loc":{"start":{"line":146,"column":25},"end":{"line":146,"column":77}}},"14":{"name":"(anonymous_14)","decl":{"start":{"line":146,"column":48},"end":{"line":146,"column":51}},"loc":{"start":{"line":146,"column":55},"end":{"line":146,"column":74}}},"15":{"name":"(anonymous_15)","decl":{"start":{"line":149,"column":10},"end":{"line":149,"column":15}},"loc":{"start":{"line":149,"column":47},"end":{"line":152,"column":3}}},"16":{"name":"(anonymous_16)","decl":{"start":{"line":153,"column":10},"end":{"line":153,"column":15}},"loc":{"start":{"line":153,"column":46},"end":{"line":156,"column":3}}},"17":{"name":"(anonymous_17)","decl":{"start":{"line":157,"column":10},"end":{"line":157,"column":15}},"loc":{"start":{"line":157,"column":43},"end":{"line":160,"column":3}}},"18":{"name":"(anonymous_18)","decl":{"start":{"line":163,"column":10},"end":{"line":163,"column":28}},"loc":{"start":{"line":163,"column":28},"end":{"line":165,"column":3}}},"19":{"name":"(anonymous_19)","decl":{"start":{"line":168,"column":10},"end":{"line":168,"column":25}},"loc":{"start":{"line":168,"column":43},"end":{"line":170,"column":3}}}},"branchMap":{"0":{"loc":{"start":{"line":25,"column":4},"end":{"line":28,"column":5}},"type":"if","locations":[{"start":{"line":25,"column":4},"end":{"line":28,"column":5}}]},"1":{"loc":{"start":{"line":25,"column":8},"end":{"line":25,"column":73}},"type":"binary-expr","locations":[{"start":{"line":25,"column":8},"end":{"line":25,"column":17}},{"start":{"line":25,"column":21},"end":{"line":25,"column":73}}]},"2":{"loc":{"start":{"line":40,"column":4},"end":{"line":42,"column":5}},"type":"if","locations":[{"start":{"line":40,"column":4},"end":{"line":42,"column":5}}]},"3":{"loc":{"start":{"line":51,"column":27},"end":{"line":51,"column":73}},"type":"binary-expr","locations":[{"start":{"line":51,"column":27},"end":{"line":51,"column":65}},{"start":{"line":51,"column":69},"end":{"line":51,"column":73}}]},"4":{"loc":{"start":{"line":57,"column":27},"end":{"line":57,"column":73}},"type":"binary-expr","locations":[{"start":{"line":57,"column":27},"end":{"line":57,"column":65}},{"start":{"line":57,"column":69},"end":{"line":57,"column":73}}]},"5":{"loc":{"start":{"line":64,"column":27},"end":{"line":64,"column":73}},"type":"binary-expr","locations":[{"start":{"line":64,"column":27},"end":{"line":64,"column":65}},{"start":{"line":64,"column":69},"end":{"line":64,"column":73}}]},"6":{"loc":{"start":{"line":109,"column":4},"end":{"line":112,"column":5}},"type":"if","locations":[{"start":{"line":109,"column":4},"end":{"line":112,"column":5}}]},"7":{"loc":{"start":{"line":115,"column":23},"end":{"line":115,"column":48}},"type":"binary-expr","locations":[{"start":{"line":115,"column":23},"end":{"line":115,"column":43}},{"start":{"line":115,"column":47},"end":{"line":115,"column":48}}]},"8":{"loc":{"start":{"line":125,"column":8},"end":{"line":129,"column":9}},"type":"if","locations":[{"start":{"line":125,"column":8},"end":{"line":129,"column":9}}]},"9":{"loc":{"start":{"line":126,"column":10},"end":{"line":126,"column":null}},"type":"if","locations":[{"start":{"line":126,"column":10},"end":{"line":126,"column":null}}]},"10":{"loc":{"start":{"line":141,"column":21},"end":{"line":141,"column":47}},"type":"default-arg","locations":[{"start":{"line":141,"column":36},"end":{"line":141,"column":47}}]},"11":{"loc":{"start":{"line":142,"column":4},"end":{"line":142,"column":null}},"type":"if","locations":[{"start":{"line":142,"column":4},"end":{"line":142,"column":null}}]},"12":{"loc":{"start":{"line":143,"column":4},"end":{"line":143,"column":null}},"type":"if","locations":[{"start":{"line":143,"column":4},"end":{"line":143,"column":null}}]}},"s":{"0":0,"1":0,"2":0,"3":0,"4":0,"5":0,"6":0,"7":0,"8":0,"9":0,"10":0,"11":0,"12":0,"13":0,"14":0,"15":0,"16":0,"17":0,"18":0,"19":0,"20":0,"21":0,"22":0,"23":0,"24":0,"25":0,"26":0,"27":0,"28":0,"29":0,"30":0,"31":0,"32":0,"33":0,"34":0,"35":0,"36":0,"37":0,"38":0,"39":0,"40":0,"41":0,"42":0,"43":0,"44":0,"45":0,"46":0,"47":0,"48":0,"49":0,"50":0,"51":0,"52":0,"53":0,"54":0,"55":0,"56":0,"57":0,"58":0,"59":0,"60":0,"61":0,"62":0,"63":0,"64":0,"65":0,"66":0,"67":0,"68":0,"69":0,"70":0,"71":0,"72":0,"73":0,"74":0,"75":0,"76":0,"77":0},"f":{"0":0,"1":0,"2":0,"3":0,"4":0,"5":0,"6":0,"7":0,"8":0,"9":0,"10":0,"11":0,"12":0,"13":0,"14":0,"15":0,"16":0,"17":0,"18":0,"19":0},"b":{"0":[0],"1":[0,0],"2":[0],"3":[0,0],"4":[0,0],"5":[0,0],"6":[0],"7":[0,0],"8":[0],"9":[0],"10":[0],"11":[0],"12":[0]}}
,"/mnt/c/Users/m_oli/Projets/SYMBIONT/src/components/production/SystemStatusDashboard.tsx": {"path":"/mnt/c/Users/m_oli/Projets/SYMBIONT/src/components/production/SystemStatusDashboard.tsx","statementMap":{"0":{"start":{"line":2,"column":0},"end":{"line":2,"column":51}},"1":{"start":{"line":3,"column":0},"end":{"line":3,"column":52}},"2":{"start":{"line":28,"column":47},"end":{"line":519,"column":1}},"3":{"start":{"line":29,"column":30},"end":{"line":34,"column":4}},"4":{"start":{"line":36,"column":32},"end":{"line":43,"column":4}},"5":{"start":{"line":45,"column":42},"end":{"line":50,"column":4}},"6":{"start":{"line":52,"column":38},"end":{"line":52,"column":53}},"7":{"start":{"line":54,"column":2},"end":{"line":58,"column":9}},"8":{"start":{"line":55,"column":4},"end":{"line":55,"column":24}},"9":{"start":{"line":56,"column":21},"end":{"line":56,"column":57}},"10":{"start":{"line":57,"column":4},"end":{"line":57,"column":41}},"11":{"start":{"line":57,"column":17},"end":{"line":57,"column":40}},"12":{"start":{"line":60,"column":28},"end":{"line":86,"column":3}},"13":{"start":{"line":61,"column":4},"end":{"line":85,"column":5}},"14":{"start":{"line":63,"column":29},"end":{"line":63,"column":62}},"15":{"start":{"line":64,"column":6},"end":{"line":67,"column":7}},"16":{"start":{"line":65,"column":27},"end":{"line":65,"column":54}},"17":{"start":{"line":66,"column":8},"end":{"line":66,"column":30}},"18":{"start":{"line":70,"column":30},"end":{"line":70,"column":64}},"19":{"start":{"line":71,"column":6},"end":{"line":74,"column":7}},"20":{"start":{"line":72,"column":28},"end":{"line":72,"column":56}},"21":{"start":{"line":73,"column":8},"end":{"line":73,"column":32}},"22":{"start":{"line":77,"column":30},"end":{"line":77,"column":70}},"23":{"start":{"line":78,"column":6},"end":{"line":81,"column":7}},"24":{"start":{"line":79,"column":28},"end":{"line":79,"column":56}},"25":{"start":{"line":80,"column":8},"end":{"line":80,"column":37}},"26":{"start":{"line":83,"column":6},"end":{"line":83,"column":60}},"27":{"start":{"line":84,"column":6},"end":{"line":84,"column":52}},"28":{"start":{"line":84,"column":25},"end":{"line":84,"column":49}},"29":{"start":{"line":88,"column":25},"end":{"line":102,"column":3}},"30":{"start":{"line":89,"column":4},"end":{"line":101,"column":5}},"31":{"start":{"line":92,"column":8},"end":{"line":92,"column":25}},"32":{"start":{"line":95,"column":8},"end":{"line":95,"column":25}},"33":{"start":{"line":98,"column":8},"end":{"line":98,"column":25}},"34":{"start":{"line":100,"column":8},"end":{"line":100,"column":25}},"35":{"start":{"line":104,"column":24},"end":{"line":118,"column":3}},"36":{"start":{"line":105,"column":4},"end":{"line":117,"column":5}},"37":{"start":{"line":108,"column":8},"end":{"line":108,"column":19}},"38":{"start":{"line":111,"column":8},"end":{"line":111,"column":20}},"39":{"start":{"line":114,"column":8},"end":{"line":114,"column":19}},"40":{"start":{"line":116,"column":8},"end":{"line":116,"column":19}},"41":{"start":{"line":120,"column":2},"end":{"line":137,"column":3}},"42":{"start":{"line":121,"column":4},"end":{"line":136,"column":6}},"43":{"start":{"line":124,"column":25},"end":{"line":124,"column":44}},"44":{"start":{"line":139,"column":2},"end":{"line":518,"column":4}},"45":{"start":{"line":144,"column":25},"end":{"line":144,"column":45}},"46":{"start":{"line":266,"column":25},"end":{"line":266,"column":61}},"47":{"start":{"line":272,"column":25},"end":{"line":272,"column":55}},"48":{"start":{"line":278,"column":25},"end":{"line":278,"column":55}},"49":{"start":{"line":28,"column":13},"end":{"line":28,"column":47}},"50":{"start":{"line":521,"column":0},"end":{"line":521,"column":37}}},"fnMap":{"0":{"name":"(anonymous_9)","decl":{"start":{"line":28,"column":47},"end":{"line":28,"column":50}},"loc":{"start":{"line":28,"column":52},"end":{"line":519,"column":1}}},"1":{"name":"(anonymous_10)","decl":{"start":{"line":54,"column":12},"end":{"line":54,"column":15}},"loc":{"start":{"line":54,"column":17},"end":{"line":58,"column":3}}},"2":{"name":"(anonymous_11)","decl":{"start":{"line":57,"column":11},"end":{"line":57,"column":14}},"loc":{"start":{"line":57,"column":17},"end":{"line":57,"column":40}}},"3":{"name":"(anonymous_12)","decl":{"start":{"line":60,"column":28},"end":{"line":60,"column":33}},"loc":{"start":{"line":60,"column":39},"end":{"line":86,"column":3}}},"4":{"name":"(anonymous_13)","decl":{"start":{"line":84,"column":16},"end":{"line":84,"column":20}},"loc":{"start":{"line":84,"column":25},"end":{"line":84,"column":49}}},"5":{"name":"(anonymous_14)","decl":{"start":{"line":88,"column":25},"end":{"line":88,"column":26}},"loc":{"start":{"line":88,"column":52},"end":{"line":102,"column":3}}},"6":{"name":"(anonymous_15)","decl":{"start":{"line":104,"column":24},"end":{"line":104,"column":25}},"loc":{"start":{"line":104,"column":51},"end":{"line":118,"column":3}}},"7":{"name":"(anonymous_16)","decl":{"start":{"line":124,"column":19},"end":{"line":124,"column":22}},"loc":{"start":{"line":124,"column":25},"end":{"line":124,"column":44}}},"8":{"name":"(anonymous_17)","decl":{"start":{"line":144,"column":19},"end":{"line":144,"column":22}},"loc":{"start":{"line":144,"column":25},"end":{"line":144,"column":45}}},"9":{"name":"(anonymous_18)","decl":{"start":{"line":266,"column":19},"end":{"line":266,"column":22}},"loc":{"start":{"line":266,"column":25},"end":{"line":266,"column":61}}},"10":{"name":"(anonymous_19)","decl":{"start":{"line":272,"column":19},"end":{"line":272,"column":22}},"loc":{"start":{"line":272,"column":25},"end":{"line":272,"column":55}}},"11":{"name":"(anonymous_20)","decl":{"start":{"line":278,"column":19},"end":{"line":278,"column":22}},"loc":{"start":{"line":278,"column":25},"end":{"line":278,"column":55}}}},"branchMap":{"0":{"loc":{"start":{"line":64,"column":6},"end":{"line":67,"column":7}},"type":"if","locations":[{"start":{"line":64,"column":6},"end":{"line":67,"column":7}}]},"1":{"loc":{"start":{"line":71,"column":6},"end":{"line":74,"column":7}},"type":"if","locations":[{"start":{"line":71,"column":6},"end":{"line":74,"column":7}}]},"2":{"loc":{"start":{"line":78,"column":6},"end":{"line":81,"column":7}},"type":"if","locations":[{"start":{"line":78,"column":6},"end":{"line":81,"column":7}}]},"3":{"loc":{"start":{"line":89,"column":4},"end":{"line":101,"column":5}},"type":"switch","locations":[{"start":{"line":90,"column":6},"end":{"line":90,"column":21}},{"start":{"line":91,"column":6},"end":{"line":92,"column":25}},{"start":{"line":93,"column":6},"end":{"line":93,"column":22}},{"start":{"line":94,"column":6},"end":{"line":95,"column":25}},{"start":{"line":96,"column":6},"end":{"line":96,"column":18}},{"start":{"line":97,"column":6},"end":{"line":98,"column":25}},{"start":{"line":99,"column":6},"end":{"line":100,"column":25}}]},"4":{"loc":{"start":{"line":105,"column":4},"end":{"line":117,"column":5}},"type":"switch","locations":[{"start":{"line":106,"column":6},"end":{"line":106,"column":21}},{"start":{"line":107,"column":6},"end":{"line":108,"column":19}},{"start":{"line":109,"column":6},"end":{"line":109,"column":22}},{"start":{"line":110,"column":6},"end":{"line":111,"column":20}},{"start":{"line":112,"column":6},"end":{"line":112,"column":18}},{"start":{"line":113,"column":6},"end":{"line":114,"column":19}},{"start":{"line":115,"column":6},"end":{"line":116,"column":19}}]},"5":{"loc":{"start":{"line":120,"column":2},"end":{"line":137,"column":3}},"type":"if","locations":[{"start":{"line":120,"column":2},"end":{"line":137,"column":3}}]},"6":{"loc":{"start":{"line":257,"column":13},"end":{"line":257,"column":65}},"type":"binary-expr","locations":[{"start":{"line":257,"column":13},"end":{"line":257,"column":48}},{"start":{"line":257,"column":52},"end":{"line":257,"column":65}}]}},"s":{"0":0,"1":0,"2":0,"3":0,"4":0,"5":0,"6":0,"7":0,"8":0,"9":0,"10":0,"11":0,"12":0,"13":0,"14":0,"15":0,"16":0,"17":0,"18":0,"19":0,"20":0,"21":0,"22":0,"23":0,"24":0,"25":0,"26":0,"27":0,"28":0,"29":0,"30":0,"31":0,"32":0,"33":0,"34":0,"35":0,"36":0,"37":0,"38":0,"39":0,"40":0,"41":0,"42":0,"43":0,"44":0,"45":0,"46":0,"47":0,"48":0,"49":0,"50":0},"f":{"0":0,"1":0,"2":0,"3":0,"4":0,"5":0,"6":0,"7":0,"8":0,"9":0,"10":0,"11":0},"b":{"0":[0],"1":[0],"2":[0],"3":[0,0,0,0,0,0,0],"4":[0,0,0,0,0,0,0],"5":[0],"6":[0,0]}}
,"/mnt/c/Users/m_oli/Projets/SYMBIONT/src/core/NavigationCortex.ts": {"path":"/mnt/c/Users/m_oli/Projets/SYMBIONT/src/core/NavigationCortex.ts","statementMap":{"0":{"start":{"line":23,"column":10},"end":{"line":23,"column":41}},"1":{"start":{"line":24,"column":10},"end":{"line":24,"column":44}},"2":{"start":{"line":25,"column":10},"end":{"line":25,"column":39}},"3":{"start":{"line":31,"column":4},"end":{"line":31,"column":28}},"4":{"start":{"line":38,"column":4},"end":{"line":38,"column":34}},"5":{"start":{"line":45,"column":30},"end":{"line":45,"column":32}},"6":{"start":{"line":46,"column":4},"end":{"line":48,"column":5}},"7":{"start":{"line":47,"column":6},"end":{"line":47,"column":56}},"8":{"start":{"line":49,"column":4},"end":{"line":49,"column":33}},"9":{"start":{"line":50,"column":4},"end":{"line":50,"column":20}},"10":{"start":{"line":57,"column":4},"end":{"line":57,"column":21}},"11":{"start":{"line":58,"column":4},"end":{"line":58,"column":27}},"12":{"start":{"line":65,"column":4},"end":{"line":69,"column":6}},"13":{"start":{"line":22,"column":0},"end":{"line":22,"column":13}}},"fnMap":{"0":{"name":"(anonymous_0)","decl":{"start":{"line":22,"column":0},"end":{"line":22,"column":13}},"loc":{"start":{"line":22,"column":0},"end":{"line":71,"column":1}}},"1":{"name":"(anonymous_1)","decl":{"start":{"line":30,"column":9},"end":{"line":30,"column":20}},"loc":{"start":{"line":30,"column":43},"end":{"line":32,"column":3}}},"2":{"name":"(anonymous_2)","decl":{"start":{"line":37,"column":9},"end":{"line":37,"column":20}},"loc":{"start":{"line":37,"column":46},"end":{"line":39,"column":3}}},"3":{"name":"(anonymous_3)","decl":{"start":{"line":44,"column":9},"end":{"line":44,"column":20}},"loc":{"start":{"line":44,"column":20},"end":{"line":51,"column":3}}},"4":{"name":"(anonymous_4)","decl":{"start":{"line":56,"column":9},"end":{"line":56,"column":14}},"loc":{"start":{"line":56,"column":14},"end":{"line":59,"column":3}}},"5":{"name":"(anonymous_5)","decl":{"start":{"line":64,"column":9},"end":{"line":64,"column":15}},"loc":{"start":{"line":64,"column":15},"end":{"line":70,"column":3}}}},"branchMap":{},"s":{"0":0,"1":0,"2":0,"3":0,"4":0,"5":0,"6":0,"7":0,"8":0,"9":0,"10":0,"11":0,"12":0,"13":0},"f":{"0":0,"1":0,"2":0,"3":0,"4":0,"5":0},"b":{}}
,"/mnt/c/Users/m_oli/Projets/SYMBIONT/src/core/NeuralMesh.ts": {"path":"/mnt/c/Users/m_oli/Projets/SYMBIONT/src/core/NeuralMesh.ts","statementMap":{"0":{"start":{"line":2,"column":0},"end":{"line":2,"column":60}},"1":{"start":{"line":3,"column":0},"end":{"line":3,"column":52}},"2":{"start":{"line":6,"column":10},"end":{"line":6,"column":93}},"3":{"start":{"line":7,"column":10},"end":{"line":7,"column":68}},"4":{"start":{"line":8,"column":10},"end":{"line":8,"column":55}},"5":{"start":{"line":10,"column":10},"end":{"line":10,"column":38}},"6":{"start":{"line":20,"column":69},"end":{"line":24,"column":6}},"7":{"start":{"line":26,"column":4},"end":{"line":26,"column":29}},"8":{"start":{"line":27,"column":4},"end":{"line":27,"column":32}},"9":{"start":{"line":34,"column":4},"end":{"line":36,"column":5}},"10":{"start":{"line":35,"column":6},"end":{"line":35,"column":81}},"11":{"start":{"line":38,"column":4},"end":{"line":40,"column":5}},"12":{"start":{"line":39,"column":6},"end":{"line":39,"column":46}},"13":{"start":{"line":41,"column":4},"end":{"line":41,"column":52}},"14":{"start":{"line":48,"column":17},"end":{"line":48,"column":39}},"15":{"start":{"line":49,"column":4},"end":{"line":52,"column":5}},"16":{"start":{"line":50,"column":6},"end":{"line":50,"column":64}},"17":{"start":{"line":51,"column":6},"end":{"line":51,"column":13}},"18":{"start":{"line":53,"column":4},"end":{"line":53,"column":40}},"19":{"start":{"line":61,"column":4},"end":{"line":65,"column":5}},"20":{"start":{"line":62,"column":6},"end":{"line":64,"column":7}},"21":{"start":{"line":63,"column":8},"end":{"line":63,"column":48}},"22":{"start":{"line":68,"column":4},"end":{"line":76,"column":5}},"23":{"start":{"line":69,"column":29},"end":{"line":69,"column":62}},"24":{"start":{"line":71,"column":6},"end":{"line":75,"column":7}},"25":{"start":{"line":72,"column":34},"end":{"line":72,"column":65}},"26":{"start":{"line":73,"column":30},"end":{"line":73,"column":75}},"27":{"start":{"line":74,"column":8},"end":{"line":74,"column":64}},"28":{"start":{"line":83,"column":4},"end":{"line":83,"column":34}},"29":{"start":{"line":90,"column":4},"end":{"line":90,"column":45}},"30":{"start":{"line":98,"column":4},"end":{"line":105,"column":5}},"31":{"start":{"line":99,"column":6},"end":{"line":104,"column":7}},"32":{"start":{"line":100,"column":8},"end":{"line":103,"column":9}},"33":{"start":{"line":101,"column":10},"end":{"line":101,"column":78}},"34":{"start":{"line":102,"column":10},"end":{"line":102,"column":87}},"35":{"start":{"line":108,"column":4},"end":{"line":113,"column":5}},"36":{"start":{"line":109,"column":6},"end":{"line":112,"column":7}},"37":{"start":{"line":110,"column":8},"end":{"line":110,"column":57}},"38":{"start":{"line":111,"column":8},"end":{"line":111,"column":57}},"39":{"start":{"line":120,"column":24},"end":{"line":120,"column":25}},"40":{"start":{"line":121,"column":20},"end":{"line":121,"column":21}},"41":{"start":{"line":123,"column":4},"end":{"line":126,"column":5}},"42":{"start":{"line":124,"column":6},"end":{"line":124,"column":44}},"43":{"start":{"line":125,"column":6},"end":{"line":125,"column":18}},"44":{"start":{"line":128,"column":4},"end":{"line":128,"column":57}},"45":{"start":{"line":135,"column":22},"end":{"line":135,"column":23}},"46":{"start":{"line":136,"column":26},"end":{"line":136,"column":27}},"47":{"start":{"line":138,"column":4},"end":{"line":143,"column":5}},"48":{"start":{"line":139,"column":6},"end":{"line":142,"column":7}},"49":{"start":{"line":140,"column":8},"end":{"line":140,"column":40}},"50":{"start":{"line":141,"column":8},"end":{"line":141,"column":26}},"51":{"start":{"line":145,"column":4},"end":{"line":145,"column":67}},"52":{"start":{"line":152,"column":4},"end":{"line":156,"column":6}},"53":{"start":{"line":154,"column":76},"end":{"line":154,"column":109}},"54":{"start":{"line":164,"column":4},"end":{"line":166,"column":5}},"55":{"start":{"line":165,"column":6},"end":{"line":165,"column":33}},"56":{"start":{"line":169,"column":4},"end":{"line":169,"column":21}},"57":{"start":{"line":177,"column":4},"end":{"line":177,"column":43}},"58":{"start":{"line":178,"column":4},"end":{"line":178,"column":42}},"59":{"start":{"line":181,"column":4},"end":{"line":181,"column":48}},"60":{"start":{"line":182,"column":4},"end":{"line":182,"column":49}},"61":{"start":{"line":185,"column":4},"end":{"line":185,"column":43}},"62":{"start":{"line":186,"column":4},"end":{"line":186,"column":45}},"63":{"start":{"line":189,"column":4},"end":{"line":189,"column":61}},"64":{"start":{"line":190,"column":4},"end":{"line":190,"column":60}},"65":{"start":{"line":191,"column":4},"end":{"line":191,"column":60}},"66":{"start":{"line":192,"column":4},"end":{"line":192,"column":62}},"67":{"start":{"line":193,"column":4},"end":{"line":193,"column":60}},"68":{"start":{"line":201,"column":4},"end":{"line":201,"column":29}},"69":{"start":{"line":202,"column":4},"end":{"line":202,"column":41}},"70":{"start":{"line":210,"column":23},"end":{"line":210,"column":62}},"71":{"start":{"line":211,"column":4},"end":{"line":211,"column":42}},"72":{"start":{"line":219,"column":23},"end":{"line":219,"column":69}},"73":{"start":{"line":220,"column":4},"end":{"line":220,"column":51}},"74":{"start":{"line":227,"column":4},"end":{"line":236,"column":6}},"75":{"start":{"line":230,"column":67},"end":{"line":233,"column":10}},"76":{"start":{"line":243,"column":4},"end":{"line":248,"column":5}},"77":{"start":{"line":244,"column":6},"end":{"line":244,"column":25}},"78":{"start":{"line":245,"column":6},"end":{"line":247,"column":7}},"79":{"start":{"line":246,"column":8},"end":{"line":246,"column":40}},"80":{"start":{"line":250,"column":4},"end":{"line":255,"column":5}},"81":{"start":{"line":251,"column":6},"end":{"line":251,"column":31}},"82":{"start":{"line":252,"column":6},"end":{"line":254,"column":7}},"83":{"start":{"line":253,"column":8},"end":{"line":253,"column":82}},"84":{"start":{"line":257,"column":4},"end":{"line":262,"column":5}},"85":{"start":{"line":258,"column":6},"end":{"line":258,"column":31}},"86":{"start":{"line":259,"column":6},"end":{"line":261,"column":7}},"87":{"start":{"line":260,"column":8},"end":{"line":260,"column":55}},"88":{"start":{"line":269,"column":4},"end":{"line":269,"column":23}},"89":{"start":{"line":270,"column":4},"end":{"line":270,"column":29}},"90":{"start":{"line":271,"column":4},"end":{"line":271,"column":29}},"91":{"start":{"line":272,"column":4},"end":{"line":272,"column":31}},"92":{"start":{"line":279,"column":29},"end":{"line":279,"column":31}},"93":{"start":{"line":281,"column":4},"end":{"line":283,"column":5}},"94":{"start":{"line":282,"column":6},"end":{"line":282,"column":45}},"95":{"start":{"line":285,"column":4},"end":{"line":287,"column":5}},"96":{"start":{"line":286,"column":6},"end":{"line":286,"column":51}},"97":{"start":{"line":290,"column":27},"end":{"line":290,"column":44}},"98":{"start":{"line":291,"column":4},"end":{"line":296,"column":5}},"99":{"start":{"line":292,"column":6},"end":{"line":292,"column":33}},"100":{"start":{"line":293,"column":6},"end":{"line":295,"column":7}},"101":{"start":{"line":294,"column":8},"end":{"line":294,"column":33}},"102":{"start":{"line":298,"column":26},"end":{"line":299,"column":null}},"103":{"start":{"line":299,"column":16},"end":{"line":299,"column":43}},"104":{"start":{"line":302,"column":4},"end":{"line":304,"column":5}},"105":{"start":{"line":303,"column":6},"end":{"line":303,"column":65}},"106":{"start":{"line":306,"column":4},"end":{"line":309,"column":6}},"107":{"start":{"line":316,"column":4},"end":{"line":316,"column":23}},"108":{"start":{"line":317,"column":4},"end":{"line":317,"column":29}},"109":{"start":{"line":318,"column":4},"end":{"line":318,"column":29}},"110":{"start":{"line":326,"column":4},"end":{"line":347,"column":5}},"111":{"start":{"line":327,"column":25},"end":{"line":329,"column":26}},"112":{"start":{"line":328,"column":30},"end":{"line":328,"column":51}},"113":{"start":{"line":329,"column":23},"end":{"line":329,"column":25}},"114":{"start":{"line":332,"column":6},"end":{"line":336,"column":9}},"115":{"start":{"line":333,"column":8},"end":{"line":335,"column":9}},"116":{"start":{"line":334,"column":10},"end":{"line":334,"column":51}},"117":{"start":{"line":339,"column":6},"end":{"line":339,"column":23}},"118":{"start":{"line":341,"column":26},"end":{"line":342,"column":53}},"119":{"start":{"line":342,"column":30},"end":{"line":342,"column":52}},"120":{"start":{"line":344,"column":6},"end":{"line":346,"column":8}},"121":{"start":{"line":345,"column":34},"end":{"line":345,"column":62}},"122":{"start":{"line":349,"column":4},"end":{"line":349,"column":14}},"123":{"start":{"line":357,"column":4},"end":{"line":361,"column":5}},"124":{"start":{"line":359,"column":27},"end":{"line":359,"column":57}},"125":{"start":{"line":360,"column":6},"end":{"line":360,"column":32}},"126":{"start":{"line":368,"column":4},"end":{"line":375,"column":6}},"127":{"start":{"line":371,"column":30},"end":{"line":371,"column":52}},"128":{"start":{"line":5,"column":0},"end":{"line":5,"column":13}}},"fnMap":{"0":{"name":"(anonymous_0)","decl":{"start":{"line":12,"column":2},"end":{"line":12,"column":null}},"loc":{"start":{"line":12,"column":2},"end":{"line":14,"column":3}}},"1":{"name":"(anonymous_1)","decl":{"start":{"line":19,"column":2},"end":{"line":19,"column":9}},"loc":{"start":{"line":19,"column":75},"end":{"line":28,"column":3}}},"2":{"name":"(anonymous_2)","decl":{"start":{"line":33,"column":2},"end":{"line":33,"column":15}},"loc":{"start":{"line":33,"column":60},"end":{"line":42,"column":3}}},"3":{"name":"(anonymous_3)","decl":{"start":{"line":47,"column":2},"end":{"line":47,"column":11}},"loc":{"start":{"line":47,"column":41},"end":{"line":54,"column":3}}},"4":{"name":"(anonymous_4)","decl":{"start":{"line":59,"column":2},"end":{"line":59,"column":11}},"loc":{"start":{"line":59,"column":11},"end":{"line":77,"column":3}}},"5":{"name":"(anonymous_5)","decl":{"start":{"line":82,"column":10},"end":{"line":82,"column":17}},"loc":{"start":{"line":82,"column":27},"end":{"line":84,"column":3}}},"6":{"name":"(anonymous_6)","decl":{"start":{"line":89,"column":2},"end":{"line":89,"column":15}},"loc":{"start":{"line":89,"column":30},"end":{"line":91,"column":3}}},"7":{"name":"(anonymous_7)","decl":{"start":{"line":96,"column":2},"end":{"line":96,"column":8}},"loc":{"start":{"line":96,"column":28},"end":{"line":114,"column":3}}},"8":{"name":"(anonymous_8)","decl":{"start":{"line":119,"column":2},"end":{"line":119,"column":19}},"loc":{"start":{"line":119,"column":19},"end":{"line":129,"column":3}}},"9":{"name":"(anonymous_9)","decl":{"start":{"line":134,"column":2},"end":{"line":134,"column":23}},"loc":{"start":{"line":134,"column":23},"end":{"line":146,"column":3}}},"10":{"name":"(anonymous_10)","decl":{"start":{"line":151,"column":2},"end":{"line":151,"column":8}},"loc":{"start":{"line":151,"column":8},"end":{"line":157,"column":3}}},"11":{"name":"(anonymous_11)","decl":{"start":{"line":154,"column":61},"end":{"line":154,"column":72}},"loc":{"start":{"line":154,"column":76},"end":{"line":154,"column":109}}},"12":{"name":"(anonymous_12)","decl":{"start":{"line":162,"column":2},"end":{"line":162,"column":7}},"loc":{"start":{"line":162,"column":18},"end":{"line":170,"column":3}}},"13":{"name":"(anonymous_13)","decl":{"start":{"line":175,"column":10},"end":{"line":175,"column":29}},"loc":{"start":{"line":175,"column":29},"end":{"line":194,"column":3}}},"14":{"name":"(anonymous_14)","decl":{"start":{"line":199,"column":2},"end":{"line":199,"column":7}},"loc":{"start":{"line":199,"column":15},"end":{"line":203,"column":3}}},"15":{"name":"(anonymous_15)","decl":{"start":{"line":208,"column":2},"end":{"line":208,"column":7}},"loc":{"start":{"line":208,"column":19},"end":{"line":212,"column":3}}},"16":{"name":"(anonymous_16)","decl":{"start":{"line":217,"column":2},"end":{"line":217,"column":7}},"loc":{"start":{"line":217,"column":22},"end":{"line":221,"column":3}}},"17":{"name":"(anonymous_17)","decl":{"start":{"line":226,"column":2},"end":{"line":226,"column":11}},"loc":{"start":{"line":226,"column":11},"end":{"line":237,"column":3}}},"18":{"name":"(anonymous_18)","decl":{"start":{"line":230,"column":51},"end":{"line":230,"column":52}},"loc":{"start":{"line":230,"column":67},"end":{"line":233,"column":10}}},"19":{"name":"(anonymous_19)","decl":{"start":{"line":242,"column":2},"end":{"line":242,"column":11}},"loc":{"start":{"line":242,"column":22},"end":{"line":263,"column":3}}},"20":{"name":"(anonymous_20)","decl":{"start":{"line":268,"column":2},"end":{"line":268,"column":7}},"loc":{"start":{"line":268,"column":7},"end":{"line":273,"column":3}}},"21":{"name":"(anonymous_21)","decl":{"start":{"line":278,"column":2},"end":{"line":278,"column":13}},"loc":{"start":{"line":278,"column":13},"end":{"line":310,"column":3}}},"22":{"name":"(anonymous_22)","decl":{"start":{"line":299,"column":6},"end":{"line":299,"column":12}},"loc":{"start":{"line":299,"column":16},"end":{"line":299,"column":43}}},"23":{"name":"(anonymous_23)","decl":{"start":{"line":315,"column":2},"end":{"line":315,"column":9}},"loc":{"start":{"line":315,"column":9},"end":{"line":319,"column":3}}},"24":{"name":"(anonymous_24)","decl":{"start":{"line":324,"column":2},"end":{"line":324,"column":7}},"loc":{"start":{"line":324,"column":35},"end":{"line":350,"column":3}}},"25":{"name":"(anonymous_25)","decl":{"start":{"line":328,"column":16},"end":{"line":328,"column":17}},"loc":{"start":{"line":328,"column":30},"end":{"line":328,"column":51}}},"26":{"name":"(anonymous_26)","decl":{"start":{"line":329,"column":13},"end":{"line":329,"column":14}},"loc":{"start":{"line":329,"column":23},"end":{"line":329,"column":25}}},"27":{"name":"(anonymous_27)","decl":{"start":{"line":332,"column":38},"end":{"line":332,"column":39}},"loc":{"start":{"line":332,"column":59},"end":{"line":336,"column":7}}},"28":{"name":"(anonymous_28)","decl":{"start":{"line":342,"column":16},"end":{"line":342,"column":17}},"loc":{"start":{"line":342,"column":30},"end":{"line":342,"column":52}}},"29":{"name":"(anonymous_29)","decl":{"start":{"line":345,"column":24},"end":{"line":345,"column":25}},"loc":{"start":{"line":345,"column":34},"end":{"line":345,"column":62}}},"30":{"name":"(anonymous_30)","decl":{"start":{"line":355,"column":2},"end":{"line":355,"column":7}},"loc":{"start":{"line":355,"column":23},"end":{"line":362,"column":3}}},"31":{"name":"(anonymous_31)","decl":{"start":{"line":367,"column":2},"end":{"line":367,"column":23}},"loc":{"start":{"line":367,"column":23},"end":{"line":376,"column":3}}},"32":{"name":"(anonymous_32)","decl":{"start":{"line":371,"column":8},"end":{"line":371,"column":9}},"loc":{"start":{"line":371,"column":30},"end":{"line":371,"column":52}}}},"branchMap":{"0":{"loc":{"start":{"line":19,"column":59},"end":{"line":19,"column":75}},"type":"default-arg","locations":[{"start":{"line":19,"column":74},"end":{"line":19,"column":75}}]},"1":{"loc":{"start":{"line":34,"column":4},"end":{"line":36,"column":5}},"type":"if","locations":[{"start":{"line":34,"column":4},"end":{"line":36,"column":5}}]},"2":{"loc":{"start":{"line":34,"column":8},"end":{"line":34,"column":56}},"type":"binary-expr","locations":[{"start":{"line":34,"column":8},"end":{"line":34,"column":31}},{"start":{"line":34,"column":35},"end":{"line":34,"column":56}}]},"3":{"loc":{"start":{"line":38,"column":4},"end":{"line":40,"column":5}},"type":"if","locations":[{"start":{"line":38,"column":4},"end":{"line":40,"column":5}}]},"4":{"loc":{"start":{"line":49,"column":4},"end":{"line":52,"column":5}},"type":"if","locations":[{"start":{"line":49,"column":4},"end":{"line":52,"column":5}}]},"5":{"loc":{"start":{"line":49,"column":8},"end":{"line":49,"column":38}},"type":"binary-expr","locations":[{"start":{"line":49,"column":8},"end":{"line":49,"column":13}},{"start":{"line":49,"column":17},"end":{"line":49,"column":38}}]},"6":{"loc":{"start":{"line":62,"column":6},"end":{"line":64,"column":7}},"type":"if","locations":[{"start":{"line":62,"column":6},"end":{"line":64,"column":7}}]},"7":{"loc":{"start":{"line":69,"column":29},"end":{"line":69,"column":62}},"type":"binary-expr","locations":[{"start":{"line":69,"column":29},"end":{"line":69,"column":57}},{"start":{"line":69,"column":61},"end":{"line":69,"column":62}}]},"8":{"loc":{"start":{"line":72,"column":34},"end":{"line":72,"column":65}},"type":"binary-expr","locations":[{"start":{"line":72,"column":34},"end":{"line":72,"column":60}},{"start":{"line":72,"column":64},"end":{"line":72,"column":65}}]},"9":{"loc":{"start":{"line":90,"column":11},"end":{"line":90,"column":44}},"type":"binary-expr","locations":[{"start":{"line":90,"column":11},"end":{"line":90,"column":39}},{"start":{"line":90,"column":43},"end":{"line":90,"column":44}}]},"10":{"loc":{"start":{"line":96,"column":9},"end":{"line":96,"column":28}},"type":"default-arg","locations":[{"start":{"line":96,"column":24},"end":{"line":96,"column":28}}]},"11":{"loc":{"start":{"line":100,"column":8},"end":{"line":103,"column":9}},"type":"if","locations":[{"start":{"line":100,"column":8},"end":{"line":103,"column":9}}]},"12":{"loc":{"start":{"line":102,"column":57},"end":{"line":102,"column":83}},"type":"binary-expr","locations":[{"start":{"line":102,"column":57},"end":{"line":102,"column":78}},{"start":{"line":102,"column":82},"end":{"line":102,"column":83}}]},"13":{"loc":{"start":{"line":109,"column":6},"end":{"line":112,"column":7}},"type":"if","locations":[{"start":{"line":109,"column":6},"end":{"line":112,"column":7}}]},"14":{"loc":{"start":{"line":128,"column":11},"end":{"line":128,"column":56}},"type":"cond-expr","locations":[{"start":{"line":128,"column":27},"end":{"line":128,"column":52}},{"start":{"line":128,"column":55},"end":{"line":128,"column":56}}]},"15":{"loc":{"start":{"line":145,"column":11},"end":{"line":145,"column":66}},"type":"cond-expr","locations":[{"start":{"line":145,"column":33},"end":{"line":145,"column":62}},{"start":{"line":145,"column":65},"end":{"line":145,"column":66}}]},"16":{"loc":{"start":{"line":164,"column":4},"end":{"line":166,"column":5}},"type":"if","locations":[{"start":{"line":164,"column":4},"end":{"line":166,"column":5}}]},"17":{"loc":{"start":{"line":243,"column":4},"end":{"line":248,"column":5}},"type":"if","locations":[{"start":{"line":243,"column":4},"end":{"line":248,"column":5}}]},"18":{"loc":{"start":{"line":250,"column":4},"end":{"line":255,"column":5}},"type":"if","locations":[{"start":{"line":250,"column":4},"end":{"line":255,"column":5}}]},"19":{"loc":{"start":{"line":257,"column":4},"end":{"line":262,"column":5}},"type":"if","locations":[{"start":{"line":257,"column":4},"end":{"line":262,"column":5}}]},"20":{"loc":{"start":{"line":281,"column":4},"end":{"line":283,"column":5}},"type":"if","locations":[{"start":{"line":281,"column":4},"end":{"line":283,"column":5}}]},"21":{"loc":{"start":{"line":285,"column":4},"end":{"line":287,"column":5}},"type":"if","locations":[{"start":{"line":285,"column":4},"end":{"line":287,"column":5}}]},"22":{"loc":{"start":{"line":302,"column":4},"end":{"line":304,"column":5}},"type":"if","locations":[{"start":{"line":302,"column":4},"end":{"line":304,"column":5}}]},"23":{"loc":{"start":{"line":326,"column":4},"end":{"line":347,"column":5}},"type":"if","locations":[{"start":{"line":326,"column":4},"end":{"line":347,"column":5}}]},"24":{"loc":{"start":{"line":326,"column":8},"end":{"line":326,"column":46}},"type":"binary-expr","locations":[{"start":{"line":326,"column":8},"end":{"line":326,"column":15}},{"start":{"line":326,"column":19},"end":{"line":326,"column":46}}]},"25":{"loc":{"start":{"line":333,"column":8},"end":{"line":335,"column":9}},"type":"if","locations":[{"start":{"line":333,"column":8},"end":{"line":335,"column":9}}]},"26":{"loc":{"start":{"line":333,"column":12},"end":{"line":333,"column":66}},"type":"binary-expr","locations":[{"start":{"line":333,"column":12},"end":{"line":333,"column":37}},{"start":{"line":333,"column":41},"end":{"line":333,"column":66}}]},"27":{"loc":{"start":{"line":357,"column":4},"end":{"line":361,"column":5}},"type":"if","locations":[{"start":{"line":357,"column":4},"end":{"line":361,"column":5}}]},"28":{"loc":{"start":{"line":357,"column":8},"end":{"line":357,"column":57}},"type":"binary-expr","locations":[{"start":{"line":357,"column":8},"end":{"line":357,"column":12}},{"start":{"line":357,"column":16},"end":{"line":357,"column":40}},{"start":{"line":357,"column":44},"end":{"line":357,"column":57}}]}},"s":{"0":0,"1":0,"2":0,"3":0,"4":0,"5":0,"6":0,"7":0,"8":0,"9":0,"10":0,"11":0,"12":0,"13":0,"14":0,"15":0,"16":0,"17":0,"18":0,"19":0,"20":0,"21":0,"22":0,"23":0,"24":0,"25":0,"26":0,"27":0,"28":0,"29":0,"30":0,"31":0,"32":0,"33":0,"34":0,"35":0,"36":0,"37":0,"38":0,"39":0,"40":0,"41":0,"42":0,"43":0,"44":0,"45":0,"46":0,"47":0,"48":0,"49":0,"50":0,"51":0,"52":0,"53":0,"54":0,"55":0,"56":0,"57":0,"58":0,"59":0,"60":0,"61":0,"62":0,"63":0,"64":0,"65":0,"66":0,"67":0,"68":0,"69":0,"70":0,"71":0,"72":0,"73":0,"74":0,"75":0,"76":0,"77":0,"78":0,"79":0,"80":0,"81":0,"82":0,"83":0,"84":0,"85":0,"86":0,"87":0,"88":0,"89":0,"90":0,"91":0,"92":0,"93":0,"94":0,"95":0,"96":0,"97":0,"98":0,"99":0,"100":0,"101":0,"102":0,"103":0,"104":0,"105":0,"106":0,"107":0,"108":0,"109":0,"110":0,"111":0,"112":0,"113":0,"114":0,"115":0,"116":0,"117":0,"118":0,"119":0,"120":0,"121":0,"122":0,"123":0,"124":0,"125":0,"126":0,"127":0,"128":0},"f":{"0":0,"1":0,"2":0,"3":0,"4":0,"5":0,"6":0,"7":0,"8":0,"9":0,"10":0,"11":0,"12":0,"13":0,"14":0,"15":0,"16":0,"17":0,"18":0,"19":0,"20":0,"21":0,"22":0,"23":0,"24":0,"25":0,"26":0,"27":0,"28":0,"29":0,"30":0,"31":0,"32":0},"b":{"0":[0],"1":[0],"2":[0,0],"3":[0],"4":[0],"5":[0,0],"6":[0],"7":[0,0],"8":[0,0],"9":[0,0],"10":[0],"11":[0],"12":[0,0],"13":[0],"14":[0,0],"15":[0,0],"16":[0],"17":[0],"18":[0],"19":[0],"20":[0],"21":[0],"22":[0],"23":[0],"24":[0,0],"25":[0],"26":[0,0],"27":[0],"28":[0,0,0]}}
,"/mnt/c/Users/m_oli/Projets/SYMBIONT/src/core/NeuralMeshAsync.ts": {"path":"/mnt/c/Users/m_oli/Projets/SYMBIONT/src/core/NeuralMeshAsync.ts","statementMap":{"0":{"start":{"line":6,"column":0},"end":{"line":6,"column":52}},"1":{"start":{"line":7,"column":0},"end":{"line":7,"column":60}},"2":{"start":{"line":8,"column":0},"end":{"line":8,"column":52}},"3":{"start":{"line":32,"column":10},"end":{"line":32,"column":53}},"4":{"start":{"line":33,"column":10},"end":{"line":33,"column":67}},"5":{"start":{"line":34,"column":10},"end":{"line":34,"column":55}},"6":{"start":{"line":36,"column":10},"end":{"line":36,"column":38}},"7":{"start":{"line":39,"column":10},"end":{"line":39,"column":39}},"8":{"start":{"line":41,"column":10},"end":{"line":41,"column":30}},"9":{"start":{"line":42,"column":10},"end":{"line":46,"column":7}},"10":{"start":{"line":49,"column":10},"end":{"line":49,"column":34}},"11":{"start":{"line":50,"column":10},"end":{"line":50,"column":36}},"12":{"start":{"line":51,"column":10},"end":{"line":51,"column":29}},"13":{"start":{"line":57,"column":4},"end":{"line":63,"column":6}},"14":{"start":{"line":64,"column":4},"end":{"line":64,"column":96}},"15":{"start":{"line":65,"column":4},"end":{"line":65,"column":28}},"16":{"start":{"line":72,"column":4},"end":{"line":90,"column":5}},"17":{"start":{"line":74,"column":25},"end":{"line":80,"column":44}},"18":{"start":{"line":82,"column":6},"end":{"line":82,"column":64}},"19":{"start":{"line":83,"column":6},"end":{"line":83,"column":66}},"20":{"start":{"line":84,"column":6},"end":{"line":84,"column":62}},"21":{"start":{"line":87,"column":6},"end":{"line":87,"column":91}},"22":{"start":{"line":89,"column":6},"end":{"line":89,"column":25}},"23":{"start":{"line":97,"column":50},"end":{"line":97,"column":60}},"24":{"start":{"line":99,"column":22},"end":{"line":99,"column":52}},"25":{"start":{"line":100,"column":4},"end":{"line":104,"column":5}},"26":{"start":{"line":101,"column":6},"end":{"line":102,"column":50}},"27":{"start":{"line":103,"column":6},"end":{"line":103,"column":13}},"28":{"start":{"line":107,"column":4},"end":{"line":107,"column":36}},"29":{"start":{"line":108,"column":4},"end":{"line":108,"column":38}},"30":{"start":{"line":111,"column":4},"end":{"line":111,"column":50}},"31":{"start":{"line":113,"column":4},"end":{"line":117,"column":5}},"32":{"start":{"line":114,"column":6},"end":{"line":114,"column":33}},"33":{"start":{"line":115,"column":11},"end":{"line":117,"column":5}},"34":{"start":{"line":116,"column":6},"end":{"line":116,"column":51}},"35":{"start":{"line":124,"column":4},"end":{"line":125,"column":49}},"36":{"start":{"line":128,"column":4},"end":{"line":131,"column":7}},"37":{"start":{"line":129,"column":6},"end":{"line":129,"column":28}},"38":{"start":{"line":130,"column":6},"end":{"line":130,"column":49}},"39":{"start":{"line":132,"column":4},"end":{"line":132,"column":35}},"40":{"start":{"line":143,"column":4},"end":{"line":160,"column":7}},"41":{"start":{"line":144,"column":6},"end":{"line":147,"column":7}},"42":{"start":{"line":145,"column":8},"end":{"line":145,"column":66}},"43":{"start":{"line":146,"column":8},"end":{"line":146,"column":15}},"44":{"start":{"line":149,"column":17},"end":{"line":149,"column":91}},"45":{"start":{"line":151,"column":22},"end":{"line":154,"column":19}},"46":{"start":{"line":152,"column":8},"end":{"line":152,"column":42}},"47":{"start":{"line":153,"column":8},"end":{"line":153,"column":63}},"48":{"start":{"line":156,"column":6},"end":{"line":156,"column":67}},"49":{"start":{"line":158,"column":37},"end":{"line":158,"column":58}},"50":{"start":{"line":159,"column":6},"end":{"line":159,"column":39}},"51":{"start":{"line":167,"column":4},"end":{"line":167,"column":26}},"52":{"start":{"line":168,"column":4},"end":{"line":168,"column":46}},"53":{"start":{"line":171,"column":19},"end":{"line":171,"column":22}},"54":{"start":{"line":172,"column":4},"end":{"line":172,"column":101}},"55":{"start":{"line":179,"column":29},"end":{"line":179,"column":62}},"56":{"start":{"line":180,"column":4},"end":{"line":180,"column":29}},"57":{"start":{"line":181,"column":4},"end":{"line":181,"column":32}},"58":{"start":{"line":188,"column":4},"end":{"line":190,"column":5}},"59":{"start":{"line":189,"column":6},"end":{"line":189,"column":81}},"60":{"start":{"line":192,"column":41},"end":{"line":192,"column":89}},"61":{"start":{"line":194,"column":4},"end":{"line":196,"column":5}},"62":{"start":{"line":195,"column":6},"end":{"line":195,"column":39}},"63":{"start":{"line":197,"column":4},"end":{"line":197,"column":51}},"64":{"start":{"line":204,"column":17},"end":{"line":204,"column":39}},"65":{"start":{"line":205,"column":4},"end":{"line":209,"column":5}},"66":{"start":{"line":206,"column":6},"end":{"line":207,"column":65}},"67":{"start":{"line":208,"column":6},"end":{"line":208,"column":13}},"68":{"start":{"line":210,"column":4},"end":{"line":210,"column":40}},"69":{"start":{"line":217,"column":22},"end":{"line":217,"column":39}},"70":{"start":{"line":219,"column":4},"end":{"line":245,"column":6}},"71":{"start":{"line":222,"column":8},"end":{"line":222,"column":30}},"72":{"start":{"line":225,"column":8},"end":{"line":237,"column":9}},"73":{"start":{"line":226,"column":10},"end":{"line":233,"column":13}},"74":{"start":{"line":230,"column":12},"end":{"line":230,"column":90}},"75":{"start":{"line":232,"column":12},"end":{"line":232,"column":33}},"76":{"start":{"line":236,"column":10},"end":{"line":236,"column":31}},"77":{"start":{"line":240,"column":31},"end":{"line":240,"column":60}},"78":{"start":{"line":241,"column":8},"end":{"line":241,"column":54}},"79":{"start":{"line":253,"column":4},"end":{"line":257,"column":5}},"80":{"start":{"line":254,"column":6},"end":{"line":256,"column":7}},"81":{"start":{"line":255,"column":8},"end":{"line":255,"column":48}},"82":{"start":{"line":260,"column":4},"end":{"line":270,"column":5}},"83":{"start":{"line":261,"column":29},"end":{"line":261,"column":62}},"84":{"start":{"line":263,"column":6},"end":{"line":269,"column":7}},"85":{"start":{"line":264,"column":8},"end":{"line":264,"column":41}},"86":{"start":{"line":264,"column":32},"end":{"line":264,"column":41}},"87":{"start":{"line":266,"column":34},"end":{"line":266,"column":74}},"88":{"start":{"line":267,"column":30},"end":{"line":267,"column":86}},"89":{"start":{"line":268,"column":8},"end":{"line":268,"column":73}},"90":{"start":{"line":277,"column":4},"end":{"line":277,"column":34}},"91":{"start":{"line":284,"column":4},"end":{"line":284,"column":45}},"92":{"start":{"line":291,"column":4},"end":{"line":306,"column":5}},"93":{"start":{"line":292,"column":6},"end":{"line":302,"column":7}},"94":{"start":{"line":293,"column":8},"end":{"line":296,"column":11}},"95":{"start":{"line":299,"column":8},"end":{"line":299,"column":43}},"96":{"start":{"line":301,"column":8},"end":{"line":301,"column":30}},"97":{"start":{"line":304,"column":6},"end":{"line":304,"column":81}},"98":{"start":{"line":305,"column":6},"end":{"line":305,"column":28}},"99":{"start":{"line":314,"column":4},"end":{"line":321,"column":5}},"100":{"start":{"line":315,"column":6},"end":{"line":320,"column":7}},"101":{"start":{"line":316,"column":8},"end":{"line":319,"column":9}},"102":{"start":{"line":317,"column":10},"end":{"line":317,"column":67}},"103":{"start":{"line":318,"column":10},"end":{"line":318,"column":75}},"104":{"start":{"line":324,"column":4},"end":{"line":329,"column":5}},"105":{"start":{"line":325,"column":6},"end":{"line":328,"column":7}},"106":{"start":{"line":326,"column":8},"end":{"line":326,"column":57}},"107":{"start":{"line":327,"column":8},"end":{"line":327,"column":57}},"108":{"start":{"line":345,"column":24},"end":{"line":345,"column":25}},"109":{"start":{"line":346,"column":20},"end":{"line":346,"column":21}},"110":{"start":{"line":348,"column":4},"end":{"line":351,"column":5}},"111":{"start":{"line":349,"column":6},"end":{"line":349,"column":44}},"112":{"start":{"line":350,"column":6},"end":{"line":350,"column":18}},"113":{"start":{"line":353,"column":4},"end":{"line":353,"column":57}},"114":{"start":{"line":360,"column":4},"end":{"line":373,"column":5}},"115":{"start":{"line":361,"column":6},"end":{"line":370,"column":7}},"116":{"start":{"line":362,"column":23},"end":{"line":367,"column":60}},"117":{"start":{"line":369,"column":8},"end":{"line":369,"column":31}},"118":{"start":{"line":372,"column":6},"end":{"line":372,"column":97}},"119":{"start":{"line":376,"column":4},"end":{"line":376,"column":36}},"120":{"start":{"line":383,"column":22},"end":{"line":383,"column":23}},"121":{"start":{"line":384,"column":26},"end":{"line":384,"column":27}},"122":{"start":{"line":386,"column":4},"end":{"line":393,"column":5}},"123":{"start":{"line":387,"column":6},"end":{"line":392,"column":7}},"124":{"start":{"line":388,"column":8},"end":{"line":391,"column":9}},"125":{"start":{"line":389,"column":10},"end":{"line":389,"column":53}},"126":{"start":{"line":390,"column":10},"end":{"line":390,"column":28}},"127":{"start":{"line":395,"column":4},"end":{"line":395,"column":67}},"128":{"start":{"line":402,"column":4},"end":{"line":412,"column":6}},"129":{"start":{"line":420,"column":4},"end":{"line":422,"column":5}},"130":{"start":{"line":421,"column":6},"end":{"line":421,"column":33}},"131":{"start":{"line":425,"column":4},"end":{"line":437,"column":5}},"132":{"start":{"line":426,"column":6},"end":{"line":436,"column":7}},"133":{"start":{"line":427,"column":8},"end":{"line":431,"column":11}},"134":{"start":{"line":432,"column":8},"end":{"line":432,"column":32}},"135":{"start":{"line":434,"column":8},"end":{"line":434,"column":87}},"136":{"start":{"line":435,"column":8},"end":{"line":435,"column":33}},"137":{"start":{"line":440,"column":4},"end":{"line":440,"column":27}},"138":{"start":{"line":448,"column":4},"end":{"line":448,"column":43}},"139":{"start":{"line":449,"column":4},"end":{"line":449,"column":42}},"140":{"start":{"line":452,"column":4},"end":{"line":452,"column":48}},"141":{"start":{"line":453,"column":4},"end":{"line":453,"column":49}},"142":{"start":{"line":456,"column":4},"end":{"line":456,"column":43}},"143":{"start":{"line":457,"column":4},"end":{"line":457,"column":45}},"144":{"start":{"line":460,"column":4},"end":{"line":460,"column":61}},"145":{"start":{"line":461,"column":4},"end":{"line":461,"column":60}},"146":{"start":{"line":462,"column":4},"end":{"line":462,"column":60}},"147":{"start":{"line":463,"column":4},"end":{"line":463,"column":62}},"148":{"start":{"line":464,"column":4},"end":{"line":464,"column":60}},"149":{"start":{"line":472,"column":4},"end":{"line":472,"column":29}},"150":{"start":{"line":475,"column":4},"end":{"line":479,"column":5}},"151":{"start":{"line":476,"column":6},"end":{"line":476,"column":30}},"152":{"start":{"line":477,"column":6},"end":{"line":477,"column":25}},"153":{"start":{"line":478,"column":6},"end":{"line":478,"column":31}},"154":{"start":{"line":481,"column":4},"end":{"line":481,"column":41}},"155":{"start":{"line":489,"column":21},"end":{"line":489,"column":55}},"156":{"start":{"line":490,"column":4},"end":{"line":490,"column":33}},"157":{"start":{"line":497,"column":24},"end":{"line":497,"column":93}},"158":{"start":{"line":500,"column":23},"end":{"line":500,"column":24}},"159":{"start":{"line":501,"column":4},"end":{"line":508,"column":5}},"160":{"start":{"line":502,"column":6},"end":{"line":507,"column":7}},"161":{"start":{"line":504,"column":8},"end":{"line":504,"column":35}},"162":{"start":{"line":510,"column":24},"end":{"line":510,"column":50}},"163":{"start":{"line":511,"column":4},"end":{"line":511,"column":52}},"164":{"start":{"line":523,"column":4},"end":{"line":528,"column":6}},"165":{"start":{"line":535,"column":4},"end":{"line":543,"column":6}},"166":{"start":{"line":537,"column":86},"end":{"line":540,"column":8}},"167":{"start":{"line":550,"column":4},"end":{"line":555,"column":5}},"168":{"start":{"line":551,"column":6},"end":{"line":551,"column":25}},"169":{"start":{"line":552,"column":6},"end":{"line":554,"column":7}},"170":{"start":{"line":553,"column":8},"end":{"line":553,"column":47}},"171":{"start":{"line":557,"column":4},"end":{"line":562,"column":5}},"172":{"start":{"line":558,"column":6},"end":{"line":558,"column":31}},"173":{"start":{"line":559,"column":6},"end":{"line":561,"column":7}},"174":{"start":{"line":560,"column":8},"end":{"line":560,"column":72}},"175":{"start":{"line":564,"column":4},"end":{"line":569,"column":5}},"176":{"start":{"line":565,"column":6},"end":{"line":565,"column":31}},"177":{"start":{"line":566,"column":6},"end":{"line":568,"column":7}},"178":{"start":{"line":567,"column":8},"end":{"line":567,"column":55}},"179":{"start":{"line":571,"column":4},"end":{"line":575,"column":5}},"180":{"start":{"line":572,"column":6},"end":{"line":572,"column":76}},"181":{"start":{"line":573,"column":6},"end":{"line":573,"column":80}},"182":{"start":{"line":574,"column":6},"end":{"line":574,"column":66}},"183":{"start":{"line":582,"column":4},"end":{"line":582,"column":23}},"184":{"start":{"line":583,"column":4},"end":{"line":583,"column":29}},"185":{"start":{"line":584,"column":4},"end":{"line":584,"column":29}},"186":{"start":{"line":585,"column":4},"end":{"line":585,"column":33}},"187":{"start":{"line":586,"column":4},"end":{"line":586,"column":35}},"188":{"start":{"line":587,"column":4},"end":{"line":587,"column":28}},"189":{"start":{"line":588,"column":4},"end":{"line":588,"column":31}},"190":{"start":{"line":595,"column":29},"end":{"line":595,"column":31}},"191":{"start":{"line":597,"column":4},"end":{"line":599,"column":5}},"192":{"start":{"line":598,"column":6},"end":{"line":598,"column":45}},"193":{"start":{"line":601,"column":4},"end":{"line":603,"column":5}},"194":{"start":{"line":602,"column":6},"end":{"line":602,"column":51}},"195":{"start":{"line":605,"column":4},"end":{"line":607,"column":5}},"196":{"start":{"line":606,"column":6},"end":{"line":606,"column":81}},"197":{"start":{"line":609,"column":4},"end":{"line":611,"column":5}},"198":{"start":{"line":610,"column":6},"end":{"line":610,"column":41}},"199":{"start":{"line":614,"column":27},"end":{"line":614,"column":44}},"200":{"start":{"line":615,"column":4},"end":{"line":620,"column":5}},"201":{"start":{"line":616,"column":6},"end":{"line":616,"column":33}},"202":{"start":{"line":617,"column":6},"end":{"line":619,"column":7}},"203":{"start":{"line":618,"column":8},"end":{"line":618,"column":42}},"204":{"start":{"line":622,"column":26},"end":{"line":623,"column":null}},"205":{"start":{"line":623,"column":16},"end":{"line":623,"column":43}},"206":{"start":{"line":626,"column":4},"end":{"line":628,"column":5}},"207":{"start":{"line":627,"column":6},"end":{"line":627,"column":65}},"208":{"start":{"line":630,"column":4},"end":{"line":633,"column":6}},"209":{"start":{"line":641,"column":4},"end":{"line":643,"column":7}},"210":{"start":{"line":642,"column":6},"end":{"line":642,"column":28}},"211":{"start":{"line":644,"column":4},"end":{"line":644,"column":35}},"212":{"start":{"line":647,"column":4},"end":{"line":650,"column":5}},"213":{"start":{"line":648,"column":6},"end":{"line":648,"column":30}},"214":{"start":{"line":649,"column":6},"end":{"line":649,"column":25}},"215":{"start":{"line":653,"column":4},"end":{"line":653,"column":23}},"216":{"start":{"line":654,"column":4},"end":{"line":654,"column":29}},"217":{"start":{"line":655,"column":4},"end":{"line":655,"column":29}},"218":{"start":{"line":656,"column":4},"end":{"line":656,"column":29}},"219":{"start":{"line":31,"column":0},"end":{"line":31,"column":13}}},"fnMap":{"0":{"name":"(anonymous_0)","decl":{"start":{"line":56,"column":2},"end":{"line":56,"column":14}},"loc":{"start":{"line":56,"column":48},"end":{"line":66,"column":3}}},"1":{"name":"(anonymous_1)","decl":{"start":{"line":71,"column":10},"end":{"line":71,"column":26}},"loc":{"start":{"line":71,"column":26},"end":{"line":91,"column":3}}},"2":{"name":"(anonymous_2)","decl":{"start":{"line":96,"column":10},"end":{"line":96,"column":29}},"loc":{"start":{"line":96,"column":65},"end":{"line":118,"column":3}}},"3":{"name":"(anonymous_3)","decl":{"start":{"line":123,"column":10},"end":{"line":123,"column":27}},"loc":{"start":{"line":123,"column":45},"end":{"line":133,"column":3}}},"4":{"name":"(anonymous_4)","decl":{"start":{"line":128,"column":35},"end":{"line":128,"column":36}},"loc":{"start":{"line":128,"column":59},"end":{"line":131,"column":5}}},"5":{"name":"(anonymous_5)","decl":{"start":{"line":138,"column":10},"end":{"line":138,"column":27}},"loc":{"start":{"line":141,"column":28},"end":{"line":161,"column":3}}},"6":{"name":"(anonymous_6)","decl":{"start":{"line":143,"column":23},"end":{"line":143,"column":24}},"loc":{"start":{"line":143,"column":43},"end":{"line":160,"column":5}}},"7":{"name":"(anonymous_7)","decl":{"start":{"line":151,"column":33},"end":{"line":151,"column":36}},"loc":{"start":{"line":151,"column":38},"end":{"line":154,"column":7}}},"8":{"name":"(anonymous_8)","decl":{"start":{"line":166,"column":10},"end":{"line":166,"column":34}},"loc":{"start":{"line":166,"column":57},"end":{"line":173,"column":3}}},"9":{"name":"(anonymous_9)","decl":{"start":{"line":178,"column":2},"end":{"line":178,"column":9}},"loc":{"start":{"line":178,"column":75},"end":{"line":182,"column":3}}},"10":{"name":"(anonymous_10)","decl":{"start":{"line":187,"column":2},"end":{"line":187,"column":15}},"loc":{"start":{"line":187,"column":60},"end":{"line":198,"column":3}}},"11":{"name":"(anonymous_11)","decl":{"start":{"line":203,"column":2},"end":{"line":203,"column":11}},"loc":{"start":{"line":203,"column":41},"end":{"line":211,"column":3}}},"12":{"name":"(anonymous_12)","decl":{"start":{"line":216,"column":2},"end":{"line":216,"column":7}},"loc":{"start":{"line":216,"column":17},"end":{"line":246,"column":3}}},"13":{"name":"(anonymous_13)","decl":{"start":{"line":220,"column":6},"end":{"line":220,"column":9}},"loc":{"start":{"line":220,"column":11},"end":{"line":242,"column":7}}},"14":{"name":"(anonymous_14)","decl":{"start":{"line":229,"column":19},"end":{"line":229,"column":24}},"loc":{"start":{"line":229,"column":27},"end":{"line":233,"column":11}}},"15":{"name":"(anonymous_15)","decl":{"start":{"line":251,"column":10},"end":{"line":251,"column":23}},"loc":{"start":{"line":251,"column":23},"end":{"line":271,"column":3}}},"16":{"name":"(anonymous_16)","decl":{"start":{"line":276,"column":10},"end":{"line":276,"column":17}},"loc":{"start":{"line":276,"column":27},"end":{"line":278,"column":3}}},"17":{"name":"(anonymous_17)","decl":{"start":{"line":283,"column":2},"end":{"line":283,"column":15}},"loc":{"start":{"line":283,"column":30},"end":{"line":285,"column":3}}},"18":{"name":"(anonymous_18)","decl":{"start":{"line":290,"column":2},"end":{"line":290,"column":7}},"loc":{"start":{"line":290,"column":34},"end":{"line":307,"column":3}}},"19":{"name":"(anonymous_19)","decl":{"start":{"line":312,"column":10},"end":{"line":312,"column":20}},"loc":{"start":{"line":312,"column":33},"end":{"line":330,"column":3}}},"20":{"name":"(anonymous_20)","decl":{"start":{"line":335,"column":10},"end":{"line":335,"column":15}},"loc":{"start":{"line":335,"column":37},"end":{"line":338,"column":3}}},"21":{"name":"(anonymous_21)","decl":{"start":{"line":343,"column":2},"end":{"line":343,"column":19}},"loc":{"start":{"line":343,"column":19},"end":{"line":354,"column":3}}},"22":{"name":"(anonymous_22)","decl":{"start":{"line":359,"column":2},"end":{"line":359,"column":7}},"loc":{"start":{"line":359,"column":30},"end":{"line":377,"column":3}}},"23":{"name":"(anonymous_23)","decl":{"start":{"line":382,"column":2},"end":{"line":382,"column":23}},"loc":{"start":{"line":382,"column":23},"end":{"line":396,"column":3}}},"24":{"name":"(anonymous_24)","decl":{"start":{"line":401,"column":2},"end":{"line":401,"column":8}},"loc":{"start":{"line":401,"column":8},"end":{"line":413,"column":3}}},"25":{"name":"(anonymous_25)","decl":{"start":{"line":418,"column":2},"end":{"line":418,"column":7}},"loc":{"start":{"line":418,"column":18},"end":{"line":441,"column":3}}},"26":{"name":"(anonymous_26)","decl":{"start":{"line":446,"column":10},"end":{"line":446,"column":29}},"loc":{"start":{"line":446,"column":29},"end":{"line":465,"column":3}}},"27":{"name":"(anonymous_27)","decl":{"start":{"line":470,"column":2},"end":{"line":470,"column":7}},"loc":{"start":{"line":470,"column":15},"end":{"line":482,"column":3}}},"28":{"name":"(anonymous_28)","decl":{"start":{"line":487,"column":2},"end":{"line":487,"column":7}},"loc":{"start":{"line":487,"column":19},"end":{"line":491,"column":3}}},"29":{"name":"(anonymous_29)","decl":{"start":{"line":496,"column":2},"end":{"line":496,"column":7}},"loc":{"start":{"line":496,"column":22},"end":{"line":512,"column":3}}},"30":{"name":"(anonymous_30)","decl":{"start":{"line":517,"column":2},"end":{"line":517,"column":23}},"loc":{"start":{"line":517,"column":23},"end":{"line":529,"column":3}}},"31":{"name":"(anonymous_31)","decl":{"start":{"line":534,"column":2},"end":{"line":534,"column":11}},"loc":{"start":{"line":534,"column":11},"end":{"line":544,"column":3}}},"32":{"name":"(anonymous_32)","decl":{"start":{"line":537,"column":62},"end":{"line":537,"column":63}},"loc":{"start":{"line":537,"column":86},"end":{"line":540,"column":8}}},"33":{"name":"(anonymous_33)","decl":{"start":{"line":549,"column":2},"end":{"line":549,"column":11}},"loc":{"start":{"line":549,"column":22},"end":{"line":576,"column":3}}},"34":{"name":"(anonymous_34)","decl":{"start":{"line":581,"column":2},"end":{"line":581,"column":7}},"loc":{"start":{"line":581,"column":7},"end":{"line":589,"column":3}}},"35":{"name":"(anonymous_35)","decl":{"start":{"line":594,"column":2},"end":{"line":594,"column":13}},"loc":{"start":{"line":594,"column":13},"end":{"line":634,"column":3}}},"36":{"name":"(anonymous_36)","decl":{"start":{"line":623,"column":6},"end":{"line":623,"column":12}},"loc":{"start":{"line":623,"column":16},"end":{"line":623,"column":43}}},"37":{"name":"(anonymous_37)","decl":{"start":{"line":639,"column":2},"end":{"line":639,"column":9}},"loc":{"start":{"line":639,"column":9},"end":{"line":657,"column":3}}},"38":{"name":"(anonymous_38)","decl":{"start":{"line":641,"column":35},"end":{"line":641,"column":36}},"loc":{"start":{"line":641,"column":51},"end":{"line":643,"column":5}}}},"branchMap":{"0":{"loc":{"start":{"line":56,"column":14},"end":{"line":56,"column":48}},"type":"default-arg","locations":[{"start":{"line":56,"column":46},"end":{"line":56,"column":48}}]},"1":{"loc":{"start":{"line":100,"column":4},"end":{"line":104,"column":5}},"type":"if","locations":[{"start":{"line":100,"column":4},"end":{"line":104,"column":5}}]},"2":{"loc":{"start":{"line":113,"column":4},"end":{"line":117,"column":5}},"type":"if","locations":[{"start":{"line":113,"column":4},"end":{"line":117,"column":5}},{"start":{"line":115,"column":11},"end":{"line":117,"column":5}}]},"3":{"loc":{"start":{"line":115,"column":11},"end":{"line":117,"column":5}},"type":"if","locations":[{"start":{"line":115,"column":11},"end":{"line":117,"column":5}}]},"4":{"loc":{"start":{"line":141,"column":4},"end":{"line":141,"column":28}},"type":"default-arg","locations":[{"start":{"line":141,"column":24},"end":{"line":141,"column":28}}]},"5":{"loc":{"start":{"line":144,"column":6},"end":{"line":147,"column":7}},"type":"if","locations":[{"start":{"line":144,"column":6},"end":{"line":147,"column":7}}]},"6":{"loc":{"start":{"line":178,"column":59},"end":{"line":178,"column":75}},"type":"default-arg","locations":[{"start":{"line":178,"column":74},"end":{"line":178,"column":75}}]},"7":{"loc":{"start":{"line":188,"column":4},"end":{"line":190,"column":5}},"type":"if","locations":[{"start":{"line":188,"column":4},"end":{"line":190,"column":5}}]},"8":{"loc":{"start":{"line":188,"column":8},"end":{"line":188,"column":56}},"type":"binary-expr","locations":[{"start":{"line":188,"column":8},"end":{"line":188,"column":31}},{"start":{"line":188,"column":35},"end":{"line":188,"column":56}}]},"9":{"loc":{"start":{"line":194,"column":4},"end":{"line":196,"column":5}},"type":"if","locations":[{"start":{"line":194,"column":4},"end":{"line":196,"column":5}}]},"10":{"loc":{"start":{"line":205,"column":4},"end":{"line":209,"column":5}},"type":"if","locations":[{"start":{"line":205,"column":4},"end":{"line":209,"column":5}}]},"11":{"loc":{"start":{"line":205,"column":8},"end":{"line":205,"column":38}},"type":"binary-expr","locations":[{"start":{"line":205,"column":8},"end":{"line":205,"column":13}},{"start":{"line":205,"column":17},"end":{"line":205,"column":38}}]},"12":{"loc":{"start":{"line":225,"column":8},"end":{"line":237,"column":9}},"type":"if","locations":[{"start":{"line":225,"column":8},"end":{"line":237,"column":9}},{"start":{"line":234,"column":15},"end":{"line":237,"column":9}}]},"13":{"loc":{"start":{"line":225,"column":12},"end":{"line":225,"column":43}},"type":"binary-expr","locations":[{"start":{"line":225,"column":12},"end":{"line":225,"column":23}},{"start":{"line":225,"column":27},"end":{"line":225,"column":43}}]},"14":{"loc":{"start":{"line":254,"column":6},"end":{"line":256,"column":7}},"type":"if","locations":[{"start":{"line":254,"column":6},"end":{"line":256,"column":7}}]},"15":{"loc":{"start":{"line":261,"column":29},"end":{"line":261,"column":62}},"type":"binary-expr","locations":[{"start":{"line":261,"column":29},"end":{"line":261,"column":57}},{"start":{"line":261,"column":61},"end":{"line":261,"column":62}}]},"16":{"loc":{"start":{"line":264,"column":8},"end":{"line":264,"column":41}},"type":"if","locations":[{"start":{"line":264,"column":8},"end":{"line":264,"column":41}}]},"17":{"loc":{"start":{"line":266,"column":34},"end":{"line":266,"column":74}},"type":"binary-expr","locations":[{"start":{"line":266,"column":34},"end":{"line":266,"column":69}},{"start":{"line":266,"column":73},"end":{"line":266,"column":74}}]},"18":{"loc":{"start":{"line":284,"column":11},"end":{"line":284,"column":44}},"type":"binary-expr","locations":[{"start":{"line":284,"column":11},"end":{"line":284,"column":39}},{"start":{"line":284,"column":43},"end":{"line":284,"column":44}}]},"19":{"loc":{"start":{"line":290,"column":15},"end":{"line":290,"column":34}},"type":"default-arg","locations":[{"start":{"line":290,"column":30},"end":{"line":290,"column":34}}]},"20":{"loc":{"start":{"line":292,"column":6},"end":{"line":302,"column":7}},"type":"if","locations":[{"start":{"line":292,"column":6},"end":{"line":302,"column":7}},{"start":{"line":300,"column":13},"end":{"line":302,"column":7}}]},"21":{"loc":{"start":{"line":292,"column":10},"end":{"line":292,"column":41}},"type":"binary-expr","locations":[{"start":{"line":292,"column":10},"end":{"line":292,"column":21}},{"start":{"line":292,"column":25},"end":{"line":292,"column":41}}]},"22":{"loc":{"start":{"line":316,"column":8},"end":{"line":319,"column":9}},"type":"if","locations":[{"start":{"line":316,"column":8},"end":{"line":319,"column":9}}]},"23":{"loc"
[...]
mn":7}}]},"10":{"loc":{"start":{"line":116,"column":8},"end":{"line":120,"column":9}},"type":"if","locations":[{"start":{"line":116,"column":8},"end":{"line":120,"column":9}}]},"11":{"loc":{"start":{"line":127,"column":6},"end":{"line":130,"column":7}},"type":"if","locations":[{"start":{"line":127,"column":6},"end":{"line":130,"column":7}}]},"12":{"loc":{"start":{"line":141,"column":8},"end":{"line":146,"column":9}},"type":"if","locations":[{"start":{"line":141,"column":8},"end":{"line":146,"column":9}}]},"13":{"loc":{"start":{"line":152,"column":10},"end":{"line":154,"column":11}},"type":"if","locations":[{"start":{"line":152,"column":10},"end":{"line":154,"column":11}}]},"14":{"loc":{"start":{"line":158,"column":10},"end":{"line":163,"column":11}},"type":"if","locations":[{"start":{"line":158,"column":10},"end":{"line":163,"column":11}}]},"15":{"loc":{"start":{"line":167,"column":10},"end":{"line":172,"column":11}},"type":"if","locations":[{"start":{"line":167,"column":10},"end":{"line":172,"column":11}}]},"16":{"loc":{"start":{"line":176,"column":8},"end":{"line":181,"column":9}},"type":"if","locations":[{"start":{"line":176,"column":8},"end":{"line":181,"column":9}}]},"17":{"loc":{"start":{"line":191,"column":10},"end":{"line":192,"column":null}},"type":"if","locations":[{"start":{"line":191,"column":10},"end":{"line":192,"column":null}},{"start":{"line":192,"column":15},"end":{"line":192,"column":null}}]},"18":{"loc":{"start":{"line":197,"column":8},"end":{"line":199,"column":30}},"type":"binary-expr","locations":[{"start":{"line":197,"column":8},"end":{"line":197,"column":46}},{"start":{"line":198,"column":8},"end":{"line":198,"column":34}},{"start":{"line":199,"column":8},"end":{"line":199,"column":30}}]},"19":{"loc":{"start":{"line":202,"column":6},"end":{"line":210,"column":7}},"type":"if","locations":[{"start":{"line":202,"column":6},"end":{"line":210,"column":7}}]},"20":{"loc":{"start":{"line":205,"column":12},"end":{"line":206,"column":null}},"type":"if","locations":[{"start":{"line":205,"column":12},"end":{"line":206,"column":null}},{"start":{"line":206,"column":17},"end":{"line":206,"column":null}}]},"21":{"loc":{"start":{"line":233,"column":10},"end":{"line":234,"column":null}},"type":"if","locations":[{"start":{"line":233,"column":10},"end":{"line":234,"column":null}},{"start":{"line":234,"column":15},"end":{"line":234,"column":null}}]},"22":{"loc":{"start":{"line":240,"column":6},"end":{"line":248,"column":7}},"type":"if","locations":[{"start":{"line":240,"column":6},"end":{"line":248,"column":7}}]},"23":{"loc":{"start":{"line":257,"column":4},"end":{"line":267,"column":5}},"type":"if","locations":[{"start":{"line":257,"column":4},"end":{"line":267,"column":5}}]},"24":{"loc":{"start":{"line":257,"column":8},"end":{"line":257,"column":50}},"type":"binary-expr","locations":[{"start":{"line":257,"column":8},"end":{"line":257,"column":22}},{"start":{"line":257,"column":26},"end":{"line":257,"column":50}}]},"25":{"loc":{"start":{"line":259,"column":8},"end":{"line":265,"column":9}},"type":"if","locations":[{"start":{"line":259,"column":8},"end":{"line":265,"column":9}}]},"26":{"loc":{"start":{"line":281,"column":10},"end":{"line":289,"column":11}},"type":"if","locations":[{"start":{"line":281,"column":10},"end":{"line":289,"column":11}}]},"27":{"loc":{"start":{"line":291,"column":27},"end":{"line":291,"column":76}},"type":"cond-expr","locations":[{"start":{"line":291,"column":41},"end":{"line":291,"column":64}},{"start":{"line":291,"column":67},"end":{"line":291,"column":76}}]},"28":{"loc":{"start":{"line":295,"column":10},"end":{"line":315,"column":11}},"type":"if","locations":[{"start":{"line":295,"column":10},"end":{"line":315,"column":11}}]},"29":{"loc":{"start":{"line":301,"column":32},"end":{"line":301,"column":51}},"type":"binary-expr","locations":[{"start":{"line":301,"column":32},"end":{"line":301,"column":46}},{"start":{"line":301,"column":50},"end":{"line":301,"column":51}}]},"30":{"loc":{"start":{"line":308,"column":12},"end":{"line":312,"column":13}},"type":"if","locations":[{"start":{"line":308,"column":12},"end":{"line":312,"column":13}}]}},"s":{"0":0,"1":0,"2":0,"3":0,"4":0,"5":0,"6":0,"7":0,"8":0,"9":0,"10":0,"11":0,"12":0,"13":0,"14":0,"15":0,"16":0,"17":0,"18":0,"19":0,"20":0,"21":0,"22":0,"23":0,"24":0,"25":0,"26":0,"27":0,"28":0,"29":0,"30":0,"31":0,"32":0,"33":0,"34":0,"35":0,"36":0,"37":0,"38":0,"39":0,"40":0,"41":0,"42":0,"43":0,"44":0,"45":0,"46":0,"47":0,"48":0,"49":0,"50":0,"51":0,"52":0,"53":0,"54":0,"55":0,"56":0,"57":0,"58":0,"59":0,"60":0,"61":0,"62":0,"63":0,"64":0,"65":0,"66":0,"67":0,"68":0,"69":0,"70":0,"71":0,"72":0,"73":0,"74":0,"75":0,"76":0,"77":0,"78":0,"79":0,"80":0,"81":0,"82":0,"83":0,"84":0,"85":0,"86":0,"87":0,"88":0,"89":0,"90":0,"91":0,"92":0,"93":0,"94":0,"95":0,"96":0,"97":0,"98":0,"99":0,"100":0,"101":0,"102":0,"103":0,"104":0,"105":0,"106":0,"107":0,"108":0,"109":0,"110":0,"111":0,"112":0,"113":0,"114":0,"115":0,"116":0,"117":0,"118":0,"119":0,"120":0,"121":0,"122":0,"123":0,"124":0,"125":0,"126":0,"127":0,"128":0,"129":0,"130":0,"131":0,"132":0,"133":0,"134":0,"135":0,"136":0,"137":0,"138":0,"139":0,"140":0,"141":0,"142":0,"143":0,"144":0,"145":0,"146":0,"147":0,"148":0,"149":0,"150":0,"151":0,"152":0,"153":0,"154":0,"155":0,"156":0,"157":0,"158":0,"159":0,"160":0,"161":0,"162":0,"163":0,"164":0,"165":0,"166":0,"167":0,"168":0,"169":0,"170":0,"171":0,"172":0,"173":0,"174":0,"175":0,"176":0,"177":0,"178":0,"179":0,"180":0,"181":0,"182":0,"183":0,"184":0,"185":0,"186":0,"187":0,"188":0,"189":0,"190":0,"191":0,"192":0,"193":0,"194":0,"195":0,"196":0,"197":0,"198":0,"199":0,"200":0,"201":0,"202":0},"f":{"0":0,"1":0,"2":0,"3":0,"4":0,"5":0,"6":0,"7":0,"8":0,"9":0,"10":0,"11":0,"12":0,"13":0,"14":0,"15":0,"16":0,"17":0,"18":0,"19":0,"20":0,"21":0,"22":0,"23":0,"24":0,"25":0,"26":0,"27":0,"28":0,"29":0,"30":0,"31":0,"32":0,"33":0,"34":0,"35":0,"36":0,"37":0,"38":0,"39":0,"40":0,"41":0,"42":0,"43":0,"44":0,"45":0,"46":0},"b":{"0":[0],"1":[0],"2":[0,0],"3":[0,0],"4":[0,0],"5":[0,0],"6":[0],"7":[0,0],"8":[0],"9":[0],"10":[0],"11":[0],"12":[0],"13":[0],"14":[0],"15":[0],"16":[0],"17":[0,0],"18":[0,0,0],"19":[0],"20":[0,0],"21":[0,0],"22":[0],"23":[0],"24":[0,0],"25":[0],"26":[0],"27":[0,0],"28":[0],"29":[0,0],"30":[0]}}
,"/mnt/c/Users/m_oli/Projets/SYMBIONT/src/types/SymbiontTypes.ts": {"path":"/mnt/c/Users/m_oli/Projets/SYMBIONT/src/types/SymbiontTypes.ts","statementMap":{"0":{"start":{"line":234,"column":13},"end":{"line":241,"column":2}},"1":{"start":{"line":243,"column":13},"end":{"line":243,"column":55}},"2":{"start":{"line":246,"column":13},"end":{"line":254,"column":11}}},"fnMap":{},"branchMap":{},"s":{"0":0,"1":0,"2":0},"f":{},"b":{}}
,"/mnt/c/Users/m_oli/Projets/SYMBIONT/src/types/messages.ts": {"path":"/mnt/c/Users/m_oli/Projets/SYMBIONT/src/types/messages.ts","statementMap":{"0":{"start":{"line":2,"column":0},"end":{"line":2,"column":47}}},"fnMap":{},"branchMap":{},"s":{"0":0},"f":{},"b":{}}
,"/mnt/c/Users/m_oli/Projets/SYMBIONT/src/types/organism.ts": {"path":"/mnt/c/Users/m_oli/Projets/SYMBIONT/src/types/organism.ts","statementMap":{"0":{"start":{"line":2,"column":0},"end":{"line":2,"column":41}}},"fnMap":{},"branchMap":{},"s":{"0":0},"f":{},"b":{}}
,"/mnt/c/Users/m_oli/Projets/SYMBIONT/src/ui/ConsciousnessGauge.tsx": {"path":"/mnt/c/Users/m_oli/Projets/SYMBIONT/src/ui/ConsciousnessGauge.tsx","statementMap":{"0":{"start":{"line":1,"column":0},"end":{"line":1,"column":26}},"1":{"start":{"line":18,"column":69},"end":{"line":67,"column":1}},"2":{"start":{"line":24,"column":17},"end":{"line":24,"column":29}},"3":{"start":{"line":25,"column":24},"end":{"line":25,"column":44}},"4":{"start":{"line":26,"column":19},"end":{"line":26,"column":50}},"5":{"start":{"line":27,"column":17},"end":{"line":27,"column":47}},"6":{"start":{"line":29,"column":2},"end":{"line":66,"column":4}},"7":{"start":{"line":18,"column":13},"end":{"line":18,"column":69}}},"fnMap":{"0":{"name":"(anonymous_1)","decl":{"start":{"line":18,"column":69},"end":{"line":18,"column":70}},"loc":{"start":{"line":23,"column":5},"end":{"line":67,"column":1}}}},"branchMap":{"0":{"loc":{"start":{"line":20,"column":2},"end":{"line":20,"column":22}},"type":"default-arg","locations":[{"start":{"line":20,"column":10},"end":{"line":20,"column":22}}]},"1":{"loc":{"start":{"line":21,"column":2},"end":{"line":21,"column":11}},"type":"default-arg","locations":[{"start":{"line":21,"column":9},"end":{"line":21,"column":11}}]},"2":{"loc":{"start":{"line":22,"column":2},"end":{"line":22,"column":19}},"type":"default-arg","locations":[{"start":{"line":22,"column":10},"end":{"line":22,"column":19}}]}},"s":{"0":0,"1":0,"2":0,"3":0,"4":0,"5":0,"6":0,"7":0},"f":{"0":0},"b":{"0":[0],"1":[0],"2":[0]}}
,"/mnt/c/Users/m_oli/Projets/SYMBIONT/src/ui/OrganismDashboard.tsx": {"path":"/mnt/c/Users/m_oli/Projets/SYMBIONT/src/ui/OrganismDashboard.tsx","statementMap":{"0":{"start":{"line":3,"column":0},"end":{"line":3,"column":40}},"1":{"start":{"line":4,"column":0},"end":{"line":4,"column":50}},"2":{"start":{"line":5,"column":0},"end":{"line":5,"column":58}},"3":{"start":{"line":6,"column":0},"end":{"line":6,"column":54}},"4":{"start":{"line":8,"column":0},"end":{"line":8,"column":60}},"5":{"start":{"line":15,"column":39},"end":{"line":24,"column":2}},"6":{"start":{"line":27,"column":16},"end":{"line":27,"column":54}},"7":{"start":{"line":28,"column":2},"end":{"line":28,"column":104}},"8":{"start":{"line":28,"column":38},"end":{"line":28,"column":93}},"9":{"start":{"line":32,"column":2},"end":{"line":41,"column":4}},"10":{"start":{"line":44,"column":43},"end":{"line":89,"column":1}},"11":{"start":{"line":45,"column":24},"end":{"line":45,"column":45}},"12":{"start":{"line":46,"column":30},"end":{"line":46,"column":70}},"13":{"start":{"line":47,"column":44},"end":{"line":47,"column":57}},"14":{"start":{"line":50,"column":24},"end":{"line":53,"column":3}},"15":{"start":{"line":52,"column":4},"end":{"line":52,"column":65}},"16":{"start":{"line":55,"column":2},"end":{"line":88,"column":4}},"17":{"start":{"line":75,"column":25},"end":{"line":75,"column":44}},"18":{"start":{"line":81,"column":25},"end":{"line":81,"column":50}},"19":{"start":{"line":44,"column":13},"end":{"line":44,"column":43}}},"fnMap":{"0":{"name":"randomDNA","decl":{"start":{"line":26,"column":9},"end":{"line":26,"column":18}},"loc":{"start":{"line":26,"column":30},"end":{"line":29,"column":1}}},"1":{"name":"(anonymous_10)","decl":{"start":{"line":28,"column":32},"end":{"line":28,"column":35}},"loc":{"start":{"line":28,"column":38},"end":{"line":28,"column":93}}},"2":{"name":"randomTraits","decl":{"start":{"line":31,"column":9},"end":{"line":31,"column":21}},"loc":{"start":{"line":31,"column":21},"end":{"line":42,"column":1}}},"3":{"name":"(anonymous_12)","decl":{"start":{"line":44,"column":43},"end":{"line":44,"column":46}},"loc":{"start":{"line":44,"column":48},"end":{"line":89,"column":1}}},"4":{"name":"(anonymous_13)","decl":{"start":{"line":50,"column":24},"end":{"line":50,"column":25}},"loc":{"start":{"line":50,"column":41},"end":{"line":53,"column":3}}},"5":{"name":"(anonymous_14)","decl":{"start":{"line":75,"column":19},"end":{"line":75,"column":22}},"loc":{"start":{"line":75,"column":25},"end":{"line":75,"column":44}}},"6":{"name":"(anonymous_15)","decl":{"start":{"line":81,"column":19},"end":{"line":81,"column":22}},"loc":{"start":{"line":81,"column":25},"end":{"line":81,"column":50}}}},"branchMap":{"0":{"loc":{"start":{"line":26,"column":19},"end":{"line":26,"column":30}},"type":"default-arg","locations":[{"start":{"line":26,"column":28},"end":{"line":26,"column":30}}]}},"s":{"0":0,"1":0,"2":0,"3":0,"4":0,"5":0,"6":0,"7":0,"8":0,"9":0,"10":0,"11":0,"12":0,"13":0,"14":0,"15":0,"16":0,"17":0,"18":0,"19":0},"f":{"0":0,"1":0,"2":0,"3":0,"4":0,"5":0,"6":0},"b":{"0":[0]}}
,"/mnt/c/Users/m_oli/Projets/SYMBIONT/src/ui/OrganismViewer.tsx": {"path":"/mnt/c/Users/m_oli/Projets/SYMBIONT/src/ui/OrganismViewer.tsx","statementMap":{"0":{"start":{"line":1,"column":0},"end":{"line":1,"column":59}},"1":{"start":{"line":2,"column":0},"end":{"line":2,"column":62}},"2":{"start":{"line":21,"column":61},"end":{"line":89,"column":1}},"3":{"start":{"line":28,"column":20},"end":{"line":28,"column":51}},"4":{"start":{"line":29,"column":20},"end":{"line":29,"column":55}},"5":{"start":{"line":30,"column":32},"end":{"line":30,"column":73}},"6":{"start":{"line":33,"column":2},"end":{"line":54,"column":12}},"7":{"start":{"line":34,"column":4},"end":{"line":34,"column":35}},"8":{"start":{"line":34,"column":28},"end":{"line":34,"column":35}},"9":{"start":{"line":35,"column":4},"end":{"line":35,"column":67}},"10":{"start":{"line":36,"column":18},"end":{"line":36,"column":22}},"11":{"start":{"line":39,"column":23},"end":{"line":46,"column":5}},"12":{"start":{"line":40,"column":6},"end":{"line":40,"column":49}},"13":{"start":{"line":40,"column":42},"end":{"line":40,"column":49}},"14":{"start":{"line":41,"column":6},"end":{"line":41,"column":33}},"15":{"start":{"line":42,"column":16},"end":{"line":42,"column":57}},"16":{"start":{"line":43,"column":6},"end":{"line":43,"column":20}},"17":{"start":{"line":44,"column":6},"end":{"line":44,"column":34}},"18":{"start":{"line":44,"column":21},"end":{"line":44,"column":34}},"19":{"start":{"line":45,"column":6},"end":{"line":45,"column":40}},"20":{"start":{"line":47,"column":4},"end":{"line":47,"column":17}},"21":{"start":{"line":49,"column":4},"end":{"line":52,"column":6}},"22":{"start":{"line":50,"column":6},"end":{"line":50,"column":22}},"23":{"start":{"line":51,"column":6},"end":{"line":51,"column":35}},"24":{"start":{"line":57,"column":2},"end":{"line":61,"column":15}},"25":{"start":{"line":58,"column":4},"end":{"line":60,"column":5}},"26":{"start":{"line":63,"column":2},"end":{"line":88,"column":4}},"27":{"start":{"line":21,"column":13},"end":{"line":21,"column":61}}},"fnMap":{"0":{"name":"(anonymous_9)","decl":{"start":{"line":21,"column":61},"end":{"line":21,"column":62}},"loc":{"start":{"line":27,"column":5},"end":{"line":89,"column":1}}},"1":{"name":"(anonymous_10)","decl":{"start":{"line":33,"column":12},"end":{"line":33,"column":15}},"loc":{"start":{"line":33,"column":17},"end":{"line":54,"column":3}}},"2":{"name":"(anonymous_11)","decl":{"start":{"line":39,"column":23},"end":{"line":39,"column":26}},"loc":{"start":{"line":39,"column":28},"end":{"line":46,"column":5}}},"3":{"name":"(anonymous_12)","decl":{"start":{"line":49,"column":11},"end":{"line":49,"column":14}},"loc":{"start":{"line":49,"column":16},"end":{"line":52,"column":5}}},"4":{"name":"(anonymous_13)","decl":{"start":{"line":57,"column":12},"end":{"line":57,"column":15}},"loc":{"start":{"line":57,"column":17},"end":{"line":61,"column":3}}}},"branchMap":{"0":{"loc":{"start":{"line":24,"column":2},"end":{"line":24,"column":13}},"type":"default-arg","locations":[{"start":{"line":24,"column":10},"end":{"line":24,"column":13}}]},"1":{"loc":{"start":{"line":25,"column":2},"end":{"line":25,"column":14}},"type":"default-arg","locations":[{"start":{"line":25,"column":11},"end":{"line":25,"column":14}}]},"2":{"loc":{"start":{"line":34,"column":4},"end":{"line":34,"column":35}},"type":"if","locations":[{"start":{"line":34,"column":4},"end":{"line":34,"column":35}}]},"3":{"loc":{"start":{"line":40,"column":6},"end":{"line":40,"column":49}},"type":"if","locations":[{"start":{"line":40,"column":6},"end":{"line":40,"column":49}}]},"4":{"loc":{"start":{"line":40,"column":10},"end":{"line":40,"column":40}},"type":"binary-expr","locations":[{"start":{"line":40,"column":10},"end":{"line":40,"column":18}},{"start":{"line":40,"column":22},"end":{"line":40,"column":40}}]},"5":{"loc":{"start":{"line":44,"column":6},"end":{"line":44,"column":34}},"type":"if","locations":[{"start":{"line":44,"column":6},"end":{"line":44,"column":34}}]},"6":{"loc":{"start":{"line":58,"column":4},"end":{"line":60,"column":5}},"type":"if","locations":[{"start":{"line":58,"column":4},"end":{"line":60,"column":5}}]},"7":{"loc":{"start":{"line":58,"column":8},"end":{"line":58,"column":35}},"type":"binary-expr","locations":[{"start":{"line":58,"column":8},"end":{"line":58,"column":25}},{"start":{"line":58,"column":29},"end":{"line":58,"column":35}}]},"8":{"loc":{"start":{"line":71,"column":7},"end":{"line":85,"column":null}},"type":"binary-expr","locations":[{"start":{"line":71,"column":7},"end":{"line":71,"column":14}},{"start":{"line":72,"column":8},"end":{"line":84,"column":null}}]}},"s":{"0":0,"1":0,"2":0,"3":0,"4":0,"5":0,"6":0,"7":0,"8":0,"9":0,"10":0,"11":0,"12":0,"13":0,"14":0,"15":0,"16":0,"17":0,"18":0,"19":0,"20":0,"21":0,"22":0,"23":0,"24":0,"25":0,"26":0,"27":0},"f":{"0":0,"1":0,"2":0,"3":0,"4":0},"b":{"0":[0],"1":[0],"2":[0],"3":[0],"4":[0,0],"5":[0],"6":[0],"7":[0,0],"8":[0,0]}}
,"/mnt/c/Users/m_oli/Projets/SYMBIONT/src/ui/TraitsRadarChart.tsx": {"path":"/mnt/c/Users/m_oli/Projets/SYMBIONT/src/ui/TraitsRadarChart.tsx","statementMap":{"0":{"start":{"line":1,"column":0},"end":{"line":1,"column":26}},"1":{"start":{"line":19,"column":23},"end":{"line":22,"column":2}},"2":{"start":{"line":24,"column":65},"end":{"line":101,"column":1}},"3":{"start":{"line":30,"column":17},"end":{"line":39,"column":4}},"4":{"start":{"line":40,"column":12},"end":{"line":40,"column":25}},"5":{"start":{"line":41,"column":17},"end":{"line":41,"column":25}},"6":{"start":{"line":42,"column":17},"end":{"line":42,"column":30}},"7":{"start":{"line":44,"column":17},"end":{"line":48,"column":4}},"8":{"start":{"line":45,"column":18},"end":{"line":45,"column":53}},"9":{"start":{"line":46,"column":14},"end":{"line":46,"column":24}},"10":{"start":{"line":47,"column":4},"end":{"line":47,"column":72}},"11":{"start":{"line":49,"column":18},"end":{"line":49,"column":56}},"12":{"start":{"line":49,"column":34},"end":{"line":49,"column":45}},"13":{"start":{"line":51,"column":2},"end":{"line":100,"column":4}},"14":{"start":{"line":56,"column":24},"end":{"line":56,"column":59}},"15":{"start":{"line":57,"column":10},"end":{"line":67,"column":12}},"16":{"start":{"line":80,"column":24},"end":{"line":80,"column":59}},"17":{"start":{"line":81,"column":20},"end":{"line":81,"column":60}},"18":{"start":{"line":82,"column":20},"end":{"line":82,"column":60}},"19":{"start":{"line":83,"column":10},"end":{"line":96,"column":12}},"20":{"start":{"line":24,"column":13},"end":{"line":24,"column":65}}},"fnMap":{"0":{"name":"(anonymous_1)","decl":{"start":{"line":24,"column":65},"end":{"line":24,"column":66}},"loc":{"start":{"line":29,"column":5},"end":{"line":101,"column":1}}},"1":{"name":"(anonymous_2)","decl":{"start":{"line":44,"column":28},"end":{"line":44,"column":29}},"loc":{"start":{"line":44,"column":37},"end":{"line":48,"column":3}}},"2":{"name":"(anonymous_3)","decl":{"start":{"line":49,"column":29},"end":{"line":49,"column":30}},"loc":{"start":{"line":49,"column":34},"end":{"line":49,"column":45}}},"3":{"name":"(anonymous_4)","decl":{"start":{"line":55,"column":20},"end":{"line":55,"column":21}},"loc":{"start":{"line":55,"column":29},"end":{"line":68,"column":9}}},"4":{"name":"(anonymous_5)","decl":{"start":{"line":79,"column":20},"end":{"line":79,"column":21}},"loc":{"start":{"line":79,"column":33},"end":{"line":97,"column":9}}}},"branchMap":{"0":{"loc":{"start":{"line":26,"column":2},"end":{"line":26,"column":25}},"type":"default-arg","locations":[{"start":{"line":26,"column":11},"end":{"line":26,"column":25}}]},"1":{"loc":{"start":{"line":27,"column":2},"end":{"line":27,"column":12}},"type":"default-arg","locations":[{"start":{"line":27,"column":9},"end":{"line":27,"column":12}}]},"2":{"loc":{"start":{"line":28,"column":2},"end":{"line":28,"column":19}},"type":"default-arg","locations":[{"start":{"line":28,"column":10},"end":{"line":28,"column":19}}]}},"s":{"0":0,"1":0,"2":0,"3":0,"4":0,"5":0,"6":0,"7":0,"8":0,"9":0,"10":0,"11":0,"12":0,"13":0,"14":0,"15":0,"16":0,"17":0,"18":0,"19":0,"20":0},"f":{"0":0,"1":0,"2":0,"3":0,"4":0},"b":{"0":[0],"1":[0],"2":[0]}}
}
