TN:
SF:src/behavioral/ActionPredictor.ts
FN:2,(anonymous_0)
FNF:1
FNH:0
FNDA:0,(anonymous_0)
DA:1,0
DA:2,0
LF:2
LH:0
BRF:0
BRH:0
end_of_record
TN:
SF:src/behavioral/core/BehaviorPredictor.ts
FN:6,(anonymous_0)
FN:12,(anonymous_1)
FN:17,(anonymous_2)
FN:22,(anonymous_3)
FNF:4
FNH:0
FNDA:0,(anonymous_0)
FNDA:0,(anonymous_1)
FNDA:0,(anonymous_2)
FNDA:0,(anonymous_3)
DA:4,0
DA:8,0
DA:14,0
DA:24,0
DA:25,0
DA:28,0
DA:29,0
DA:30,0
DA:31,0
DA:32,0
DA:33,0
DA:34,0
DA:35,0
DA:36,0
DA:40,0
DA:41,0
DA:42,0
DA:45,0
LF:18
LH:0
BRDA:28,0,0,0
BRDA:28,0,1,0
BRDA:31,1,0,0
BRDA:31,1,1,0
BRDA:34,2,0,0
BRDA:40,3,0,0
BRF:6
BRH:0
end_of_record
TN:
SF:src/behavioral/core/BehavioralEngine.ts
FN:9,(anonymous_0)
FN:26,(anonymous_1)
FN:36,(anonymous_2)
FN:43,(anonymous_3)
FN:52,(anonymous_4)
FN:61,(anonymous_5)
FN:73,(anonymous_6)
FNF:7
FNH:0
FNDA:0,(anonymous_0)
FNDA:0,(anonymous_1)
FNDA:0,(anonymous_2)
FNDA:0,(anonymous_3)
FNDA:0,(anonymous_4)
FNDA:0,(anonymous_5)
FNDA:0,(anonymous_6)
DA:2,0
DA:3,0
DA:5,0
DA:11,0
DA:15,0
DA:27,0
DA:28,0
DA:29,0
DA:30,0
DA:31,0
DA:37,0
DA:38,0
DA:40,0
DA:45,0
DA:54,0
DA:63,0
DA:64,0
DA:66,0
DA:75,0
LF:19
LH:0
BRDA:37,0,0,0
BRF:1
BRH:0
end_of_record
TN:
SF:src/behavioral/core/PatternAnalyzer.ts
FN:5,(anonymous_0)
FN:10,(anonymous_1)
FN:19,(anonymous_2)
FN:21,(anonymous_3)
FNF:4
FNH:0
FNDA:0,(anonymous_0)
FNDA:0,(anonymous_1)
FNDA:0,(anonymous_2)
FNDA:0,(anonymous_3)
DA:3,0
DA:7,0
DA:12,0
DA:21,0
LF:4
LH:0
BRDA:22,0,0,0
BRDA:22,0,1,0
BRDA:22,1,0,0
BRDA:22,1,1,0
BRF:4
BRH:0
end_of_record
TN:
SF:src/communication/resilient-message-bus.ts
FN:17,(anonymous_0)
FN:24,(anonymous_1)
FN:32,(anonymous_2)
FN:37,(anonymous_3)
FN:48,(anonymous_4)
FN:49,(anonymous_5)
FN:56,(anonymous_6)
FN:63,(anonymous_7)
FN:83,(anonymous_8)
FN:87,(anonymous_9)
FN:108,(anonymous_10)
FN:137,(anonymous_11)
FN:141,(anonymous_12)
FN:146,(anonymous_13)
FN:146,(anonymous_14)
FN:149,(anonymous_15)
FN:153,(anonymous_16)
FN:157,(anonymous_17)
FN:163,(anonymous_18)
FN:168,(anonymous_19)
FNF:20
FNH:0
FNDA:0,(anonymous_0)
FNDA:0,(anonymous_1)
FNDA:0,(anonymous_2)
FNDA:0,(anonymous_3)
FNDA:0,(anonymous_4)
FNDA:0,(anonymous_5)
FNDA:0,(anonymous_6)
FNDA:0,(anonymous_7)
FNDA:0,(anonymous_8)
FNDA:0,(anonymous_9)
FNDA:0,(anonymous_10)
FNDA:0,(anonymous_11)
FNDA:0,(anonymous_12)
FNDA:0,(anonymous_13)
FNDA:0,(anonymous_14)
FNDA:0,(anonymous_15)
FNDA:0,(anonymous_16)
FNDA:0,(anonymous_17)
FNDA:0,(anonymous_18)
FNDA:0,(anonymous_19)
DA:4,0
DA:5,0
DA:18,0
DA:19,0
DA:20,0
DA:21,0
DA:22,0
DA:25,0
DA:26,0
DA:27,0
DA:29,0
DA:33,0
DA:34,0
DA:38,0
DA:39,0
DA:40,0
DA:41,0
DA:47,0
DA:50,0
DA:51,0
DA:52,0
DA:53,0
DA:54,0
DA:57,0
DA:58,0
DA:59,0
DA:60,0
DA:61,0
DA:64,0
DA:65,0
DA:66,0
DA:70,0
DA:72,0
DA:73,0
DA:74,0
DA:75,0
DA:77,0
DA:79,0
DA:81,0
DA:84,0
DA:88,0
DA:94,0
DA:100,0
DA:109,0
DA:110,0
DA:111,0
DA:113,0
DA:114,0
DA:115,0
DA:116,0
DA:117,0
DA:119,0
DA:120,0
DA:121,0
DA:123,0
DA:124,0
DA:125,0
DA:126,0
DA:127,0
DA:128,0
DA:130,0
DA:133,0
DA:138,0
DA:142,0
DA:143,0
DA:144,0
DA:146,0
DA:150,0
DA:151,0
DA:154,0
DA:155,0
DA:158,0
DA:159,0
DA:164,0
LF:74
LH:0
BRDA:25,0,0,0
BRDA:25,1,0,0
BRDA:25,1,1,0
BRDA:40,2,0,0
BRDA:51,3,0,0
BRDA:51,3,1,0
BRDA:57,4,0,0
BRDA:57,4,1,0
BRDA:64,5,0,0
BRDA:64,5,1,0
BRDA:109,6,0,0
BRDA:115,7,0,0
BRDA:115,7,1,0
BRDA:125,8,0,0
BRDA:126,9,0,0
BRDA:141,10,0,0
BRDA:142,11,0,0
BRDA:143,12,0,0
BRF:18
BRH:0
end_of_record
TN:
SF:src/components/production/SystemStatusDashboard.tsx
FN:28,(anonymous_9)
FN:54,(anonymous_10)
FN:57,(anonymous_11)
FN:60,(anonymous_12)
FN:84,(anonymous_13)
FN:88,(anonymous_14)
FN:104,(anonymous_15)
FN:124,(anonymous_16)
FN:144,(anonymous_17)
FN:266,(anonymous_18)
FN:272,(anonymous_19)
FN:278,(anonymous_20)
FNF:12
FNH:0
FNDA:0,(anonymous_9)
FNDA:0,(anonymous_10)
FNDA:0,(anonymous_11)
FNDA:0,(anonymous_12)
FNDA:0,(anonymous_13)
FNDA:0,(anonymous_14)
FNDA:0,(anonymous_15)
FNDA:0,(anonymous_16)
FNDA:0,(anonymous_17)
FNDA:0,(anonymous_18)
FNDA:0,(anonymous_19)
FNDA:0,(anonymous_20)
DA:2,0
DA:3,0
DA:28,0
DA:29,0
DA:36,0
DA:45,0
DA:52,0
DA:54,0
DA:55,0
DA:56,0
DA:57,0
DA:60,0
DA:61,0
DA:63,0
DA:64,0
DA:65,0
DA:66,0
DA:70,0
DA:71,0
DA:72,0
DA:73,0
DA:77,0
DA:78,0
DA:79,0
DA:80,0
DA:83,0
DA:84,0
DA:88,0
DA:89,0
DA:92,0
DA:95,0
DA:98,0
DA:100,0
DA:104,0
DA:105,0
DA:108,0
DA:111,0
DA:114,0
DA:116,0
DA:120,0
DA:121,0
DA:124,0
DA:139,0
DA:144,0
DA:266,0
DA:272,0
DA:278,0
DA:521,0
LF:48
LH:0
BRDA:64,0,0,0
BRDA:71,1,0,0
BRDA:78,2,0,0
BRDA:89,3,0,0
BRDA:89,3,1,0
BRDA:89,3,2,0
BRDA:89,3,3,0
BRDA:89,3,4,0
BRDA:89,3,5,0
BRDA:89,3,6,0
BRDA:105,4,0,0
BRDA:105,4,1,0
BRDA:105,4,2,0
BRDA:105,4,3,0
BRDA:105,4,4,0
BRDA:105,4,5,0
BRDA:105,4,6,0
BRDA:120,5,0,0
BRDA:257,6,0,0
BRDA:257,6,1,0
BRF:20
BRH:0
end_of_record
TN:
SF:src/core/NavigationCortex.ts
FN:22,(anonymous_0)
FN:30,(anonymous_1)
FN:37,(anonymous_2)
FN:44,(anonymous_3)
FN:56,(anonymous_4)
FN:64,(anonymous_5)
FNF:6
FNH:0
FNDA:0,(anonymous_0)
FNDA:0,(anonymous_1)
FNDA:0,(anonymous_2)
FNDA:0,(anonymous_3)
FNDA:0,(anonymous_4)
FNDA:0,(anonymous_5)
DA:22,0
DA:23,0
DA:24,0
DA:25,0
DA:31,0
DA:38,0
DA:45,0
DA:46,0
DA:47,0
DA:49,0
DA:50,0
DA:57,0
DA:58,0
DA:65,0
LF:14
LH:0
BRF:0
BRH:0
end_of_record
TN:
SF:src/core/NeuralMesh.ts
FN:12,(anonymous_0)
FN:19,(anonymous_1)
FN:33,(anonymous_2)
FN:47,(anonymous_3)
FN:59,(anonymous_4)
FN:82,(anonymous_5)
FN:89,(anonymous_6)
FN:96,(anonymous_7)
FN:119,(anonymous_8)
FN:134,(anonymous_9)
FN:151,(anonymous_10)
FN:154,(anonymous_11)
FN:162,(anonymous_12)
FN:175,(anonymous_13)
FN:199,(anonymous_14)
FN:208,(anonymous_15)
FN:217,(anonymous_16)
FN:226,(anonymous_17)
FN:230,(anonymous_18)
FN:242,(anonymous_19)
FN:268,(anonymous_20)
FN:278,(anonymous_21)
FN:299,(anonymous_22)
FN:315,(anonymous_23)
FN:324,(anonymous_24)
FN:328,(anonymous_25)
FN:329,(anonymous_26)
FN:332,(anonymous_27)
FN:342,(anonymous_28)
FN:345,(anonymous_29)
FN:355,(anonymous_30)
FN:367,(anonymous_31)
FN:371,(anonymous_32)
FNF:33
FNH:0
FNDA:0,(anonymous_0)
FNDA:0,(anonymous_1)
FNDA:0,(anonymous_2)
FNDA:0,(anonymous_3)
FNDA:0,(anonymous_4)
FNDA:0,(anonymous_5)
FNDA:0,(anonymous_6)
FNDA:0,(anonymous_7)
FNDA:0,(anonymous_8)
FNDA:0,(anonymous_9)
FNDA:0,(anonymous_10)
FNDA:0,(anonymous_11)
FNDA:0,(anonymous_12)
FNDA:0,(anonymous_13)
FNDA:0,(anonymous_14)
FNDA:0,(anonymous_15)
FNDA:0,(anonymous_16)
FNDA:0,(anonymous_17)
FNDA:0,(anonymous_18)
FNDA:0,(anonymous_19)
FNDA:0,(anonymous_20)
FNDA:0,(anonymous_21)
FNDA:0,(anonymous_22)
FNDA:0,(anonymous_23)
FNDA:0,(anonymous_24)
FNDA:0,(anonymous_25)
FNDA:0,(anonymous_26)
FNDA:0,(anonymous_27)
FNDA:0,(anonymous_28)
FNDA:0,(anonymous_29)
FNDA:0,(anonymous_30)
FNDA:0,(anonymous_31)
FNDA:0,(anonymous_32)
DA:2,0
DA:3,0
DA:5,0
DA:6,0
DA:7,0
DA:8,0
DA:10,0
DA:20,0
DA:26,0
DA:27,0
DA:34,0
DA:35,0
DA:38,0
DA:39,0
DA:41,0
DA:48,0
DA:49,0
DA:50,0
DA:51,0
DA:53,0
DA:61,0
DA:62,0
DA:63,0
DA:68,0
DA:69,0
DA:71,0
DA:72,0
DA:73,0
DA:74,0
DA:83,0
DA:90,0
DA:98,0
DA:99,0
DA:100,0
DA:101,0
DA:102,0
DA:108,0
DA:109,0
DA:110,0
DA:111,0
DA:120,0
DA:121,0
DA:123,0
DA:124,0
DA:125,0
DA:128,0
DA:135,0
DA:136,0
DA:138,0
DA:139,0
DA:140,0
DA:141,0
DA:145,0
DA:152,0
DA:154,0
DA:164,0
DA:165,0
DA:169,0
DA:177,0
DA:178,0
DA:181,0
DA:182,0
DA:185,0
DA:186,0
DA:189,0
DA:190,0
DA:191,0
DA:192,0
DA:193,0
DA:201,0
DA:202,0
DA:210,0
DA:211,0
DA:219,0
DA:220,0
DA:227,0
DA:230,0
DA:243,0
DA:244,0
DA:245,0
DA:246,0
DA:250,0
DA:251,0
DA:252,0
DA:253,0
DA:257,0
DA:258,0
DA:259,0
DA:260,0
DA:269,0
DA:270,0
DA:271,0
DA:272,0
DA:279,0
DA:281,0
DA:282,0
DA:285,0
DA:286,0
DA:290,0
DA:291,0
DA:292,0
DA:293,0
DA:294,0
DA:298,0
DA:299,0
DA:302,0
DA:303,0
DA:306,0
DA:316,0
DA:317,0
DA:318,0
DA:326,0
DA:327,0
DA:328,0
DA:329,0
DA:332,0
DA:333,0
DA:334,0
DA:339,0
DA:341,0
DA:342,0
DA:344,0
DA:345,0
DA:349,0
DA:357,0
DA:359,0
DA:360,0
DA:368,0
DA:371,0
LF:129
LH:0
BRDA:19,0,0,0
BRDA:34,1,0,0
BRDA:34,2,0,0
BRDA:34,2,1,0
BRDA:38,3,0,0
BRDA:49,4,0,0
BRDA:49,5,0,0
BRDA:49,5,1,0
BRDA:62,6,0,0
BRDA:69,7,0,0
BRDA:69,7,1,0
BRDA:72,8,0,0
BRDA:72,8,1,0
BRDA:90,9,0,0
BRDA:90,9,1,0
BRDA:96,10,0,0
BRDA:100,11,0,0
BRDA:102,12,0,0
BRDA:102,12,1,0
BRDA:109,13,0,0
BRDA:128,14,0,0
BRDA:128,14,1,0
BRDA:145,15,0,0
BRDA:145,15,1,0
BRDA:164,16,0,0
BRDA:243,17,0,0
BRDA:250,18,0,0
BRDA:257,19,0,0
BRDA:281,20,0,0
BRDA:285,21,0,0
BRDA:302,22,0,0
BRDA:326,23,0,0
BRDA:326,24,0,0
BRDA:326,24,1,0
BRDA:333,25,0,0
BRDA:333,26,0,0
BRDA:333,26,1,0
BRDA:357,27,0,0
BRDA:357,28,0,0
BRDA:357,28,1,0
BRDA:357,28,2,0
BRDA:357,28,3,0
BRF:42
BRH:0
end_of_record
TN:
SF:src/core/NeuralMeshAsync.ts
FN:56,(anonymous_0)
FN:71,(anonymous_1)
FN:96,(anonymous_2)
FN:123,(anonymous_3)
FN:128,(anonymous_4)
FN:138,(anonymous_5)
FN:143,(anonymous_6)
FN:151,(anonymous_7)
FN:170,(anonymous_8)
FN:182,(anonymous_9)
FN:191,(anonymous_10)
FN:207,(anonymous_11)
FN:220,(anonymous_12)
FN:224,(anonymous_13)
FN:233,(anonymous_14)
FN:255,(anonymous_15)
FN:280,(anonymous_16)
FN:287,(anonymous_17)
FN:294,(anonymous_18)
FN:316,(anonymous_19)
FN:339,(anonymous_20)
FN:347,(anonymous_21)
FN:363,(anonymous_22)
FN:386,(anonymous_23)
FN:405,(anonymous_24)
FN:422,(anonymous_25)
FN:450,(anonymous_26)
FN:474,(anonymous_27)
FN:491,(anonymous_28)
FN:500,(anonymous_29)
FN:521,(anonymous_30)
FN:538,(anonymous_31)
FN:541,(anonymous_32)
FN:553,(anonymous_33)
FN:585,(anonymous_34)
FN:598,(anonymous_35)
FN:627,(anonymous_36)
FN:643,(anonymous_37)
FN:645,(anonymous_38)
FNF:39
FNH:0
FNDA:0,(anonymous_0)
FNDA:0,(anonymous_1)
FNDA:0,(anonymous_2)
FNDA:0,(anonymous_3)
FNDA:0,(anonymous_4)
FNDA:0,(anonymous_5)
FNDA:0,(anonymous_6)
FNDA:0,(anonymous_7)
FNDA:0,(anonymous_8)
FNDA:0,(anonymous_9)
FNDA:0,(anonymous_10)
FNDA:0,(anonymous_11)
FNDA:0,(anonymous_12)
FNDA:0,(anonymous_13)
FNDA:0,(anonymous_14)
FNDA:0,(anonymous_15)
FNDA:0,(anonymous_16)
FNDA:0,(anonymous_17)
FNDA:0,(anonymous_18)
FNDA:0,(anonymous_19)
FNDA:0,(anonymous_20)
FNDA:0,(anonymous_21)
FNDA:0,(anonymous_22)
FNDA:0,(anonymous_23)
FNDA:0,(anonymous_24)
FNDA:0,(anonymous_25)
FNDA:0,(anonymous_26)
FNDA:0,(anonymous_27)
FNDA:0,(anonymous_28)
FNDA:0,(anonymous_29)
FNDA:0,(anonymous_30)
FNDA:0,(anonymous_31)
FNDA:0,(anonymous_32)
FNDA:0,(anonymous_33)
FNDA:0,(anonymous_34)
FNDA:0,(anonymous_35)
FNDA:0,(anonymous_36)
FNDA:0,(anonymous_37)
FNDA:0,(anonymous_38)
DA:6,0
DA:7,0
DA:8,0
DA:31,0
DA:32,0
DA:33,0
DA:34,0
DA:36,0
DA:39,0
DA:41,0
DA:42,0
DA:49,0
DA:50,0
DA:51,0
DA:57,0
DA:64,0
DA:65,0
DA:72,0
DA:74,0
DA:76,0
DA:77,0
DA:80,0
DA:83,0
DA:84,0
DA:87,0
DA:89,0
DA:97,0
DA:99,0
DA:100,0
DA:101,0
DA:103,0
DA:107,0
DA:108,0
DA:111,0
DA:113,0
DA:114,0
DA:115,0
DA:116,0
DA:124,0
DA:128,0
DA:129,0
DA:130,0
DA:132,0
DA:143,0
DA:144,0
DA:145,0
DA:146,0
DA:149,0
DA:151,0
DA:152,0
DA:153,0
DA:156,0
DA:162,0
DA:163,0
DA:171,0
DA:172,0
DA:175,0
DA:176,0
DA:183,0
DA:184,0
DA:185,0
DA:192,0
DA:193,0
DA:196,0
DA:198,0
DA:199,0
DA:201,0
DA:208,0
DA:209,0
DA:210,0
DA:212,0
DA:214,0
DA:221,0
DA:223,0
DA:226,0
DA:229,0
DA:230,0
DA:234,0
DA:236,0
DA:240,0
DA:244,0
DA:245,0
DA:257,0
DA:258,0
DA:259,0
DA:264,0
DA:265,0
DA:267,0
DA:268,0
DA:270,0
DA:271,0
DA:272,0
DA:281,0
DA:288,0
DA:295,0
DA:296,0
DA:297,0
DA:303,0
DA:305,0
DA:308,0
DA:309,0
DA:318,0
DA:319,0
DA:320,0
DA:321,0
DA:322,0
DA:328,0
DA:329,0
DA:330,0
DA:331,0
DA:349,0
DA:350,0
DA:352,0
DA:353,0
DA:354,0
DA:357,0
DA:364,0
DA:365,0
DA:366,0
DA:373,0
DA:376,0
DA:380,0
DA:387,0
DA:388,0
DA:390,0
DA:391,0
DA:392,0
DA:393,0
DA:394,0
DA:399,0
DA:406,0
DA:424,0
DA:425,0
DA:429,0
DA:430,0
DA:431,0
DA:436,0
DA:438,0
DA:439,0
DA:444,0
DA:452,0
DA:453,0
DA:456,0
DA:457,0
DA:460,0
DA:461,0
DA:464,0
DA:465,0
DA:466,0
DA:467,0
DA:468,0
DA:476,0
DA:479,0
DA:480,0
DA:481,0
DA:482,0
DA:485,0
DA:493,0
DA:494,0
DA:501,0
DA:504,0
DA:505,0
DA:506,0
DA:508,0
DA:514,0
DA:515,0
DA:527,0
DA:539,0
DA:541,0
DA:554,0
DA:555,0
DA:556,0
DA:557,0
DA:561,0
DA:562,0
DA:563,0
DA:564,0
DA:568,0
DA:569,0
DA:570,0
DA:571,0
DA:575,0
DA:576,0
DA:577,0
DA:578,0
DA:586,0
DA:587,0
DA:588,0
DA:589,0
DA:590,0
DA:591,0
DA:592,0
DA:599,0
DA:601,0
DA:602,0
DA:605,0
DA:606,0
DA:609,0
DA:610,0
DA:613,0
DA:614,0
DA:618,0
DA:619,0
DA:620,0
DA:621,0
DA:622,0
DA:626,0
DA:627,0
DA:630,0
DA:631,0
DA:634,0
DA:645,0
DA:646,0
DA:648,0
DA:651,0
DA:652,0
DA:653,0
DA:657,0
DA:658,0
DA:659,0
DA:660,0
LF:221
LH:0
BRDA:56,0,0,0
BRDA:74,1,0,0
BRDA:74,1,1,0
BRDA:74,2,0,0
BRDA:74,2,1,0
BRDA:100,3,0,0
BRDA:113,4,0,0
BRDA:113,4,1,0
BRDA:115,5,0,0
BRDA:141,6,0,0
BRDA:144,7,0,0
BRDA:182,8,0,0
BRDA:192,9,0,0
BRDA:192,10,0,0
BRDA:192,10,1,0
BRDA:198,11,0,0
BRDA:209,12,0,0
BRDA:209,13,0,0
BRDA:209,13,1,0
BRDA:229,14,0,0
BRDA:229,14,1,0
BRDA:229,15,0,0
BRDA:229,15,1,0
BRDA:258,16,0,0
BRDA:265,17,0,0
BRDA:265,17,1,0
BRDA:268,18,0,0
BRDA:270,19,0,0
BRDA:270,19,1,0
BRDA:288,20,0,0
BRDA:288,20,1,0
BRDA:294,21,0,0
BRDA:296,22,0,0
BRDA:296,22,1,0
BRDA:296,23,0,0
BRDA:296,23,1,0
BRDA:320,24,0,0
BRDA:329,25,0,0
BRDA:357,26,0,0
BRDA:357,26,1,0
BRDA:365,27,0,0
BRDA:365,28,0,0
BRDA:365,28,1,0
BRDA:392,29,0,0
BRDA:399,30,0,0
BRDA:399,30,1,0
BRDA:424,31,0,0
BRDA:429,32,0,0
BRDA:479,33,0,0
BRDA:505,34,0,0
BRDA:505,35,0,0
BRDA:505,35,1,0
BRDA:554,36,0,0
BRDA:561,37,0,0
BRDA:568,38,0,0
BRDA:575,39,0,0
BRDA:576,40,0,0
BRDA:576,40,1,0
BRDA:577,41,0,0
BRDA:577,41,1,0
BRDA:578,42,0,0
BRDA:578,42,1,0
BRDA:601,43,0,0
BRDA:605,44,0,0
BRDA:609,45,0,0
BRDA:613,46,0,0
BRDA:613,47,0,0
BRDA:613,47,1,0
BRDA:630,48,0,0
BRDA:651,49,0,0
BRF:70
BRH:0
end_of_record
TN:
SF:src/core/OrganismCore.ts
FN:38,(anonymous_1)
FN:77,(anonymous_2)
FN:79,(anonymous_3)
FN:85,(anonymous_4)
FN:95,(anonymous_5)
FN:111,(anonymous_6)
FN:123,(anonymous_7)
FN:142,(anonymous_8)
FN:146,(anonymous_9)
FN:150,(anonymous_10)
FN:154,(anonymous_11)
FN:163,(anonymous_12)
FN:167,(anonymous_13)
FN:174,(anonymous_14)
FN:204,(anonymous_15)
FN:224,(anonymous_16)
FN:246,(anonymous_17)
FN:267,(anonymous_18)
FN:287,(anonymous_19)
FN:303,(anonymous_20)
FN:325,(anonymous_21)
FN:336,(anonymous_22)
FN:365,(anonymous_23)
FN:379,(anonymous_24)
FN:393,(anonymous_25)
FN:412,(anonymous_26)
FN:422,(anonymous_27)
FN:427,(anonymous_28)
FN:447,(anonymous_29)
FN:455,(anonymous_30)
FN:462,(anonymous_31)
FN:476,(anonymous_32)
FNF:32
FNH:0
FNDA:0,(anonymous_1)
FNDA:0,(anonymous_2)
FNDA:0,(anonymous_3)
FNDA:0,(anonymous_4)
FNDA:0,(anonymous_5)
FNDA:0,(anonymous_6)
FNDA:0,(anonymous_7)
FNDA:0,(anonymous_8)
FNDA:0,(anonymous_9)
FNDA:0,(anonymous_10)
FNDA:0,(anonymous_11)
FNDA:0,(anonymous_12)
FNDA:0,(anonymous_13)
FNDA:0,(anonymous_14)
FNDA:0,(anonymous_15)
FNDA:0,(anonymous_16)
FNDA:0,(anonymous_17)
FNDA:0,(anonymous_18)
FNDA:0,(anonymous_19)
FNDA:0,(anonymous_20)
FNDA:0,(anonymous_21)
FNDA:0,(anonymous_22)
FNDA:0,(anonymous_23)
FNDA:0,(anonymous_24)
FNDA:0,(anonymous_25)
FNDA:0,(anonymous_26)
FNDA:0,(anonymous_27)
FNDA:0,(anonymous_28)
FNDA:0,(anonymous_29)
FNDA:0,(anonymous_30)
FNDA:0,(anonymous_31)
FNDA:0,(anonymous_32)
DA:8,0
DA:9,0
DA:10,0
DA:11,0
DA:13,0
DA:14,0
DA:15,0
DA:16,0
DA:23,0
DA:26,0
DA:27,0
DA:44,0
DA:45,0
DA:46,0
DA:49,0
DA:50,0
DA:51,0
DA:54,0
DA:55,0
DA:58,0
DA:59,0
DA:62,0
DA:63,0
DA:66,0
DA:67,0
DA:70,0
DA:71,0
DA:79,0
DA:80,0
DA:82,0
DA:85,0
DA:86,0
DA:87,0
DA:97,0
DA:98,0
DA:99,0
DA:101,0
DA:112,0
DA:114,0
DA:115,0
DA:118,0
DA:119,0
DA:122,0
DA:123,0
DA:124,0
DA:125,0
DA:130,0
DA:143,0
DA:147,0
DA:151,0
DA:155,0
DA:156,0
DA:159,0
DA:160,0
DA:164,0
DA:168,0
DA:175,0
DA:176,0
DA:177,0
DA:178,0
DA:180,0
DA:182,0
DA:183,0
DA:184,0
DA:186,0
DA:187,0
DA:188,0
DA:190,0
DA:196,0
DA:197,0
DA:205,0
DA:206,0
DA:207,0
DA:209,0
DA:211,0
DA:212,0
DA:214,0
DA:215,0
DA:218,0
DA:225,0
DA:226,0
DA:227,0
DA:229,0
DA:232,0
DA:240,0
DA:247,0
DA:248,0
DA:250,0
DA:268,0
DA:270,0
DA:288,0
DA:304,0
DA:305,0
DA:308,0
DA:309,0
DA:312,0
DA:313,0
DA:316,0
DA:317,0
DA:319,0
DA:326,0
DA:327,0
DA:328,0
DA:330,0
DA:337,0
DA:339,0
DA:340,0
DA:343,0
DA:344,0
DA:347,0
DA:348,0
DA:349,0
DA:352,0
DA:367,0
DA:368,0
DA:369,0
DA:371,0
DA:372,0
DA:380,0
DA:381,0
DA:382,0
DA:383,0
DA:385,0
DA:386,0
DA:395,0
DA:398,0
DA:401,0
DA:404,0
DA:405,0
DA:413,0
DA:416,0
DA:423,0
DA:424,0
DA:427,0
DA:428,0
DA:429,0
DA:430,0
DA:431,0
DA:432,0
DA:437,0
DA:438,0
DA:439,0
DA:440,0
DA:448,0
DA:449,0
DA:456,0
DA:463,0
DA:465,0
DA:477,0
DA:478,0
DA:480,0
LF:151
LH:0
BRDA:45,0,0,0
BRDA:62,1,0,0
BRDA:62,1,1,0
BRDA:86,2,0,0
BRDA:86,3,0,0
BRDA:86,3,1,0
BRDA:114,4,0,0
BRDA:114,5,0,0
BRDA:114,5,1,0
BRDA:118,6,0,0
BRDA:118,7,0,0
BRDA:118,7,1,0
BRDA:122,8,0,0
BRDA:124,9,0,0
BRDA:124,10,0,0
BRDA:124,10,1,0
BRDA:124,10,2,0
BRDA:155,11,0,0
BRDA:176,12,0,0
BRDA:186,13,0,0
BRDA:186,14,0,0
BRDA:186,14,1,0
BRDA:206,15,0,0
BRDA:212,16,0,0
BRDA:226,17,0,0
BRDA:289,18,0,0
BRDA:289,18,1,0
BRDA:293,19,0,0
BRDA:293,19,1,0
BRDA:294,20,0,0
BRDA:294,20,1,0
BRDA:304,21,0,0
BRDA:304,22,0,0
BRDA:304,22,1,0
BRDA:308,23,0,0
BRDA:308,24,0,0
BRDA:308,24,1,0
BRDA:312,25,0,0
BRDA:316,26,0,0
BRDA:316,26,1,0
BRDA:317,27,0,0
BRDA:317,27,1,0
BRDA:339,28,0,0
BRDA:343,29,0,0
BRDA:348,30,0,0
BRDA:393,31,0,0
BRDA:404,32,0,0
BRDA:422,33,0,0
BRDA:428,34,0,0
BRDA:437,35,0,0
BRDA:447,36,0,0
BRDA:468,37,0,0
BRDA:468,37,1,0
BRDA:469,38,0,0
BRDA:469,38,1,0
BRDA:483,39,0,0
BRDA:483,39,1,0
BRF:57
BRH:0
end_of_record
TN:
SF:src/core/PatternDetector.ts
FN:23,(anonymous_0)
FN:27,(anonymous_1)
FN:28,(anonymous_2)
FN:34,(anonymous_3)
FN:55,(anonymous_4)
FN:76,(anonymous_5)
FN:82,(anonymous_6)
FN:83,(anonymous_7)
FNF:8
FNH:0
FNDA:0,(anonymous_0)
FNDA:0,(anonymous_1)
FNDA:0,(anonymous_2)
FNDA:0,(anonymous_3)
FNDA:0,(anonymous_4)
FNDA:0,(anonymous_5)
FNDA:0,(anonymous_6)
FNDA:0,(anonymous_7)
DA:19,0
DA:24,0
DA:25,0
DA:26,0
DA:27,0
DA:28,0
DA:35,0
DA:36,0
DA:37,0
DA:38,0
DA:39,0
DA:40,0
DA:41,0
DA:42,0
DA:43,0
DA:46,0
DA:47,0
DA:49,0
DA:56,0
DA:57,0
DA:58,0
DA:59,0
DA:60,0
DA:61,0
DA:62,0
DA:64,0
DA:67,0
DA:68,0
DA:70,0
DA:77,0
DA:78,0
DA:79,0
DA:80,0
DA:82,0
DA:83,0
DA:84,0
DA:85,0
DA:86,0
DA:88,0
LF:39
LH:0
BRDA:23,0,0,0
BRDA:25,1,0,0
BRDA:25,1,1,0
BRDA:34,2,0,0
BRDA:38,3,0,0
BRDA:38,3,1,0
BRDA:38,4,0,0
BRDA:38,4,1,0
BRDA:38,4,2,0
BRDA:41,5,0,0
BRDA:46,6,0,0
BRDA:55,7,0,0
BRDA:55,8,0,0
BRDA:56,9,0,0
BRDA:60,10,0,0
BRDA:60,10,1,0
BRDA:67,11,0,0
BRDA:76,12,0,0
BRDA:76,13,0,0
BRDA:77,14,0,0
BRDA:85,15,0,0
BRDA:85,16,0,0
BRDA:85,16,1,0
BRF:23
BRH:0
end_of_record
TN:
SF:src/core/PerceptionEngine.ts
FN:11,(anonymous_0)
FN:18,(anonymous_1)
FN:25,(anonymous_2)
FN:37,(anonymous_3)
FN:44,(anonymous_4)
FN:51,(anonymous_5)
FNF:6
FNH:0
FNDA:0,(anonymous_0)
FNDA:0,(anonymous_1)
FNDA:0,(anonymous_2)
FNDA:0,(anonymous_3)
FNDA:0,(anonymous_4)
FNDA:0,(anonymous_5)
DA:11,0
DA:12,0
DA:13,0
DA:19,0
DA:26,0
DA:27,0
DA:28,0
DA:30,0
DA:31,0
DA:38,0
DA:45,0
DA:52,0
LF:12
LH:0
BRF:0
BRH:0
end_of_record
TN:
SF:src/core/PluginManager.ts
FN:17,(anonymous_0)
FN:21,(anonymous_1)
FN:22,(anonymous_2)
FN:25,(anonymous_3)
FN:26,(anonymous_4)
FNF:5
FNH:1
FNDA:1,(anonymous_0)
FNDA:0,(anonymous_1)
FNDA:0,(anonymous_2)
FNDA:0,(anonymous_3)
FNDA:0,(anonymous_4)
DA:14,1
DA:15,1
DA:18,1
DA:22,0
DA:26,0
LF:5
LH:3
BRDA:22,0,0,0
BRDA:22,0,1,0
BRF:2
BRH:0
end_of_record
TN:
SF:src/core/SensoryNetwork.ts
FN:17,(anonymous_0)
FN:23,(anonymous_1)
FN:31,(anonymous_2)
FN:46,(anonymous_3)
FN:57,(anonymous_4)
FN:68,(anonymous_5)
FN:78,(anonymous_6)
FNF:7
FNH:0
FNDA:0,(anonymous_0)
FNDA:0,(anonymous_1)
FNDA:0,(anonymous_2)
FNDA:0,(anonymous_3)
FNDA:0,(anonymous_4)
FNDA:0,(anonymous_5)
FNDA:0,(anonymous_6)
DA:1,0
DA:17,0
DA:18,0
DA:24,0
DA:25,0
DA:32,0
DA:33,0
DA:35,0
DA:37,0
DA:38,0
DA:39,0
DA:40,0
DA:47,0
DA:48,0
DA:49,0
DA:51,0
DA:58,0
DA:59,0
DA:60,0
DA:61,0
DA:62,0
DA:69,0
DA:70,0
DA:71,0
DA:72,0
DA:79,0
LF:26
LH:0
BRDA:23,0,0,0
BRDA:23,1,0,0
BRDA:23,2,0,0
BRDA:24,3,0,0
BRDA:33,4,0,0
BRDA:59,5,0,0
BRDA:62,6,0,0
BRF:7
BRH:0
end_of_record
TN:
SF:src/core/SynapticRouter.ts
FN:7,(anonymous_0)
FN:16,(anonymous_1)
FN:19,(anonymous_2)
FN:31,(anonymous_3)
FN:41,(anonymous_4)
FN:50,(anonymous_5)
FN:60,(anonymous_6)
FNF:7
FNH:0
FNDA:0,(anonymous_0)
FNDA:0,(anonymous_1)
FNDA:0,(anonymous_2)
FNDA:0,(anonymous_3)
FNDA:0,(anonymous_4)
FNDA:0,(anonymous_5)
FNDA:0,(anonymous_6)
DA:3,0
DA:8,0
DA:9,0
DA:17,0
DA:19,0
DA:20,0
DA:21,0
DA:24,0
DA:32,0
DA:33,0
DA:42,0
DA:51,0
DA:52,0
DA:53,0
DA:54,0
DA:62,0
LF:16
LH:0
BRDA:17,0,0,0
BRDA:51,1,0,0
BRDA:51,2,0,0
BRDA:51,2,1,0
BRDA:51,2,2,0
BRDA:53,3,0,0
BRF:6
BRH:0
end_of_record
TN:
SF:src/core/securityMonitor.ts
FN:7,logAccess
FN:19,resetAttempts
FNF:2
FNH:0
FNDA:0,logAccess
FNDA:0,resetAttempts
DA:1,0
DA:2,0
DA:4,0
DA:5,0
DA:7,0
DA:8,0
DA:9,0
DA:10,0
DA:11,0
DA:12,0
DA:14,0
DA:19,0
DA:20,0
LF:13
LH:0
BRDA:10,0,0,0
BRDA:11,1,0,0
BRDA:11,1,1,0
BRDA:12,2,0,0
BRF:4
BRH:0
end_of_record
TN:
SF:src/core/factories/OrganismFactory.ts
FN:14,(anonymous_0)
FN:18,(anonymous_1)
FN:28,(anonymous_2)
FNF:3
FNH:0
FNDA:0,(anonymous_0)
FNDA:0,(anonymous_1)
FNDA:0,(anonymous_2)
DA:11,0
DA:12,0
DA:15,0
DA:19,0
DA:20,0
DA:24,0
DA:25,0
DA:30,0
DA:31,0
LF:9
LH:0
BRDA:19,0,0,0
BRF:1
BRH:0
end_of_record
TN:
SF:src/core/messaging/MessageBus.ts
FN:12,isOrganismState
FN:21,isOrganismMutation
FN:27,isBehaviorData
FN:31,isMurmur
FN:37,isInvitationPayload
FN:42,isInvitationResult
FN:48,validatePayload
FN:78,serializeMessage
FN:91,cleanObjectForSerialization
FN:140,(anonymous_9)
FN:167,(anonymous_10)
FN:171,(anonymous_11)
FN:173,(anonymous_12)
FN:182,(anonymous_13)
FN:183,(anonymous_14)
FN:186,(anonymous_15)
FN:198,(anonymous_16)
FN:205,(anonymous_17)
FN:234,(anonymous_18)
FN:241,(anonymous_19)
FN:248,(anonymous_20)
FN:252,(anonymous_21)
FN:256,(anonymous_22)
FN:260,(anonymous_23)
FN:280,(anonymous_24)
FN:284,(anonymous_25)
FN:290,(anonymous_26)
FN:298,(anonymous_27)
FN:302,(anonymous_28)
FN:306,(anonymous_29)
FN:311,(anonymous_30)
FN:317,(anonymous_31)
FN:324,(anonymous_32)
FNF:33
FNH:0
FNDA:0,isOrganismState
FNDA:0,isOrganismMutation
FNDA:0,isBehaviorData
FNDA:0,isMurmur
FNDA:0,isInvitationPayload
FNDA:0,isInvitationResult
FNDA:0,validatePayload
FNDA:0,serializeMessage
FNDA:0,cleanObjectForSerialization
FNDA:0,(anonymous_9)
FNDA:0,(anonymous_10)
FNDA:0,(anonymous_11)
FNDA:0,(anonymous_12)
FNDA:0,(anonymous_13)
FNDA:0,(anonymous_14)
FNDA:0,(anonymous_15)
FNDA:0,(anonymous_16)
FNDA:0,(anonymous_17)
FNDA:0,(anonymous_18)
FNDA:0,(anonymous_19)
FNDA:0,(anonymous_20)
FNDA:0,(anonymous_21)
FNDA:0,(anonymous_22)
FNDA:0,(anonymous_23)
FNDA:0,(anonymous_24)
FNDA:0,(anonymous_25)
FNDA:0,(anonymous_26)
FNDA:0,(anonymous_27)
FNDA:0,(anonymous_28)
FNDA:0,(anonymous_29)
FNDA:0,(anonymous_30)
FNDA:0,(anonymous_31)
FNDA:0,(anonymous_32)
DA:1,0
DA:5,0
DA:6,0
DA:7,0
DA:13,0
DA:22,0
DA:28,0
DA:32,0
DA:38,0
DA:43,0
DA:49,0
DA:51,0
DA:53,0
DA:56,0
DA:58,0
DA:62,0
DA:64,0
DA:67,0
DA:70,0
DA:73,0
DA:79,0
DA:81,0
DA:83,0
DA:86,0
DA:87,0
DA:92,0
DA:93,0
DA:96,0
DA:97,0
DA:100,0
DA:101,0
DA:104,0
DA:105,0
DA:113,0
DA:126,0
DA:129,0
DA:130,0
DA:134,0
DA:135,0
DA:137,0
DA:139,0
DA:140,0
DA:144,0
DA:146,0
DA:147,0
DA:148,0
DA:149,0
DA:152,0
DA:157,0
DA:160,0
DA:161,0
DA:162,0
DA:163,0
DA:164,0
DA:165,0
DA:167,0
DA:168,0
DA:173,0
DA:174,0
DA:175,0
DA:176,0
DA:178,0
DA:183,0
DA:187,0
DA:188,0
DA:189,0
DA:190,0
DA:191,0
DA:193,0
DA:199,0
DA:200,0
DA:201,0
DA:207,0
DA:208,0
DA:209,0
DA:213,0
DA:214,0
DA:215,0
DA:217,0
DA:222,0
DA:223,0
DA:224,0
DA:225,0
DA:226,0
DA:228,0
DA:235,0
DA:236,0
DA:238,0
DA:242,0
DA:243,0
DA:244,0
DA:249,0
DA:253,0
DA:257,0
DA:261,0
DA:268,0
DA:270,0
DA:272,0
DA:274,0
DA:275,0
DA:278,0
DA:280,0
DA:281,0
DA:282,0
DA:283,0
DA:284,0
DA:290,0
DA:293,0
DA:299,0
DA:304,0
DA:305,0
DA:306,0
DA:313,0
DA:319,0
DA:320,0
DA:326,0
DA:330,0
DA:331,0
LF:118
LH:0
BRDA:13,0,0,0
BRDA:13,0,1,0
BRDA:13,0,2,0
BRDA:13,0,3,0
BRDA:13,0,4,0
BRDA:13,0,5,0
BRDA:13,0,6,0
BRDA:13,0,7,0
BRDA:13,0,8,0
BRDA:13,0,9,0
BRDA:13,0,10,0
BRDA:13,0,11,0
BRDA:22,1,0,0
BRDA:22,1,1,0
BRDA:22,1,2,0
BRDA:22,1,3,0
BRDA:22,1,4,0
BRDA:22,1,5,0
BRDA:28,2,0,0
BRDA:28,2,1,0
BRDA:28,2,2,0
BRDA:32,3,0,0
BRDA:32,3,1,0
BRDA:32,3,2,0
BRDA:32,3,3,0
BRDA:32,3,4,0
BRDA:32,3,5,0
BRDA:38,4,0,0
BRDA:38,4,1,0
BRDA:38,4,2,0
BRDA:38,4,3,0
BRDA:43,5,0,0
BRDA:43,5,1,0
BRDA:43,5,2,0
BRDA:43,5,3,0
BRDA:43,5,4,0
BRDA:43,5,5,0
BRDA:49,6,0,0
BRDA:49,6,1,0
BRDA:49,6,2,0
BRDA:49,6,3,0
BRDA:49,6,4,0
BRDA:49,6,5,0
BRDA:49,6,6,0
BRDA:49,6,7,0
BRDA:49,6,8,0
BRDA:49,6,9,0
BRDA:49,6,10,0
BRDA:49,6,11,0
BRDA:49,6,12,0
BRDA:64,7,0,0
BRDA:64,7,1,0
BRDA:70,8,0,0
BRDA:70,8,1,0
BRDA:70,8,2,0
BRDA:91,9,0,0
BRDA:92,10,0,0
BRDA:92,11,0,0
BRDA:92,11,1,0
BRDA:96,12,0,0
BRDA:100,13,0,0
BRDA:104,14,0,0
BRDA:113,15,0,0
BRDA:113,16,0,0
BRDA:113,16,1,0
BRDA:113,16,2,0
BRDA:113,16,3,0
BRDA:113,16,4,0
BRDA:113,16,5,0
BRDA:113,16,6,0
BRDA:113,16,7,0
BRDA:113,16,8,0
BRDA:113,16,9,0
BRDA:113,16,10,0
BRDA:113,16,11,0
BRDA:113,16,12,0
BRDA:113,16,13,0
BRDA:113,16,14,0
BRDA:113,16,15,0
BRDA:113,16,16,0
BRDA:113,16,17,0
BRDA:113,16,18,0
BRDA:129,17,0,0
BRDA:134,18,0,0
BRDA:139,19,0,0
BRDA:147,20,0,0
BRDA:174,21,0,0
BRDA:188,22,0,0
BRDA:207,23,0,0
BRDA:223,24,0,0
BRDA:235,25,0,0
BRDA:243,26,0,0
BRDA:274,27,0,0
BRDA:274,27,1,0
BRDA:280,28,0,0
BRDA:280,28,1,0
BRDA:280,28,2,0
BRDA:283,29,0,0
BRDA:305,30,0,0
BRF:99
BRH:0
end_of_record
TN:
SF:src/core/messaging/MessageTypes.ts
FN:2,(anonymous_0)
FNF:1
FNH:0
FNDA:0,(anonymous_0)
DA:2,0
LF:1
LH:0
BRDA:2,0,0,0
BRDA:2,0,1,0
BRF:2
BRH:0
end_of_record
TN:
SF:src/core/messaging/MessageValidator.ts
FN:2,validateMessage
FNF:1
FNH:0
FNDA:0,validateMessage
DA:2,0
LF:1
LH:0
BRF:0
BRH:0
end_of_record
TN:
SF:src/core/messaging/SynapticRouter.ts
FN:6,(anonymous_0)
FN:23,(anonymous_1)
FN:29,(anonymous_2)
FN:36,(anonymous_3)
FN:56,(anonymous_4)
FN:58,(anonymous_5)
FN:60,(anonymous_6)
FN:62,(anonymous_7)
FN:64,(anonymous_8)
FN:67,(anonymous_9)
FN:71,(anonymous_10)
FN:76,(anonymous_11)
FNF:12
FNH:0
FNDA:0,(anonymous_0)
FNDA:0,(anonymous_1)
FNDA:0,(anonymous_2)
FNDA:0,(anonymous_3)
FNDA:0,(anonymous_4)
FNDA:0,(anonymous_5)
FNDA:0,(anonymous_6)
FNDA:0,(anonymous_7)
FNDA:0,(anonymous_8)
FNDA:0,(anonymous_9)
FNDA:0,(anonymous_10)
FNDA:0,(anonymous_11)
DA:1,0
DA:2,0
DA:13,0
DA:18,0
DA:20,0
DA:21,0
DA:24,0
DA:25,0
DA:26,0
DA:30,0
DA:31,0
DA:33,0
DA:37,0
DA:40,0
DA:42,0
DA:43,0
DA:44,0
DA:48,0
DA:51,0
DA:53,0
DA:58,0
DA:60,0
DA:62,0
DA:68,0
DA:72,0
DA:77,0
LF:26
LH:0
BRDA:30,0,0,0
BRDA:42,1,0,0
BRF:2
BRH:0
end_of_record
TN:
SF:src/core/neural/NeuralMesh.ts
FN:25,(anonymous_0)
FN:32,(anonymous_1)
FN:40,(anonymous_2)
FN:48,(anonymous_3)
FN:57,(anonymous_4)
FN:63,(anonymous_5)
FN:79,(anonymous_6)
FN:94,(anonymous_7)
FN:110,(anonymous_8)
FN:119,(anonymous_9)
FN:128,(anonymous_10)
FN:135,(anonymous_11)
FN:145,(anonymous_12)
FN:154,(anonymous_13)
FN:155,(anonymous_14)
FNF:15
FNH:0
FNDA:0,(anonymous_0)
FNDA:0,(anonymous_1)
FNDA:0,(anonymous_2)
FNDA:0,(anonymous_3)
FNDA:0,(anonymous_4)
FNDA:0,(anonymous_5)
FNDA:0,(anonymous_6)
FNDA:0,(anonymous_7)
FNDA:0,(anonymous_8)
FNDA:0,(anonymous_9)
FNDA:0,(anonymous_10)
FNDA:0,(anonymous_11)
FNDA:0,(anonymous_12)
FNDA:0,(anonymous_13)
FNDA:0,(anonymous_14)
DA:1,0
DA:25,0
DA:26,0
DA:27,0
DA:33,0
DA:34,0
DA:41,0
DA:42,0
DA:49,0
DA:50,0
DA:51,0
DA:59,0
DA:60,0
DA:61,0
DA:62,0
DA:63,0
DA:64,0
DA:65,0
DA:67,0
DA:70,0
DA:71,0
DA:72,0
DA:80,0
DA:82,0
DA:83,0
DA:84,0
DA:85,0
DA:86,0
DA:95,0
DA:96,0
DA:97,0
DA:100,0
DA:101,0
DA:102,0
DA:111,0
DA:112,0
DA:120,0
DA:121,0
DA:122,0
DA:129,0
DA:136,0
DA:146,0
DA:147,0
DA:155,0
LF:44
LH:0
BRDA:32,0,0,0
BRDA:33,1,0,0
BRDA:40,2,0,0
BRDA:40,3,0,0
BRDA:41,4,0,0
BRDA:41,5,0,0
BRDA:41,5,1,0
BRDA:50,6,0,0
BRDA:50,7,0,0
BRDA:50,7,1,0
BRDA:61,8,0,0
BRDA:65,9,0,0
BRDA:72,10,0,0
BRDA:79,11,0,0
BRDA:84,12,0,0
BRDA:84,13,0,0
BRDA:84,13,1,0
BRDA:94,14,0,0
BRDA:96,15,0,0
BRDA:101,16,0,0
BRDA:121,17,0,0
BRF:21
BRH:0
end_of_record
TN:
SF:src/core/services/EnergyService.ts
FN:33,(anonymous_0)
FN:55,(anonymous_1)
FN:58,(anonymous_2)
FN:66,(anonymous_3)
FN:76,(anonymous_4)
FN:109,(anonymous_5)
FN:131,(anonymous_6)
FN:151,(anonymous_7)
FN:170,(anonymous_8)
FN:178,(anonymous_9)
FN:185,(anonymous_10)
FN:192,(anonymous_11)
FN:199,(anonymous_12)
FN:206,(anonymous_13)
FN:213,(anonymous_14)
FN:220,(anonymous_15)
FN:227,(anonymous_16)
FN:234,(anonymous_17)
FN:242,(anonymous_18)
FN:247,(anonymous_19)
FN:253,(anonymous_20)
FN:260,(anonymous_21)
FN:269,(anonymous_22)
FN:270,(anonymous_23)
FN:272,(anonymous_24)
FN:273,(anonymous_25)
FN:289,(anonymous_26)
FN:296,(anonymous_27)
FN:306,(anonymous_28)
FN:308,(anonymous_29)
FN:316,(anonymous_30)
FN:335,(anonymous_31)
FN:353,(anonymous_32)
FNF:33
FNH:0
FNDA:0,(anonymous_0)
FNDA:0,(anonymous_1)
FNDA:0,(anonymous_2)
FNDA:0,(anonymous_3)
FNDA:0,(anonymous_4)
FNDA:0,(anonymous_5)
FNDA:0,(anonymous_6)
FNDA:0,(anonymous_7)
FNDA:0,(anonymous_8)
FNDA:0,(anonymous_9)
FNDA:0,(anonymous_10)
FNDA:0,(anonymous_11)
FNDA:0,(anonymous_12)
FNDA:0,(anonymous_13)
FNDA:0,(anonymous_14)
FNDA:0,(anonymous_15)
FNDA:0,(anonymous_16)
FNDA:0,(anonymous_17)
FNDA:0,(anonymous_18)
FNDA:0,(anonymous_19)
FNDA:0,(anonymous_20)
FNDA:0,(anonymous_21)
FNDA:0,(anonymous_22)
FNDA:0,(anonymous_23)
FNDA:0,(anonymous_24)
FNDA:0,(anonymous_25)
FNDA:0,(anonymous_26)
FNDA:0,(anonymous_27)
FNDA:0,(anonymous_28)
FNDA:0,(anonymous_29)
FNDA:0,(anonymous_30)
FNDA:0,(anonymous_31)
FNDA:0,(anonymous_32)
DA:6,0
DA:24,0
DA:30,0
DA:31,0
DA:34,0
DA:42,0
DA:43,0
DA:44,0
DA:47,0
DA:49,0
DA:56,0
DA:58,0
DA:59,0
DA:67,0
DA:68,0
DA:69,0
DA:77,0
DA:79,0
DA:80,0
DA:81,0
DA:83,0
DA:91,0
DA:92,0
DA:93,0
DA:95,0
DA:110,0
DA:111,0
DA:113,0
DA:114,0
DA:116,0
DA:125,0
DA:132,0
DA:133,0
DA:134,0
DA:136,0
DA:145,0
DA:152,0
DA:154,0
DA:155,0
DA:157,0
DA:171,0
DA:172,0
DA:179,0
DA:186,0
DA:193,0
DA:200,0
DA:207,0
DA:214,0
DA:221,0
DA:228,0
DA:235,0
DA:236,0
DA:244,0
DA:247,0
DA:254,0
DA:269,0
DA:270,0
DA:272,0
DA:273,0
DA:275,0
DA:290,0
DA:297,0
DA:298,0
DA:299,0
DA:307,0
DA:308,0
DA:309,0
DA:310,0
DA:323,0
DA:342,0
DA:343,0
DA:344,0
DA:345,0
DA:346,0
DA:347,0
DA:354,0
DA:355,0
DA:356,0
LF:78
LH:0
BRDA:33,0,0,0
BRDA:56,1,0,0
BRDA:67,2,0,0
BRDA:79,3,0,0
BRDA:79,3,1,0
BRDA:79,4,0,0
BRDA:79,4,1,0
BRDA:91,5,0,0
BRDA:109,6,0,0
BRDA:110,7,0,0
BRDA:111,8,0,0
BRDA:131,9,0,0
BRDA:151,10,0,0
BRDA:152,11,0,0
BRDA:171,12,0,0
BRDA:171,12,1,0
BRDA:253,13,0,0
BRDA:270,14,0,0
BRDA:270,14,1,0
BRDA:298,15,0,0
BRDA:306,16,0,0
BRF:21
BRH:0
end_of_record
TN:
SF:src/core/services/FeatureFlagService.ts
FN:28,(anonymous_0)
FN:34,(anonymous_1)
FN:44,(anonymous_2)
FN:69,(anonymous_3)
FN:136,(anonymous_4)
FN:138,(anonymous_5)
FN:147,(anonymous_6)
FN:160,(anonymous_7)
FN:173,(anonymous_8)
FN:193,(anonymous_9)
FN:203,(anonymous_10)
FN:215,(anonymous_11)
FN:222,(anonymous_12)
FN:225,(anonymous_13)
FN:238,(anonymous_14)
FN:245,(anonymous_15)
FN:252,(anonymous_16)
FN:259,(anonymous_17)
FN:274,(anonymous_18)
FN:283,(anonymous_19)
FN:300,(anonymous_20)
FN:307,(anonymous_21)
FN:316,(anonymous_22)
FN:324,(anonymous_23)
FNF:24
FNH:0
FNDA:0,(anonymous_0)
FNDA:0,(anonymous_1)
FNDA:0,(anonymous_2)
FNDA:0,(anonymous_3)
FNDA:0,(anonymous_4)
FNDA:0,(anonymous_5)
FNDA:0,(anonymous_6)
FNDA:0,(anonymous_7)
FNDA:0,(anonymous_8)
FNDA:0,(anonymous_9)
FNDA:0,(anonymous_10)
FNDA:0,(anonymous_11)
FNDA:0,(anonymous_12)
FNDA:0,(anonymous_13)
FNDA:0,(anonymous_14)
FNDA:0,(anonymous_15)
FNDA:0,(anonymous_16)
FNDA:0,(anonymous_17)
FNDA:0,(anonymous_18)
FNDA:0,(anonymous_19)
FNDA:0,(anonymous_20)
FNDA:0,(anonymous_21)
FNDA:0,(anonymous_22)
FNDA:0,(anonymous_23)
DA:1,0
DA:26,0
DA:29,0
DA:30,0
DA:31,0
DA:35,0
DA:36,0
DA:38,0
DA:46,0
DA:47,0
DA:48,0
DA:49,0
DA:52,0
DA:53,0
DA:54,0
DA:55,0
DA:56,0
DA:58,0
DA:63,0
DA:70,0
DA:83,0
DA:85,0
DA:99,0
DA:114,0
DA:129,0
DA:138,0
DA:139,0
DA:140,0
DA:141,0
DA:146,0
DA:147,0
DA:148,0
DA:149,0
DA:150,0
DA:151,0
DA:162,0
DA:163,0
DA:167,0
DA:174,0
DA:175,0
DA:176,0
DA:179,0
DA:182,0
DA:183,0
DA:184,0
DA:187,0
DA:194,0
DA:195,0
DA:196,0
DA:199,0
DA:202,0
DA:203,0
DA:204,0
DA:205,0
DA:209,0
DA:216,0
DA:223,0
DA:225,0
DA:226,0
DA:229,0
DA:239,0
DA:246,0
DA:253,0
DA:267,0
DA:268,0
DA:275,0
DA:276,0
DA:284,0
DA:285,0
DA:288,0
DA:289,0
DA:290,0
DA:292,0
DA:294,0
DA:301,0
DA:308,0
DA:309,0
DA:310,0
DA:317,0
DA:319,0
DA:324,0
DA:325,0
DA:328,0
DA:329,0
DA:336,0
LF:85
LH:0
BRDA:35,0,0,0
BRDA:47,1,0,0
BRDA:48,2,0,0
BRDA:49,3,0,0
BRDA:52,4,0,0
BRDA:54,5,0,0
BRDA:55,6,0,0
BRDA:55,7,0,0
BRDA:55,7,1,0
BRDA:56,8,0,0
BRDA:58,9,0,0
BRDA:58,9,1,0
BRDA:83,10,0,0
BRDA:83,10,1,0
BRDA:83,10,2,0
BRDA:83,10,3,0
BRDA:140,11,0,0
BRDA:146,12,0,0
BRDA:146,13,0,0
BRDA:146,13,1,0
BRDA:150,14,0,0
BRDA:162,15,0,0
BRDA:174,16,0,0
BRDA:182,17,0,0
BRDA:194,18,0,0
BRDA:202,19,0,0
BRDA:267,20,0,0
BRDA:267,20,1,0
BRDA:275,21,0,0
BRDA:284,22,0,0
BRDA:301,23,0,0
BRDA:301,23,1,0
BRDA:309,24,0,0
BRDA:317,25,0,0
BRDA:328,26,0,0
BRF:35
BRH:0
end_of_record
TN:
SF:src/core/services/NeuralService.ts
FN:30,(anonymous_0)
FN:37,(anonymous_1)
FN:75,(anonymous_2)
FN:86,(anonymous_3)
FN:110,(anonymous_4)
FN:132,(anonymous_5)
FN:139,(anonymous_6)
FN:179,(anonymous_7)
FN:186,(anonymous_8)
FN:201,(anonymous_9)
FN:219,(anonymous_10)
FN:231,(anonymous_11)
FN:244,(anonymous_12)
FN:257,(anonymous_13)
FN:270,(anonymous_14)
FN:303,(anonymous_15)
FN:310,(anonymous_16)
FN:317,(anonymous_17)
FN:325,(anonymous_18)
FN:335,(anonymous_19)
FN:342,(anonymous_20)
FNF:21
FNH:0
FNDA:0,(anonymous_0)
FNDA:0,(anonymous_1)
FNDA:0,(anonymous_2)
FNDA:0,(anonymous_3)
FNDA:0,(anonymous_4)
FNDA:0,(anonymous_5)
FNDA:0,(anonymous_6)
FNDA:0,(anonymous_7)
FNDA:0,(anonymous_8)
FNDA:0,(anonymous_9)
FNDA:0,(anonymous_10)
FNDA:0,(anonymous_11)
FNDA:0,(anonymous_12)
FNDA:0,(anonymous_13)
FNDA:0,(anonymous_14)
FNDA:0,(anonymous_15)
FNDA:0,(anonymous_16)
FNDA:0,(anonymous_17)
FNDA:0,(anonymous_18)
FNDA:0,(anonymous_19)
FNDA:0,(anonymous_20)
DA:8,0
DA:25,0
DA:27,0
DA:28,0
DA:31,0
DA:38,0
DA:40,0
DA:42,0
DA:45,0
DA:50,0
DA:52,0
DA:54,0
DA:61,0
DA:63,0
DA:76,0
DA:78,0
DA:79,0
DA:87,0
DA:89,0
DA:91,0
DA:92,0
DA:93,0
DA:94,0
DA:95,0
DA:96,0
DA:99,0
DA:104,0
DA:112,0
DA:113,0
DA:121,0
DA:133,0
DA:136,0
DA:138,0
DA:139,0
DA:140,0
DA:142,0
DA:143,0
DA:144,0
DA:145,0
DA:151,0
DA:152,0
DA:154,0
DA:155,0
DA:156,0
DA:158,0
DA:159,0
DA:160,0
DA:162,0
DA:163,0
DA:164,0
DA:166,0
DA:167,0
DA:168,0
DA:173,0
DA:180,0
DA:187,0
DA:188,0
DA:189,0
DA:191,0
DA:193,0
DA:194,0
DA:202,0
DA:203,0
DA:207,0
DA:208,0
DA:220,0
DA:221,0
DA:223,0
DA:224,0
DA:232,0
DA:233,0
DA:234,0
DA:236,0
DA:237,0
DA:245,0
DA:246,0
DA:247,0
DA:248,0
DA:250,0
DA:258,0
DA:259,0
DA:262,0
DA:263,0
DA:271,0
DA:273,0
DA:274,0
DA:277,0
DA:278,0
DA:281,0
DA:282,0
DA:283,0
DA:284,0
DA:287,0
DA:290,0
DA:304,0
DA:311,0
DA:319,0
DA:320,0
DA:322,0
DA:323,0
DA:324,0
DA:325,0
DA:326,0
DA:336,0
DA:343,0
LF:105
LH:0
BRDA:45,0,0,0
BRDA:45,0,1,0
BRDA:57,1,0,0
BRDA:57,1,1,0
BRDA:78,2,0,0
BRDA:87,3,0,0
BRDA:87,4,0,0
BRDA:87,4,1,0
BRDA:93,5,0,0
BRDA:95,6,0,0
BRDA:112,7,0,0
BRDA:112,8,0,0
BRDA:112,8,1,0
BRDA:114,9,0,0
BRDA:114,9,1,0
BRDA:115,10,0,0
BRDA:115,10,1,0
BRDA:116,11,0,0
BRDA:116,11,1,0
BRDA:136,12,0,0
BRDA:136,13,0,0
BRDA:136,13,1,0
BRDA:138,14,0,0
BRDA:140,15,0,0
BRDA:140,16,0,0
BRDA:140,16,1,0
BRDA:151,17,0,0
BRDA:152,18,0,0
BRDA:152,18,1,0
BRDA:152,18,2,0
BRDA:152,18,3,0
BRDA:188,19,0,0
BRDA:203,20,0,0
BRDA:203,20,1,0
BRDA:262,21,0,0
BRDA:273,22,0,0
BRDA:277,23,0,0
BRDA:283,24,0,0
BRDA:322,25,0,0
BRDA:322,25,1,0
BRDA:324,26,0,0
BRDA:324,27,0,0
BRDA:324,27,1,0
BRF:43
BRH:0
end_of_record
TN:
SF:src/core/services/OrganismEventService.ts
FN:32,(anonymous_0)
FN:43,(anonymous_1)
FN:53,(anonymous_2)
FN:79,(anonymous_3)
FN:101,(anonymous_4)
FN:116,(anonymous_5)
FN:137,(anonymous_6)
FN:149,(anonymous_7)
FN:161,(anonymous_8)
FN:252,(anonymous_9)
FN:256,(anonymous_10)
FN:270,(anonymous_11)
FN:279,(anonymous_12)
FN:284,(anonymous_13)
FNF:14
FNH:0
FNDA:0,(anonymous_0)
FNDA:0,(anonymous_1)
FNDA:0,(anonymous_2)
FNDA:0,(anonymous_3)
FNDA:0,(anonymous_4)
FNDA:0,(anonymous_5)
FNDA:0,(anonymous_6)
FNDA:0,(anonymous_7)
FNDA:0,(anonymous_8)
FNDA:0,(anonymous_9)
FNDA:0,(anonymous_10)
FNDA:0,(anonymous_11)
FNDA:0,(anonymous_12)
FNDA:0,(anonymous_13)
DA:2,0
DA:3,0
DA:25,0
DA:26,0
DA:27,0
DA:33,0
DA:34,0
DA:35,0
DA:37,0
DA:38,0
DA:39,0
DA:42,0
DA:43,0
DA:45,0
DA:46,0
DA:54,0
DA:55,0
DA:56,0
DA:62,0
DA:65,0
DA:66,0
DA:69,0
DA:70,0
DA:72,0
DA:84,0
DA:85,0
DA:86,0
DA:88,0
DA:91,0
DA:102,0
DA:106,0
DA:117,0
DA:125,0
DA:127,0
DA:138,0
DA:150,0
DA:151,0
DA:153,0
DA:154,0
DA:165,0
DA:253,0
DA:254,0
DA:255,0
DA:256,0
DA:258,0
DA:259,0
DA:260,0
DA:263,0
DA:275,0
DA:276,0
DA:277,0
DA:279,0
DA:280,0
DA:281,0
DA:284,0
DA:286,0
DA:292,0
DA:293,0
LF:58
LH:0
BRDA:35,0,0,0
BRDA:65,1,0,0
BRDA:81,2,0,0
BRDA:85,3,0,0
BRDA:85,3,1,0
BRDA:86,4,0,0
BRDA:86,4,1,0
BRDA:88,5,0,0
BRDA:88,5,1,0
BRDA:102,6,0,0
BRDA:102,6,1,0
BRDA:252,7,0,0
BRDA:258,8,0,0
BRDA:280,9,0,0
BRDA:280,9,1,0
BRF:15
BRH:0
end_of_record
TN:
SF:src/core/services/RealMetricsService.ts
FN:52,(anonymous_0)
FN:56,(anonymous_1)
FN:66,(anonymous_2)
FN:94,(anonymous_3)
FN:99,(anonymous_4)
FN:100,(anonymous_5)
FN:117,(anonymous_6)
FN:138,(anonymous_7)
FN:153,(anonymous_8)
FN:190,(anonymous_9)
FN:209,(anonymous_10)
FN:219,(anonymous_11)
FN:220,(anonymous_12)
FN:237,(anonymous_13)
FN:238,(anonymous_14)
FN:242,(anonymous_15)
FN:255,(anonymous_16)
FN:263,(anonymous_17)
FN:272,(anonymous_18)
FN:281,(anonymous_19)
FN:284,(anonymous_20)
FN:294,(anonymous_21)
FN:303,(anonymous_22)
FN:312,(anonymous_23)
FN:323,(anonymous_24)
FN:331,(anonymous_25)
FN:340,(anonymous_26)
FN:348,(anonymous_27)
FN:355,(anonymous_28)
FN:365,(anonymous_29)
FN:378,(anonymous_30)
FN:397,(anonymous_31)
FN:404,(anonymous_32)
FN:420,(anonymous_33)
FN:428,(anonymous_34)
FNF:35
FNH:0
FNDA:0,(anonymous_0)
FNDA:0,(anonymous_1)
FNDA:0,(anonymous_2)
FNDA:0,(anonymous_3)
FNDA:0,(anonymous_4)
FNDA:0,(anonymous_5)
FNDA:0,(anonymous_6)
FNDA:0,(anonymous_7)
FNDA:0,(anonymous_8)
FNDA:0,(anonymous_9)
FNDA:0,(anonymous_10)
FNDA:0,(anonymous_11)
FNDA:0,(anonymous_12)
FNDA:0,(anonymous_13)
FNDA:0,(anonymous_14)
FNDA:0,(anonymous_15)
FNDA:0,(anonymous_16)
FNDA:0,(anonymous_17)
FNDA:0,(anonymous_18)
FNDA:0,(anonymous_19)
FNDA:0,(anonymous_20)
FNDA:0,(anonymous_21)
FNDA:0,(anonymous_22)
FNDA:0,(anonymous_23)
FNDA:0,(anonymous_24)
FNDA:0,(anonymous_25)
FNDA:0,(anonymous_26)
FNDA:0,(anonymous_27)
FNDA:0,(anonymous_28)
FNDA:0,(anonymous_29)
FNDA:0,(anonymous_30)
FNDA:0,(anonymous_31)
FNDA:0,(anonymous_32)
FNDA:0,(anonymous_33)
FNDA:0,(anonymous_34)
DA:1,0
DA:50,0
DA:53,0
DA:57,0
DA:58,0
DA:60,0
DA:67,0
DA:69,0
DA:70,0
DA:71,0
DA:79,0
DA:80,0
DA:86,0
DA:87,0
DA:95,0
DA:96,0
DA:97,0
DA:99,0
DA:100,0
DA:102,0
DA:109,0
DA:110,0
DA:118,0
DA:119,0
DA:122,0
DA:124,0
DA:130,0
DA:131,0
DA:139,0
DA:140,0
DA:141,0
DA:143,0
DA:145,0
DA:146,0
DA:154,0
DA:155,0
DA:158,0
DA:159,0
DA:162,0
DA:163,0
DA:169,0
DA:171,0
DA:179,0
DA:180,0
DA:182,0
DA:183,0
DA:191,0
DA:192,0
DA:200,0
DA:202,0
DA:203,0
DA:210,0
DA:211,0
DA:212,0
DA:213,0
DA:215,0
DA:220,0
DA:221,0
DA:222,0
DA:225,0
DA:226,0
DA:227,0
DA:230,0
DA:232,0
DA:233,0
DA:238,0
DA:239,0
DA:240,0
DA:242,0
DA:243,0
DA:244,0
DA:245,0
DA:247,0
DA:251,0
DA:257,0
DA:258,0
DA:259,0
DA:264,0
DA:265,0
DA:266,0
DA:268,0
DA:273,0
DA:274,0
DA:275,0
DA:277,0
DA:282,0
DA:283,0
DA:284,0
DA:285,0
DA:286,0
DA:287,0
DA:291,0
DA:294,0
DA:295,0
DA:297,0
DA:299,0
DA:304,0
DA:305,0
DA:306,0
DA:308,0
DA:313,0
DA:314,0
DA:315,0
DA:317,0
DA:324,0
DA:332,0
DA:341,0
DA:349,0
DA:356,0
DA:366,0
DA:379,0
DA:381,0
DA:383,0
DA:385,0
DA:387,0
DA:390,0
DA:398,0
DA:405,0
DA:406,0
DA:409,0
DA:410,0
DA:421,0
DA:422,0
DA:429,0
DA:430,0
DA:434,0
LF:126
LH:0
BRDA:57,0,0,0
BRDA:69,1,0,0
BRDA:99,2,0,0
BRDA:99,2,1,0
BRDA:100,3,0,0
BRDA:100,3,1,0
BRDA:103,4,0,0
BRDA:103,4,1,0
BRDA:104,5,0,0
BRDA:104,5,1,0
BRDA:119,6,0,0
BRDA:119,6,1,0
BRDA:119,6,2,0
BRDA:126,7,0,0
BRDA:126,7,1,0
BRDA:127,8,0,0
BRDA:127,8,1,0
BRDA:141,9,0,0
BRDA:141,9,1,0
BRDA:158,10,0,0
BRDA:158,11,0,0
BRDA:158,11,1,0
BRDA:244,12,0,0
BRDA:244,12,1,0
BRDA:266,13,0,0
BRDA:266,13,1,0
BRDA:275,14,0,0
BRDA:275,14,1,0
BRDA:286,15,0,0
BRDA:306,16,0,0
BRDA:306,16,1,0
BRDA:315,17,0,0
BRDA:315,17,1,0
BRDA:378,18,0,0
BRDA:381,19,0,0
BRDA:381,19,1,0
BRDA:381,19,2,0
BRDA:381,19,3,0
BRDA:405,20,0,0
BRF:39
BRH:0
end_of_record
TN:
SF:src/core/services/TraitService.ts
FN:27,(anonymous_0)
FN:46,(anonymous_1)
FN:68,(anonymous_2)
FN:74,(anonymous_3)
FN:75,(anonymous_4)
FN:85,(anonymous_5)
FN:92,(anonymous_6)
FN:99,(anonymous_7)
FN:100,(anonymous_8)
FN:106,(anonymous_9)
FN:113,(anonymous_10)
FN:114,(anonymous_11)
FN:126,(anonymous_12)
FN:128,(anonymous_13)
FN:129,(anonymous_14)
FN:138,(anonymous_15)
FN:145,(anonymous_16)
FN:155,(anonymous_17)
FN:157,(anonymous_18)
FN:163,(anonymous_19)
FN:173,(anonymous_20)
FNF:21
FNH:0
FNDA:0,(anonymous_0)
FNDA:0,(anonymous_1)
FNDA:0,(anonymous_2)
FNDA:0,(anonymous_3)
FNDA:0,(anonymous_4)
FNDA:0,(anonymous_5)
FNDA:0,(anonymous_6)
FNDA:0,(anonymous_7)
FNDA:0,(anonymous_8)
FNDA:0,(anonymous_9)
FNDA:0,(anonymous_10)
FNDA:0,(anonymous_11)
FNDA:0,(anonymous_12)
FNDA:0,(anonymous_13)
FNDA:0,(anonymous_14)
FNDA:0,(anonymous_15)
FNDA:0,(anonymous_16)
FNDA:0,(anonymous_17)
FNDA:0,(anonymous_18)
FNDA:0,(anonymous_19)
FNDA:0,(anonymous_20)
DA:22,0
DA:24,0
DA:25,0
DA:28,0
DA:47,0
DA:48,0
DA:50,0
DA:53,0
DA:61,0
DA:68,0
DA:75,0
DA:76,0
DA:77,0
DA:86,0
DA:93,0
DA:100,0
DA:107,0
DA:114,0
DA:115,0
DA:116,0
DA:117,0
DA:118,0
DA:127,0
DA:128,0
DA:129,0
DA:132,0
DA:139,0
DA:146,0
DA:147,0
DA:148,0
DA:156,0
DA:157,0
DA:164,0
DA:174,0
DA:175,0
LF:35
LH:0
BRDA:46,0,0,0
BRDA:74,1,0,0
BRDA:76,2,0,0
BRDA:106,3,0,0
BRDA:117,4,0,0
BRDA:117,5,0,0
BRDA:117,5,1,0
BRDA:147,6,0,0
BRDA:155,7,0,0
BRF:9
BRH:0
end_of_record
TN:
SF:src/core/services/UserIdentityService.ts
FN:20,(anonymous_0)
FN:48,(anonymous_1)
FN:75,(anonymous_2)
FN:101,(anonymous_3)
FN:116,(anonymous_4)
FN:132,(anonymous_5)
FN:153,(anonymous_6)
FN:174,(anonymous_7)
FN:206,(anonymous_8)
FN:215,(anonymous_9)
FN:237,(anonymous_10)
FN:250,(anonymous_11)
FNF:12
FNH:0
FNDA:0,(anonymous_0)
FNDA:0,(anonymous_1)
FNDA:0,(anonymous_2)
FNDA:0,(anonymous_3)
FNDA:0,(anonymous_4)
FNDA:0,(anonymous_5)
FNDA:0,(anonymous_6)
FNDA:0,(anonymous_7)
FNDA:0,(anonymous_8)
FNDA:0,(anonymous_9)
FNDA:0,(anonymous_10)
FNDA:0,(anonymous_11)
DA:2,0
DA:3,0
DA:13,0
DA:14,0
DA:15,0
DA:21,0
DA:22,0
DA:24,0
DA:25,0
DA:26,0
DA:29,0
DA:31,0
DA:35,0
DA:37,0
DA:39,0
DA:41,0
DA:49,0
DA:50,0
DA:51,0
DA:53,0
DA:54,0
DA:57,0
DA:58,0
DA:63,0
DA:65,0
DA:67,0
DA:68,0
DA:76,0
DA:77,0
DA:85,0
DA:86,0
DA:87,0
DA:92,0
DA:95,0
DA:102,0
DA:103,0
DA:104,0
DA:105,0
DA:106,0
DA:109,0
DA:118,0
DA:119,0
DA:121,0
DA:122,0
DA:123,0
DA:126,0
DA:133,0
DA:134,0
DA:135,0
DA:136,0
DA:138,0
DA:143,0
DA:145,0
DA:146,0
DA:154,0
DA:155,0
DA:156,0
DA:157,0
DA:159,0
DA:164,0
DA:166,0
DA:167,0
DA:180,0
DA:181,0
DA:182,0
DA:183,0
DA:184,0
DA:186,0
DA:193,0
DA:194,0
DA:208,0
DA:209,0
DA:216,0
DA:217,0
DA:218,0
DA:220,0
DA:222,0
DA:227,0
DA:229,0
DA:230,0
DA:238,0
DA:239,0
DA:240,0
DA:242,0
DA:243,0
DA:251,0
DA:252,0
DA:255,0
DA:256,0
DA:259,0
DA:260,0
DA:262,0
DA:267,0
DA:268,0
LF:94
LH:0
BRDA:24,0,0,0
BRDA:53,1,0,0
BRDA:57,2,0,0
BRDA:104,3,0,0
BRDA:255,4,0,0
BRDA:255,5,0,0
BRDA:255,5,1,0
BRDA:255,5,2,0
BRF:8
BRH:0
end_of_record
TN:
SF:src/core/storage/SymbiontStorage.ts
FN:25,(anonymous_0)
FN:30,(anonymous_1)
FN:31,(anonymous_2)
FN:34,(anonymous_3)
FN:35,(anonymous_4)
FN:40,(anonymous_5)
FN:79,(anonymous_6)
FN:82,(anonymous_7)
FN:88,(anonymous_8)
FN:89,(anonymous_9)
FN:93,(anonymous_10)
FN:97,(anonymous_11)
FN:102,(anonymous_12)
FN:105,(anonymous_13)
FN:110,(anonymous_14)
FN:111,(anonymous_15)
FN:115,(anonymous_16)
FN:118,(anonymous_17)
FN:123,(anonymous_18)
FN:124,(anonymous_19)
FN:128,(anonymous_20)
FN:131,(anonymous_21)
FN:136,(anonymous_22)
FN:137,(anonymous_23)
FN:141,(anonymous_24)
FN:149,(anonymous_25)
FN:154,(anonymous_26)
FN:155,(anonymous_27)
FN:159,(anonymous_28)
FN:162,(anonymous_29)
FN:170,(anonymous_30)
FN:180,(anonymous_31)
FN:184,(anonymous_32)
FN:187,(anonymous_33)
FN:192,(anonymous_34)
FN:196,(anonymous_35)
FN:200,(anonymous_36)
FN:203,(anonymous_37)
FN:208,(anonymous_38)
FN:209,(anonymous_39)
FN:214,(anonymous_40)
FN:216,(anonymous_41)
FN:223,(anonymous_42)
FN:224,(anonymous_43)
FN:228,(anonymous_44)
FN:230,(anonymous_45)
FN:234,(anonymous_46)
FN:235,(anonymous_47)
FN:239,(anonymous_48)
FN:241,(anonymous_49)
FN:245,(anonymous_50)
FN:246,(anonymous_51)
FN:250,(anonymous_52)
FN:252,(anonymous_53)
FN:257,(anonymous_54)
FN:266,(anonymous_55)
FN:273,(anonymous_56)
FN:275,(anonymous_57)
FN:280,(anonymous_58)
FN:287,(anonymous_59)
FN:294,(anonymous_60)
FN:301,(anonymous_61)
FN:304,(anonymous_62)
FN:309,(anonymous_63)
FN:314,(anonymous_64)
FN:321,(anonymous_65)
FN:325,(anonymous_66)
FN:332,(anonymous_67)
FN:338,(anonymous_68)
FN:345,(anonymous_69)
FN:355,(anonymous_70)
FN:362,(anonymous_71)
FNF:72
FNH:0
FNDA:0,(anonymous_0)
FNDA:0,(anonymous_1)
FNDA:0,(anonymous_2)
FNDA:0,(anonymous_3)
FNDA:0,(anonymous_4)
FNDA:0,(anonymous_5)
FNDA:0,(anonymous_6)
FNDA:0,(anonymous_7)
FNDA:0,(anonymous_8)
FNDA:0,(anonymous_9)
FNDA:0,(anonymous_10)
FNDA:0,(anonymous_11)
FNDA:0,(anonymous_12)
FNDA:0,(anonymous_13)
FNDA:0,(anonymous_14)
FNDA:0,(anonymous_15)
FNDA:0,(anonymous_16)
FNDA:0,(anonymous_17)
FNDA:0,(anonymous_18)
FNDA:0,(anonymous_19)
FNDA:0,(anonymous_20)
FNDA:0,(anonymous_21)
FNDA:0,(anonymous_22)
FNDA:0,(anonymous_23)
FNDA:0,(anonymous_24)
FNDA:0,(anonymous_25)
FNDA:0,(anonymous_26)
FNDA:0,(anonymous_27)
FNDA:0,(anonymous_28)
FNDA:0,(anonymous_29)
FNDA:0,(anonymous_30)
FNDA:0,(anonymous_31)
FNDA:0,(anonymous_32)
FNDA:0,(anonymous_33)
FNDA:0,(anonymous_34)
FNDA:0,(anonymous_35)
FNDA:0,(anonymous_36)
FNDA:0,(anonymous_37)
FNDA:0,(anonymous_38)
FNDA:0,(anonymous_39)
FNDA:0,(anonymous_40)
FNDA:0,(anonymous_41)
FNDA:0,(anonymous_42)
FNDA:0,(anonymous_43)
FNDA:0,(anonymous_44)
FNDA:0,(anonymous_45)
FNDA:0,(anonymous_46)
FNDA:0,(anonymous_47)
FNDA:0,(anonymous_48)
FNDA:0,(anonymous_49)
FNDA:0,(anonymous_50)
FNDA:0,(anonymous_51)
FNDA:0,(anonymous_52)
FNDA:0,(anonymous_53)
FNDA:0,(anonymous_54)
FNDA:0,(anonymous_55)
FNDA:0,(anonymous_56)
FNDA:0,(anonymous_57)
FNDA:0,(anonymous_58)
FNDA:0,(anonymous_59)
FNDA:0,(anonymous_60)
FNDA:0,(anonymous_61)
FNDA:0,(anonymous_62)
FNDA:0,(anonymous_63)
FNDA:0,(anonymous_64)
FNDA:0,(anonymous_65)
FNDA:0,(anonymous_66)
FNDA:0,(anonymous_67)
FNDA:0,(anonymous_68)
FNDA:0,(anonymous_69)
FNDA:0,(anonymous_70)
FNDA:0,(anonymous_71)
DA:25,0
DA:26,0
DA:27,0
DA:28,0
DA:31,0
DA:32,0
DA:34,0
DA:35,0
DA:36,0
DA:37,0
DA:40,0
DA:41,0
DA:44,0
DA:45,0
DA:46,0
DA:47,0
DA:51,0
DA:52,0
DA:53,0
DA:54,0
DA:58,0
DA:59,0
DA:60,0
DA:61,0
DA:65,0
DA:66,0
DA:70,0
DA:71,0
DA:72,0
DA:73,0
DA:80,0
DA:82,0
DA:83,0
DA:84,0
DA:86,0
DA:87,0
DA:88,0
DA:89,0
DA:92,0
DA:93,0
DA:94,0
DA:95,0
DA:97,0
DA:103,0
DA:105,0
DA:106,0
DA:107,0
DA:108,0
DA:110,0
DA:111,0
DA:116,0
DA:118,0
DA:119,0
DA:120,0
DA:121,0
DA:123,0
DA:124,0
DA:129,0
DA:131,0
DA:132,0
DA:133,0
DA:134,0
DA:136,0
DA:137,0
DA:142,0
DA:144,0
DA:149,0
DA:150,0
DA:151,0
DA:152,0
DA:154,0
DA:155,0
DA:160,0
DA:162,0
DA:163,0
DA:164,0
DA:165,0
DA:166,0
DA:168,0
DA:170,0
DA:171,0
DA:172,0
DA:173,0
DA:174,0
DA:176,0
DA:180,0
DA:185,0
DA:187,0
DA:188,0
DA:189,0
DA:190,0
DA:192,0
DA:193,0
DA:194,0
DA:196,0
DA:201,0
DA:203,0
DA:204,0
DA:205,0
DA:206,0
DA:208,0
DA:209,0
DA:215,0
DA:216,0
DA:217,0
DA:218,0
DA:219,0
DA:223,0
DA:224,0
DA:229,0
DA:230,0
DA:231,0
DA:232,0
DA:233,0
DA:234,0
DA:235,0
DA:240,0
DA:241,0
DA:242,0
DA:243,0
DA:244,0
DA:245,0
DA:246,0
DA:251,0
DA:252,0
DA:253,0
DA:254,0
DA:255,0
DA:256,0
DA:257,0
DA:258,0
DA:259,0
DA:260,0
DA:261,0
DA:263,0
DA:266,0
DA:274,0
DA:275,0
DA:276,0
DA:277,0
DA:278,0
DA:279,0
DA:280,0
DA:281,0
DA:282,0
DA:283,0
DA:284,0
DA:287,0
DA:288,0
DA:289,0
DA:291,0
DA:294,0
DA:302,0
DA:303,0
DA:304,0
DA:305,0
DA:306,0
DA:307,0
DA:308,0
DA:309,0
DA:310,0
DA:311,0
DA:312,0
DA:314,0
DA:315,0
DA:316,0
DA:318,0
DA:321,0
DA:322,0
DA:325,0
DA:333,0
DA:335,0
DA:338,0
DA:339,0
DA:340,0
DA:341,0
DA:342,0
DA:343,0
DA:345,0
DA:346,0
DA:347,0
DA:348,0
DA:349,0
DA:351,0
DA:355,0
DA:363,0
DA:364,0
DA:365,0
LF:188
LH:0
BRDA:44,0,0,0
BRDA:51,1,0,0
BRDA:58,2,0,0
BRDA:65,3,0,0
BRDA:70,4,0,0
BRDA:80,5,0,0
BRDA:86,6,0,0
BRDA:86,6,1,0
BRDA:88,7,0,0
BRDA:88,7,1,0
BRDA:95,8,0,0
BRDA:95,8,1,0
BRDA:103,9,0,0
BRDA:116,10,0,0
BRDA:123,11,0,0
BRDA:123,11,1,0
BRDA:129,12,0,0
BRDA:142,13,0,0
BRDA:146,14,0,0
BRDA:146,14,1,0
BRDA:159,15,0,0
BRDA:160,16,0,0
BRDA:172,17,0,0
BRDA:172,17,1,0
BRDA:172,18,0,0
BRDA:172,18,1,0
BRDA:185,19,0,0
BRDA:194,20,0,0
BRDA:194,20,1,0
BRDA:201,21,0,0
BRDA:215,22,0,0
BRDA:221,23,0,0
BRDA:221,23,1,0
BRDA:229,24,0,0
BRDA:240,25,0,0
BRDA:245,26,0,0
BRDA:245,26,1,0
BRDA:251,27,0,0
BRDA:259,28,0,0
BRDA:259,28,1,0
BRDA:274,29,0,0
BRDA:282,30,0,0
BRDA:282,30,1,0
BRDA:288,31,0,0
BRDA:301,32,0,0
BRDA:302,33,0,0
BRDA:311,34,0,0
BRDA:311,34,1,0
BRDA:314,35,0,0
BRDA:314,35,1,0
BRDA:332,36,0,0
BRDA:333,37,0,0
BRDA:347,38,0,0
BRDA:347,38,1,0
BRDA:363,39,0,0
BRF:55
BRH:0
end_of_record
TN:
SF:src/core/utils/ErrorHandler.ts
FN:31,(anonymous_0)
FN:42,(anonymous_1)
FN:52,(anonymous_2)
FN:59,(anonymous_3)
FN:68,(anonymous_4)
FN:105,(anonymous_5)
FN:140,(anonymous_6)
FN:218,(anonymous_7)
FN:276,(anonymous_8)
FN:292,(anonymous_9)
FN:308,(anonymous_10)
FN:315,(anonymous_11)
FN:322,(anonymous_12)
FN:334,(anonymous_13)
FN:348,(anonymous_14)
FN:357,(anonymous_15)
FN:382,(anonymous_16)
FN:389,(anonymous_17)
FN:390,(anonymous_18)
FN:393,(anonymous_19)
FNF:20
FNH:0
FNDA:0,(anonymous_0)
FNDA:0,(anonymous_1)
FNDA:0,(anonymous_2)
FNDA:0,(anonymous_3)
FNDA:0,(anonymous_4)
FNDA:0,(anonymous_5)
FNDA:0,(anonymous_6)
FNDA:0,(anonymous_7)
FNDA:0,(anonymous_8)
FNDA:0,(anonymous_9)
FNDA:0,(anonymous_10)
FNDA:0,(anonymous_11)
FNDA:0,(anonymous_12)
FNDA:0,(anonymous_13)
FNDA:0,(anonymous_14)
FNDA:0,(anonymous_15)
FNDA:0,(anonymous_16)
FNDA:0,(anonymous_17)
FNDA:0,(anonymous_18)
FNDA:0,(anonymous_19)
DA:4,0
DA:24,0
DA:25,0
DA:27,0
DA:28,0
DA:29,0
DA:32,0
DA:43,0
DA:44,0
DA:46,0
DA:53,0
DA:60,0
DA:61,0
DA:62,0
DA:75,0
DA:77,0
DA:93,0
DA:99,0
DA:111,0
DA:113,0
DA:114,0
DA:117,0
DA:129,0
DA:130,0
DA:133,0
DA:153,0
DA:154,0
DA:157,0
DA:158,0
DA:162,0
DA:163,0
DA:164,0
DA:165,0
DA:169,0
DA:170,0
DA:171,0
DA:173,0
DA:174,0
DA:176,0
DA:177,0
DA:182,0
DA:183,0
DA:184,0
DA:186,0
DA:187,0
DA:189,0
DA:190,0
DA:195,0
DA:208,0
DA:209,0
DA:212,0
DA:223,0
DA:225,0
DA:226,0
DA:228,0
DA:229,0
DA:230,0
DA:231,0
DA:232,0
DA:239,0
DA:241,0
DA:243,0
DA:250,0
DA:251,0
DA:252,0
DA:254,0
DA:259,0
DA:266,0
DA:267,0
DA:270,0
DA:281,0
DA:282,0
DA:284,0
DA:285,0
DA:297,0
DA:298,0
DA:300,0
DA:301,0
DA:309,0
DA:316,0
DA:323,0
DA:331,0
DA:335,0
DA:336,0
DA:339,0
DA:340,0
DA:343,0
DA:344,0
DA:345,0
DA:349,0
DA:352,0
DA:353,0
DA:358,0
DA:359,0
DA:362,0
DA:363,0
DA:365,0
DA:368,0
DA:369,0
DA:371,0
DA:372,0
DA:374,0
DA:375,0
DA:377,0
DA:378,0
DA:383,0
DA:384,0
DA:385,0
DA:386,0
DA:390,0
DA:394,0
DA:395,0
DA:400,0
LF:113
LH:0
BRDA:43,0,0,0
BRDA:72,1,0,0
BRDA:75,2,0,0
BRDA:75,2,1,0
BRDA:85,3,0,0
BRDA:85,3,1,0
BRDA:93,4,0,0
BRDA:93,4,1,0
BRDA:93,5,0,0
BRDA:93,5,1,0
BRDA:93,6,0,0
BRDA:93,6,1,0
BRDA:95,7,0,0
BRDA:95,7,1,0
BRDA:113,8,0,0
BRDA:113,9,0,0
BRDA:113,9,1,0
BRDA:125,10,0,0
BRDA:125,10,1,0
BRDA:129,11,0,0
BRDA:143,12,0,0
BRDA:157,13,0,0
BRDA:157,14,0,0
BRDA:157,14,1,0
BRDA:157,14,2,0
BRDA:162,15,0,0
BRDA:162,16,0,0
BRDA:162,16,1,0
BRDA:164,17,0,0
BRDA:169,18,0,0
BRDA:169,19,0,0
BRDA:169,19,1,0
BRDA:170,20,0,0
BRDA:170,21,0,0
BRDA:170,21,1,0
BRDA:173,22,0,0
BRDA:173,23,0,0
BRDA:173,23,1,0
BRDA:176,24,0,0
BRDA:182,25,0,0
BRDA:182,26,0,0
BRDA:182,26,1,0
BRDA:183,27,0,0
BRDA:183,28,0,0
BRDA:183,28,1,0
BRDA:186,29,0,0
BRDA:186,30,0,0
BRDA:186,30,1,0
BRDA:189,31,0,0
BRDA:189,32,0,0
BRDA:189,32,1,0
BRDA:203,33,0,0
BRDA:203,33,1,0
BRDA:208,34,0,0
BRDA:230,35,0,0
BRDA:241,36,0,0
BRDA:241,36,1,0
BRDA:250,37,0,0
BRDA:250,38,0,0
BRDA:250,38,1,0
BRDA:266,39,0,0
BRDA:315,40,0,0
BRDA:339,41,0,0
BRDA:339,41,1,0
BRDA:344,42,0,0
BRDA:344,42,1,0
BRDA:352,43,0,0
BRDA:358,44,0,0
BRDA:365,45,0,0
BRDA:365,45,1,0
BRDA:365,45,2,0
BRDA:365,45,3,0
BRDA:365,45,4,0
BRF:73
BRH:0
end_of_record
TN:
SF:src/core/utils/MutationBatcher.ts
FN:40,(anonymous_0)
FN:57,(anonymous_1)
FN:79,(anonymous_2)
FN:86,(anonymous_3)
FN:98,(anonymous_4)
FN:111,(anonymous_5)
FN:118,(anonymous_6)
FN:119,(anonymous_7)
FN:128,(anonymous_8)
FN:129,(anonymous_9)
FN:135,(anonymous_10)
FN:138,(anonymous_11)
FN:148,(anonymous_12)
FN:167,(anonymous_13)
FN:176,(anonymous_14)
FN:181,(anonymous_15)
FN:182,(anonymous_16)
FN:183,(anonymous_17)
FN:189,(anonymous_18)
FN:197,(anonymous_19)
FN:205,(anonymous_20)
FN:226,(anonymous_21)
FN:231,(anonymous_22)
FN:256,(anonymous_23)
FN:267,(anonymous_24)
FN:292,(anonymous_25)
FN:299,(anonymous_26)
FNF:27
FNH:0
FNDA:0,(anonymous_0)
FNDA:0,(anonymous_1)
FNDA:0,(anonymous_2)
FNDA:0,(anonymous_3)
FNDA:0,(anonymous_4)
FNDA:0,(anonymous_5)
FNDA:0,(anonymous_6)
FNDA:0,(anonymous_7)
FNDA:0,(anonymous_8)
FNDA:0,(anonymous_9)
FNDA:0,(anonymous_10)
FNDA:0,(anonymous_11)
FNDA:0,(anonymous_12)
FNDA:0,(anonymous_13)
FNDA:0,(anonymous_14)
FNDA:0,(anonymous_15)
FNDA:0,(anonymous_16)
FNDA:0,(anonymous_17)
FNDA:0,(anonymous_18)
FNDA:0,(anonymous_19)
FNDA:0,(anonymous_20)
FNDA:0,(anonymous_21)
FNDA:0,(anonymous_22)
FNDA:0,(anonymous_23)
FNDA:0,(anonymous_24)
FNDA:0,(anonymous_25)
FNDA:0,(anonymous_26)
DA:4,0
DA:5,0
DA:28,0
DA:29,0
DA:30,0
DA:35,0
DA:36,0
DA:37,0
DA:38,0
DA:44,0
DA:45,0
DA:58,0
DA:60,0
DA:67,0
DA:68,0
DA:71,0
DA:73,0
DA:80,0
DA:87,0
DA:88,0
DA:89,0
DA:92,0
DA:100,0
DA:101,0
DA:106,0
DA:110,0
DA:111,0
DA:112,0
DA:114,0
DA:118,0
DA:119,0
DA:120,0
DA:129,0
DA:136,0
DA:137,0
DA:139,0
DA:142,0
DA:149,0
DA:150,0
DA:153,0
DA:154,0
DA:156,0
DA:157,0
DA:158,0
DA:160,0
DA:161,0
DA:164,0
DA:167,0
DA:168,0
DA:177,0
DA:178,0
DA:181,0
DA:182,0
DA:183,0
DA:187,0
DA:189,0
DA:190,0
DA:193,0
DA:194,0
DA:197,0
DA:198,0
DA:201,0
DA:202,0
DA:205,0
DA:209,0
DA:210,0
DA:211,0
DA:213,0
DA:215,0
DA:227,0
DA:228,0
DA:229,0
DA:231,0
DA:233,0
DA:234,0
DA:235,0
DA:236,0
DA:237,0
DA:241,0
DA:242,0
DA:244,0
DA:246,0
DA:247,0
DA:250,0
DA:257,0
DA:260,0
DA:261,0
DA:276,0
DA:278,0
DA:293,0
DA:300,0
DA:301,0
DA:302,0
DA:304,0
LF:94
LH:0
BRDA:42,0,0,0
BRDA:57,1,0,0
BRDA:87,2,0,0
BRDA:100,3,0,0
BRDA:106,4,0,0
BRDA:106,4,1,0
BRDA:106,4,2,0
BRDA:110,5,0,0
BRDA:139,6,0,0
BRDA:139,6,1,0
BRDA:142,7,0,0
BRDA:142,7,1,0
BRDA:149,8,0,0
BRDA:177,9,0,0
BRDA:187,10,0,0
BRDA:187,10,1,0
BRDA:187,10,2,0
BRDA:187,10,3,0
BRDA:187,10,4,0
BRDA:211,11,0,0
BRDA:211,11,1,0
BRDA:211,12,0,0
BRDA:211,12,1,0
BRDA:234,13,0,0
BRDA:234,13,1,0
BRDA:234,13,2,0
BRDA:250,14,0,0
BRDA:250,14,1,0
BRDA:276,15,0,0
BRDA:276,15,1,0
BRDA:300,16,0,0
BRF:31
BRH:0
end_of_record
TN:
SF:src/core/utils/WebGLBatcher.ts
FN:52,(anonymous_0)
FN:71,(anonymous_1)
FN:73,(anonymous_2)
FN:99,(anonymous_3)
FN:125,(anonymous_4)
FN:139,(anonymous_5)
FN:147,(anonymous_6)
FN:177,(anonymous_7)
FN:181,(anonymous_8)
FN:211,(anonymous_9)
FN:216,(anonymous_10)
FN:234,(anonymous_11)
FN:249,(anonymous_12)
FN:262,(anonymous_13)
FN:286,(anonymous_14)
FN:288,(anonymous_15)
FN:333,(anonymous_16)
FN:345,(anonymous_17)
FN:356,(anonymous_18)
FN:367,(anonymous_19)
FN:391,(anonymous_20)
FNF:21
FNH:0
FNDA:0,(anonymous_0)
FNDA:0,(anonymous_1)
FNDA:0,(anonymous_2)
FNDA:0,(anonymous_3)
FNDA:0,(anonymous_4)
FNDA:0,(anonymous_5)
FNDA:0,(anonymous_6)
FNDA:0,(anonymous_7)
FNDA:0,(anonymous_8)
FNDA:0,(anonymous_9)
FNDA:0,(anonymous_10)
FNDA:0,(anonymous_11)
FNDA:0,(anonymous_12)
FNDA:0,(anonymous_13)
FNDA:0,(anonymous_14)
FNDA:0,(anonymous_15)
FNDA:0,(anonymous_16)
FNDA:0,(anonymous_17)
FNDA:0,(anonymous_18)
FNDA:0,(anonymous_19)
FNDA:0,(anonymous_20)
DA:4,0
DA:5,0
DA:32,0
DA:35,0
DA:36,0
DA:39,0
DA:40,0
DA:41,0
DA:44,0
DA:56,0
DA:57,0
DA:65,0
DA:72,0
DA:75,0
DA:76,0
DA:77,0
DA:81,0
DA:82,0
DA:83,0
DA:87,0
DA:88,0
DA:100,0
DA:101,0
DA:108,0
DA:109,0
DA:110,0
DA:113,0
DA:114,0
DA:117,0
DA:119,0
DA:126,0
DA:127,0
DA:131,0
DA:133,0
DA:134,0
DA:135,0
DA:139,0
DA:140,0
DA:148,0
DA:149,0
DA:150,0
DA:152,0
DA:153,0
DA:155,0
DA:156,0
DA:157,0
DA:158,0
DA:160,0
DA:161,0
DA:167,0
DA:171,0
DA:178,0
DA:180,0
DA:182,0
DA:185,0
DA:186,0
DA:188,0
DA:189,0
DA:190,0
DA:191,0
DA:192,0
DA:197,0
DA:200,0
DA:201,0
DA:216,0
DA:217,0
DA:220,0
DA:221,0
DA:231,0
DA:232,0
DA:234,0
DA:235,0
DA:236,0
DA:240,0
DA:241,0
DA:242,0
DA:244,0
DA:245,0
DA:246,0
DA:249,0
DA:251,0
DA:254,0
DA:255,0
DA:256,0
DA:258,0
DA:262,0
DA:263,0
DA:264,0
DA:265,0
DA:266,0
DA:270,0
DA:271,0
DA:274,0
DA:287,0
DA:289,0
DA:292,0
DA:293,0
DA:296,0
DA:299,0
DA:300,0
DA:303,0
DA:304,0
DA:307,0
DA:308,0
DA:311,0
DA:313,0
DA:314,0
DA:316,0
DA:317,0
DA:320,0
DA:321,0
DA:322,0
DA:334,0
DA:335,0
DA:336,0
DA:337,0
DA:338,0
DA:346,0
DA:349,0
DA:350,0
DA:357,0
DA:358,0
DA:359,0
DA:361,0
DA:376,0
DA:377,0
DA:378,0
DA:381,0
DA:392,0
DA:393,0
DA:394,0
DA:397,0
DA:399,0
DA:400,0
DA:401,0
DA:404,0
DA:405,0
DA:406,0
DA:409,0
DA:410,0
DA:411,0
DA:414,0
LF:142
LH:0
BRDA:54,0,0,0
BRDA:76,1,0,0
BRDA:82,2,0,0
BRDA:87,3,0,0
BRDA:109,4,0,0
BRDA:126,5,0,0
BRDA:133,6,0,0
BRDA:153,7,0,0
BRDA:153,8,0,0
BRDA:153,8,1,0
BRDA:157,9,0,0
BRDA:157,10,0,0
BRDA:157,10,1,0
BRDA:160,11,0,0
BRDA:160,12,0,0
BRDA:160,12,1,0
BRDA:167,13,0,0
BRDA:167,13,1,0
BRDA:167,13,2,0
BRDA:186,14,0,0
BRDA:186,15,0,0
BRDA:186,15,1,0
BRDA:189,16,0,0
BRDA:217,17,0,0
BRDA:217,17,1,0
BRDA:217,17,2,0
BRDA:220,18,0,0
BRDA:236,19,0,0
BRDA:236,19,1,0
BRDA:254,20,0,0
BRDA:263,21,0,0
BRDA:263,21,1,0
BRDA:265,22,0,0
BRDA:265,23,0,0
BRDA:265,23,1,0
BRDA:276,24,0,0
BRDA:276,24,1,0
BRDA:311,25,0,0
BRDA:311,25,1,0
BRDA:334,26,0,0
BRDA:334,26,1,0
BRDA:334,26,2,0
BRDA:334,26,3,0
BRDA:357,27,0,0
BRDA:383,28,0,0
BRDA:383,28,1,0
BRDA:392,29,0,0
BRDA:399,30,0,0
BRDA:404,31,0,0
BRDA:409,32,0,0
BRDA:409,33,0,0
BRDA:409,33,1,0
BRF:52
BRH:0
end_of_record
TN:
SF:src/generative/DNAInterpreter.ts
FN:11,(anonymous_0)
FN:19,(anonymous_1)
FN:52,(anonymous_2)
FN:65,(anonymous_3)
FN:81,(anonymous_4)
FN:93,(anonymous_5)
FNF:6
FNH:0
FNDA:0,(anonymous_0)
FNDA:0,(anonymous_1)
FNDA:0,(anonymous_2)
FNDA:0,(anonymous_3)
FNDA:0,(anonymous_4)
FNDA:0,(anonymous_5)
DA:4,0
DA:6,0
DA:8,0
DA:9,0
DA:12,0
DA:13,0
DA:21,0
DA:22,0
DA:23,0
DA:26,0
DA:45,0
DA:46,0
DA:54,0
DA:55,0
DA:56,0
DA:57,0
DA:59,0
DA:66,0
DA:67,0
DA:71,0
DA:72,0
DA:73,0
DA:75,0
DA:82,0
DA:84,0
DA:85,0
DA:86,0
DA:95,0
DA:96,0
DA:97,0
DA:100,0
DA:101,0
DA:102,0
LF:33
LH:0
BRDA:19,0,0,0
BRDA:66,1,0,0
BRDA:84,2,0,0
BRF:3
BRH:0
end_of_record
TN:
SF:src/generative/MutationEngine.ts
FN:9,(anonymous_0)
FN:23,(anonymous_1)
FN:39,(anonymous_2)
FN:51,(anonymous_3)
FN:60,(anonymous_4)
FN:78,(anonymous_5)
FN:82,(anonymous_6)
FN:92,(anonymous_7)
FNF:8
FNH:0
FNDA:0,(anonymous_0)
FNDA:0,(anonymous_1)
FNDA:0,(anonymous_2)
FNDA:0,(anonymous_3)
FNDA:0,(anonymous_4)
FNDA:0,(anonymous_5)
FNDA:0,(anonymous_6)
FNDA:0,(anonymous_7)
DA:9,0
DA:11,0
DA:12,0
DA:13,0
DA:24,0
DA:26,0
DA:28,0
DA:29,0
DA:30,0
DA:31,0
DA:32,0
DA:33,0
DA:40,0
DA:41,0
DA:42,0
DA:43,0
DA:44,0
DA:45,0
DA:46,0
DA:52,0
DA:53,0
DA:54,0
DA:55,0
DA:56,0
DA:61,0
DA:62,0
DA:64,0
DA:65,0
DA:67,0
DA:68,0
DA:70,0
DA:71,0
DA:73,0
DA:74,0
DA:79,0
DA:83,0
DA:84,0
DA:92,0
LF:38
LH:0
BRDA:24,0,0,0
BRDA:41,1,0,0
BRDA:41,1,1,0
BRDA:43,2,0,0
BRDA:43,2,1,0
BRDA:45,3,0,0
BRDA:52,4,0,0
BRDA:52,4,1,0
BRDA:52,4,2,0
BRDA:52,4,3,0
BRDA:55,5,0,0
BRDA:55,5,1,0
BRDA:61,6,0,0
BRDA:61,6,1,0
BRDA:62,7,0,0
BRDA:62,7,1,0
BRDA:62,7,2,0
BRDA:62,7,3,0
BRF:18
BRH:0
end_of_record
TN:
SF:src/generative/OrganismEngine.ts
FN:54,(anonymous_0)
FN:65,(anonymous_1)
FN:115,(anonymous_2)
FN:135,(anonymous_3)
FN:159,(anonymous_4)
FN:176,(anonymous_5)
FN:193,(anonymous_6)
FN:210,(anonymous_7)
FN:244,(anonymous_8)
FN:260,(anonymous_9)
FN:292,(anonymous_10)
FN:303,(anonymous_11)
FN:310,(anonymous_12)
FN:325,(anonymous_13)
FN:329,(anonymous_14)
FNF:15
FNH:0
FNDA:0,(anonymous_0)
FNDA:0,(anonymous_1)
FNDA:0,(anonymous_2)
FNDA:0,(anonymous_3)
FNDA:0,(anonymous_4)
FNDA:0,(anonymous_5)
FNDA:0,(anonymous_6)
FNDA:0,(anonymous_7)
FNDA:0,(anonymous_8)
FNDA:0,(anonymous_9)
FNDA:0,(anonymous_10)
FNDA:0,(anonymous_11)
FNDA:0,(anonymous_12)
FNDA:0,(anonymous_13)
FNDA:0,(anonymous_14)
DA:3,0
DA:4,0
DA:5,0
DA:6,0
DA:7,0
DA:19,0
DA:20,0
DA:25,0
DA:28,0
DA:35,0
DA:36,0
DA:39,0
DA:41,0
DA:48,0
DA:49,0
DA:55,0
DA:56,0
DA:57,0
DA:60,0
DA:61,0
DA:62,0
DA:65,0
DA:66,0
DA:67,0
DA:71,0
DA:72,0
DA:73,0
DA:74,0
DA:77,0
DA:82,0
DA:86,0
DA:103,0
DA:105,0
DA:106,0
DA:107,0
DA:108,0
DA:109,0
DA:116,0
DA:119,0
DA:120,0
DA:121,0
DA:122,0
DA:123,0
DA:126,0
DA:129,0
DA:137,0
DA:140,0
DA:141,0
DA:144,0
DA:148,0
DA:149,0
DA:152,0
DA:160,0
DA:163,0
DA:164,0
DA:165,0
DA:168,0
DA:169,0
DA:170,0
DA:177,0
DA:178,0
DA:179,0
DA:180,0
DA:181,0
DA:182,0
DA:183,0
DA:184,0
DA:185,0
DA:186,0
DA:187,0
DA:189,0
DA:190,0
DA:194,0
DA:195,0
DA:196,0
DA:197,0
DA:198,0
DA:199,0
DA:200,0
DA:201,0
DA:202,0
DA:204,0
DA:211,0
DA:212,0
DA:214,0
DA:215,0
DA:217,0
DA:218,0
DA:219,0
DA:220,0
DA:221,0
DA:223,0
DA:224,0
DA:225,0
DA:226,0
DA:229,0
DA:230,0
DA:231,0
DA:232,0
DA:233,0
DA:234,0
DA:235,0
DA:236,0
DA:237,0
DA:238,0
DA:245,0
DA:246,0
DA:248,0
DA:249,0
DA:250,0
DA:251,0
DA:254,0
DA:261,0
DA:262,0
DA:264,0
DA:265,0
DA:267,0
DA:268,0
DA:269,0
DA:270,0
DA:271,0
DA:272,0
DA:273,0
DA:274,0
DA:276,0
DA:277,0
DA:278,0
DA:280,0
DA:281,0
DA:282,0
DA:283,0
DA:284,0
DA:294,0
DA:295,0
DA:297,0
DA:304,0
DA:311,0
DA:312,0
DA:313,0
DA:314,0
DA:317,0
DA:319,0
DA:326,0
DA:330,0
DA:331,0
DA:332,0
DA:333,0
DA:344,0
DA:345,0
DA:346,0
DA:347,0
DA:348,0
DA:349,0
LF:153
LH:0
BRDA:56,0,0,0
BRDA:60,1,0,0
BRDA:60,1,1,0
BRDA:61,2,0,0
BRDA:137,3,0,0
BRDA:137,3,1,0
BRDA:144,4,0,0
BRDA:144,5,0,0
BRDA:144,5,1,0
BRDA:180,6,0,0
BRDA:180,7,0,0
BRDA:180,7,1,0
BRDA:182,8,0,0
BRDA:186,9,0,0
BRDA:196,10,0,0
BRDA:199,11,0,0
BRDA:211,12,0,0
BRDA:214,13,0,0
BRDA:214,13,1,0
BRDA:217,14,0,0
BRDA:217,14,1,0
BRDA:218,15,0,0
BRDA:218,15,1,0
BRDA:219,16,0,0
BRDA:219,16,1,0
BRDA:220,17,0,0
BRDA:220,17,1,0
BRDA:221,18,0,0
BRDA:221,18,1,0
BRDA:223,19,0,0
BRDA:232,20,0,0
BRDA:246,21,0,0
BRDA:262,22,0,0
BRDA:278,23,0,0
BRDA:278,23,1,0
BRDA:280,24,0,0
BRDA:294,25,0,0
BRDA:312,26,0,0
BRDA:313,27,0,0
BRDA:314,28,0,0
BRDA:326,29,0,0
BRDA:326,29,1,0
BRF:42
BRH:0
end_of_record
TN:
SF:src/generative/ProceduralGenerator.ts
FN:26,(anonymous_0)
FN:27,(anonymous_1)
FN:35,(anonymous_2)
FN:40,(anonymous_3)
FN:61,(anonymous_4)
FN:73,(anonymous_5)
FN:79,(anonymous_6)
FN:99,(anonymous_7)
FN:115,(anonymous_8)
FN:138,(anonymous_9)
FN:142,(anonymous_10)
FN:146,(anonymous_11)
FN:157,(anonymous_12)
FN:162,(anonymous_13)
FN:163,(anonymous_14)
FN:165,(anonymous_15)
FNF:16
FNH:0
FNDA:0,(anonymous_0)
FNDA:0,(anonymous_1)
FNDA:0,(anonymous_2)
FNDA:0,(anonymous_3)
FNDA:0,(anonymous_4)
FNDA:0,(anonymous_5)
FNDA:0,(anonymous_6)
FNDA:0,(anonymous_7)
FNDA:0,(anonymous_8)
FNDA:0,(anonymous_9)
FNDA:0,(anonymous_10)
FNDA:0,(anonymous_11)
FNDA:0,(anonymous_12)
FNDA:0,(anonymous_13)
FNDA:0,(anonymous_14)
FNDA:0,(anonymous_15)
DA:26,0
DA:27,0
DA:30,0
DA:36,0
DA:37,0
DA:41,0
DA:42,0
DA:45,0
DA:46,0
DA:47,0
DA:49,0
DA:50,0
DA:51,0
DA:54,0
DA:63,0
DA:71,0
DA:72,0
DA:73,0
DA:76,0
DA:80,0
DA:81,0
DA:84,0
DA:85,0
DA:86,0
DA:87,0
DA:89,0
DA:90,0
DA:91,0
DA:92,0
DA:96,0
DA:100,0
DA:101,0
DA:102,0
DA:103,0
DA:105,0
DA:106,0
DA:107,0
DA:108,0
DA:109,0
DA:112,0
DA:117,0
DA:118,0
DA:120,0
DA:121,0
DA:123,0
DA:124,0
DA:127,0
DA:128,0
DA:130,0
DA:139,0
DA:143,0
DA:147,0
DA:148,0
DA:149,0
DA:150,0
DA:154,0
DA:162,0
DA:163,0
DA:165,0
LF:59
LH:0
BRDA:37,0,0,0
BRDA:37,0,1,0
BRDA:73,1,0,0
BRDA:73,1,1,0
BRDA:148,2,0,0
BRDA:148,2,1,0
BRDA:149,3,0,0
BRDA:149,3,1,0
BRDA:149,4,0,0
BRDA:149,4,1,0
BRDA:149,5,0,0
BRDA:149,5,1,0
BRDA:150,6,0,0
BRDA:150,6,1,0
BRDA:150,7,0,0
BRDA:150,7,1,0
BRF:16
BRH:0
end_of_record
TN:
SF:src/integration/WebGLMessageAdapter.ts
FN:16,(anonymous_0)
FN:25,(anonymous_1)
FN:27,(anonymous_2)
FN:37,(anonymous_3)
FN:47,(anonymous_4)
FNF:5
FNH:0
FNDA:0,(anonymous_0)
FNDA:0,(anonymous_1)
FNDA:0,(anonymous_2)
FNDA:0,(anonymous_3)
FNDA:0,(anonymous_4)
DA:4,0
DA:7,0
DA:12,0
DA:17,0
DA:18,0
DA:19,0
DA:27,0
DA:28,0
DA:29,0
DA:30,0
DA:32,0
DA:37,0
DA:38,0
DA:39,0
DA:40,0
DA:42,0
DA:47,0
DA:48,0
DA:49,0
DA:50,0
LF:20
LH:0
BRF:0
BRH:0
end_of_record
TN:
SF:src/intelligence/context-aware-organism.ts
FN:23,(anonymous_0)
FN:30,(anonymous_1)
FN:32,(anonymous_2)
FN:57,(anonymous_3)
FN:60,(anonymous_4)
FN:65,(anonymous_5)
FN:66,(anonymous_6)
FN:75,(anonymous_7)
FN:104,(anonymous_8)
FN:129,(anonymous_9)
FN:145,(anonymous_10)
FNF:11
FNH:0
FNDA:0,(anonymous_0)
FNDA:0,(anonymous_1)
FNDA:0,(anonymous_2)
FNDA:0,(anonymous_3)
FNDA:0,(anonymous_4)
FNDA:0,(anonymous_5)
FNDA:0,(anonymous_6)
FNDA:0,(anonymous_7)
FNDA:0,(anonymous_8)
FNDA:0,(anonymous_9)
FNDA:0,(anonymous_10)
DA:1,0
DA:2,0
DA:6,0
DA:14,0
DA:21,0
DA:24,0
DA:25,0
DA:26,0
DA:31,0
DA:32,0
DA:33,0
DA:34,0
DA:35,0
DA:40,0
DA:45,0
DA:57,0
DA:59,0
DA:60,0
DA:66,0
DA:67,0
DA:68,0
DA:69,0
DA:70,0
DA:71,0
DA:76,0
DA:78,0
DA:79,0
DA:80,0
DA:82,0
DA:83,0
DA:84,0
DA:86,0
DA:87,0
DA:88,0
DA:90,0
DA:91,0
DA:92,0
DA:94,0
DA:96,0
DA:98,0
DA:100,0
DA:105,0
DA:107,0
DA:108,0
DA:109,0
DA:110,0
DA:112,0
DA:113,0
DA:114,0
DA:115,0
DA:117,0
DA:118,0
DA:119,0
DA:120,0
DA:122,0
DA:123,0
DA:124,0
DA:125,0
DA:130,0
DA:132,0
DA:133,0
DA:134,0
DA:135,0
DA:136,0
DA:137,0
DA:140,0
DA:141,0
DA:147,0
DA:148,0
DA:149,0
DA:150,0
DA:151,0
DA:152,0
DA:153,0
DA:154,0
LF:75
LH:0
BRDA:24,0,0,0
BRDA:60,1,0,0
BRDA:71,2,0,0
BRDA:76,3,0,0
BRDA:76,3,1,0
BRDA:76,3,2,0
BRDA:76,3,3,0
BRDA:94,4,0,0
BRDA:98,5,0,0
BRDA:105,6,0,0
BRDA:105,6,1,0
BRDA:105,6,2,0
BRDA:105,6,3,0
BRDA:130,7,0,0
BRDA:130,7,1,0
BRDA:130,8,0,0
BRDA:130,8,1,0
BRDA:135,9,0,0
BRDA:135,10,0,0
BRDA:135,10,1,0
BRDA:140,11,0,0
BRDA:147,12,0,0
BRDA:147,12,1,0
BRDA:151,13,0,0
BRF:24
BRH:0
end_of_record
TN:
SF:src/ml/behavioral-predictor.ts
FN:5,(anonymous_0)
FN:9,(anonymous_1)
FN:16,(anonymous_2)
FN:25,(anonymous_3)
FN:38,(anonymous_4)
FN:48,(anonymous_5)
FNF:6
FNH:0
FNDA:0,(anonymous_0)
FNDA:0,(anonymous_1)
FNDA:0,(anonymous_2)
FNDA:0,(anonymous_3)
FNDA:0,(anonymous_4)
FNDA:0,(anonymous_5)
DA:1,0
DA:5,0
DA:6,0
DA:7,0
DA:10,0
DA:12,0
DA:13,0
DA:17,0
DA:19,0
DA:20,0
DA:21,0
DA:22,0
DA:27,0
DA:28,0
DA:29,0
DA:30,0
DA:31,0
DA:33,0
DA:34,0
DA:35,0
DA:40,0
DA:41,0
DA:42,0
DA:43,0
DA:44,0
DA:46,0
DA:47,0
DA:48,0
DA:50,0
LF:29
LH:0
BRDA:17,0,0,0
BRDA:20,1,0,0
BRDA:20,1,1,0
BRDA:27,2,0,0
BRDA:31,3,0,0
BRDA:33,4,0,0
BRDA:33,4,1,0
BRDA:43,5,0,0
BRDA:44,6,0,0
BRDA:44,6,1,0
BRF:10
BRH:0
end_of_record
TN:
SF:src/monitoring/PerformanceMonitor.ts
FN:9,(anonymous_0)
FN:13,(anonymous_1)
FN:17,(anonymous_2)
FN:26,(anonymous_3)
FN:29,(anonymous_4)
FN:34,(anonymous_5)
FN:38,(anonymous_6)
FN:40,(anonymous_7)
FNF:8
FNH:0
FNDA:0,(anonymous_0)
FNDA:0,(anonymous_1)
FNDA:0,(anonymous_2)
FNDA:0,(anonymous_3)
FNDA:0,(anonymous_4)
FNDA:0,(anonymous_5)
FNDA:0,(anonymous_6)
FNDA:0,(anonymous_7)
DA:3,0
DA:5,0
DA:6,0
DA:7,0
DA:10,0
DA:14,0
DA:18,0
DA:19,0
DA:21,0
DA:22,0
DA:27,0
DA:29,0
DA:31,0
DA:35,0
DA:39,0
DA:40,0
DA:43,0
DA:44,0
LF:18
LH:0
BRDA:9,0,0,0
BRDA:21,1,0,0
BRDA:27,2,0,0
BRDA:39,3,0,0
BRDA:39,3,1,0
BRDA:47,4,0,0
BRDA:47,4,1,0
BRF:7
BRH:0
end_of_record
TN:
SF:src/monitoring/RealTimePerformanceMonitor.ts
FN:59,(anonymous_0)
FN:73,(anonymous_1)
FN:87,(anonymous_2)
FN:93,(anonymous_3)
FN:109,(anonymous_4)
FN:121,(anonymous_5)
FN:144,(anonymous_6)
FN:157,(anonymous_7)
FN:166,(anonymous_8)
FN:187,(anonymous_9)
FN:207,(anonymous_10)
FN:229,(anonymous_11)
FN:248,(anonymous_12)
FN:251,(anonymous_13)
FN:252,(anonymous_14)
FN:267,(anonymous_15)
FN:299,(anonymous_16)
FN:306,(anonymous_17)
FN:322,(anonymous_18)
FN:334,(anonymous_19)
FN:341,(anonymous_20)
FN:349,(anonymous_21)
FN:358,(anonymous_22)
FN:367,(anonymous_23)
FN:376,(anonymous_24)
FN:379,(anonymous_25)
FN:402,(anonymous_26)
FNF:27
FNH:0
FNDA:0,(anonymous_0)
FNDA:0,(anonymous_1)
FNDA:0,(anonymous_2)
FNDA:0,(anonymous_3)
FNDA:0,(anonymous_4)
FNDA:0,(anonymous_5)
FNDA:0,(anonymous_6)
FNDA:0,(anonymous_7)
FNDA:0,(anonymous_8)
FNDA:0,(anonymous_9)
FNDA:0,(anonymous_10)
FNDA:0,(anonymous_11)
FNDA:0,(anonymous_12)
FNDA:0,(anonymous_13)
FNDA:0,(anonymous_14)
FNDA:0,(anonymous_15)
FNDA:0,(anonymous_16)
FNDA:0,(anonymous_17)
FNDA:0,(anonymous_18)
FNDA:0,(anonymous_19)
FNDA:0,(anonymous_20)
FNDA:0,(anonymous_21)
FNDA:0,(anonymous_22)
FNDA:0,(anonymous_23)
FNDA:0,(anonymous_24)
FNDA:0,(anonymous_25)
FNDA:0,(anonymous_26)
DA:1,0
DA:2,0
DA:52,0
DA:53,0
DA:56,0
DA:60,0
DA:68,0
DA:69,0
DA:70,0
DA:74,0
DA:88,0
DA:89,0
DA:90,0
DA:93,0
DA:94,0
DA:95,0
DA:100,0
DA:109,0
DA:110,0
DA:111,0
DA:113,0
DA:122,0
DA:124,0
DA:125,0
DA:127,0
DA:128,0
DA:130,0
DA:131,0
DA:133,0
DA:134,0
DA:136,0
DA:137,0
DA:145,0
DA:151,0
DA:158,0
DA:159,0
DA:167,0
DA:168,0
DA:169,0
DA:176,0
DA:189,0
DA:191,0
DA:193,0
DA:196,0
DA:198,0
DA:200,0
DA:208,0
DA:211,0
DA:212,0
DA:214,0
DA:215,0
DA:216,0
DA:219,0
DA:220,0
DA:223,0
DA:230,0
DA:232,0
DA:234,0
DA:239,0
DA:241,0
DA:249,0
DA:251,0
DA:252,0
DA:256,0
DA:259,0
DA:261,0
DA:268,0
DA:270,0
DA:271,0
DA:274,0
DA:275,0
DA:278,0
DA:279,0
DA:282,0
DA:283,0
DA:286,0
DA:287,0
DA:290,0
DA:300,0
DA:302,0
DA:303,0
DA:306,0
DA:307,0
DA:308,0
DA:311,0
DA:312,0
DA:313,0
DA:323,0
DA:324,0
DA:326,0
DA:327,0
DA:335,0
DA:342,0
DA:350,0
DA:351,0
DA:352,0
DA:353,0
DA:354,0
DA:355,0
DA:356,0
DA:359,0
DA:361,0
DA:362,0
DA:363,0
DA:364,0
DA:368,0
DA:370,0
DA:371,0
DA:372,0
DA:377,0
DA:379,0
DA:380,0
DA:382,0
DA:383,0
DA:386,0
DA:387,0
DA:390,0
DA:391,0
DA:394,0
DA:395,0
DA:398,0
DA:403,0
LF:122
LH:0
BRDA:88,0,0,0
BRDA:122,1,0,0
BRDA:122,1,1,0
BRDA:122,1,2,0
BRDA:122,1,3,0
BRDA:122,1,4,0
BRDA:136,2,0,0
BRDA:136,2,1,0
BRDA:158,3,0,0
BRDA:167,4,0,0
BRDA:167,4,1,0
BRDA:270,5,0,0
BRDA:274,6,0,0
BRDA:278,7,0,0
BRDA:282,8,0,0
BRDA:286,9,0,0
BRDA:300,10,0,0
BRDA:307,11,0,0
BRDA:312,12,0,0
BRDA:326,13,0,0
BRDA:359,14,0,0
BRDA:370,15,0,0
BRDA:377,16,0,0
BRDA:386,17,0,0
BRDA:390,18,0,0
BRF:25
BRH:0
end_of_record
TN:
SF:src/monitoring/basic-health-monitor.ts
FN:17,(anonymous_0)
FN:22,(anonymous_1)
FN:23,(anonymous_2)
FN:29,(anonymous_3)
FN:42,(anonymous_4)
FN:43,(anonymous_5)
FN:43,(anonymous_6)
FN:55,(anonymous_7)
FN:59,(anonymous_8)
FNF:9
FNH:0
FNDA:0,(anonymous_0)
FNDA:0,(anonymous_1)
FNDA:0,(anonymous_2)
FNDA:0,(anonymous_3)
FNDA:0,(anonymous_4)
FNDA:0,(anonymous_5)
FNDA:0,(anonymous_6)
FNDA:0,(anonymous_7)
FNDA:0,(anonymous_8)
DA:1,0
DA:2,0
DA:6,0
DA:7,0
DA:13,0
DA:14,0
DA:15,0
DA:18,0
DA:19,0
DA:23,0
DA:24,0
DA:25,0
DA:31,0
DA:32,0
DA:33,0
DA:34,0
DA:35,0
DA:36,0
DA:37,0
DA:38,0
DA:39,0
DA:43,0
DA:44,0
DA:45,0
DA:46,0
DA:49,0
DA:50,0
DA:51,0
DA:52,0
DA:56,0
DA:60,0
DA:61,0
DA:62,0
DA:65,0
DA:66,0
DA:67,0
DA:68,0
LF:37
LH:0
BRDA:18,0,0,0
BRDA:37,1,0,0
BRDA:38,2,0,0
BRDA:39,3,0,0
BRDA:43,4,0,0
BRDA:43,4,1,0
BRDA:49,5,0,0
BRDA:50,6,0,0
BRDA:51,7,0,0
BRDA:52,8,0,0
BRDA:65,9,0,0
BRDA:65,10,0,0
BRDA:65,10,1,0
BRDA:68,11,0,0
BRF:14
BRH:0
end_of_record
TN:
SF:src/monitoring/predictive-health-monitor.ts
FN:14,(anonymous_0)
FN:20,(anonymous_1)
FN:21,(anonymous_2)
FN:29,(anonymous_3)
FN:42,(anonymous_4)
FN:43,(anonymous_5)
FN:43,(anonymous_6)
FN:50,(anonymous_7)
FN:52,(anonymous_8)
FN:52,(anonymous_9)
FN:72,(anonymous_10)
FN:74,(anonymous_11)
FN:74,(anonymous_12)
FN:89,(anonymous_13)
FN:95,(anonymous_14)
FN:99,(anonymous_15)
FN:104,(anonymous_16)
FNF:17
FNH:0
FNDA:0,(anonymous_0)
FNDA:0,(anonymous_1)
FNDA:0,(anonymous_2)
FNDA:0,(anonymous_3)
FNDA:0,(anonymous_4)
FNDA:0,(anonymous_5)
FNDA:0,(anonymous_6)
FNDA:0,(anonymous_7)
FNDA:0,(anonymous_8)
FNDA:0,(anonymous_9)
FNDA:0,(anonymous_10)
FNDA:0,(anonymous_11)
FNDA:0,(anonymous_12)
FNDA:0,(anonymous_13)
FNDA:0,(anonymous_14)
FNDA:0,(anonymous_15)
FNDA:0,(anonymous_16)
DA:1,0
DA:2,0
DA:6,0
DA:7,0
DA:10,0
DA:11,0
DA:12,0
DA:15,0
DA:16,0
DA:21,0
DA:22,0
DA:23,0
DA:24,0
DA:25,0
DA:31,0
DA:32,0
DA:33,0
DA:34,0
DA:35,0
DA:36,0
DA:37,0
DA:38,0
DA:39,0
DA:43,0
DA:44,0
DA:45,0
DA:46,0
DA:47,0
DA:52,0
DA:53,0
DA:58,0
DA:59,0
DA:60,0
DA:62,0
DA:63,0
DA:64,0
DA:66,0
DA:67,0
DA:68,0
DA:74,0
DA:75,0
DA:76,0
DA:77,0
DA:79,0
DA:80,0
DA:81,0
DA:83,0
DA:84,0
DA:85,0
DA:90,0
DA:91,0
DA:92,0
DA:96,0
DA:100,0
DA:101,0
DA:105,0
LF:56
LH:0
BRDA:15,0,0,0
BRDA:37,1,0,0
BRDA:38,2,0,0
BRDA:39,3,0,0
BRDA:43,4,0,0
BRDA:43,4,1,0
BRDA:44,5,0,0
BRDA:45,6,0,0
BRDA:46,7,0,0
BRDA:47,8,0,0
BRDA:52,9,0,0
BRDA:52,9,1,0
BRDA:54,10,0,0
BRDA:54,10,1,0
BRDA:55,11,0,0
BRDA:55,11,1,0
BRDA:56,12,0,0
BRDA:56,12,1,0
BRDA:58,13,0,0
BRDA:62,14,0,0
BRDA:66,15,0,0
BRDA:74,16,0,0
BRDA:74,16,1,0
BRDA:75,17,0,0
BRDA:79,18,0,0
BRDA:83,19,0,0
BRDA:90,20,0,0
BRDA:91,21,0,0
BRDA:101,22,0,0
BRF:29
BRH:0
end_of_record
TN:
SF:src/mystical/SecretRitualSystem.ts
FN:5,randomUUID
FN:6,(anonymous_1)
FN:17,(anonymous_2)
FN:20,(anonymous_3)
FN:22,(anonymous_4)
FN:23,(anonymous_5)
FN:23,(anonymous_6)
FN:24,(anonymous_7)
FN:26,(anonymous_8)
FN:37,(anonymous_9)
FN:41,(anonymous_10)
FN:51,(anonymous_11)
FN:60,(anonymous_12)
FN:74,(anonymous_13)
FN:81,(anonymous_14)
FNF:15
FNH:0
FNDA:0,randomUUID
FNDA:0,(anonymous_1)
FNDA:0,(anonymous_2)
FNDA:0,(anonymous_3)
FNDA:0,(anonymous_4)
FNDA:0,(anonymous_5)
FNDA:0,(anonymous_6)
FNDA:0,(anonymous_7)
FNDA:0,(anonymous_8)
FNDA:0,(anonymous_9)
FNDA:0,(anonymous_10)
FNDA:0,(anonymous_11)
FNDA:0,(anonymous_12)
FNDA:0,(anonymous_13)
FNDA:0,(anonymous_14)
DA:2,0
DA:6,0
DA:7,0
DA:8,0
DA:12,0
DA:13,0
DA:14,0
DA:15,0
DA:19,0
DA:21,0
DA:22,0
DA:23,0
DA:24,0
DA:26,0
DA:35,0
DA:39,0
DA:41,0
DA:51,0
DA:61,0
DA:62,0
DA:63,0
DA:71,0
DA:75,0
DA:76,0
DA:78,0
DA:82,0
DA:83,0
DA:89,0
DA:90,0
DA:92,0
LF:30
LH:0
BRDA:7,0,0,0
BRDA:7,0,1,0
BRDA:62,1,0,0
BRDA:62,2,0,0
BRDA:62,2,1,0
BRDA:76,3,0,0
BRDA:82,4,0,0
BRF:7
BRH:0
end_of_record
TN:
SF:src/neural/GeneticMutator.ts
FN:10,(anonymous_0)
FN:17,(anonymous_1)
FN:26,(anonymous_2)
FN:32,(anonymous_3)
FNF:4
FNH:0
FNDA:0,(anonymous_0)
FNDA:0,(anonymous_1)
FNDA:0,(anonymous_2)
FNDA:0,(anonymous_3)
DA:2,0
DA:4,0
DA:11,0
DA:12,0
DA:13,0
DA:18,0
DA:20,0
DA:21,0
DA:22,0
DA:27,0
DA:28,0
DA:33,0
DA:35,0
DA:36,0
DA:37,0
DA:38,0
DA:41,0
DA:43,0
DA:44,0
DA:45,0
LF:20
LH:0
BRDA:10,0,0,0
BRDA:10,1,0,0
BRDA:10,2,0,0
BRDA:20,3,0,0
BRDA:21,4,0,0
BRDA:28,5,0,0
BRDA:28,5,1,0
BRDA:33,6,0,0
BRDA:33,6,1,0
BRDA:41,7,0,0
BRDA:41,7,1,0
BRDA:43,8,0,0
BRDA:43,8,1,0
BRF:13
BRH:0
end_of_record
TN:
SF:src/neural/HebbieanLearningSystem.ts
FN:22,(anonymous_0)
FN:31,(anonymous_1)
FN:50,(anonymous_2)
FN:65,(anonymous_3)
FN:73,(anonymous_4)
FN:85,(anonymous_5)
FN:86,(anonymous_6)
FN:98,(anonymous_7)
FN:106,(anonymous_8)
FN:117,(anonymous_9)
FN:165,(anonymous_10)
FN:187,(anonymous_11)
FN:196,(anonymous_12)
FN:206,(anonymous_13)
FN:217,(anonymous_14)
FN:224,(anonymous_15)
FN:231,(anonymous_16)
FN:235,(anonymous_17)
FN:236,(anonymous_18)
FN:237,(anonymous_19)
FN:251,(anonymous_20)
FN:262,(anonymous_21)
FN:272,(anonymous_22)
FN:282,(anonymous_23)
FN:292,(anonymous_24)
FN:299,(anonymous_25)
FNF:26
FNH:0
FNDA:0,(anonymous_0)
FNDA:0,(anonymous_1)
FNDA:0,(anonymous_2)
FNDA:0,(anonymous_3)
FNDA:0,(anonymous_4)
FNDA:0,(anonymous_5)
FNDA:0,(anonymous_6)
FNDA:0,(anonymous_7)
FNDA:0,(anonymous_8)
FNDA:0,(anonymous_9)
FNDA:0,(anonymous_10)
FNDA:0,(anonymous_11)
FNDA:0,(anonymous_12)
FNDA:0,(anonymous_13)
FNDA:0,(anonymous_14)
FNDA:0,(anonymous_15)
FNDA:0,(anonymous_16)
FNDA:0,(anonymous_17)
FNDA:0,(anonymous_18)
FNDA:0,(anonymous_19)
FNDA:0,(anonymous_20)
FNDA:0,(anonymous_21)
FNDA:0,(anonymous_22)
FNDA:0,(anonymous_23)
FNDA:0,(anonymous_24)
FNDA:0,(anonymous_25)
DA:10,0
DA:11,0
DA:12,0
DA:13,0
DA:14,0
DA:17,0
DA:18,0
DA:19,0
DA:23,0
DA:24,0
DA:25,0
DA:32,0
DA:33,0
DA:34,0
DA:35,0
DA:38,0
DA:39,0
DA:41,0
DA:43,0
DA:44,0
DA:51,0
DA:52,0
DA:53,0
DA:54,0
DA:56,0
DA:57,0
DA:66,0
DA:67,0
DA:74,0
DA:77,0
DA:78,0
DA:79,0
DA:84,0
DA:85,0
DA:86,0
DA:88,0
DA:89,0
DA:92,0
DA:99,0
DA:100,0
DA:107,0
DA:118,0
DA:119,0
DA:120,0
DA:122,0
DA:124,0
DA:127,0
DA:128,0
DA:129,0
DA:130,0
DA:131,0
DA:134,0
DA:135,0
DA:137,0
DA:138,0
DA:144,0
DA:145,0
DA:146,0
DA:147,0
DA:152,0
DA:154,0
DA:166,0
DA:169,0
DA:170,0
DA:171,0
DA:174,0
DA:175,0
DA:178,0
DA:179,0
DA:181,0
DA:188,0
DA:189,0
DA:190,0
DA:197,0
DA:198,0
DA:200,0
DA:207,0
DA:208,0
DA:209,0
DA:211,0
DA:218,0
DA:225,0
DA:232,0
DA:235,0
DA:236,0
DA:237,0
DA:240,0
DA:243,0
DA:245,0
DA:252,0
DA:253,0
DA:255,0
DA:263,0
DA:264,0
DA:265,0
DA:266,0
DA:273,0
DA:274,0
DA:275,0
DA:276,0
DA:283,0
DA:285,0
DA:286,0
DA:287,0
DA:291,0
DA:292,0
DA:300,0
DA:301,0
LF:108
LH:0
BRDA:22,0,0,0
BRDA:22,1,0,0
BRDA:33,2,0,0
BRDA:33,2,1,0
BRDA:38,3,0,0
BRDA:54,4,0,0
BRDA:54,4,1,0
BRDA:56,5,0,0
BRDA:78,6,0,0
BRDA:88,7,0,0
BRDA:100,8,0,0
BRDA:100,8,1,0
BRDA:129,9,0,0
BRDA:137,10,0,0
BRDA:137,10,1,0
BRDA:138,11,0,0
BRDA:145,12,0,0
BRDA:189,13,0,0
BRDA:190,14,0,0
BRDA:190,14,1,0
BRDA:197,15,0,0
BRDA:232,16,0,0
BRDA:263,17,0,0
BRDA:264,18,0,0
BRDA:265,19,0,0
BRDA:273,20,0,0
BRDA:274,21,0,0
BRDA:275,22,0,0
BRDA:282,23,0,0
BRF:29
BRH:0
end_of_record
TN:
SF:src/neural/NeuralCoreEngine.ts
FN:18,(anonymous_0)
FN:27,(anonymous_1)
FN:39,(anonymous_2)
FN:83,(anonymous_3)
FN:153,(anonymous_4)
FN:187,(anonymous_5)
FN:200,(anonymous_6)
FN:210,(anonymous_7)
FN:220,(anonymous_8)
FN:233,(anonymous_9)
FN:250,(anonymous_10)
FN:254,(anonymous_11)
FN:269,(anonymous_12)
FN:273,(anonymous_13)
FNF:14
FNH:0
FNDA:0,(anonymous_0)
FNDA:0,(anonymous_1)
FNDA:0,(anonymous_2)
FNDA:0,(anonymous_3)
FNDA:0,(anonymous_4)
FNDA:0,(anonymous_5)
FNDA:0,(anonymous_6)
FNDA:0,(anonymous_7)
FNDA:0,(anonymous_8)
FNDA:0,(anonymous_9)
FNDA:0,(anonymous_10)
FNDA:0,(anonymous_11)
FNDA:0,(anonymous_12)
FNDA:0,(anonymous_13)
DA:2,0
DA:3,0
DA:4,0
DA:6,0
DA:7,0
DA:8,0
DA:10,0
DA:16,0
DA:19,0
DA:20,0
DA:21,0
DA:22,0
DA:23,0
DA:24,0
DA:28,0
DA:31,0
DA:32,0
DA:34,0
DA:35,0
DA:40,0
DA:42,0
DA:45,0
DA:72,0
DA:73,0
DA:75,0
DA:76,0
DA:78,0
DA:79,0
DA:84,0
DA:85,0
DA:86,0
DA:88,0
DA:89,0
DA:90,0
DA:91,0
DA:92,0
DA:94,0
DA:98,0
DA:99,0
DA:102,0
DA:104,0
DA:105,0
DA:106,0
DA:107,0
DA:108,0
DA:114,0
DA:115,0
DA:116,0
DA:117,0
DA:122,0
DA:123,0
DA:124,0
DA:125,0
DA:130,0
DA:131,0
DA:135,0
DA:136,0
DA:137,0
DA:139,0
DA:140,0
DA:143,0
DA:145,0
DA:146,0
DA:148,0
DA:149,0
DA:154,0
DA:155,0
DA:156,0
DA:157,0
DA:161,0
DA:164,0
DA:171,0
DA:172,0
DA:174,0
DA:177,0
DA:188,0
DA:189,0
DA:190,0
DA:192,0
DA:193,0
DA:194,0
DA:197,0
DA:201,0
DA:202,0
DA:203,0
DA:204,0
DA:205,0
DA:207,0
DA:212,0
DA:213,0
DA:214,0
DA:215,0
DA:222,0
DA:223,0
DA:226,0
DA:227,0
DA:229,0
DA:234,0
DA:236,0
DA:237,0
DA:239,0
DA:240,0
DA:242,0
DA:243,0
DA:246,0
DA:251,0
DA:255,0
DA:256,0
DA:257,0
DA:258,0
DA:259,0
DA:260,0
DA:262,0
DA:264,0
DA:265,0
DA:270,0
DA:274,0
LF:117
LH:0
BRDA:86,0,0,0
BRDA:89,1,0,0
BRDA:105,2,0,0
BRDA:107,3,0,0
BRDA:114,4,0,0
BRDA:116,5,0,0
BRDA:122,6,0,0
BRDA:124,7,0,0
BRDA:136,8,0,0
BRDA:156,9,0,0
BRDA:165,10,0,0
BRDA:165,10,1,0
BRDA:212,11,0,0
BRDA:222,12,0,0
BRDA:222,12,1,0
BRDA:227,13,0,0
BRDA:227,13,1,0
BRDA:236,14,0,0
BRDA:239,15,0,0
BRDA:242,16,0,0
BRDA:257,17,0,0
BRF:21
BRH:0
end_of_record
TN:
SF:src/neural/NeuralMesh.ts
FN:1,(anonymous_0)
FN:3,(anonymous_1)
FN:4,(anonymous_2)
FN:5,(anonymous_3)
FNF:4
FNH:0
FNDA:0,(anonymous_0)
FNDA:0,(anonymous_1)
FNDA:0,(anonymous_2)
FNDA:0,(anonymous_3)
DA:1,0
DA:2,0
DA:3,0
DA:4,0
DA:5,0
LF:5
LH:0
BRDA:5,0,0,0
BRDA:5,0,1,0
BRF:2
BRH:0
end_of_record
TN:
SF:src/neural/NeuronTypes.ts
FN:2,(anonymous_0)
FNF:1
FNH:0
FNDA:0,(anonymous_0)
DA:1,0
DA:2,0
LF:2
LH:0
BRF:0
BRH:0
end_of_record
TN:
SF:src/neural/SynapticRouter.ts
FN:1,(anonymous_0)
FN:3,(anonymous_1)
FN:4,(anonymous_2)
FNF:3
FNH:0
FNDA:0,(anonymous_0)
FNDA:0,(anonymous_1)
FNDA:0,(anonymous_2)
DA:1,0
DA:2,0
DA:3,0
DA:4,0
LF:4
LH:0
BRDA:4,0,0,0
BRF:1
BRH:0
end_of_record
TN:
SF:src/optimization/advanced-caching.ts
FN:5,(anonymous_0)
FN:8,(anonymous_1)
FN:14,(anonymous_2)
FN:22,(anonymous_3)
FN:27,(anonymous_4)
FN:32,(anonymous_5)
FN:37,(anonymous_6)
FNF:7
FNH:0
FNDA:0,(anonymous_0)
FNDA:0,(anonymous_1)
FNDA:0,(anonymous_2)
FNDA:0,(anonymous_3)
FNDA:0,(anonymous_4)
FNDA:0,(anonymous_5)
FNDA:0,(anonymous_6)
DA:1,0
DA:5,0
DA:6,0
DA:9,0
DA:10,0
DA:11,0
DA:15,0
DA:16,0
DA:17,0
DA:18,0
DA:19,0
DA:23,0
DA:24,0
DA:28,0
DA:29,0
DA:34,0
DA:39,0
DA:40,0
DA:42,0
LF:19
LH:0
BRDA:16,0,0,0
BRF:1
BRH:0
end_of_record
TN:
SF:src/optimization/performance-analytics.ts
FN:39,(anonymous_0)
FN:50,(anonymous_1)
FN:57,(anonymous_2)
FN:64,(anonymous_3)
FN:74,(anonymous_4)
FN:113,(anonymous_5)
FN:173,(anonymous_6)
FN:191,(anonymous_7)
FN:199,(anonymous_8)
FN:212,(anonymous_9)
FN:216,(anonymous_10)
FN:223,(anonymous_11)
FN:246,(anonymous_12)
FN:247,(anonymous_13)
FN:248,(anonymous_14)
FN:249,(anonymous_15)
FN:250,(anonymous_16)
FN:260,(anonymous_17)
FNF:18
FNH:0
FNDA:0,(anonymous_0)
FNDA:0,(anonymous_1)
FNDA:0,(anonymous_2)
FNDA:0,(anonymous_3)
FNDA:0,(anonymous_4)
FNDA:0,(anonymous_5)
FNDA:0,(anonymous_6)
FNDA:0,(anonymous_7)
FNDA:0,(anonymous_8)
FNDA:0,(anonymous_9)
FNDA:0,(anonymous_10)
FNDA:0,(anonymous_11)
FNDA:0,(anonymous_12)
FNDA:0,(anonymous_13)
FNDA:0,(anonymous_14)
FNDA:0,(anonymous_15)
FNDA:0,(anonymous_16)
FNDA:0,(anonymous_17)
DA:4,0
DA:5,0
DA:31,0
DA:32,0
DA:33,0
DA:34,0
DA:35,0
DA:40,0
DA:41,0
DA:51,0
DA:53,0
DA:54,0
DA:57,0
DA:58,0
DA:61,0
DA:65,0
DA:67,0
DA:68,0
DA:69,0
DA:71,0
DA:75,0
DA:76,0
DA:77,0
DA:79,0
DA:95,0
DA:98,0
DA:99,0
DA:103,0
DA:106,0
DA:109,0
DA:114,0
DA:117,0
DA:118,0
DA:128,0
DA:129,0
DA:130,0
DA:140,0
DA:141,0
[...]
BRDA:114,20,1,0
BRDA:119,21,0,0
BRDA:119,21,1,0
BRDA:119,22,0,0
BRDA:119,22,1,0
BRDA:134,23,0,0
BRDA:134,23,1,0
BRDA:134,24,0,0
BRDA:134,24,1,0
BRDA:134,24,2,0
BRDA:141,25,0,0
BRDA:141,25,1,0
BRDA:151,26,0,0
BRDA:151,27,0,0
BRDA:151,27,1,0
BRDA:155,28,0,0
BRF:45
BRH:0
end_of_record
TN:
SF:src/shared/utils/secureLogger.ts
FN:6,(anonymous_0)
FN:60,(anonymous_1)
FN:72,(anonymous_2)
FN:79,(anonymous_3)
FN:87,(anonymous_4)
FN:94,(anonymous_5)
FN:111,(anonymous_6)
FN:121,(anonymous_7)
FN:122,(anonymous_8)
FN:127,(anonymous_9)
FN:136,(anonymous_10)
FN:140,(anonymous_11)
FN:191,(anonymous_12)
FN:195,(anonymous_13)
FN:199,(anonymous_14)
FN:203,(anonymous_15)
FN:207,(anonymous_16)
FN:211,(anonymous_17)
FN:216,(anonymous_18)
FN:220,(anonymous_19)
FN:224,(anonymous_20)
FN:226,(anonymous_21)
FN:231,(anonymous_22)
FN:235,(anonymous_23)
FNF:24
FNH:0
FNDA:0,(anonymous_0)
FNDA:0,(anonymous_1)
FNDA:0,(anonymous_2)
FNDA:0,(anonymous_3)
FNDA:0,(anonymous_4)
FNDA:0,(anonymous_5)
FNDA:0,(anonymous_6)
FNDA:0,(anonymous_7)
FNDA:0,(anonymous_8)
FNDA:0,(anonymous_9)
FNDA:0,(anonymous_10)
FNDA:0,(anonymous_11)
FNDA:0,(anonymous_12)
FNDA:0,(anonymous_13)
FNDA:0,(anonymous_14)
FNDA:0,(anonymous_15)
FNDA:0,(anonymous_16)
FNDA:0,(anonymous_17)
FNDA:0,(anonymous_18)
FNDA:0,(anonymous_19)
FNDA:0,(anonymous_20)
FNDA:0,(anonymous_21)
FNDA:0,(anonymous_22)
FNDA:0,(anonymous_23)
DA:6,0
DA:7,0
DA:8,0
DA:9,0
DA:10,0
DA:11,0
DA:12,0
DA:33,0
DA:36,0
DA:39,0
DA:61,0
DA:73,0
DA:74,0
DA:76,0
DA:80,0
DA:88,0
DA:89,0
DA:92,0
DA:93,0
DA:94,0
DA:97,0
DA:98,0
DA:99,0
DA:100,0
DA:102,0
DA:105,0
DA:108,0
DA:112,0
DA:114,0
DA:115,0
DA:118,0
DA:122,0
DA:123,0
DA:128,0
DA:129,0
DA:130,0
DA:131,0
DA:133,0
DA:137,0
DA:141,0
DA:142,0
DA:145,0
DA:146,0
DA:148,0
DA:158,0
DA:159,0
DA:162,0
DA:163,0
DA:168,0
DA:169,0
DA:171,0
DA:174,0
DA:175,0
DA:177,0
DA:178,0
DA:180,0
DA:181,0
DA:184,0
DA:185,0
DA:192,0
DA:196,0
DA:200,0
DA:204,0
DA:208,0
DA:212,0
DA:217,0
DA:221,0
DA:225,0
DA:226,0
DA:228,0
DA:232,0
DA:236,0
DA:241,0
DA:244,0
DA:245,0
DA:246,0
DA:247,0
LF:77
LH:0
BRDA:6,0,0,0
BRDA:6,0,1,0
BRDA:60,1,0,0
BRDA:73,2,0,0
BRDA:80,3,0,0
BRDA:80,3,1,0
BRDA:80,3,2,0
BRDA:88,4,0,0
BRDA:92,5,0,0
BRDA:92,6,0,0
BRDA:92,6,1,0
BRDA:93,7,0,0
BRDA:99,8,0,0
BRDA:99,8,1,0
BRDA:130,9,0,0
BRDA:130,9,1,0
BRDA:131,10,0,0
BRDA:131,10,1,0
BRDA:141,11,0,0
BRDA:145,12,0,0
BRDA:145,12,1,0
BRDA:158,13,0,0
BRDA:162,14,0,0
BRDA:168,15,0,0
BRDA:171,16,0,0
BRDA:171,16,1,0
BRDA:171,16,2,0
BRDA:171,16,3,0
BRDA:171,16,4,0
BRDA:171,16,5,0
BRDA:225,17,0,0
BRF:31
BRH:0
end_of_record
TN:
SF:src/shared/utils/secureRandom.ts
FN:13,(anonymous_0)
FN:30,(anonymous_1)
FN:42,(anonymous_2)
FN:53,(anonymous_3)
FN:73,(anonymous_4)
FN:85,(anonymous_5)
FN:94,(anonymous_6)
FN:106,(anonymous_7)
FN:117,(anonymous_8)
FN:128,(anonymous_9)
FNF:10
FNH:0
FNDA:0,(anonymous_0)
FNDA:0,(anonymous_1)
FNDA:0,(anonymous_2)
FNDA:0,(anonymous_3)
FNDA:0,(anonymous_4)
FNDA:0,(anonymous_5)
FNDA:0,(anonymous_6)
FNDA:0,(anonymous_7)
FNDA:0,(anonymous_8)
FNDA:0,(anonymous_9)
DA:1,0
DA:7,0
DA:8,0
DA:14,0
DA:15,0
DA:16,0
DA:17,0
DA:21,0
DA:23,0
DA:24,0
DA:31,0
DA:32,0
DA:35,0
DA:36,0
DA:43,0
DA:44,0
DA:47,0
DA:54,0
DA:55,0
DA:56,0
DA:57,0
DA:61,0
DA:62,0
DA:63,0
DA:64,0
DA:65,0
DA:67,0
DA:74,0
DA:75,0
DA:78,0
DA:79,0
DA:86,0
DA:87,0
DA:88,0
DA:91,0
DA:92,0
DA:94,0
DA:95,0
DA:105,0
DA:106,0
DA:107,0
DA:108,0
DA:109,0
DA:110,0
DA:118,0
DA:119,0
DA:120,0
DA:122,0
DA:129,0
DA:130,0
DA:135,0
DA:136,0
DA:137,0
LF:53
LH:0
BRDA:14,0,0,0
BRDA:14,1,0,0
BRDA:14,1,1,0
BRDA:23,2,0,0
BRDA:23,2,1,0
BRDA:31,3,0,0
BRDA:43,4,0,0
BRDA:54,5,0,0
BRDA:54,6,0,0
BRDA:54,6,1,0
BRDA:64,7,0,0
BRDA:64,7,1,0
BRDA:74,8,0,0
BRDA:86,9,0,0
BRDA:86,10,0,0
BRDA:86,10,1,0
BRDA:107,11,0,0
BRDA:107,11,1,0
BRDA:109,12,0,0
BRDA:109,12,1,0
BRDA:117,13,0,0
BRDA:128,14,0,0
BRDA:128,15,0,0
BRDA:130,16,0,0
BRDA:130,16,1,0
BRF:25
BRH:0
end_of_record
TN:
SF:src/shared/utils/serialization.ts
FN:34,sanitizeOrganismState
FN:59,sanitizeTraits
FN:80,sanitizeMutations
FN:84,(anonymous_3)
FN:85,(anonymous_4)
FN:94,sanitizeSocialConnections
FN:98,(anonymous_6)
FN:99,(anonymous_7)
FN:107,sanitizeMemoryFragments
FN:111,(anonymous_9)
FN:112,(anonymous_10)
FN:120,sanitizeMessage
FN:129,deepCleanForSerialization
FN:188,(anonymous_13)
FNF:14
FNH:0
FNDA:0,sanitizeOrganismState
FNDA:0,sanitizeTraits
FNDA:0,sanitizeMutations
FNDA:0,(anonymous_3)
FNDA:0,(anonymous_4)
FNDA:0,sanitizeSocialConnections
FNDA:0,(anonymous_6)
FNDA:0,(anonymous_7)
FNDA:0,sanitizeMemoryFragments
FNDA:0,(anonymous_9)
FNDA:0,(anonymous_10)
FNDA:0,sanitizeMessage
FNDA:0,deepCleanForSerialization
FNDA:0,(anonymous_13)
DA:1,0
DA:34,0
DA:35,0
DA:37,0
DA:38,0
DA:54,0
DA:55,0
DA:60,0
DA:61,0
DA:70,0
DA:71,0
DA:72,0
DA:73,0
DA:77,0
DA:81,0
DA:83,0
DA:84,0
DA:85,0
DA:95,0
DA:97,0
DA:98,0
DA:99,0
DA:108,0
DA:110,0
DA:111,0
DA:112,0
DA:120,0
DA:121,0
DA:122,0
DA:126,0
DA:130,0
DA:131,0
DA:134,0
DA:135,0
DA:138,0
DA:139,0
DA:142,0
DA:143,0
DA:151,0
DA:165,0
DA:166,0
DA:174,0
DA:177,0
DA:178,0
DA:182,0
DA:183,0
DA:185,0
DA:187,0
DA:188,0
DA:192,0
DA:194,0
DA:195,0
DA:196,0
DA:197,0
DA:199,0
DA:204,0
LF:56
LH:0
BRDA:35,0,0,0
BRDA:39,1,0,0
BRDA:39,1,1,0
BRDA:40,2,0,0
BRDA:40,2,1,0
BRDA:41,3,0,0
BRDA:41,3,1,0
BRDA:42,4,0,0
BRDA:42,4,1,0
BRDA:44,5,0,0
BRDA:44,5,1,0
BRDA:44,5,2,0
BRDA:45,6,0,0
BRDA:45,6,1,0
BRDA:47,7,0,0
BRDA:47,7,1,0
BRDA:48,8,0,0
BRDA:48,8,1,0
BRDA:48,8,2,0
BRDA:49,9,0,0
BRDA:49,9,1,0
BRDA:49,9,2,0
BRDA:60,10,0,0
BRDA:60,11,0,0
BRDA:60,11,1,0
BRDA:72,12,0,0
BRDA:72,13,0,0
BRDA:72,13,1,0
BRDA:72,13,2,0
BRDA:81,14,0,0
BRDA:84,15,0,0
BRDA:84,15,1,0
BRDA:86,16,0,0
BRDA:86,16,1,0
BRDA:87,17,0,0
BRDA:87,17,1,0
BRDA:88,18,0,0
BRDA:88,18,1,0
BRDA:89,19,0,0
BRDA:89,19,1,0
BRDA:95,20,0,0
BRDA:98,21,0,0
BRDA:98,21,1,0
BRDA:100,22,0,0
BRDA:100,22,1,0
BRDA:101,23,0,0
BRDA:101,23,1,0
BRDA:102,24,0,0
BRDA:102,24,1,0
BRDA:108,25,0,0
BRDA:111,26,0,0
BRDA:111,26,1,0
BRDA:113,27,0,0
BRDA:113,27,1,0
BRDA:114,28,0,0
BRDA:114,28,1,0
BRDA:115,29,0,0
BRDA:115,29,1,0
BRDA:121,30,0,0
BRDA:121,31,0,0
BRDA:121,31,1,0
BRDA:129,32,0,0
BRDA:130,33,0,0
BRDA:130,34,0,0
BRDA:130,34,1,0
BRDA:134,35,0,0
BRDA:138,36,0,0
BRDA:142,37,0,0
BRDA:151,38,0,0
BRDA:151,39,0,0
BRDA:151,39,1,0
BRDA:151,39,2,0
BRDA:151,39,3,0
BRDA:151,39,4,0
BRDA:151,39,5,0
BRDA:151,39,6,0
BRDA:151,39,7,0
BRDA:151,39,8,0
BRDA:151,39,9,0
BRDA:151,39,10,0
BRDA:151,39,11,0
BRDA:151,39,12,0
BRDA:151,39,13,0
BRDA:151,39,14,0
BRDA:151,39,15,0
BRDA:151,39,16,0
BRDA:151,39,17,0
BRDA:151,39,18,0
BRDA:165,40,0,0
BRDA:177,41,0,0
BRDA:182,42,0,0
BRDA:187,43,0,0
BRDA:195,44,0,0
BRF:93
BRH:0
end_of_record
TN:
SF:src/shared/utils/uuid.ts
FN:7,generateUUID
FN:24,isCryptoUUIDAvailable
FN:33,generateSecureUUID
FNF:3
FNH:0
FNDA:0,generateUUID
FNDA:0,isCryptoUUIDAvailable
FNDA:0,generateSecureUUID
DA:1,0
DA:2,0
DA:7,0
DA:9,0
DA:10,0
DA:11,0
DA:13,0
DA:18,0
DA:24,0
DA:25,0
DA:33,0
DA:34,0
DA:35,0
DA:39,0
LF:14
LH:0
BRDA:9,0,0,0
BRDA:9,1,0,0
BRDA:9,1,1,0
BRDA:25,2,0,0
BRDA:25,2,1,0
BRDA:34,3,0,0
BRF:6
BRH:0
end_of_record
TN:
SF:src/shared/utils/webgl.ts
FN:17,(anonymous_0)
FN:37,(anonymous_1)
FN:97,(anonymous_2)
FN:111,(anonymous_3)
FN:125,(anonymous_4)
FN:153,(anonymous_5)
FN:191,(anonymous_6)
FN:197,(anonymous_7)
FN:203,(anonymous_8)
FN:209,(anonymous_9)
FN:234,(anonymous_10)
FN:248,(anonymous_11)
FNF:12
FNH:0
FNDA:0,(anonymous_0)
FNDA:0,(anonymous_1)
FNDA:0,(anonymous_2)
FNDA:0,(anonymous_3)
FNDA:0,(anonymous_4)
FNDA:0,(anonymous_5)
FNDA:0,(anonymous_6)
FNDA:0,(anonymous_7)
FNDA:0,(anonymous_8)
FNDA:0,(anonymous_9)
FNDA:0,(anonymous_10)
FNDA:0,(anonymous_11)
DA:2,0
DA:16,0
DA:18,0
DA:19,0
DA:20,0
DA:21,0
DA:24,0
DA:25,0
DA:27,0
DA:28,0
DA:29,0
DA:30,0
DA:31,0
DA:34,0
DA:42,0
DA:43,0
DA:45,0
DA:46,0
DA:49,0
DA:50,0
DA:51,0
DA:52,0
DA:55,0
DA:56,0
DA:57,0
DA:59,0
DA:60,0
DA:61,0
DA:62,0
DA:63,0
DA:67,0
DA:68,0
DA:70,0
DA:71,0
DA:72,0
DA:73,0
DA:74,0
DA:78,0
DA:79,0
DA:80,0
DA:81,0
DA:82,0
DA:87,0
DA:88,0
DA:90,0
DA:98,0
DA:99,0
DA:100,0
DA:101,0
DA:104,0
DA:105,0
DA:106,0
DA:108,0
DA:112,0
DA:113,0
DA:114,0
DA:115,0
DA:118,0
DA:119,0
DA:120,0
DA:122,0
DA:127,0
DA:134,0
DA:139,0
DA:140,0
DA:142,0
DA:143,0
DA:146,0
DA:154,0
DA:155,0
DA:158,0
DA:161,0
DA:162,0
DA:163,0
DA:164,0
DA:165,0
DA:166,0
DA:168,0
DA:172,0
DA:173,0
DA:175,0
DA:177,0
DA:178,0
DA:180,0
DA:181,0
DA:184,0
DA:192,0
DA:193,0
DA:198,0
DA:199,0
DA:204,0
DA:205,0
DA:210,0
DA:211,0
DA:212,0
DA:213,0
DA:216,0
DA:218,0
DA:219,0
DA:221,0
DA:224,0
DA:225,0
DA:226,0
DA:227,0
DA:229,0
DA:231,0
DA:235,0
DA:237,0
DA:238,0
DA:239,0
DA:240,0
DA:241,0
DA:242,0
DA:245,0
DA:249,0
DA:250,0
DA:252,0
DA:253,0
DA:254,0
DA:255,0
DA:257,0
DA:261,0
LF:122
LH:0
BRDA:19,0,0,0
BRDA:27,1,0,0
BRDA:45,2,0,0
BRDA:45,3,0,0
BRDA:45,3,1,0
BRDA:50,4,0,0
BRDA:59,5,0,0
BRDA:73,6,0,0
BRDA:81,7,0,0
BRDA:97,8,0,0
BRDA:99,9,0,0
BRDA:111,10,0,0
BRDA:113,11,0,0
BRDA:142,12,0,0
BRDA:142,13,0,0
BRDA:142,13,1,0
BRDA:153,14,0,0
BRDA:180,15,0,0
BRDA:180,16,0,0
BRDA:180,16,1,0
BRDA:192,17,0,0
BRDA:192,18,0,0
BRDA:192,18,1,0
BRDA:198,19,0,0
BRDA:198,20,0,0
BRDA:198,20,1,0
BRDA:204,21,0,0
BRDA:204,22,0,0
BRDA:204,22,1,0
BRDA:211,23,0,0
BRDA:218,24,0,0
BRDA:218,24,1,0
BRDA:234,25,0,0
BRDA:249,26,0,0
BRDA:249,26,1,0
BRDA:250,27,0,0
BRDA:250,27,1,0
BRDA:252,28,0,0
BRDA:252,29,0,0
BRDA:252,29,1,0
BRF:40
BRH:0
end_of_record
TN:
SF:src/social/SocialNetworkManager.ts
FN:7,randomUUID
FN:8,(anonymous_1)
FN:29,(anonymous_2)
FN:34,(anonymous_3)
FN:52,(anonymous_4)
FN:66,(anonymous_5)
FN:72,(anonymous_6)
FN:96,(anonymous_7)
FN:102,(anonymous_8)
FN:122,(anonymous_9)
FN:135,(anonymous_10)
FNF:11
FNH:0
FNDA:0,randomUUID
FNDA:0,(anonymous_1)
FNDA:0,(anonymous_2)
FNDA:0,(anonymous_3)
FNDA:0,(anonymous_4)
FNDA:0,(anonymous_5)
FNDA:0,(anonymous_6)
FNDA:0,(anonymous_7)
FNDA:0,(anonymous_8)
FNDA:0,(anonymous_9)
FNDA:0,(anonymous_10)
DA:5,0
DA:8,0
DA:9,0
DA:10,0
DA:22,0
DA:23,0
DA:27,0
DA:30,0
DA:31,0
DA:36,0
DA:40,0
DA:41,0
DA:48,0
DA:49,0
DA:54,0
DA:55,0
DA:56,0
DA:57,0
DA:58,0
DA:59,0
DA:64,0
DA:65,0
DA:66,0
DA:67,0
DA:69,0
DA:71,0
DA:72,0
DA:73,0
DA:74,0
DA:76,0
DA:77,0
DA:84,0
DA:85,0
DA:86,0
DA:98,0
DA:103,0
DA:104,0
DA:105,0
DA:106,0
DA:107,0
DA:108,0
DA:109,0
DA:110,0
DA:112,0
DA:114,0
DA:115,0
DA:116,0
DA:118,0
DA:123,0
DA:124,0
DA:125,0
DA:126,0
DA:127,0
DA:128,0
DA:130,0
DA:136,0
DA:137,0
DA:138,0
DA:140,0
DA:141,0
LF:60
LH:0
BRDA:9,0,0,0
BRDA:9,0,1,0
BRDA:58,1,0,0
BRDA:58,2,0,0
BRDA:58,2,1,0
BRDA:67,3,0,0
BRDA:67,3,1,0
BRDA:67,4,0,0
BRDA:67,4,1,0
BRDA:73,5,0,0
BRDA:108,6,0,0
BRDA:110,7,0,0
BRDA:110,7,1,0
BRDA:126,8,0,0
BRDA:128,9,0,0
BRDA:128,9,1,0
BRDA:137,10,0,0
BRF:17
BRH:0
end_of_record
TN:
SF:src/social/collective-intelligence.ts
FN:13,(anonymous_0)
FN:18,(anonymous_1)
FN:29,(anonymous_2)
FN:35,(anonymous_3)
FN:39,(anonymous_4)
FNF:5
FNH:0
FNDA:0,(anonymous_0)
FNDA:0,(anonymous_1)
FNDA:0,(anonymous_2)
FNDA:0,(anonymous_3)
FNDA:0,(anonymous_4)
DA:3,0
DA:4,0
DA:6,0
DA:7,0
DA:8,0
DA:11,0
DA:14,0
DA:15,0
DA:19,0
DA:20,0
DA:21,0
DA:23,0
DA:25,0
DA:26,0
DA:30,0
DA:31,0
DA:32,0
DA:36,0
DA:40,0
DA:41,0
DA:42,0
DA:43,0
DA:44,0
DA:45,0
DA:47,0
DA:48,0
LF:26
LH:0
BRDA:15,0,0,0
BRDA:19,1,0,0
BRDA:30,2,0,0
BRDA:36,3,0,0
BRDA:36,3,1,0
BRDA:42,4,0,0
BRDA:42,4,1,0
BRDA:44,5,0,0
BRF:8
BRH:0
end_of_record
TN:
SF:src/social/distributed-organism-network.ts
FN:13,(anonymous_0)
FN:16,(anonymous_1)
FN:21,(anonymous_2)
FN:25,(anonymous_3)
FN:31,(anonymous_4)
FN:37,(anonymous_5)
FN:42,(anonymous_6)
FN:47,(anonymous_7)
FN:52,(anonymous_8)
FNF:9
FNH:0
FNDA:0,(anonymous_0)
FNDA:0,(anonymous_1)
FNDA:0,(anonymous_2)
FNDA:0,(anonymous_3)
FNDA:0,(anonymous_4)
FNDA:0,(anonymous_5)
FNDA:0,(anonymous_6)
FNDA:0,(anonymous_7)
FNDA:0,(anonymous_8)
DA:3,0
DA:4,0
DA:6,0
DA:7,0
DA:9,0
DA:14,0
DA:15,0
DA:16,0
DA:18,0
DA:22,0
DA:26,0
DA:27,0
DA:28,0
DA:32,0
DA:33,0
DA:34,0
DA:38,0
DA:39,0
DA:44,0
DA:48,0
DA:49,0
DA:53,0
DA:54,0
DA:56,0
DA:57,0
DA:59,0
DA:60,0
DA:62,0
DA:63,0
DA:65,0
DA:66,0
DA:69,0
DA:70,0
LF:33
LH:0
BRDA:53,0,0,0
BRDA:54,1,0,0
BRDA:54,1,1,0
BRDA:54,1,2,0
BRDA:54,1,3,0
BRDA:54,1,4,0
BRF:6
BRH:0
end_of_record
TN:
SF:src/social/mystical-events.ts
FN:10,(anonymous_0)
FN:13,(anonymous_1)
FN:16,(anonymous_2)
FN:21,(anonymous_3)
FN:26,(anonymous_4)
FN:31,(anonymous_5)
FNF:6
FNH:0
FNDA:0,(anonymous_0)
FNDA:0,(anonymous_1)
FNDA:0,(anonymous_2)
FNDA:0,(anonymous_3)
FNDA:0,(anonymous_4)
FNDA:0,(anonymous_5)
DA:3,0
DA:4,0
DA:6,0
DA:11,0
DA:12,0
DA:13,0
DA:17,0
DA:18,0
DA:22,0
DA:23,0
DA:28,0
DA:32,0
DA:33,0
DA:34,0
LF:14
LH:0
BRDA:32,0,0,0
BRDA:33,1,0,0
BRF:2
BRH:0
end_of_record
TN:
SF:src/social/social-resilience.ts
FN:10,(anonymous_0)
FN:13,(anonymous_1)
FN:16,(anonymous_2)
FN:21,(anonymous_3)
FN:27,(anonymous_4)
FN:32,(anonymous_5)
FN:37,(anonymous_6)
FNF:7
FNH:0
FNDA:0,(anonymous_0)
FNDA:0,(anonymous_1)
FNDA:0,(anonymous_2)
FNDA:0,(anonymous_3)
FNDA:0,(anonymous_4)
FNDA:0,(anonymous_5)
FNDA:0,(anonymous_6)
DA:3,0
DA:4,0
DA:6,0
DA:11,0
DA:12,0
DA:13,0
DA:17,0
DA:18,0
DA:24,0
DA:29,0
DA:33,0
DA:34,0
DA:38,0
DA:39,0
DA:42,0
DA:43,0
DA:45,0
DA:46,0
LF:18
LH:0
BRDA:38,0,0,0
BRDA:39,1,0,0
BRDA:39,1,1,0
BRF:3
BRH:0
end_of_record
TN:
SF:src/storage/hybrid-storage-manager.ts
FN:8,(anonymous_0)
FN:15,(anonymous_1)
FN:24,(anonymous_2)
FN:33,(anonymous_3)
FN:63,(anonymous_4)
FN:69,(anonymous_5)
FN:80,(anonymous_6)
FN:81,(anonymous_7)
FN:86,(anonymous_8)
FN:88,(anonymous_9)
FN:108,(anonymous_10)
FN:112,(anonymous_11)
FN:113,(anonymous_12)
FN:126,(anonymous_13)
FN:132,(anonymous_14)
FN:133,(anonymous_15)
FN:149,(anonymous_16)
FN:153,(anonymous_17)
FN:154,(anonymous_18)
FN:177,(anonymous_19)
FN:178,(anonymous_20)
FN:180,(anonymous_21)
FN:193,(anonymous_22)
FN:199,(anonymous_23)
FN:208,(anonymous_24)
FN:229,(anonymous_25)
FN:232,(anonymous_26)
FN:233,(anonymous_27)
FN:240,(anonymous_28)
FN:247,(anonymous_29)
FN:248,(anonymous_30)
FN:260,(anonymous_31)
FN:264,(anonymous_32)
FN:272,(anonymous_33)
FN:275,(anonymous_34)
FN:276,(anonymous_35)
FN:287,(anonymous_36)
FN:291,(anonymous_37)
FN:292,(anonymous_38)
FN:305,(anonymous_39)
FN:308,(anonymous_40)
FN:320,(anonymous_41)
FN:322,(anonymous_42)
FN:326,(anonymous_43)
FN:327,(anonymous_44)
FN:332,(anonymous_45)
FN:336,(anonymous_46)
FN:337,(anonymous_47)
FN:343,(anonymous_48)
FN:344,(anonymous_49)
FN:353,(anonymous_50)
FNF:51
FNH:0
FNDA:0,(anonymous_0)
FNDA:0,(anonymous_1)
FNDA:0,(anonymous_2)
FNDA:0,(anonymous_3)
FNDA:0,(anonymous_4)
FNDA:0,(anonymous_5)
FNDA:0,(anonymous_6)
FNDA:0,(anonymous_7)
FNDA:0,(anonymous_8)
FNDA:0,(anonymous_9)
FNDA:0,(anonymous_10)
FNDA:0,(anonymous_11)
FNDA:0,(anonymous_12)
FNDA:0,(anonymous_13)
FNDA:0,(anonymous_14)
FNDA:0,(anonymous_15)
FNDA:0,(anonymous_16)
FNDA:0,(anonymous_17)
FNDA:0,(anonymous_18)
FNDA:0,(anonymous_19)
FNDA:0,(anonymous_20)
FNDA:0,(anonymous_21)
FNDA:0,(anonymous_22)
FNDA:0,(anonymous_23)
FNDA:0,(anonymous_24)
FNDA:0,(anonymous_25)
FNDA:0,(anonymous_26)
FNDA:0,(anonymous_27)
FNDA:0,(anonymous_28)
FNDA:0,(anonymous_29)
FNDA:0,(anonymous_30)
FNDA:0,(anonymous_31)
FNDA:0,(anonymous_32)
FNDA:0,(anonymous_33)
FNDA:0,(anonymous_34)
FNDA:0,(anonymous_35)
FNDA:0,(anonymous_36)
FNDA:0,(anonymous_37)
FNDA:0,(anonymous_38)
FNDA:0,(anonymous_39)
FNDA:0,(anonymous_40)
FNDA:0,(anonymous_41)
FNDA:0,(anonymous_42)
FNDA:0,(anonymous_43)
FNDA:0,(anonymous_44)
FNDA:0,(anonymous_45)
FNDA:0,(anonymous_46)
FNDA:0,(anonymous_47)
FNDA:0,(anonymous_48)
FNDA:0,(anonymous_49)
FNDA:0,(anonymous_50)
DA:4,0
DA:7,0
DA:9,0
DA:10,0
DA:12,0
DA:16,0
DA:17,0
DA:18,0
DA:25,0
DA:26,0
DA:27,0
DA:34,0
DA:35,0
DA:36,0
DA:44,0
DA:56,0
DA:57,0
DA:58,0
DA:59,0
DA:60,0
DA:64,0
DA:65,0
DA:66,0
DA:71,0
DA:72,0
DA:73,0
DA:77,0
DA:78,0
DA:79,0
DA:80,0
DA:81,0
DA:82,0
DA:84,0
DA:85,0
DA:86,0
DA:88,0
DA:89,0
DA:90,0
DA:94,0
DA:97,0
DA:101,0
DA:103,0
DA:105,0
DA:106,0
DA:107,0
DA:108,0
DA:109,0
DA:110,0
DA:111,0
DA:112,0
DA:113,0
DA:115,0
DA:117,0
DA:120,0
DA:121,0
DA:122,0
DA:127,0
DA:128,0
DA:129,0
DA:131,0
DA:132,0
DA:133,0
DA:134,0
DA:135,0
DA:138,0
DA:139,0
DA:140,0
DA:141,0
DA:144,0
DA:146,0
DA:147,0
DA:148,0
DA:149,0
DA:150,0
DA:151,0
DA:152,0
DA:153,0
DA:154,0
DA:156,0
DA:157,0
DA:158,0
DA:159,0
DA:163,0
DA:165,0
DA:166,0
DA:167,0
DA:168,0
DA:169,0
DA:172,0
DA:174,0
DA:178,0
DA:179,0
DA:180,0
DA:181,0
DA:182,0
DA:183,0
DA:184,0
DA:185,0
DA:188,0
DA:189,0
DA:190,0
DA:191,0
DA:193,0
DA:194,0
DA:195,0
DA:196,0
DA:199,0
DA:200,0
DA:201,0
DA:202,0
DA:203,0
DA:204,0
DA:205,0
DA:208,0
DA:209,0
DA:210,0
DA:211,0
DA:212,0
DA:213,0
DA:214,0
DA:218,0
DA:219,0
DA:220,0
DA:221,0
DA:222,0
DA:223,0
DA:230,0
DA:232,0
DA:233,0
DA:234,0
DA:235,0
DA:240,0
DA:241,0
DA:246,0
DA:247,0
DA:248,0
DA:249,0
DA:250,0
DA:253,0
DA:256,0
DA:261,0
DA:273,0
DA:274,0
DA:275,0
DA:276,0
DA:277,0
DA:278,0
DA:282,0
DA:284,0
DA:285,0
DA:286,0
DA:287,0
DA:288,0
DA:289,0
DA:290,0
DA:291,0
DA:292,0
DA:296,0
DA:298,0
DA:299,0
DA:301,0
DA:307,0
DA:308,0
DA:309,0
DA:310,0
DA:311,0
DA:312,0
DA:313,0
DA:322,0
DA:323,0
DA:324,0
DA:325,0
DA:326,0
DA:327,0
DA:329,0
DA:330,0
DA:331,0
DA:332,0
DA:333,0
DA:334,0
DA:335,0
DA:336,0
DA:337,0
DA:340,0
DA:341,0
DA:343,0
DA:344,0
DA:345,0
DA:346,0
DA:348,0
DA:349,0
DA:350,0
DA:351,0
DA:353,0
DA:354,0
DA:356,0
DA:357,0
DA:358,0
DA:359,0
DA:360,0
DA:361,0
DA:363,0
DA:364,0
DA:367,0
LF:204
LH:0
BRDA:10,0,0,0
BRDA:10,0,1,0
BRDA:17,1,0,0
BRDA:26,2,0,0
BRDA:35,3,0,0
BRDA:44,4,0,0
BRDA:44,4,1,0
BRDA:71,5,0,0
BRDA:82,6,0,0
BRDA:82,6,1,0
BRDA:84,7,0,0
BRDA:84,7,1,0
BRDA:89,8,0,0
BRDA:89,8,1,0
BRDA:107,9,0,0
BRDA:107,9,1,0
BRDA:127,10,0,0
BRDA:134,11,0,0
BRDA:134,11,1,0
BRDA:138,12,0,0
BRDA:148,13,0,0
BRDA:156,14,0,0
BRDA:167,15,0,0
BRDA:181,16,0,0
BRDA:190,17,0,0
BRDA:195,18,0,0
BRDA:201,19,0,0
BRDA:210,20,0,0
BRDA:219,21,0,0
BRDA:234,22,0,0
BRDA:234,22,1,0
BRDA:241,23,0,0
BRDA:241,23,1,0
BRDA:241,23,2,0
BRDA:246,24,0,0
BRDA:249,25,0,0
BRDA:249,25,1,0
BRDA:277,26,0,0
BRDA:277,26,1,0
BRDA:286,27,0,0
BRDA:307,28,0,0
BRDA:307,29,0,0
BRDA:307,29,1,0
BRDA:309,30,0,0
BRDA:331,31,0,0
BRDA:341,32,0,0
BRDA:341,32,1,0
BRDA:345,33,0,0
BRDA:351,34,0,0
BRDA:351,34,1,0
BRDA:358,35,0,0
BRF:51
BRH:0
end_of_record
TN:
SF:src/types/SymbiontTypes.ts
FNF:0
FNH:0
DA:234,0
DA:243,0
DA:246,0
LF:3
LH:0
BRF:0
BRH:0
end_of_record
TN:
SF:src/types/messages.ts
FNF:0
FNH:0
DA:2,0
LF:1
LH:0
BRF:0
BRH:0
end_of_record
TN:
SF:src/types/organism.ts
FNF:0
FNH:0
DA:2,0
LF:1
LH:0
BRF:0
BRH:0
end_of_record
TN:
SF:src/ui/ConsciousnessGauge.tsx
FN:18,(anonymous_1)
FNF:1
FNH:0
FNDA:0,(anonymous_1)
DA:1,0
DA:18,0
DA:24,0
DA:25,0
DA:26,0
DA:27,0
DA:29,0
LF:7
LH:0
BRDA:20,0,0,0
BRDA:21,1,0,0
BRDA:22,2,0,0
BRF:3
BRH:0
end_of_record
TN:
SF:src/ui/OrganismDashboard.tsx
FN:26,randomDNA
FN:28,(anonymous_10)
FN:31,randomTraits
FN:44,(anonymous_12)
FN:50,(anonymous_13)
FN:75,(anonymous_14)
FN:81,(anonymous_15)
FNF:7
FNH:0
FNDA:0,randomDNA
FNDA:0,(anonymous_10)
FNDA:0,randomTraits
FNDA:0,(anonymous_12)
FNDA:0,(anonymous_13)
FNDA:0,(anonymous_14)
FNDA:0,(anonymous_15)
DA:3,0
DA:4,0
DA:5,0
DA:6,0
DA:8,0
DA:15,0
DA:27,0
DA:28,0
DA:32,0
DA:44,0
DA:45,0
DA:46,0
DA:47,0
DA:50,0
DA:52,0
DA:55,0
DA:75,0
DA:81,0
LF:18
LH:0
BRDA:26,0,0,0
BRF:1
BRH:0
end_of_record
TN:
SF:src/ui/OrganismViewer.tsx
FN:21,(anonymous_9)
FN:33,(anonymous_10)
FN:39,(anonymous_11)
FN:49,(anonymous_12)
FN:57,(anonymous_13)
FNF:5
FNH:0
FNDA:0,(anonymous_9)
FNDA:0,(anonymous_10)
FNDA:0,(anonymous_11)
FNDA:0,(anonymous_12)
FNDA:0,(anonymous_13)
DA:1,0
DA:2,0
DA:21,0
DA:28,0
DA:29,0
DA:30,0
DA:33,0
DA:34,0
DA:35,0
DA:36,0
DA:39,0
DA:40,0
DA:41,0
DA:42,0
DA:43,0
DA:44,0
DA:45,0
DA:47,0
DA:49,0
DA:50,0
DA:51,0
DA:57,0
DA:58,0
DA:63,0
LF:24
LH:0
BRDA:24,0,0,0
BRDA:25,1,0,0
BRDA:34,2,0,0
BRDA:40,3,0,0
BRDA:40,4,0,0
BRDA:40,4,1,0
BRDA:44,5,0,0
BRDA:58,6,0,0
BRDA:58,7,0,0
BRDA:58,7,1,0
BRDA:71,8,0,0
BRDA:71,8,1,0
BRF:12
BRH:0
end_of_record
TN:
SF:src/ui/TraitsRadarChart.tsx
FN:24,(anonymous_1)
FN:44,(anonymous_2)
FN:49,(anonymous_3)
FN:55,(anonymous_4)
FN:79,(anonymous_5)
FNF:5
FNH:0
FNDA:0,(anonymous_1)
FNDA:0,(anonymous_2)
FNDA:0,(anonymous_3)
FNDA:0,(anonymous_4)
FNDA:0,(anonymous_5)
DA:1,0
DA:19,0
DA:24,0
DA:30,0
DA:40,0
DA:41,0
DA:42,0
DA:44,0
DA:45,0
DA:46,0
DA:47,0
DA:49,0
DA:51,0
DA:56,0
DA:57,0
DA:80,0
DA:81,0
DA:82,0
DA:83,0
LF:19
LH:0
BRDA:26,0,0,0
BRDA:27,1,0,0
BRDA:28,2,0,0
BRF:3
BRH:0
end_of_record
